
Database             Time                 Version
-------------------- -------------------- ------------------------------
Start: ORCL          10-JUN-2024 23:37:03 Version 21.3.0.0.0

Recompile item_cat_seqs.pkb

Package body created.

No errors.
Just set context values: SEQ_SIZE = 3, MAX_PRICE = 5, ITEM_WIDTH = 1, TOP_N = 3
Previously set context values: SEQ_TYPE = , MIN_VALUE = , KEEP_NUM =

PL/SQL procedure successfully completed.

Pop_Table_Iterate
old   2:   Item_Seqs.Pop_Table_Iterate(p_seq_type => '&SEQ_TP');
new   2:   Item_Seqs.Pop_Table_Iterate(p_seq_type => 'SP');

PL/SQL procedure successfully completed.


Path Total Price Total Value
---- ----------- -----------
123            6           6
124            4           9
125            5           7
126            6           5
132            6           6
134            5          10
135            6           8
136            7           6
142            4           9
143            5          10
145            4          11
146            5           9
152            5           7
153            6           8
154            4          11
156            6           7
162            6           5
163            7           6
164            5           9
165            6           7
213            6           6
214            4           9
215            5           7
216            6           5
231            6           6
234            6          11
235            7           9
236            8           7
241            4           9
243            6          11
245            5          12
246            6          10
251            5           7
253            7           9
254            5          12
256            7           8
261            6           5
263            8           7
264            6          10
265            7           8
312            6           6
314            5          10
315            6           8
316            7           6
321            6           6
324            6          11
325            7           9
326            8           7
341            5          10
342            6          11
345            6          13
346            7          11
351            6           8
352            7           9
354            6          13
356            8           9
361            7           6
362            8           7
364            7          11
365            8           9
412            4           9
413            5          10
415            4          11
416            5           9
421            4           9
423            6          11
425            5          12
426            6          10
431            5          10
432            6          11
435            6          13
436            7          11
451            4          11
452            5          12
453            6          13
456            6          12
461            5           9
462            6          10
463            7          11
465            6          12
512            5           7
513            6           8
514            4          11
516            6           7
521            5           7
523            7           9
524            5          12
526            7           8
531            6           8
532            7           9
534            6          13
536            8           9
541            4          11
542            5          12
543            6          13
546            6          12
561            6           7
562            7           8
563            8           9
564            6          12
612            6           5
613            7           6
614            5           9
615            6           7
621            6           5
623            8           7
624            6          10
625            7           8
631            7           6
632            8           7
634            7          11
635            8           9
641            5           9
642            6          10
643            7          11
645            6          12
651            6           7
652            7           8
653            8           9
654            6          12

120 rows selected.

Pop_Table_Recurse
old   2:   Item_Seqs.Pop_Table_Recurse(p_seq_type => '&SEQ_TP');
new   2:   Item_Seqs.Pop_Table_Recurse(p_seq_type => 'SP');

PL/SQL procedure successfully completed.

old   3:  WHERE lev = &SEQ_SIZE
new   3:  WHERE lev = 3

Path Total Price Total Value
---- ----------- -----------
123            6           6
124            4           9
125            5           7
126            6           5
132            6           6
134            5          10
135            6           8
136            7           6
142            4           9
143            5          10
145            4          11
146            5           9
152            5           7
153            6           8
154            4          11
156            6           7
162            6           5
163            7           6
164            5           9
165            6           7
213            6           6
214            4           9
215            5           7
216            6           5
231            6           6
234            6          11
235            7           9
236            8           7
241            4           9
243            6          11
245            5          12
246            6          10
251            5           7
253            7           9
254            5          12
256            7           8
261            6           5
263            8           7
264            6          10
265            7           8
312            6           6
314            5          10
315            6           8
316            7           6
321            6           6
324            6          11
325            7           9
326            8           7
341            5          10
342            6          11
345            6          13
346            7          11
351            6           8
352            7           9
354            6          13
356            8           9
361            7           6
362            8           7
364            7          11
365            8           9
412            4           9
413            5          10
415            4          11
416            5           9
421            4           9
423            6          11
425            5          12
426            6          10
431            5          10
432            6          11
435            6          13
436            7          11
451            4          11
452            5          12
453            6          13
456            6          12
461            5           9
462            6          10
463            7          11
465            6          12
512            5           7
513            6           8
514            4          11
516            6           7
521            5           7
523            7           9
524            5          12
526            7           8
531            6           8
532            7           9
534            6          13
536            8           9
541            4          11
542            5          12
543            6          13
546            6          12
561            6           7
562            7           8
563            8           9
564            6          12
612            6           5
613            7           6
614            5           9
615            6           7
621            6           5
623            8           7
624            6          10
625            7           8
631            7           6
632            8           7
634            7          11
635            8           9
641            5           9
642            6          10
643            7          11
645            6          12
651            6           7
652            7           8
653            8           9
654            6          12

120 rows selected.

Array_Iterate
old   2:   FROM Item_Seqs.Array_Iterate(p_seq_type => '&SEQ_TP')
new   2:   FROM Item_Seqs.Array_Iterate(p_seq_type => 'SP')

Path Total Price Total Value
---- ----------- -----------
123            6           6
124            4           9
125            5           7
126            6           5
132            6           6
134            5          10
135            6           8
136            7           6
142            4           9
143            5          10
145            4          11
146            5           9
152            5           7
153            6           8
154            4          11
156            6           7
162            6           5
163            7           6
164            5           9
165            6           7
213            6           6
214            4           9
215            5           7
216            6           5
231            6           6
234            6          11
235            7           9
236            8           7
241            4           9
243            6          11
245            5          12
246            6          10
251            5           7
253            7           9
254            5          12
256            7           8
261            6           5
263            8           7
264            6          10
265            7           8
312            6           6
314            5          10
315            6           8
316            7           6
321            6           6
324            6          11
325            7           9
326            8           7
341            5          10
342            6          11
345            6          13
346            7          11
351            6           8
352            7           9
354            6          13
356            8           9
361            7           6
362            8           7
364            7          11
365            8           9
412            4           9
413            5          10
415            4          11
416            5           9
421            4           9
423            6          11
425            5          12
426            6          10
431            5          10
432            6          11
435            6          13
436            7          11
451            4          11
452            5          12
453            6          13
456            6          12
461            5           9
462            6          10
463            7          11
465            6          12
512            5           7
513            6           8
514            4          11
516            6           7
521            5           7
523            7           9
524            5          12
526            7           8
531            6           8
532            7           9
534            6          13
536            8           9
541            4          11
542            5          12
543            6          13
546            6          12
561            6           7
562            7           8
563            8           9
564            6          12
612            6           5
613            7           6
614            5           9
615            6           7
621            6           5
623            8           7
624            6          10
625            7           8
631            7           6
632            8           7
634            7          11
635            8           9
641            5           9
642            6          10
643            7          11
645            6          12
651            6           7
652            7           8
653            8           9
654            6          12

120 rows selected.

Array_Recurse
old   2:   FROM Item_Seqs.Array_Recurse(p_seq_type => '&SEQ_TP')
new   2:   FROM Item_Seqs.Array_Recurse(p_seq_type => 'SP')
old   3:  WHERE lev = &SEQ_SIZE
new   3:  WHERE lev = 3

Path Total Price Total Value
---- ----------- -----------
123            6           6
124            4           9
125            5           7
126            6           5
132            6           6
134            5          10
135            6           8
136            7           6
142            4           9
143            5          10
145            4          11
146            5           9
152            5           7
153            6           8
154            4          11
156            6           7
162            6           5
163            7           6
164            5           9
165            6           7
213            6           6
214            4           9
215            5           7
216            6           5
231            6           6
234            6          11
235            7           9
236            8           7
241            4           9
243            6          11
245            5          12
246            6          10
251            5           7
253            7           9
254            5          12
256            7           8
261            6           5
263            8           7
264            6          10
265            7           8
312            6           6
314            5          10
315            6           8
316            7           6
321            6           6
324            6          11
325            7           9
326            8           7
341            5          10
342            6          11
345            6          13
346            7          11
351            6           8
352            7           9
354            6          13
356            8           9
361            7           6
362            8           7
364            7          11
365            8           9
412            4           9
413            5          10
415            4          11
416            5           9
421            4           9
423            6          11
425            5          12
426            6          10
431            5          10
432            6          11
435            6          13
436            7          11
451            4          11
452            5          12
453            6          13
456            6          12
461            5           9
462            6          10
463            7          11
465            6          12
512            5           7
513            6           8
514            4          11
516            6           7
521            5           7
523            7           9
524            5          12
526            7           8
531            6           8
532            7           9
534            6          13
536            8           9
541            4          11
542            5          12
543            6          13
546            6          12
561            6           7
562            7           8
563            8           9
564            6          12
612            6           5
613            7           6
614            5           9
615            6           7
621            6           5
623            8           7
624            6          10
625            7           8
631            7           6
632            8           7
634            7          11
635            8           9
641            5           9
642            6          10
643            7          11
645            6          12
651            6           7
652            7           8
653            8           9
654            6          12

120 rows selected.

item_seqs_rsf_v
old  13:                     p_seq_type       => '&SEQ_TP',
new  13:                     p_seq_type       => 'SP',
old  17:        AND trw.lev < &SEQ_SIZE
new  17:        AND trw.lev < 3
old  21:  WHERE lev = &SEQ_SIZE
new  21:  WHERE lev = 3

Path Total Price Total Value
---- ----------- -----------
123            6           6
124            4           9
125            5           7
126            6           5
132            6           6
134            5          10
135            6           8
136            7           6
142            4           9
143            5          10
145            4          11
146            5           9
152            5           7
153            6           8
154            4          11
156            6           7
162            6           5
163            7           6
164            5           9
165            6           7
213            6           6
214            4           9
215            5           7
216            6           5
231            6           6
234            6          11
235            7           9
236            8           7
241            4           9
243            6          11
245            5          12
246            6          10
251            5           7
253            7           9
254            5          12
256            7           8
261            6           5
263            8           7
264            6          10
265            7           8
312            6           6
314            5          10
315            6           8
316            7           6
321            6           6
324            6          11
325            7           9
326            8           7
341            5          10
342            6          11
345            6          13
346            7          11
351            6           8
352            7           9
354            6          13
356            8           9
361            7           6
362            8           7
364            7          11
365            8           9
412            4           9
413            5          10
415            4          11
416            5           9
421            4           9
423            6          11
425            5          12
426            6          10
431            5          10
432            6          11
435            6          13
436            7          11
451            4          11
452            5          12
453            6          13
456            6          12
461            5           9
462            6          10
463            7          11
465            6          12
512            5           7
513            6           8
514            4          11
516            6           7
521            5           7
523            7           9
524            5          12
526            7           8
531            6           8
532            7           9
534            6          13
536            8           9
541            4          11
542            5          12
543            6          13
546            6          12
561            6           7
562            7           8
563            8           9
564            6          12
612            6           5
613            7           6
614            5           9
615            6           7
621            6           5
623            8           7
624            6          10
625            7           8
631            7           6
632            8           7
634            7          11
635            8           9
641            5           9
642            6          10
643            7          11
645            6          12
651            6           7
652            7           8
653            8           9
654            6          12

120 rows selected.


'END:'||TO_CHAR(SYSDATE,'DD-MON-YY
----------------------------------
End: 10-JUN-2024 23:37:03

