
Database             Time                 Version
-------------------- -------------------- ------------------------------
Start: ORCL          11-JUN-2024 00:28:47 Version 21.3.0.0.0

Recompile item_cat_seqs.pkb

Package body created.

No errors.
Just set context values: SEQ_SIZE = 11, MAX_PRICE = 890, ITEM_WIDTH = 3, TOP_N = 10
Previously set context values: SEQ_TYPE = , MIN_VALUE = 1952, KEEP_NUM = 300

PL/SQL procedure successfully completed.


PL/SQL procedure successfully completed.

old   2:      Item_Cat_Seqs.Set_Contexts(p_keep_num      => &KEEP_NUM,
new   2:      Item_Cat_Seqs.Set_Contexts(p_keep_num      => 0,
old   3:                                 p_min_value     => &MIN_VALUE);
new   3:                                 p_min_value     => 1952);
Just set context values: MIN_VALUE = 1952, KEEP_NUM = 0
Previously set context values: SEQ_TYPE = , SEQ_SIZE = 11, MAX_PRICE = 890, ITEM_WIDTH = 3, TOP_N = 10

PL/SQL procedure successfully completed.

Solution via view rsf_sql_v (unhinted)...

PL/SQL procedure successfully completed.

Elapsed: 00:00:00.00

Path                              Total Value Total Price  Rank
--------------------------------- ----------- ----------- -----
037024160463488298027452193344166        1965         889     1
037024160264488298045027452193166                     890     2
037024160463488298044027452193344        1963         890     3
037024160463488298044027452193166        1962         884     4
037024160264488298314027452193166                     885     5
037024160272488298044027452193166                     889     6
252024160264488298044027452193166        1959         889     7
037024160463488298045027452193344        1958         887     8
037024160463488298045027452193166        1957         881     9
037024160272488298045027452193166                     886    10

10 rows selected.

Elapsed: 00:38:08.44

PL/SQL procedure successfully completed.

Elapsed: 00:00:00.00
SQL_ID  av5x9qfzbdcbn, child number 0
-------------------------------------
SELECT /*+ gather_plan_statistics SQL_V */ path,        tot_value,
tot_price,        rnk   FROM rsf_sql_v  WHERE rnk <= :TOP_N ORDER BY
rnk, tot_price
Plan hash value: 3116385525
----------------------------------------------------------------------------------------------------------------------------------------------------------------------------------------------
| Id  | Operation                                     | Name                        | Starts | E-Rows | A-Rows |   A-Time   | Buffers | Reads  | Writes |  OMem |  1Mem | Used-Mem | Used-Tmp|
----------------------------------------------------------------------------------------------------------------------------------------------------------------------------------------------
|   0 | SELECT STATEMENT                              |                             |      1 |        |     10 |00:04:12.79 |      45M|   7825K|   7825K|       |       |          |         |
|   1 |  SORT ORDER BY                                |                             |      1 |      6 |     10 |00:04:12.79 |      45M|   7825K|   7825K|  2048 |  2048 | 2048  (0)|         |
|*  2 |   VIEW                                        | RSF_SQL_V                   |      1 |      6 |     10 |00:04:12.79 |      45M|   7825K|   7825K|       |       |          |         |
|   3 |    TEMP TABLE TRANSFORMATION                  |                             |      1 |        |     10 |00:04:12.79 |      45M|   7825K|   7825K|       |       |          |         |
|   4 |     LOAD AS SELECT (CURSOR DURATION MEMORY)   | SYS_TEMP_0FD9D6C58_147E856B |      1 |        |      0 |00:00:00.01 |       8 |      0 |      0 |  1024 |  1024 |          |         |
|   5 |      WINDOW SORT                              |                             |      1 |    560 |    560 |00:00:00.01 |       7 |      0 |      0 | 80896 | 80896 |71680  (0)|         |
|   6 |       WINDOW SORT                             |                             |      1 |    560 |    560 |00:00:00.01 |       7 |      0 |      0 | 74752 | 74752 |65536  (0)|         |
|   7 |        TABLE ACCESS FULL                      | EPL_PLAYERS                 |      1 |    560 |    560 |00:00:00.01 |       7 |      0 |      0 |       |       |          |         |
|   8 |     LOAD AS SELECT (CURSOR DURATION MEMORY)   | SYS_TEMP_0FD9D6C59_147E856B |      1 |        |      0 |00:00:00.01 |       7 |      0 |      0 |  1024 |  1024 |          |         |
|   9 |      WINDOW SORT                              |                             |      1 |      5 |      5 |00:00:00.01 |       7 |      0 |      0 |  2048 |  2048 | 2048  (0)|         |
|  10 |       WINDOW SORT                             |                             |      1 |      5 |      5 |00:00:00.01 |       7 |      0 |      0 |  2048 |  2048 | 2048  (0)|         |
|  11 |        TABLE ACCESS FULL                      | EPL_POSITIONS               |      1 |      5 |      5 |00:00:00.01 |       7 |      0 |      0 |       |       |          |         |
|* 12 |     WINDOW SORT PUSHED RANK                   |                             |      1 |      6 |     10 |00:04:12.79 |      45M|   7825K|   7825K|  2048 |  2048 | 2048  (0)|         |
|* 13 |      VIEW                                     |                             |      1 |      6 |     50 |00:04:12.76 |      45M|   7825K|   7825K|       |       |          |         |
|  14 |       UNION ALL (RECURSIVE WITH) BREADTH FIRST|                             |      1 |        |   1842K|00:00:44.37 |      45M|   7825K|   7825K|    93M|  3316K|   97M (0)|         |
|* 15 |        VIEW                                   |                             |      1 |      5 |      1 |00:00:00.01 |       0 |      0 |      0 |       |       |          |         |
|  16 |         TABLE ACCESS FULL                     | SYS_TEMP_0FD9D6C59_147E856B |      1 |      5 |      5 |00:00:00.01 |       0 |      0 |      0 |       |       |          |         |
|  17 |        WINDOW SORT                            |                             |     12 |      1 |   1842K|00:34:48.22 |      91 |   7825K|   7814K|   190M|  4633K|   97M (1)|     171M|
|* 18 |         FILTER                                |                             |     12 |        |   1842K|00:34:37.90 |      85 |   7781K|   7771K|       |       |          |         |
|* 19 |          HASH JOIN OUTER                      |                             |     12 |      1 |   1872K|00:34:37.53 |      85 |   7781K|   7771K|   178M|  8572K|  110M (1)|     145M|
|* 20 |           FILTER                              |                             |     12 |        |   1872K|00:32:07.67 |      85 |   7743K|   7733K|       |       |          |         |
|* 21 |            HASH JOIN OUTER                    |                             |     12 |      1 |    388M|00:34:16.23 |      85 |   7743K|   7733K|  2047M|   135M|   88M (1)|      29G|
|  22 |             NESTED LOOPS                      |                             |     12 |      1 |    388M|00:21:48.74 |      85 |  10676 |      0 |       |       |          |         |
|  23 |              RECURSIVE WITH PUMP              |                             |     12 |        |   1842K|00:00:00.94 |       1 |  10676 |      0 |       |       |          |         |
|* 24 |              VIEW                             |                             |   1842K|      1 |    388M|00:21:45.33 |      84 |      0 |      0 |       |       |          |         |
|  25 |               WINDOW SORT                     |                             |   1842K|    560 |   1032M|00:09:02.63 |      84 |      0 |      0 |   106K|   106K|96256  (0)|         |
|* 26 |                HASH JOIN                      |                             |     12 |    560 |   6720 |00:00:00.01 |      84 |      0 |      0 |  1399K|  1399K| 1299K (0)|         |
|  27 |                 VIEW                          |                             |     12 |      5 |     60 |00:00:00.01 |       0 |      0 |      0 |       |       |          |         |
|  28 |                  TABLE ACCESS FULL            | SYS_TEMP_0FD9D6C59_147E856B |     12 |      5 |     60 |00:00:00.01 |       0 |      0 |      0 |       |       |          |         |
|  29 |                 TABLE ACCESS FULL             | EPL_PLAYERS                 |     12 |    560 |   6720 |00:00:00.01 |      84 |      0 |      0 |       |       |          |         |
|  30 |             BUFFER SORT (REUSE)               |                             |     11 |        |   6160 |00:00:00.01 |       0 |      0 |      0 | 73728 | 73728 |          |         |
|  31 |              VIEW                             |                             |      1 |    560 |    560 |00:00:00.01 |       0 |      0 |      0 |       |       |          |         |
|  32 |               TABLE ACCESS FULL               | SYS_TEMP_0FD9D6C58_147E856B |      1 |    560 |    560 |00:00:00.01 |       0 |      0 |      0 |       |       |          |         |
|  33 |           VIEW                                |                             |     11 |    560 |   6160 |00:00:00.01 |       0 |      0 |      0 |       |       |          |         |
|  34 |            TABLE ACCESS FULL                  | SYS_TEMP_0FD9D6C58_147E856B |     11 |    560 |   6160 |00:00:00.01 |       0 |      0 |      0 |       |       |          |         |
----------------------------------------------------------------------------------------------------------------------------------------------------------------------------------------------
Predicate Information (identified by operation id):
---------------------------------------------------
2 - filter("RNK"<=:TOP_N)
12 - filter(ROW_NUMBER() OVER ( ORDER BY INTERNAL_FUNCTION("TOT_VALUE") DESC ,"TOT_PRICE")<=:TOP_N)
13 - filter("LEV"=TO_NUMBER(SYS_CONTEXT('RECURSION_CTX','SEQ_SIZE')))
15 - filter("ID"='AL')
18 - filter("IRK"."MAX_PRICE">="TRW"."TOT_PRICE"+"IRK"."ITEM_PRICE"+NVL("IPR"."SUM_PRICE",0))
19 - access("IPR"."INDEX_PRICE"="IRK"."SEQ_SIZE"-"TRW"."LEV"-1)
20 - filter("IRK"."MIN_VALUE"<="TRW"."TOT_VALUE"+"IRK"."ITEM_VALUE"+NVL("IVR"."SUM_VALUE",0))
21 - access("IVR"."INDEX_VALUE"="IRK"."SEQ_SIZE"-"TRW"."LEV"-1)
24 - filter((("TRW"."PATH_RNK"<="IRK"."KEEP_NUM" OR "IRK"."KEEP_NUM"=0) AND "TRW"."LEV"<"IRK"."SEQ_SIZE" AND "IRK"."MAX_ITEMS">=CASE "IRK"."CATEGORY_ID" WHEN "TRW"."CAT_ID" THEN
"TRW"."SAME_CATS"+1 ELSE 1 END  AND "IRK"."MIN_REMAIN"<="IRK"."SEQ_SIZE"-("TRW"."LEV"+1)+LEAST(CASE "IRK"."CATEGORY_ID" WHEN "TRW"."CAT_ID" THEN "TRW"."SAME_CATS"+1 ELSE 1 END
,"IRK"."MIN_ITEMS") AND ("IRK"."CATEGORY_ID"="TRW"."CAT_ID" OR "TRW"."SAME_CATS">="TRW"."MIN_ITEMS") AND ("IRK"."CATEGORY_ID"="TRW"."CAT_ID" OR
"IRK"."CATEGORY_ID"=NVL("TRW"."NEXT_CAT","IRK"."CATEGORY_ID")) AND "IRK"."ITEM_RNK">="TRW"."ITEM_RNK"+1 AND "IRK"."ITEM_RNK"<="IRK"."N_ITEMS"-("IRK"."SEQ_SIZE"-"TRW"."LEV"-1)))
26 - access("CRS"."ID"="POSITION")

PL/SQL procedure successfully completed.

Elapsed: 00:00:00.23
Solution via view rsf_sql_material_v (materialize hint)...

PL/SQL procedure successfully completed.

Elapsed: 00:00:00.00

Path                              Total Value Total Price  Rank
--------------------------------- ----------- ----------- -----
037024160463488298027452193344166        1965         889     1
037024160264488298045027452193166                     890     2
037024160463488298044027452193344        1963         890     3
037024160463488298044027452193166        1962         884     4
037024160264488298314027452193166                     885     5
037024160272488298044027452193166                     889     6
252024160264488298044027452193166        1959         889     7
037024160463488298045027452193344        1958         887     8
037024160463488298045027452193166        1957         881     9
037024160463488298314027452328166                     886    10

10 rows selected.

Elapsed: 00:28:47.04

PL/SQL procedure successfully completed.

Elapsed: 00:00:00.00
SQL_ID  as18affkcu2az, child number 0
-------------------------------------
SELECT /*+ gather_plan_statistics SQL_MATERIAL_V */ path,
tot_value,        tot_price,        rnk   FROM rsf_sql_material_v
WHERE rnk <= :TOP_N ORDER BY rnk, tot_price
Plan hash value: 3545484027
----------------------------------------------------------------------------------------------------------------------------------------------------------------------------------------------
| Id  | Operation                                     | Name                        | Starts | E-Rows | A-Rows |   A-Time   | Buffers | Reads  | Writes |  OMem |  1Mem | Used-Mem | Used-Tmp|
----------------------------------------------------------------------------------------------------------------------------------------------------------------------------------------------
|   0 | SELECT STATEMENT                              |                             |      1 |        |     10 |00:28:47.03 |      45M|   7867K|   7867K|       |       |          |         |
|   1 |  SORT ORDER BY                                |                             |      1 |      6 |     10 |00:28:47.03 |      45M|   7867K|   7867K|  2048 |  2048 | 2048  (0)|         |
|*  2 |   VIEW                                        | RSF_SQL_MATERIAL_V          |      1 |      6 |     10 |00:28:47.03 |      45M|   7867K|   7867K|       |       |          |         |
|   3 |    TEMP TABLE TRANSFORMATION                  |                             |      1 |        |     10 |00:28:47.03 |      45M|   7867K|   7867K|       |       |          |         |
|   4 |     LOAD AS SELECT (CURSOR DURATION MEMORY)   | SYS_TEMP_0FD9D6C5A_147E856B |      1 |        |      0 |00:00:00.01 |       8 |      0 |      0 |  1024 |  1024 |          |         |
|   5 |      WINDOW SORT                              |                             |      1 |    560 |    560 |00:00:00.01 |       7 |      0 |      0 | 80896 | 80896 |71680  (0)|         |
|   6 |       WINDOW SORT                             |                             |      1 |    560 |    560 |00:00:00.01 |       7 |      0 |      0 | 74752 | 74752 |65536  (0)|         |
|   7 |        TABLE ACCESS FULL                      | EPL_PLAYERS                 |      1 |    560 |    560 |00:00:00.01 |       7 |      0 |      0 |       |       |          |         |
|   8 |     LOAD AS SELECT (CURSOR DURATION MEMORY)   | SYS_TEMP_0FD9D6C5B_147E856B |      1 |        |      0 |00:00:00.01 |       7 |      0 |      0 |  1024 |  1024 |          |         |
|   9 |      WINDOW SORT                              |                             |      1 |      5 |      5 |00:00:00.01 |       7 |      0 |      0 |  2048 |  2048 | 2048  (0)|         |
|  10 |       WINDOW SORT                             |                             |      1 |      5 |      5 |00:00:00.01 |       7 |      0 |      0 |  2048 |  2048 | 2048  (0)|         |
|  11 |        TABLE ACCESS FULL                      | EPL_POSITIONS               |      1 |      5 |      5 |00:00:00.01 |       7 |      0 |      0 |       |       |          |         |
|  12 |     LOAD AS SELECT (CURSOR DURATION MEMORY)   | SYS_TEMP_0FD9D6C5C_147E856B |      1 |        |      0 |00:00:00.01 |       7 |      0 |      0 |  1024 |  1024 |          |         |
|  13 |      WINDOW SORT                              |                             |      1 |    560 |    560 |00:00:00.01 |       7 |      0 |      0 |   106K|   106K|96256  (0)|         |
|* 14 |       HASH JOIN                               |                             |      1 |    560 |    560 |00:00:00.01 |       7 |      0 |      0 |  1399K|  1399K| 1137K (0)|         |
|  15 |        VIEW                                   |                             |      1 |      5 |      5 |00:00:00.01 |       0 |      0 |      0 |       |       |          |         |
|  16 |         TABLE ACCESS FULL                     | SYS_TEMP_0FD9D6C5B_147E856B |      1 |      5 |      5 |00:00:00.01 |       0 |      0 |      0 |       |       |          |         |
|  17 |        TABLE ACCESS FULL                      | EPL_PLAYERS                 |      1 |    560 |    560 |00:00:00.01 |       7 |      0 |      0 |       |       |          |         |
|* 18 |     WINDOW SORT PUSHED RANK                   |                             |      1 |      6 |     10 |00:28:47.02 |      45M|   7867K|   7867K|  2048 |  2048 | 2048  (0)|         |
|* 19 |      VIEW                                     |                             |      1 |      6 |     50 |00:28:47.01 |      45M|   7867K|   7867K|       |       |          |         |
|  20 |       UNION ALL (RECURSIVE WITH) BREADTH FIRST|                             |      1 |        |   1842K|00:00:43.61 |      45M|   7867K|   7867K|    93M|  3316K|   66M (0)|         |
|* 21 |        VIEW                                   |                             |      1 |      5 |      1 |00:00:00.01 |       0 |      0 |      0 |       |       |          |         |
|  22 |         TABLE ACCESS FULL                     | SYS_TEMP_0FD9D6C5B_147E856B |      1 |      5 |      5 |00:00:00.01 |       0 |      0 |      0 |       |       |          |         |
|  23 |        WINDOW SORT                            |                             |     12 |      1 |   1842K|00:28:05.75 |      19 |   7867K|   7856K|   190M|  4633K|   80M (1)|     172M|
|* 24 |         FILTER                                |                             |     12 |        |   1842K|00:27:51.07 |       1 |   7781K|   7770K|       |       |          |         |
|* 25 |          HASH JOIN OUTER                      |                             |     12 |      1 |   1872K|00:27:50.77 |       1 |   7781K|   7770K|   178M|  8572K|  110M (1)|     153M|
|* 26 |           FILTER                              |                             |     12 |        |   1872K|00:24:48.94 |       1 |   7743K|   7733K|       |       |          |         |
|* 27 |            HASH JOIN OUTER                    |                             |     12 |      1 |    388M|00:27:25.13 |       1 |   7743K|   7733K|  2047M|   135M|   88M (1)|      29G|
|  28 |             NESTED LOOPS                      |                             |     12 |      1 |    388M|00:09:45.57 |       1 |  10676 |      0 |       |       |          |         |
|  29 |              RECURSIVE WITH PUMP              |                             |     12 |        |   1842K|00:00:01.48 |       1 |  10676 |      0 |       |       |          |         |
|* 30 |              VIEW                             |                             |   1842K|      1 |    388M|00:09:08.92 |       0 |      0 |      0 |       |       |          |         |
|  31 |               TABLE ACCESS FULL               | SYS_TEMP_0FD9D6C5C_147E856B |   1842K|    560 |   1032M|00:02:24.41 |       0 |      0 |      0 |       |       |          |         |
|  32 |             BUFFER SORT (REUSE)               |                             |     11 |        |   6160 |00:00:00.01 |       0 |      0 |      0 | 73728 | 73728 |          |         |
|  33 |              VIEW                             |                             |      1 |    560 |    560 |00:00:00.01 |       0 |      0 |      0 |       |       |          |         |
|  34 |               TABLE ACCESS FULL               | SYS_TEMP_0FD9D6C5A_147E856B |      1 |    560 |    560 |00:00:00.01 |       0 |      0 |      0 |       |       |          |         |
|  35 |           VIEW                                |                             |     11 |    560 |   6160 |00:00:00.01 |       0 |      0 |      0 |       |       |          |         |
|  36 |            TABLE ACCESS FULL                  | SYS_TEMP_0FD9D6C5A_147E856B |     11 |    560 |   6160 |00:00:00.01 |       0 |      0 |      0 |       |       |          |         |
----------------------------------------------------------------------------------------------------------------------------------------------------------------------------------------------
Predicate Information (identified by operation id):
---------------------------------------------------
2 - filter("RNK"<=:TOP_N)
14 - access("CRS"."ID"="POSITION")
18 - filter(ROW_NUMBER() OVER ( ORDER BY INTERNAL_FUNCTION("TOT_VALUE") DESC ,"TOT_PRICE")<=:TOP_N)
19 - filter("LEV"=TO_NUMBER(SYS_CONTEXT('RECURSION_CTX','SEQ_SIZE')))
21 - filter("ID"='AL')
24 - filter("IRK"."MAX_PRICE">="TRW"."TOT_PRICE"+"IRK"."ITEM_PRICE"+NVL("IPR"."SUM_PRICE",0))
25 - access("IPR"."INDEX_PRICE"="IRK"."SEQ_SIZE"-"TRW"."LEV"-1)
26 - filter("IRK"."MIN_VALUE"<="TRW"."TOT_VALUE"+"IRK"."ITEM_VALUE"+NVL("IVR"."SUM_VALUE",0))
27 - access("IVR"."INDEX_VALUE"="IRK"."SEQ_SIZE"-"TRW"."LEV"-1)
30 - filter((("TRW"."PATH_RNK"<="IRK"."KEEP_NUM" OR "IRK"."KEEP_NUM"=0) AND "TRW"."LEV"<"IRK"."SEQ_SIZE" AND "IRK"."MAX_ITEMS">=CASE "IRK"."CATEGORY_ID" WHEN "TRW"."CAT_ID" THEN
"TRW"."SAME_CATS"+1 ELSE 1 END  AND "IRK"."MIN_REMAIN"<="IRK"."SEQ_SIZE"-("TRW"."LEV"+1)+LEAST(CASE "IRK"."CATEGORY_ID" WHEN "TRW"."CAT_ID" THEN "TRW"."SAME_CATS"+1 ELSE 1 END
,"IRK"."MIN_ITEMS") AND ("IRK"."CATEGORY_ID"="TRW"."CAT_ID" OR "TRW"."SAME_CATS">="TRW"."MIN_ITEMS") AND ("IRK"."CATEGORY_ID"="TRW"."CAT_ID" OR
"IRK"."CATEGORY_ID"=NVL("TRW"."NEXT_CAT","IRK"."CATEGORY_ID")) AND "IRK"."ITEM_RNK">="TRW"."ITEM_RNK"+1 AND "IRK"."ITEM_RNK"<="IRK"."N_ITEMS"-("IRK"."SEQ_SIZE"-"TRW"."LEV"-1)))

PL/SQL procedure successfully completed.

Elapsed: 00:00:00.24
rsf_irk_irs_tabs_v

PL/SQL procedure successfully completed.

Elapsed: 00:00:00.00
old   2:   Item_Cat_Seqs.Init(p_keep_num      => &KEEP_NUM,
new   2:   Item_Cat_Seqs.Init(p_keep_num      => 0,
old   3:                      p_min_value     => &MIN_VALUE);
new   3:                      p_min_value     => 1952);
10 running sums

PL/SQL procedure successfully completed.

Elapsed: 00:00:00.01

PL/SQL procedure successfully completed.

Elapsed: 00:00:00.00

Path                              Total Value Total Price  Rank
--------------------------------- ----------- ----------- -----
037024160463488298027452193344166        1965         889     1
037024160264488298045027452193166                     890     2
037024160463488298044027452193344        1963         890     3
037024160463488298044027452193166        1962         884     4
037024160264488298314027452193166                     885     5
037024160272488298044027452193166                     889     6
252024160264488298044027452193166        1959         889     7
037024160463488298045027452193344        1958         887     8
037024160463488298045027452193166        1957         881     9
037024160272488298045027452193166                     886    10

10 rows selected.

Elapsed: 00:03:34.03

PL/SQL procedure successfully completed.

Elapsed: 00:00:00.00
SQL_ID  acghnyhsz0txt, child number 13
--------------------------------------
SELECT /*+ gather_plan_statistics IRS_TABS */ path,        tot_value,
tot_price,        rnk   FROM rsf_irk_irs_tabs_v  WHERE rnk <=
:TOP_N ORDER BY rnk, tot_price
Plan hash value: 3930817166
------------------------------------------------------------------------------------------------------------------------------------------------------------------------------------
| Id  | Operation                                    | Name               | Starts | E-Rows | A-Rows |   A-Time   | Buffers | Reads  | Writes |  OMem |  1Mem | Used-Mem | Used-Tmp|
------------------------------------------------------------------------------------------------------------------------------------------------------------------------------------
|   0 | SELECT STATEMENT                             |                    |      1 |        |     10 |00:03:34.01 |      47M|  89254 |  89254 |       |       |          |         |
|   1 |  SORT ORDER BY                               |                    |      1 |      2 |     10 |00:03:34.01 |      47M|  89254 |  89254 |  2048 |  2048 | 2048  (0)|         |
|*  2 |   VIEW                                       | RSF_IRK_IRS_TABS_V |      1 |      2 |     10 |00:03:34.01 |      47M|  89254 |  89254 |       |       |          |         |
|*  3 |    WINDOW SORT PUSHED RANK                   |                    |      1 |      2 |     10 |00:03:34.01 |      47M|  89254 |  89254 |  2048 |  2048 | 2048  (0)|         |
|*  4 |     VIEW                                     |                    |      1 |      2 |     50 |00:03:33.99 |      47M|  89254 |  89254 |       |       |          |         |
|   5 |      UNION ALL (RECURSIVE WITH) BREADTH FIRST|                    |      1 |        |   1842K|00:00:43.10 |      47M|  89254 |  89254 |    97M|  3375K|   97M (0)|         |
|*  6 |       INDEX UNIQUE SCAN                      | SYS_IOT_TOP_177213 |      1 |      1 |      1 |00:00:00.01 |       2 |      0 |      0 |       |       |          |         |
|   7 |       WINDOW SORT                            |                    |     12 |      1 |   1842K|00:02:53.85 |    1847K|  89254 |  78167 |   205M|  4802K|   97M (1)|     185M|
|   8 |        NESTED LOOPS                          |                    |     12 |      1 |   1842K|00:01:26.25 |    1847K|  18352 |   7265 |       |       |          |         |
|*  9 |         HASH JOIN OUTER                      |                    |     12 |      1 |   1842K|00:00:01.60 |       4 |  18352 |   7265 |   127M|  9325K|  152M (0)|      49M|
|  10 |          RECURSIVE WITH PUMP                 |                    |     12 |        |   1842K|00:00:00.47 |       1 |  11087 |      0 |       |       |          |         |
|  11 |          BUFFER SORT (REUSE)                 |                    |     11 |        |    110 |00:00:00.01 |       3 |      0 |      0 | 73728 | 73728 |          |         |
|  12 |           TABLE ACCESS FULL                  | ITEM_RUNNING_SUMS  |      1 |     10 |     10 |00:00:00.01 |       3 |      0 |      0 |       |       |          |         |
|* 13 |         INDEX RANGE SCAN                     | SYS_IOT_TOP_177213 |   1842K|      1 |   1842K|00:02:30.77 |    1847K|      0 |      0 |       |       |          |         |
------------------------------------------------------------------------------------------------------------------------------------------------------------------------------------
Predicate Information (identified by operation id):
---------------------------------------------------
2 - filter("RNK"<=:TOP_N)
3 - filter(ROW_NUMBER() OVER ( ORDER BY INTERNAL_FUNCTION("TOT_VALUE") DESC ,"TOT_PRICE")<=:TOP_N)
4 - filter("LEV"="SEQ_SIZE")
6 - access("ITEM_RNK"=1)
9 - access("IRS"."SLOT_INDEX"="TRW"."SEQ_SIZE"-"TRW"."LEV"-1)
13 - access("IRK"."ITEM_RNK">="TRW"."ITEM_RNK"+1)
filter(("IRK"."ITEM_RNK"<="IRK"."N_ITEMS"-("TRW"."SEQ_SIZE"-"TRW"."LEV"-1) AND "IRK"."MAX_ITEMS">=CASE "IRK"."CAT_ID" WHEN "TRW"."CAT_ID" THEN "TRW"."SAME_CATS"+1
ELSE 1 END  AND "TRW"."TOT_PRICE"+"IRK"."ITEM_PRICE"+NVL("IRS"."SUM_PRICE",0)<=TO_NUMBER(SYS_CONTEXT('RECURSION_CTX','MAX_PRICE')) AND
"TRW"."TOT_VALUE"+"IRK"."ITEM_VALUE"+NVL("IRS"."SUM_VALUE",0)>=TO_NUMBER(SYS_CONTEXT('RECURSION_CTX','MIN_VALUE')) AND
"IRK"."MIN_REMAIN"<="TRW"."SEQ_SIZE"-("TRW"."LEV"+1)+LEAST(CASE "IRK"."CAT_ID" WHEN "TRW"."CAT_ID" THEN "TRW"."SAME_CATS"+1 ELSE 1 END ,"IRK"."MIN_ITEMS") AND
("IRK"."CAT_ID"="TRW"."CAT_ID" OR "TRW"."SAME_CATS">="TRW"."MIN_ITEMS") AND ("IRK"."CAT_ID"="TRW"."CAT_ID" OR "IRK"."CAT_ID"=NVL("TRW"."NEXT_CAT_ID","IRK"."CAT_ID"))))
Note
-----
- dynamic statistics used: dynamic sampling (level=2)
- statistics feedback used for this statement

PL/SQL procedure successfully completed.

Elapsed: 00:00:00.23
rsf_irk_tab_where_fun_v_ts - timed

PL/SQL procedure successfully completed.

Elapsed: 00:00:00.00
old   2:   Item_Cat_Seqs.Init(p_keep_num      => &KEEP_NUM,
new   2:   Item_Cat_Seqs.Init(p_keep_num      => 0,
old   3:                      p_min_value     => &MIN_VALUE,
new   3:                      p_min_value     => 1952,
10 running sums

PL/SQL procedure successfully completed.

Elapsed: 00:00:00.01

PL/SQL procedure successfully completed.

Elapsed: 00:00:00.00

Path                              Total Value Total Price  Rank
--------------------------------- ----------- ----------- -----
037024160463488298027452193344166        1965         889     1
037024160264488298045027452193166                     890     2
037024160463488298044027452193344        1963         890     3
037024160463488298044027452193166        1962         884     4
037024160264488298314027452193166                     885     5
037024160272488298044027452193166                     889     6
252024160264488298044027452193166        1959         889     7
037024160463488298045027452193344        1958         887     8
037024160463488298045027452193166        1957         881     9
037024160272488298045027452193166                     886    10

10 rows selected.

Elapsed: 01:36:35.52
Timer Set: Init, KEEP_NUM-MIN_VALUE: 0-1952, Constructed at 11 Jun 2024 01:39:17, written at 03:15:52
=====================================================================================================
Timer                Elapsed         CPU       Calls       Ela/Call       CPU/Call
----------------  ----------  ----------  ----------  -------------  -------------
init_Common             0.00        0.00           1        0.00200        0.00000
pop_Items_Ranked        0.01        0.00           1        0.00700        0.00000
Record_Is_Ok - Y       54.13       51.19     1842891        0.00003        0.00003
Record_Is_Ok - N     5741.37     5694.33   410655010        0.00001        0.00001
(Other)                 0.03        0.01           1        0.03000        0.01000
----------------  ----------  ----------  ----------  -------------  -------------
Total                5795.54     5745.53   412497904        0.00001        0.00001
----------------  ----------  ----------  ----------  -------------  -------------
[Timer timed (per call in ms): Elapsed: 0.01053, CPU: 0.01158]

PL/SQL procedure successfully completed.

Elapsed: 00:00:00.10

PL/SQL procedure successfully completed.

Elapsed: 00:00:00.00
SQL_ID  48f1srk5h2btw, child number 11
--------------------------------------
SELECT /*+ gather_plan_statistics WHERE-TIMED_FUN */ path,
tot_value,        tot_price,        rnk   FROM
rsf_irk_tab_where_fun_ts_v  WHERE rnk <= :TOP_N ORDER BY rnk, tot_price
Plan hash value: 3333612002
--------------------------------------------------------------------------------------------------------------------------------------------------------------------------------------------
| Id  | Operation                                    | Name                       | Starts | E-Rows | A-Rows |   A-Time   | Buffers | Reads  | Writes |  OMem |  1Mem | Used-Mem | Used-Tmp|
--------------------------------------------------------------------------------------------------------------------------------------------------------------------------------------------
|   0 | SELECT STATEMENT                             |                            |      1 |        |     10 |00:25:00.53 |      47M|  54062 |  54062 |       |       |          |         |
|   1 |  SORT ORDER BY                               |                            |      1 |      2 |     10 |00:25:00.53 |      47M|  54062 |  54062 |  2048 |  2048 | 2048  (0)|         |
|*  2 |   VIEW                                       | RSF_IRK_TAB_WHERE_FUN_TS_V |      1 |      2 |     10 |00:25:00.53 |      47M|  54062 |  54062 |       |       |          |         |
|*  3 |    WINDOW SORT PUSHED RANK                   |                            |      1 |      2 |     10 |00:25:00.53 |      47M|  54062 |  54062 |  2048 |  2048 | 2048  (0)|         |
|*  4 |     VIEW                                     |                            |      1 |      2 |     50 |00:25:00.36 |      47M|  54062 |  54062 |       |       |          |         |
|   5 |      UNION ALL (RECURSIVE WITH) BREADTH FIRST|                            |      1 |        |   1842K|00:00:44.51 |      47M|  54062 |  54062 |    97M|  3375K|   97M (0)|         |
|*  6 |       INDEX UNIQUE SCAN                      | SYS_IOT_TOP_177213         |      1 |      1 |      1 |00:00:00.01 |       2 |      0 |      0 |       |       |          |         |
|   7 |       WINDOW SORT                            |                            |     12 |      1 |   1842K|01:31:53.59 |    1847K|  54062 |  42975 |   188M|  4610K|   97M (1)|     169M|
|   8 |        NESTED LOOPS                          |                            |     12 |      1 |   1842K|00:45:49.88 |    1847K|  11087 |      0 |       |       |          |         |
|   9 |         RECURSIVE WITH PUMP                  |                            |     12 |        |   1842K|00:00:01.78 |       1 |  11087 |      0 |       |       |          |         |
|* 10 |         INDEX RANGE SCAN                     | SYS_IOT_TOP_177213         |   1842K|      1 |   1842K|01:26:52.84 |    1847K|      0 |      0 |       |       |          |         |
--------------------------------------------------------------------------------------------------------------------------------------------------------------------------------------------
Predicate Information (identified by operation id):
---------------------------------------------------
2 - filter("RNK"<=:TOP_N)
3 - filter(ROW_NUMBER() OVER ( ORDER BY INTERNAL_FUNCTION("TOT_VALUE") DESC ,"TOT_PRICE")<=:TOP_N)
4 - filter("LEV"="SEQ_SIZE")
6 - access("ITEM_RNK"=1)
10 - access("IRK"."ITEM_RNK">="TRW"."ITEM_RNK"+1)
filter(("IRK"."ITEM_RNK"<="IRK"."N_ITEMS"-("TRW"."SEQ_SIZE"-"TRW"."LEV"-1) AND "ITEM_CAT_SEQS"."RECORD_IS_OK_TS"(INTERNAL_FUNCTION("TRW"."LEV"),"TRW"."TOT_VALUE"+"IRK"."ITEM
_VALUE","TRW"."TOT_PRICE"+"IRK"."ITEM_PRICE","TRW"."CAT_ID","IRK"."CAT_ID",TO_CHAR("TRW"."SAME_CATS"),"TRW"."NEXT_CAT_ID",INTERNAL_FUNCTION("TRW"."MIN_ITEMS"),INTERNAL_FUNCTION("IR
K"."MIN_ITEMS"),INTERNAL_FUNCTION("IRK"."MAX_ITEMS"),INTERNAL_FUNCTION("IRK"."MIN_REMAIN"))='Y'))
Note
-----
- dynamic statistics used: dynamic sampling (level=2)
- statistics feedback used for this statement

PL/SQL procedure successfully completed.

Elapsed: 00:00:00.22
rsf_irk_tab_where_fun_v - untimed

PL/SQL procedure successfully completed.

Elapsed: 00:00:00.00
old   2:   Item_Cat_Seqs.Init(p_keep_num      => &KEEP_NUM,
new   2:   Item_Cat_Seqs.Init(p_keep_num      => 0,
old   3:                      p_min_value     => &MIN_VALUE);
new   3:                      p_min_value     => 1952);
10 running sums

PL/SQL procedure successfully completed.

Elapsed: 00:00:00.00

PL/SQL procedure successfully completed.

Elapsed: 00:00:00.00

Path                              Total Value Total Price  Rank
--------------------------------- ----------- ----------- -----
037024160463488298027452193344166        1965         889     1
037024160264488298045027452193166                     890     2
037024160463488298044027452193344        1963         890     3
037024160463488298044027452193166        1962         884     4
037024160264488298314027452193166                     885     5
037024160272488298044027452193166                     889     6
252024160264488298044027452193166        1959         889     7
037024160463488298045027452193344        1958         887     8
037024160463488298045027452193166        1957         881     9
037024160272488298045027452193166                     886    10

10 rows selected.

Elapsed: 00:19:41.30

PL/SQL procedure successfully completed.

Elapsed: 00:00:00.00

PL/SQL procedure successfully completed.

Elapsed: 00:00:00.00
SQL_ID  d8p2m6zudgnq5, child number 11
--------------------------------------
SELECT /*+ gather_plan_statistics WHERE_FUN */ path,        tot_value,
tot_price,        rnk   FROM rsf_irk_tab_where_fun_v  WHERE rnk
<= :TOP_N ORDER BY rnk, tot_price
Plan hash value: 57043923
-----------------------------------------------------------------------------------------------------------------------------------------------------------------------------------------
| Id  | Operation                                    | Name                    | Starts | E-Rows | A-Rows |   A-Time   | Buffers | Reads  | Writes |  OMem |  1Mem | Used-Mem | Used-Tmp|
-----------------------------------------------------------------------------------------------------------------------------------------------------------------------------------------
|   0 | SELECT STATEMENT                             |                         |      1 |        |     10 |00:09:41.87 |      47M|  54062 |  54062 |       |       |          |         |
|   1 |  SORT ORDER BY                               |                         |      1 |      2 |     10 |00:09:41.87 |      47M|  54062 |  54062 |  2048 |  2048 | 2048  (0)|         |
|*  2 |   VIEW                                       | RSF_IRK_TAB_WHERE_FUN_V |      1 |      2 |     10 |00:09:41.87 |      47M|  54062 |  54062 |       |       |          |         |
|*  3 |    WINDOW SORT PUSHED RANK                   |                         |      1 |      2 |     10 |00:09:41.87 |      47M|  54062 |  54062 |  2048 |  2048 | 2048  (0)|         |
|*  4 |     VIEW                                     |                         |      1 |      2 |     50 |00:09:41.83 |      47M|  54062 |  54062 |       |       |          |         |
|   5 |      UNION ALL (RECURSIVE WITH) BREADTH FIRST|                         |      1 |        |   1842K|00:00:43.57 |      47M|  54062 |  54062 |    97M|  3375K|   97M (0)|         |
|*  6 |       INDEX UNIQUE SCAN                      | SYS_IOT_TOP_177213      |      1 |      1 |      1 |00:00:00.01 |       2 |      0 |      0 |       |       |          |         |
|   7 |       WINDOW SORT                            |                         |     12 |      1 |   1842K|00:15:41.55 |    1847K|  54062 |  42975 |   188M|  4610K|   97M (1)|     169M|
|   8 |        NESTED LOOPS                          |                         |     12 |      1 |   1842K|00:09:08.37 |    1847K|  11087 |      0 |       |       |          |         |
|   9 |         RECURSIVE WITH PUMP                  |                         |     12 |        |   1842K|00:00:00.73 |       1 |  11087 |      0 |       |       |          |         |
|* 10 |         INDEX RANGE SCAN                     | SYS_IOT_TOP_177213      |   1842K|      1 |   1842K|00:17:08.52 |    1847K|      0 |      0 |       |       |          |         |
-----------------------------------------------------------------------------------------------------------------------------------------------------------------------------------------
Predicate Information (identified by operation id):
---------------------------------------------------
2 - filter("RNK"<=:TOP_N)
3 - filter(ROW_NUMBER() OVER ( ORDER BY INTERNAL_FUNCTION("TOT_VALUE") DESC ,"TOT_PRICE")<=:TOP_N)
4 - filter("LEV"="SEQ_SIZE")
6 - access("ITEM_RNK"=1)
10 - access("IRK"."ITEM_RNK">="TRW"."ITEM_RNK"+1)
filter(("IRK"."ITEM_RNK"<="IRK"."N_ITEMS"-("TRW"."SEQ_SIZE"-"TRW"."LEV"-1) AND "ITEM_CAT_SEQS"."RECORD_IS_OK"(INTERNAL_FUNCTION("TRW"."LEV"),"TRW"."TOT_VALUE"+"IRK"."ITEM
_VALUE","TRW"."TOT_PRICE"+"IRK"."ITEM_PRICE","TRW"."CAT_ID","IRK"."CAT_ID",TO_CHAR("TRW"."SAME_CATS"),"TRW"."NEXT_CAT_ID",INTERNAL_FUNCTION("TRW"."MIN_ITEMS"),INTERNAL_FUNCTION(
"IRK"."MIN_ITEMS"),INTERNAL_FUNCTION("IRK"."MAX_ITEMS"),INTERNAL_FUNCTION("IRK"."MIN_REMAIN"))='Y'))
Note
-----
- dynamic statistics used: dynamic sampling (level=2)
- statistics feedback used for this statement

PL/SQL procedure successfully completed.

Elapsed: 00:00:00.24
Timer Set: Item_Cat_Seqs_RSF, Constructed at 11 Jun 2024 00:28:47, written at 03:35:34
======================================================================================
Timer                          Elapsed         CPU       Calls       Ela/Call       CPU/Call
--------------------------  ----------  ----------  ----------  -------------  -------------
rsf_sql_v                      2288.45     1375.34           1     2288.45100     1375.34000
rsf_sql_material_v             1727.05      605.12           1     1727.04900      605.12000
Item_Cat_Seqs.Init                0.03        0.01           3        0.01100        0.00333
rsf_irk_irs_tabs_v              214.03      208.70           1      214.03200      208.70000
rsf_irk_tab_where_fun_ts_v     5795.63     5745.64           1     5795.63100     5745.64000
rsf_irk_tab_where_fun_v        1181.32     1169.62           1     1181.31800     1169.62000
(Other)                           1.19        1.11           1        1.19300        1.11000
--------------------------  ----------  ----------  ----------  -------------  -------------
Total                         11207.71     9105.54           9     1245.30078     1011.72667
--------------------------  ----------  ----------  ----------  -------------  -------------
[Timer timed (per call in ms): Elapsed: 0.00990, CPU: 0.01089]

PL/SQL procedure successfully completed.


'END:'||TO_CHAR(SYSDATE,'DD-MON-YY
----------------------------------
End: 11-JUN-2024 03:35:34

