
Database             Time                 Version
-------------------- -------------------- ------------------------------
Start: ORCL          10-JUN-2024 23:37:03 Version 21.3.0.0.0

Recompile item_cat_seqs.pkb

Package body created.

No errors.
Just set context values: SEQ_SIZE = 3, MAX_PRICE = 5, ITEM_WIDTH = 1, TOP_N = 3
Previously set context values: SEQ_TYPE = , MIN_VALUE = , KEEP_NUM =

PL/SQL procedure successfully completed.


PL/SQL procedure successfully completed.

Pop_Table_Iterate
old   2:   Item_Cat_Seqs.Pop_Table_Iterate(p_keep_num      => &KEEP_NUM,
new   2:   Item_Cat_Seqs.Pop_Table_Iterate(p_keep_num      => 10,
old   3:                                   p_min_value     => &MIN_VALUE);
new   3:                                   p_min_value     => 0);
2 running sums
Timer Set: Pop_Table_Iterate, Constructed at 10 Jun 2024 23:37:03, written at 23:37:03
======================================================================================
Timer                  Elapsed         CPU       Calls       Ela/Call       CPU/Call
------------------  ----------  ----------  ----------  -------------  -------------
Initial delete (0)        0.03        0.03           1        0.03200        0.03000
Initial insert (1)        0.00        0.00           1        0.00300        0.00000
Insert paths 1 (3)        0.01        0.01           1        0.01400        0.01000
Delete paths 1 (1)        0.00        0.01           1        0.00400        0.01000
Insert paths 2 (7)        0.00        0.00           1        0.00000        0.00000
Delete paths 2 (3)        0.00        0.00           1        0.00000        0.00000
Insert paths 3 (6)        0.00        0.00           1        0.00000        0.00000
Delete paths 3 (7)        0.00        0.00           1        0.00100        0.00000
(Other)                   0.00        0.00           1        0.00000        0.00000
------------------  ----------  ----------  ----------  -------------  -------------
Total                     0.05        0.05           9        0.00600        0.00556
------------------  ----------  ----------  ----------  -------------  -------------
[Timer timed (per call in ms): Elapsed: 0.01471, CPU: 0.01618]

PL/SQL procedure successfully completed.


Path Total Value Total Price  Rank
---- ----------- ----------- -----
245           12           5     1
145           11           4     2
314           10           5     3


PL/SQL procedure successfully completed.

Solutions by Category

Total Value Total Price  Rank Category Min Actual  Max Item List
----------- ----------- ----- -------- --- ------- --- -------------------------
         12           5     1 CAT_1    1    <-1    2   2
                              CAT_2    1      2->  2   4, 5
         11           4     2 CAT_1    1    <-1    2   1
                              CAT_2    1      2->  2   4, 5
         10           5     3 CAT_1    1      2->  2   3, 1
                              CAT_2    1    <-1    2   4

6 rows selected.


PL/SQL procedure successfully completed.

Pop_Table_Iterate_Base
old   2:   Item_Cat_Seqs.Pop_Table_Iterate_Base(p_keep_num      => &KEEP_NUM,
new   2:   Item_Cat_Seqs.Pop_Table_Iterate_Base(p_keep_num      => 10,
old   3:                                        p_min_value     => &MIN_VALUE);
new   3:                                        p_min_value     => 0);
2 running sums
Timer Set: Pop_Table_Iterate_Base, Constructed at 10 Jun 2024 23:37:03, written at 23:37:03
===========================================================================================
Timer                       Elapsed         CPU       Calls       Ela/Call       CPU/Call
-----------------------  ----------  ----------  ----------  -------------  -------------
Initial delete (0)             0.04        0.03           1        0.04300        0.03000
Initial insert (1)             0.00        0.00           1        0.00400        0.00000
Insert paths_Base 1 (3)        0.02        0.02           1        0.02000        0.02000
Delete paths_Base 1 (1)        0.01        0.01           1        0.00500        0.01000
Insert paths_Base 2 (7)        0.00        0.00           1        0.00100        0.00000
Delete paths_Base 2 (3)        0.00        0.00           1        0.00000        0.00000
Insert paths_Base 3 (6)        0.00        0.00           1        0.00000        0.00000
Delete paths_Base 3 (7)        0.00        0.00           1        0.00100        0.00000
(Other)                        0.00        0.00           1        0.00000        0.00000
-----------------------  ----------  ----------  ----------  -------------  -------------
Total                          0.07        0.06           9        0.00822        0.00667
-----------------------  ----------  ----------  ----------  -------------  -------------
[Timer timed (per call in ms): Elapsed: 0.01471, CPU: 0.01029]

PL/SQL procedure successfully completed.


Path Total Value Total Price  Rank
---- ----------- ----------- -----
245           12           5     1
145           11           4     2
314           10           5     3


PL/SQL procedure successfully completed.

Pop_Table_Iterate_Link
old   2:   Item_Cat_Seqs.Pop_Table_Iterate_Link(p_keep_num      => &KEEP_NUM,
new   2:   Item_Cat_Seqs.Pop_Table_Iterate_Link(p_keep_num      => 10,
old   3:                                        p_min_value     => &MIN_VALUE);
new   3:                                        p_min_value     => 0);
2 running sums
Timer Set: Pop_Table_Iterate_Link, Constructed at 10 Jun 2024 23:37:03, written at 23:37:03
===========================================================================================
Timer                        Elapsed         CPU       Calls       Ela/Call       CPU/Call
------------------------  ----------  ----------  ----------  -------------  -------------
Initial delete (0)              0.04        0.03           1        0.04300        0.03000
Initial insert (1)              0.01        0.00           1        0.00500        0.00000
Insert item_links  1 (1)        0.00        0.01           1        0.00400        0.01000
Insert paths_Link 1 (3)         0.02        0.00           1        0.02300        0.00000
Delete paths_Link 1 (1)         0.01        0.01           1        0.00600        0.01000
Insert item_links  2 (3)        0.00        0.00           1        0.00000        0.00000
Insert paths_Link 2 (7)         0.00        0.00           1        0.00100        0.00000
Delete paths_Link 2 (3)         0.00        0.00           1        0.00000        0.00000
Insert item_links  3 (7)        0.00        0.00           1        0.00000        0.00000
Insert paths_Link 3 (6)         0.00        0.00           1        0.00000        0.00000
Delete paths_Link 3 (7)         0.00        0.00           1        0.00100        0.00000
(Other)                         0.00        0.00           1        0.00000        0.00000
------------------------  ----------  ----------  ----------  -------------  -------------
Total                           0.08        0.05          12        0.00692        0.00417
------------------------  ----------  ----------  ----------  -------------  -------------
[Timer timed (per call in ms): Elapsed: 0.01712, CPU: 0.01525]

PL/SQL procedure successfully completed.


Path Total Value Total Price  Rank
---- ----------- ----------- -----
245           12           5     1
145           11           4     2
314           10           5     3


PL/SQL procedure successfully completed.

old   2:      Item_Cat_Seqs.Set_Contexts(p_keep_num      => &KEEP_NUM,
new   2:      Item_Cat_Seqs.Set_Contexts(p_keep_num      => 10,
old   3:                                 p_min_value     => &MIN_VALUE);
new   3:                                 p_min_value     => 0);
Just set context values: MIN_VALUE = 0, KEEP_NUM = 10
Previously set context values: SEQ_TYPE = , SEQ_SIZE = 3, MAX_PRICE = 5, ITEM_WIDTH = 1, TOP_N = 3

PL/SQL procedure successfully completed.

paths_link_ranked_item_v - item level

Total Value Total Price  Rank Category Item Name            Value      Price
----------- ----------- ----- -------- ---- ---------- ---------- ----------
         12           5     1 CAT_1    2    Item-12             2          2
                              CAT_2    4    Item-21             6          1
                                       5    Item-22             4          2
         11           4     2 CAT_1    1    Item-11             1          1
                              CAT_2    4    Item-21             6          1
                                       5    Item-22             4          2
         10           5     3 CAT_1    3    Item-13             3          3
                                       1    Item-11             1          1
                              CAT_2    4    Item-21             6          1

9 rows selected.

Elapsed: 00:00:00.02

PL/SQL procedure successfully completed.

Elapsed: 00:00:00.00
Pop_Table_Iterate_Base_Link
old   2:   Item_Cat_Seqs.Pop_Table_Iterate_Base_Link(p_keep_num      => &KEEP_NUM,
new   2:   Item_Cat_Seqs.Pop_Table_Iterate_Base_Link(p_keep_num      => 10,
old   3:                                             p_min_value     => &MIN_VALUE);
new   3:                                             p_min_value     => 0);
2 running sums
Timer Set: Pop_Table_Iterate_Base_Link, Constructed at 10 Jun 2024 23:37:03, written at 23:37:03
================================================================================================
Timer                             Elapsed         CPU       Calls       Ela/Call       CPU/Call
-----------------------------  ----------  ----------  ----------  -------------  -------------
Initial delete (0)                   0.04        0.03           1        0.03800        0.03000
Initial insert (1)                   0.00        0.01           1        0.00300        0.01000
Insert item_base_links  1 (1)        0.00        0.00           1        0.00200        0.00000
Insert paths_base_Link 1 (3)         0.01        0.01           1        0.01400        0.01000
Delete paths_base_Link 1 (1)         0.00        0.00           1        0.00400        0.00000
Insert item_base_links  2 (3)        0.00        0.00           1        0.00000        0.00000
Insert paths_base_Link 2 (7)         0.00        0.00           1        0.00100        0.00000
Delete paths_base_Link 2 (3)         0.00        0.00           1        0.00000        0.00000
Insert item_base_links  3 (7)        0.00        0.00           1        0.00000        0.00000
Insert paths_base_Link 3 (6)         0.00        0.01           1        0.00000        0.01000
Delete paths_base_Link 3 (7)         0.00        0.00           1        0.00000        0.00000
(Other)                              0.00        0.00           1        0.00000        0.00000
-----------------------------  ----------  ----------  ----------  -------------  -------------
Total                                0.06        0.06          12        0.00517        0.00500
-----------------------------  ----------  ----------  ----------  -------------  -------------
[Timer timed (per call in ms): Elapsed: 0.01299, CPU: 0.01169]

PL/SQL procedure successfully completed.

Elapsed: 00:00:00.16

Path Total Value Total Price  Rank
---- ----------- ----------- -----
245           12           5     1
145           11           4     2
314           10           5     3

Elapsed: 00:00:00.03

PL/SQL procedure successfully completed.

Elapsed: 00:00:00.00
old   2:   Item_Cat_Seqs.Init(p_keep_num      => &KEEP_NUM,
new   2:   Item_Cat_Seqs.Init(p_keep_num      => 10,
old   3:                      p_min_value     => &MIN_VALUE);
new   3:                      p_min_value     => 0);
2 running sums

PL/SQL procedure successfully completed.

Elapsed: 00:00:00.00
Array_Iterate

Path Total Value Total Price  Rank
---- ----------- ----------- -----
245           12           5     1
145           11           4     2
314           10           5     3

Timer Set: Array_Iterate, Constructed at 10 Jun 2024 23:37:04, written at 23:37:04
==================================================================================
Timer                   Elapsed         CPU       Calls       Ela/Call       CPU/Call
-------------------  ----------  ----------  ----------  -------------  -------------
Insert 1 (3)               0.01        0.00           1        0.00600        0.00000
Reset paths array 1        0.00        0.00           1        0.00000        0.00000
Insert 2 (7)               0.00        0.00           1        0.00000        0.00000
Reset paths array 2        0.00        0.00           1        0.00000        0.00000
Insert 3 (6)               0.00        0.00           1        0.00000        0.00000
Pipe rows                  0.00        0.00           1        0.00000        0.00000
(Other)                    0.00        0.00           1        0.00000        0.00000
-------------------  ----------  ----------  ----------  -------------  -------------
Total                      0.01        0.00           7        0.00086        0.00000
-------------------  ----------  ----------  ----------  -------------  -------------
[Timer timed (per call in ms): Elapsed: 0.00917, CPU: 0.00826]
Elapsed: 00:00:00.11

PL/SQL procedure successfully completed.

Elapsed: 00:00:00.00
Pop_Table_Recurse
old   2:   Item_Cat_Seqs.Pop_Table_Recurse(p_keep_num      => &KEEP_NUM,
new   2:   Item_Cat_Seqs.Pop_Table_Recurse(p_keep_num      => 10,
old   3:                                   p_min_value     => &MIN_VALUE);
new   3:                                   p_min_value     => 0);
2 running sums
Timer Set: Pop_Table_Recurse, Constructed at 10 Jun 2024 23:37:04, written at 23:37:04
======================================================================================
Timer                  Elapsed         CPU       Calls       Ela/Call       CPU/Call
------------------  ----------  ----------  ----------  -------------  -------------
Initial delete (6)        0.00        0.00           1        0.00000        0.00000
Initial insert (1)        0.00        0.00           1        0.00000        0.00000
Insert paths 1 (3)        0.00        0.00           1        0.00100        0.00000
Delete paths 1 (1)        0.00        0.00           1        0.00000        0.00000
Insert paths 2 (7)        0.00        0.00           1        0.00000        0.00000
Delete paths 2 (3)        0.00        0.00           1        0.00000        0.00000
Insert paths 3 (6)        0.00        0.00           1        0.00000        0.00000
Delete paths 3 (7)        0.00        0.00           1        0.00000        0.00000
(Other)                   0.00        0.00           1        0.00100        0.00000
------------------  ----------  ----------  ----------  -------------  -------------
Total                     0.00        0.00           9        0.00022        0.00000
------------------  ----------  ----------  ----------  -------------  -------------
[Timer timed (per call in ms): Elapsed: 0.01031, CPU: 0.01031]

PL/SQL procedure successfully completed.

Elapsed: 00:00:00.10

Path Total Value Total Price  Rank
---- ----------- ----------- -----
245           12           5     1
145           11           4     2
314           10           5     3

Elapsed: 00:00:00.00

PL/SQL procedure successfully completed.

Elapsed: 00:00:00.00
old   2:   Item_Cat_Seqs.Init(p_keep_num      => &KEEP_NUM,
new   2:   Item_Cat_Seqs.Init(p_keep_num      => 10,
old   3:                      p_min_value     => &MIN_VALUE);
new   3:                      p_min_value     => 0);
2 running sums

PL/SQL procedure successfully completed.

Elapsed: 00:00:00.00
Array_Recurse

Path Total Value Total Price  Rank
---- ----------- ----------- -----
245           12           5     1
145           11           4     2
314           10           5     3

Timer Set: Array_Recurse, Constructed at 10 Jun 2024 23:37:04, written at 23:37:04
==================================================================================
Timer                    Elapsed         CPU       Calls       Ela/Call       CPU/Call
--------------------  ----------  ----------  ----------  -------------  -------------
Recurse level: 1 (3)        0.02        0.02           1        0.01800        0.02000
Recurse level: 2 (7)        0.00        0.00           1        0.00000        0.00000
Recurse level: 3 (6)        0.00        0.00           1        0.00000        0.00000
(Other)                     0.00        0.00           1        0.00000        0.00000
--------------------  ----------  ----------  ----------  -------------  -------------
Total                       0.02        0.02           4        0.00450        0.00500
--------------------  ----------  ----------  ----------  -------------  -------------
[Timer timed (per call in ms): Elapsed: 0.00943, CPU: 0.00755]
Elapsed: 00:00:00.12

PL/SQL procedure successfully completed.

Elapsed: 00:00:00.00
Timer Set: Item_Cat_Seqs, Constructed at 10 Jun 2024 23:37:03, written at 23:37:04
==================================================================================
Timer                                   Elapsed         CPU       Calls       Ela/Call       CPU/Call
-----------------------------------  ----------  ----------  ----------  -------------  -------------
Pop_Table_Iterate                          0.17        0.16           1        0.16800        0.16000
Solutions by Category                      0.03        0.02           1        0.03400        0.02000
Pop_Table_Iterate_Base                     0.19        0.14           1        0.18800        0.14000
Pop_Table_Iterate_Link                     0.24        0.17           1        0.24100        0.17000
Pop_Table_Iterate_Link - item level        0.03        0.01           1        0.03200        0.01000
Pop_Table_Iterate_Base_Link                0.21        0.19           1        0.20600        0.19000
Array_Iterate                              0.12        0.10           1        0.12300        0.10000
Pop_Table_Recurse                          0.11        0.10           1        0.11200        0.10000
Array_Recurse                              0.13        0.10           1        0.13000        0.10000
(Other)                                    0.00        0.00           1        0.00300        0.00000
-----------------------------------  ----------  ----------  ----------  -------------  -------------
Total                                      1.24        0.99          10        0.12370        0.09900
-----------------------------------  ----------  ----------  ----------  -------------  -------------
[Timer timed (per call in ms): Elapsed: 0.00990, CPU: 0.00792]

PL/SQL procedure successfully completed.


'END:'||TO_CHAR(SYSDATE,'DD-MON-YY
----------------------------------
End: 10-JUN-2024 23:37:04

