
Database             Time                 Version
-------------------- -------------------- ------------------------------
Start: ORCL          09-JUN-2024 23:05:14 Version 21.3.0.0.0

Recompile item_cat_seqs.pkb

Package body created.

No errors.
Just set context values: SEQ_SIZE = 12, MAX_PRICE = 19000, ITEM_WIDTH = 3, TOP_N = 10
Previously set context values: SEQ_TYPE = , MIN_VALUE = 0, KEEP_NUM = 10

PL/SQL procedure successfully completed.


PL/SQL procedure successfully completed.

old   2:      Item_Cat_Seqs.Set_Contexts(p_keep_num      => &KEEP_NUM,
new   2:      Item_Cat_Seqs.Set_Contexts(p_keep_num      => 100,
old   3:                                 p_min_value     => &MIN_VALUE);
new   3:                                 p_min_value     => 0);
Just set context values: MIN_VALUE = 0, KEEP_NUM = 100
Previously set context values: SEQ_TYPE = , SEQ_SIZE = 12, MAX_PRICE = 19000, ITEM_WIDTH = 3, TOP_N = 10

PL/SQL procedure successfully completed.

Solution via view rsf_sql_v (unhinted)...

PL/SQL procedure successfully completed.

Elapsed: 00:00:00.00

Path                                 Total Value Total Price  Rank
------------------------------------ ----------- ----------- -----
078022098099058059060001002003038039       10923       18176     1
078023098099058059060001002003038039       10905       18795     2
078022098102058059060001002003038039       10833       18994     3
078022098099058059060001002003038040       10825       18190     4
078023098099058059060001002003038040       10807       18809     5
078022098099058059061001002003038039       10791       18915     6
078022098099058059060001002004038039       10790       17201     7
078021098099058059060001002004038039                   18052     8
078023098099058059060001002004038039       10772       17820     9
078022098099058059060001002003038041       10766       17948    10

10 rows selected.

Elapsed: 00:00:06.57

PL/SQL procedure successfully completed.

Elapsed: 00:00:00.00
SQL_ID  av5x9qfzbdcbn, child number 0
-------------------------------------
SELECT /*+ gather_plan_statistics SQL_V */ path,        tot_value,
tot_price,        rnk   FROM rsf_sql_v  WHERE rnk <= :TOP_N ORDER BY
rnk, tot_price
Plan hash value: 1015841377
----------------------------------------------------------------------------------------------------------------------------------------------------------------------------------------------
| Id  | Operation                                     | Name                        | Starts | E-Rows | A-Rows |   A-Time   | Buffers | Reads  | Writes |  OMem |  1Mem | Used-Mem | Used-Tmp|
----------------------------------------------------------------------------------------------------------------------------------------------------------------------------------------------
|   0 | SELECT STATEMENT                              |                             |      1 |        |     10 |00:00:06.57 |     782K|   2639 |   2639 |       |       |          |         |
|   1 |  SORT ORDER BY                                |                             |      1 |      8 |     10 |00:00:06.57 |     782K|   2639 |   2639 |  2048 |  2048 | 2048  (0)|         |
|*  2 |   VIEW                                        | RSF_SQL_V                   |      1 |      8 |     10 |00:00:06.57 |     782K|   2639 |   2639 |       |       |          |         |
|   3 |    TEMP TABLE TRANSFORMATION                  |                             |      1 |        |     10 |00:00:06.57 |     782K|   2639 |   2639 |       |       |          |         |
|   4 |     LOAD AS SELECT (CURSOR DURATION MEMORY)   | SYS_TEMP_0FD9D6BB1_147E856B |      1 |        |      0 |00:00:00.01 |       8 |      0 |      0 |  1024 |  1024 |          |         |
|   5 |      WINDOW SORT                              |                             |      1 |    114 |    114 |00:00:00.01 |       7 |      0 |      0 | 29696 | 29696 |26624  (0)|         |
|   6 |       WINDOW SORT                             |                             |      1 |    114 |    114 |00:00:00.01 |       7 |      0 |      0 | 11264 | 11264 |10240  (0)|         |
|   7 |        TABLE ACCESS FULL                      | BRAZIL_PLAYERS              |      1 |    114 |    114 |00:00:00.01 |       7 |      0 |      0 |       |       |          |         |
|   8 |     LOAD AS SELECT (CURSOR DURATION MEMORY)   | SYS_TEMP_0FD9D6BB2_147E856B |      1 |        |      0 |00:00:00.01 |       7 |      0 |      0 |  1024 |  1024 |          |         |
|   9 |      WINDOW SORT                              |                             |      1 |      7 |      7 |00:00:00.01 |       7 |      0 |      0 |  2048 |  2048 | 2048  (0)|         |
|  10 |       WINDOW SORT                             |                             |      1 |      7 |      7 |00:00:00.01 |       7 |      0 |      0 |  2048 |  2048 | 2048  (0)|         |
|  11 |        TABLE ACCESS FULL                      | BRAZIL_POSITIONS            |      1 |      7 |      7 |00:00:00.01 |       7 |      0 |      0 |       |       |          |         |
|* 12 |     WINDOW SORT PUSHED RANK                   |                             |      1 |      8 |     10 |00:00:06.57 |     782K|   2639 |   2639 |  2048 |  2048 | 2048  (0)|         |
|* 13 |      VIEW                                     |                             |      1 |      8 |  16573 |00:00:05.57 |     782K|   2639 |   2639 |       |       |          |         |
|  14 |       UNION ALL (RECURSIVE WITH) BREADTH FIRST|                             |      1 |        |  84212 |00:00:31.87 |     782K|   2639 |   2639 |  2958K|   766K| 2629K (0)|         |
|* 15 |        VIEW                                   |                             |      1 |      7 |      1 |00:00:00.01 |       0 |      0 |      0 |       |       |          |         |
|  16 |         TABLE ACCESS FULL                     | SYS_TEMP_0FD9D6BB2_147E856B |      1 |      7 |      7 |00:00:00.01 |       0 |      0 |      0 |       |       |          |         |
|  17 |        WINDOW SORT                            |                             |     13 |      1 |  84211 |00:00:05.64 |      91 |   2639 |   2639 |  5413K|   958K| 4811K (0)|         |
|* 18 |         FILTER                                |                             |     13 |        |  84211 |00:00:05.50 |      91 |   2639 |   2639 |       |       |          |         |
|* 19 |          HASH JOIN OUTER                      |                             |     13 |      1 |  96277 |00:00:05.49 |      91 |   2639 |   2639 |  6402K|  2135K| 7351K (0)|    4096K|
|* 20 |           FILTER                              |                             |     13 |        |  96277 |00:00:05.37 |      91 |   1267 |   1267 |       |       |          |         |
|* 21 |            HASH JOIN OUTER                    |                             |     13 |      1 |  96277 |00:00:05.35 |      91 |   1267 |   1267 |  6243K|  2149K| 7101K (0)|    4096K|
|  22 |             NESTED LOOPS                      |                             |     13 |      1 |  96277 |00:00:01.36 |      91 |      0 |      0 |       |       |          |         |
|  23 |              RECURSIVE WITH PUMP              |                             |     13 |        |  84212 |00:00:00.02 |       0 |      0 |      0 |       |       |          |         |
|* 24 |              VIEW                             |                             |  84212 |      1 |  96277 |00:00:05.15 |      91 |      0 |      0 |       |       |          |         |
|  25 |               WINDOW SORT                     |                             |  84212 |    114 |   9600K|00:00:03.96 |      91 |      0 |      0 | 13312 | 13312 |12288  (0)|         |
|* 26 |                HASH JOIN                      |                             |     13 |    114 |   1482 |00:00:00.01 |      91 |      0 |      0 |  1399K|  1399K| 1398K (0)|         |
|  27 |                 VIEW                          |                             |     13 |      7 |     91 |00:00:00.01 |       0 |      0 |      0 |       |       |          |         |
|  28 |                  TABLE ACCESS FULL            | SYS_TEMP_0FD9D6BB2_147E856B |     13 |      7 |     91 |00:00:00.01 |       0 |      0 |      0 |       |       |          |         |
|  29 |                 TABLE ACCESS FULL             | BRAZIL_PLAYERS              |     13 |    114 |   1482 |00:00:00.01 |      91 |      0 |      0 |       |       |          |         |
|  30 |             BUFFER SORT (REUSE)               |                             |     12 |        |   1368 |00:00:00.01 |       0 |      0 |      0 | 73728 | 73728 |          |         |
|  31 |              VIEW                             |                             |      1 |    114 |    114 |00:00:00.01 |       0 |      0 |      0 |       |       |          |         |
|  32 |               TABLE ACCESS FULL               | SYS_TEMP_0FD9D6BB1_147E856B |      1 |    114 |    114 |00:00:00.01 |       0 |      0 |      0 |       |       |          |         |
|  33 |           VIEW                                |                             |     12 |    114 |   1368 |00:00:00.01 |       0 |      0 |      0 |       |       |          |         |
|  34 |            TABLE ACCESS FULL                  | SYS_TEMP_0FD9D6BB1_147E856B |     12 |    114 |   1368 |00:00:00.01 |       0 |      0 |      0 |       |       |          |         |
----------------------------------------------------------------------------------------------------------------------------------------------------------------------------------------------
Predicate Information (identified by operation id):
---------------------------------------------------
2 - filter("RNK"<=:TOP_N)
12 - filter(ROW_NUMBER() OVER ( ORDER BY INTERNAL_FUNCTION("TOT_VALUE") DESC ,"TOT_PRICE")<=:TOP_N)
13 - filter("LEV"=TO_NUMBER(SYS_CONTEXT('RECURSION_CTX','SEQ_SIZE')))
15 - filter("ID"='AL')
18 - filter("IRK"."MAX_PRICE">="TRW"."TOT_PRICE"+"IRK"."ITEM_PRICE"+NVL("IPR"."SUM_PRICE",0))
19 - access("IPR"."INDEX_PRICE"="IRK"."SEQ_SIZE"-"TRW"."LEV"-1)
20 - filter("IRK"."MIN_VALUE"<="TRW"."TOT_VALUE"+"IRK"."ITEM_VALUE"+NVL("IVR"."SUM_VALUE",0))
21 - access("IVR"."INDEX_VALUE"="IRK"."SEQ_SIZE"-"TRW"."LEV"-1)
24 - filter((("TRW"."PATH_RNK"<="IRK"."KEEP_NUM" OR "IRK"."KEEP_NUM"=0) AND "TRW"."LEV"<"IRK"."SEQ_SIZE" AND "IRK"."MAX_ITEMS">=CASE "IRK"."CATEGORY_ID" WHEN "TRW"."CAT_ID" THEN
"TRW"."SAME_CATS"+1 ELSE 1 END  AND "IRK"."MIN_REMAIN"<="IRK"."SEQ_SIZE"-("TRW"."LEV"+1)+LEAST(CASE "IRK"."CATEGORY_ID" WHEN "TRW"."CAT_ID" THEN "TRW"."SAME_CATS"+1 ELSE 1 END
,"IRK"."MIN_ITEMS") AND ("IRK"."CATEGORY_ID"="TRW"."CAT_ID" OR "TRW"."SAME_CATS">="TRW"."MIN_ITEMS") AND ("IRK"."CATEGORY_ID"="TRW"."CAT_ID" OR
"IRK"."CATEGORY_ID"=NVL("TRW"."NEXT_CAT","IRK"."CATEGORY_ID")) AND "IRK"."ITEM_RNK">="TRW"."ITEM_RNK"+1 AND "IRK"."ITEM_RNK"<="IRK"."N_ITEMS"-("IRK"."SEQ_SIZE"-"TRW"."LEV"-1)))
26 - access("CRS"."ID"="POSITION")

PL/SQL procedure successfully completed.

Elapsed: 00:00:00.22
Solution via view rsf_sql_material_v (materialize hint)...

PL/SQL procedure successfully completed.

Elapsed: 00:00:00.00

Path                                 Total Value Total Price  Rank
------------------------------------ ----------- ----------- -----
078022098099058059060001002003038039       10923       18176     1
078023098099058059060001002003038039       10905       18795     2
078022098102058059060001002003038039       10833       18994     3
078022098099058059060001002003038040       10825       18190     4
078023098099058059060001002003038040       10807       18809     5
078022098099058059061001002003038039       10791       18915     6
078022098099058059060001002004038039       10790       17201     7
078021098099058059060001002004038039                   18052     8
078023098099058059060001002004038039       10772       17820     9
078022098099058059060001002003038041       10766       17948    10

10 rows selected.

Elapsed: 00:00:02.87

PL/SQL procedure successfully completed.

Elapsed: 00:00:00.00
SQL_ID  as18affkcu2az, child number 0
-------------------------------------
SELECT /*+ gather_plan_statistics SQL_MATERIAL_V */ path,
tot_value,        tot_price,        rnk   FROM rsf_sql_material_v
WHERE rnk <= :TOP_N ORDER BY rnk, tot_price
Plan hash value: 3324131834
----------------------------------------------------------------------------------------------------------------------------------------------------------------------------------------------
| Id  | Operation                                     | Name                        | Starts | E-Rows | A-Rows |   A-Time   | Buffers | Reads  | Writes |  OMem |  1Mem | Used-Mem | Used-Tmp|
----------------------------------------------------------------------------------------------------------------------------------------------------------------------------------------------
|   0 | SELECT STATEMENT                              |                             |      1 |        |     10 |00:00:02.87 |     781K|   2639 |   2639 |       |       |          |         |
|   1 |  SORT ORDER BY                                |                             |      1 |      8 |     10 |00:00:02.87 |     781K|   2639 |   2639 |  2048 |  2048 | 2048  (0)|         |
|*  2 |   VIEW                                        | RSF_SQL_MATERIAL_V          |      1 |      8 |     10 |00:00:02.87 |     781K|   2639 |   2639 |       |       |          |         |
|   3 |    TEMP TABLE TRANSFORMATION                  |                             |      1 |        |     10 |00:00:02.87 |     781K|   2639 |   2639 |       |       |          |         |
|   4 |     LOAD AS SELECT (CURSOR DURATION MEMORY)   | SYS_TEMP_0FD9D6BB3_147E856B |      1 |        |      0 |00:00:00.01 |       8 |      0 |      0 |  1024 |  1024 |          |         |
|   5 |      WINDOW SORT                              |                             |      1 |    114 |    114 |00:00:00.01 |       7 |      0 |      0 | 29696 | 29696 |26624  (0)|         |
|   6 |       WINDOW SORT                             |                             |      1 |    114 |    114 |00:00:00.01 |       7 |      0 |      0 | 11264 | 11264 |10240  (0)|         |
|   7 |        TABLE ACCESS FULL                      | BRAZIL_PLAYERS              |      1 |    114 |    114 |00:00:00.01 |       7 |      0 |      0 |       |       |          |         |
|   8 |     LOAD AS SELECT (CURSOR DURATION MEMORY)   | SYS_TEMP_0FD9D6BB4_147E856B |      1 |        |      0 |00:00:00.01 |       7 |      0 |      0 |  1024 |  1024 |          |         |
|   9 |      WINDOW SORT                              |                             |      1 |      7 |      7 |00:00:00.01 |       7 |      0 |      0 |  2048 |  2048 | 2048  (0)|         |
|  10 |       WINDOW SORT                             |                             |      1 |      7 |      7 |00:00:00.01 |       7 |      0 |      0 |  2048 |  2048 | 2048  (0)|         |
|  11 |        TABLE ACCESS FULL                      | BRAZIL_POSITIONS            |      1 |      7 |      7 |00:00:00.01 |       7 |      0 |      0 |       |       |          |         |
|  12 |     LOAD AS SELECT (CURSOR DURATION MEMORY)   | SYS_TEMP_0FD9D6BB5_147E856B |      1 |        |      0 |00:00:00.01 |       7 |      0 |      0 |  1024 |  1024 |          |         |
|  13 |      WINDOW SORT                              |                             |      1 |    114 |    114 |00:00:00.01 |       7 |      0 |      0 | 13312 | 13312 |12288  (0)|         |
|* 14 |       HASH JOIN                               |                             |      1 |    114 |    114 |00:00:00.01 |       7 |      0 |      0 |  1399K|  1399K| 1232K (0)|         |
|  15 |        VIEW                                   |                             |      1 |      7 |      7 |00:00:00.01 |       0 |      0 |      0 |       |       |          |         |
|  16 |         TABLE ACCESS FULL                     | SYS_TEMP_0FD9D6BB4_147E856B |      1 |      7 |      7 |00:00:00.01 |       0 |      0 |      0 |       |       |          |         |
|  17 |        TABLE ACCESS FULL                      | BRAZIL_PLAYERS              |      1 |    114 |    114 |00:00:00.01 |       7 |      0 |      0 |       |       |          |         |
|* 18 |     WINDOW SORT PUSHED RANK                   |                             |      1 |      8 |     10 |00:00:02.87 |     781K|   2639 |   2639 |  2048 |  2048 | 2048  (0)|         |
|* 19 |      VIEW                                     |                             |      1 |      8 |  16573 |00:00:02.59 |     781K|   2639 |   2639 |       |       |          |         |
|  20 |       UNION ALL (RECURSIVE WITH) BREADTH FIRST|                             |      1 |        |  84212 |00:00:11.14 |     781K|   2639 |   2639 |  2958K|   766K| 2629K (0)|         |
|* 21 |        VIEW                                   |                             |      1 |      7 |      1 |00:00:00.01 |       0 |      0 |      0 |       |       |          |         |
|  22 |         TABLE ACCESS FULL                     | SYS_TEMP_0FD9D6BB4_147E856B |      1 |      7 |      7 |00:00:00.01 |       0 |      0 |      0 |       |       |          |         |
|  23 |        WINDOW SORT                            |                             |     13 |      1 |  84211 |00:00:01.98 |       0 |   2639 |   2639 |  5413K|   958K| 4811K (0)|         |
|* 24 |         FILTER                                |                             |     13 |        |  84211 |00:00:01.86 |       0 |   2639 |   2639 |       |       |          |         |
|* 25 |          HASH JOIN OUTER                      |                             |     13 |      1 |  96277 |00:00:01.84 |       0 |   2639 |   2639 |  6402K|  2135K| 7343K (0)|    4096K|
|* 26 |           FILTER                              |                             |     13 |        |  96277 |00:00:01.73 |       0 |   1267 |   1267 |       |       |          |         |
|* 27 |            HASH JOIN OUTER                    |                             |     13 |      1 |  96277 |00:00:01.71 |       0 |   1267 |   1267 |  6243K|  2149K| 7079K (0)|    4096K|
|  28 |             NESTED LOOPS                      |                             |     13 |      1 |  96277 |00:00:00.46 |       0 |      0 |      0 |       |       |          |         |
|  29 |              RECURSIVE WITH PUMP              |                             |     13 |        |  84212 |00:00:00.02 |       0 |      0 |      0 |       |       |          |         |
|* 30 |              VIEW                             |                             |  84212 |      1 |  96277 |00:00:01.55 |       0 |      0 |      0 |       |       |          |         |
|  31 |               TABLE ACCESS FULL               | SYS_TEMP_0FD9D6BB5_147E856B |  84212 |    114 |   9600K|00:00:01.10 |       0 |      0 |      0 |       |       |          |         |
|  32 |             BUFFER SORT (REUSE)               |                             |     12 |        |   1368 |00:00:00.01 |       0 |      0 |      0 | 73728 | 73728 |          |         |
|  33 |              VIEW                             |                             |      1 |    114 |    114 |00:00:00.01 |       0 |      0 |      0 |       |       |          |         |
|  34 |               TABLE ACCESS FULL               | SYS_TEMP_0FD9D6BB3_147E856B |      1 |    114 |    114 |00:00:00.01 |       0 |      0 |      0 |       |       |          |         |
|  35 |           VIEW                                |                             |     12 |    114 |   1368 |00:00:00.01 |       0 |      0 |      0 |       |       |          |         |
|  36 |            TABLE ACCESS FULL                  | SYS_TEMP_0FD9D6BB3_147E856B |     12 |    114 |   1368 |00:00:00.01 |       0 |      0 |      0 |       |       |          |         |
----------------------------------------------------------------------------------------------------------------------------------------------------------------------------------------------
Predicate Information (identified by operation id):
---------------------------------------------------
2 - filter("RNK"<=:TOP_N)
14 - access("CRS"."ID"="POSITION")
18 - filter(ROW_NUMBER() OVER ( ORDER BY INTERNAL_FUNCTION("TOT_VALUE") DESC ,"TOT_PRICE")<=:TOP_N)
19 - filter("LEV"=TO_NUMBER(SYS_CONTEXT('RECURSION_CTX','SEQ_SIZE')))
21 - filter("ID"='AL')
24 - filter("IRK"."MAX_PRICE">="TRW"."TOT_PRICE"+"IRK"."ITEM_PRICE"+NVL("IPR"."SUM_PRICE",0))
25 - access("IPR"."INDEX_PRICE"="IRK"."SEQ_SIZE"-"TRW"."LEV"-1)
26 - filter("IRK"."MIN_VALUE"<="TRW"."TOT_VALUE"+"IRK"."ITEM_VALUE"+NVL("IVR"."SUM_VALUE",0))
27 - access("IVR"."INDEX_VALUE"="IRK"."SEQ_SIZE"-"TRW"."LEV"-1)
30 - filter((("TRW"."PATH_RNK"<="IRK"."KEEP_NUM" OR "IRK"."KEEP_NUM"=0) AND "TRW"."LEV"<"IRK"."SEQ_SIZE" AND "IRK"."MAX_ITEMS">=CASE "IRK"."CATEGORY_ID" WHEN "TRW"."CAT_ID" THEN
"TRW"."SAME_CATS"+1 ELSE 1 END  AND "IRK"."MIN_REMAIN"<="IRK"."SEQ_SIZE"-("TRW"."LEV"+1)+LEAST(CASE "IRK"."CATEGORY_ID" WHEN "TRW"."CAT_ID" THEN "TRW"."SAME_CATS"+1 ELSE 1 END
,"IRK"."MIN_ITEMS") AND ("IRK"."CATEGORY_ID"="TRW"."CAT_ID" OR "TRW"."SAME_CATS">="TRW"."MIN_ITEMS") AND ("IRK"."CATEGORY_ID"="TRW"."CAT_ID" OR
"IRK"."CATEGORY_ID"=NVL("TRW"."NEXT_CAT","IRK"."CATEGORY_ID")) AND "IRK"."ITEM_RNK">="TRW"."ITEM_RNK"+1 AND "IRK"."ITEM_RNK"<="IRK"."N_ITEMS"-("IRK"."SEQ_SIZE"-"TRW"."LEV"-1)))

PL/SQL procedure successfully completed.

Elapsed: 00:00:00.22
rsf_irk_irs_tabs_v

PL/SQL procedure successfully completed.

Elapsed: 00:00:00.00
old   2:   Item_Cat_Seqs.Init(p_keep_num      => &KEEP_NUM,
new   2:   Item_Cat_Seqs.Init(p_keep_num      => 100,
old   3:                      p_min_value     => &MIN_VALUE);
new   3:                      p_min_value     => 0);
11 running sums

PL/SQL procedure successfully completed.

Elapsed: 00:00:00.00

PL/SQL procedure successfully completed.

Elapsed: 00:00:00.00

Path                                 Total Value Total Price  Rank
------------------------------------ ----------- ----------- -----
078022098099058059060001002003038039       10923       18176     1
078023098099058059060001002003038039       10905       18795     2
078022098102058059060001002003038039       10833       18994     3
078022098099058059060001002003038040       10825       18190     4
078023098099058059060001002003038040       10807       18809     5
078022098099058059061001002003038039       10791       18915     6
078022098099058059060001002004038039       10790       17201     7
078021098099058059060001002004038039                   18052     8
078023098099058059060001002004038039       10772       17820     9
078022098099058059060001002003038041       10766       17948    10

10 rows selected.

Elapsed: 00:00:01.14

PL/SQL procedure successfully completed.

Elapsed: 00:00:00.00
SQL_ID  acghnyhsz0txt, child number 7
-------------------------------------
SELECT /*+ gather_plan_statistics IRS_TABS */ path,        tot_value,
tot_price,        rnk   FROM rsf_irk_irs_tabs_v  WHERE rnk <=
:TOP_N ORDER BY rnk, tot_price
Plan hash value: 2719715667
--------------------------------------------------------------------------------------------------------------------------------------------------------
| Id  | Operation                                    | Name               | Starts | E-Rows | A-Rows |   A-Time   | Buffers |  OMem |  1Mem | Used-Mem |
--------------------------------------------------------------------------------------------------------------------------------------------------------
|   0 | SELECT STATEMENT                             |                    |      1 |        |     10 |00:00:00.09 |   28711 |       |       |          |
|   1 |  SORT ORDER BY                               |                    |      1 |      2 |     10 |00:00:00.09 |   28711 |  2048 |  2048 | 2048  (0)|
|*  2 |   VIEW                                       | RSF_IRK_IRS_TABS_V |      1 |      2 |     10 |00:00:00.09 |   28711 |       |       |          |
|*  3 |    WINDOW SORT PUSHED RANK                   |                    |      1 |      2 |     10 |00:00:00.09 |   28711 |  2048 |  2048 | 2048  (0)|
|*  4 |     VIEW                                     |                    |      1 |      2 |   1601 |00:00:00.09 |   28711 |       |       |          |
|   5 |      UNION ALL (RECURSIVE WITH) BREADTH FIRST|                    |      1 |        |   8944 |00:00:00.11 |   28711 |   372K|   372K|  330K (0)|
|*  6 |       INDEX UNIQUE SCAN                      | SYS_IOT_TOP_177061 |      1 |      1 |      1 |00:00:00.01 |       1 |       |       |          |
|   7 |       WINDOW SORT                            |                    |     13 |      1 |   8943 |00:00:00.03 |      16 |   735K|   494K|  653K (0)|
|   8 |        NESTED LOOPS                          |                    |     13 |      1 |   8943 |00:00:00.01 |      16 |       |       |          |
|*  9 |         HASH JOIN OUTER                      |                    |     13 |      1 |    421 |00:00:00.01 |       3 |   865K|   865K|  444K (0)|
|  10 |          RECURSIVE WITH PUMP                 |                    |     13 |        |    421 |00:00:00.01 |       0 |       |       |          |
|  11 |          BUFFER SORT (REUSE)                 |                    |     12 |        |    132 |00:00:00.01 |       3 | 73728 | 73728 |          |
|  12 |           TABLE ACCESS FULL                  | ITEM_RUNNING_SUMS  |      1 |     11 |     11 |00:00:00.01 |       3 |       |       |          |
|* 13 |         INDEX RANGE SCAN                     | SYS_IOT_TOP_177061 |    421 |      1 |   8943 |00:00:00.01 |      13 |       |       |          |
--------------------------------------------------------------------------------------------------------------------------------------------------------
Predicate Information (identified by operation id):
---------------------------------------------------
2 - filter("RNK"<=:TOP_N)
3 - filter(ROW_NUMBER() OVER ( ORDER BY INTERNAL_FUNCTION("TOT_VALUE") DESC ,"TOT_PRICE")<=:TOP_N)
4 - filter("LEV"="SEQ_SIZE")
6 - access("ITEM_RNK"=1)
9 - access("IRS"."SLOT_INDEX"="TRW"."SEQ_SIZE"-"TRW"."LEV"-1)
13 - access("IRK"."ITEM_RNK">="TRW"."ITEM_RNK"+1)
filter(("IRK"."ITEM_RNK"<="IRK"."N_ITEMS"-("TRW"."SEQ_SIZE"-"TRW"."LEV"-1) AND "IRK"."MAX_ITEMS">=CASE "IRK"."CAT_ID" WHEN
"TRW"."CAT_ID" THEN "TRW"."SAME_CATS"+1 ELSE 1 END  AND "TRW"."TOT_PRICE"+"IRK"."ITEM_PRICE"+NVL("IRS"."SUM_PRICE",0)<=TO_NUMBER(SYS_CONTEXT('RE
CURSION_CTX','MAX_PRICE')) AND "TRW"."TOT_VALUE"+"IRK"."ITEM_VALUE"+NVL("IRS"."SUM_VALUE",0)>=TO_NUMBER(SYS_CONTEXT('RECURSION_CTX','MIN_VALUE')
) AND "IRK"."MIN_REMAIN"<="TRW"."SEQ_SIZE"-("TRW"."LEV"+1)+LEAST(CASE "IRK"."CAT_ID" WHEN "TRW"."CAT_ID" THEN "TRW"."SAME_CATS"+1 ELSE 1 END
,"IRK"."MIN_ITEMS") AND ("IRK"."CAT_ID"="TRW"."CAT_ID" OR "TRW"."SAME_CATS">="TRW"."MIN_ITEMS") AND ("IRK"."CAT_ID"="TRW"."CAT_ID" OR
"IRK"."CAT_ID"=NVL("TRW"."NEXT_CAT_ID","IRK"."CAT_ID"))))
Note
-----
- dynamic statistics used: dynamic sampling (level=2)

PL/SQL procedure successfully completed.

Elapsed: 00:00:00.22
rsf_irk_tab_where_fun_v_ts - timed

PL/SQL procedure successfully completed.

Elapsed: 00:00:00.00
old   2:   Item_Cat_Seqs.Init(p_keep_num      => &KEEP_NUM,
new   2:   Item_Cat_Seqs.Init(p_keep_num      => 100,
old   3:                      p_min_value     => &MIN_VALUE,
new   3:                      p_min_value     => 0,
11 running sums

PL/SQL procedure successfully completed.

Elapsed: 00:00:00.00

PL/SQL procedure successfully completed.

Elapsed: 00:00:00.00

Path                                 Total Value Total Price  Rank
------------------------------------ ----------- ----------- -----
078022098099058059060001002003038039       10923       18176     1
078023098099058059060001002003038039       10905       18795     2
078022098102058059060001002003038039       10833       18994     3
078022098099058059060001002003038040       10825       18190     4
078023098099058059060001002003038040       10807       18809     5
078022098099058059061001002003038039       10791       18915     6
078022098099058059060001002004038039       10790       17201     7
078021098099058059060001002004038039                   18052     8
078023098099058059060001002004038039       10772       17820     9
078022098099058059060001002003038041       10766       17948    10

10 rows selected.

Elapsed: 00:00:03.75
Timer Set: Init, KEEP_NUM-MIN_VALUE: 100-0, Constructed at 09 Jun 2024 23:05:26, written at 23:05:30
====================================================================================================
Timer                Elapsed         CPU       Calls       Ela/Call       CPU/Call
----------------  ----------  ----------  ----------  -------------  -------------
init_Common             0.00        0.00           1        0.00100        0.00000
pop_Items_Ranked        0.00        0.00           1        0.00100        0.00000
Record_Is_Ok - Y        1.57        1.50       84211        0.00002        0.00002
Record_Is_Ok - N        2.19        2.19      100417        0.00002        0.00002
(Other)                 0.01        0.00           1        0.00500        0.00000
----------------  ----------  ----------  ----------  -------------  -------------
Total                   3.76        3.69      184631        0.00002        0.00002
----------------  ----------  ----------  ----------  -------------  -------------
[Timer timed (per call in ms): Elapsed: 0.00943, CPU: 0.00849]

PL/SQL procedure successfully completed.

Elapsed: 00:00:00.10

PL/SQL procedure successfully completed.

Elapsed: 00:00:00.00
SQL_ID  48f1srk5h2btw, child number 5
-------------------------------------
SELECT /*+ gather_plan_statistics WHERE-TIMED_FUN */ path,
tot_value,        tot_price,        rnk   FROM
rsf_irk_tab_where_fun_ts_v  WHERE rnk <= :TOP_N ORDER BY rnk, tot_price
Plan hash value: 4194655847
----------------------------------------------------------------------------------------------------------------------------------------------------------------
| Id  | Operation                                    | Name                       | Starts | E-Rows | A-Rows |   A-Time   | Buffers |  OMem |  1Mem | Used-Mem |
----------------------------------------------------------------------------------------------------------------------------------------------------------------
|   0 | SELECT STATEMENT                             |                            |      1 |        |     10 |00:00:00.35 |   28709 |       |       |          |
|   1 |  SORT ORDER BY                               |                            |      1 |      2 |     10 |00:00:00.35 |   28709 |  2048 |  2048 | 2048  (0)|
|*  2 |   VIEW                                       | RSF_IRK_TAB_WHERE_FUN_TS_V |      1 |      2 |     10 |00:00:00.35 |   28709 |       |       |          |
|*  3 |    WINDOW SORT PUSHED RANK                   |                            |      1 |      2 |     10 |00:00:00.35 |   28709 |  2048 |  2048 | 2048  (0)|
|*  4 |     VIEW                                     |                            |      1 |      2 |   1601 |00:00:00.32 |   28709 |       |       |          |
|   5 |      UNION ALL (RECURSIVE WITH) BREADTH FIRST|                            |      1 |        |   8944 |00:00:00.29 |   28709 |   372K|   372K|  330K (0)|
|*  6 |       INDEX UNIQUE SCAN                      | SYS_IOT_TOP_177061         |      1 |      1 |      1 |00:00:00.01 |       1 |       |       |          |
|   7 |       WINDOW SORT                            |                            |     13 |      1 |   8943 |00:00:00.30 |      14 |   664K|   481K|  590K (0)|
|   8 |        NESTED LOOPS                          |                            |     13 |      1 |   8943 |00:00:00.24 |      14 |       |       |          |
|   9 |         RECURSIVE WITH PUMP                  |                            |     13 |        |    551 |00:00:00.01 |       0 |       |       |          |
|* 10 |         INDEX RANGE SCAN                     | SYS_IOT_TOP_177061         |    551 |      1 |   8943 |00:00:00.25 |      14 |       |       |          |
----------------------------------------------------------------------------------------------------------------------------------------------------------------
Predicate Information (identified by operation id):
---------------------------------------------------
2 - filter("RNK"<=:TOP_N)
3 - filter(ROW_NUMBER() OVER ( ORDER BY INTERNAL_FUNCTION("TOT_VALUE") DESC ,"TOT_PRICE")<=:TOP_N)
4 - filter("LEV"="SEQ_SIZE")
6 - access("ITEM_RNK"=1)
10 - access("IRK"."ITEM_RNK">="TRW"."ITEM_RNK"+1)
filter(("IRK"."ITEM_RNK"<="IRK"."N_ITEMS"-("TRW"."SEQ_SIZE"-"TRW"."LEV"-1) AND
"ITEM_CAT_SEQS"."RECORD_IS_OK_TS"(INTERNAL_FUNCTION("TRW"."LEV"),"TRW"."TOT_VALUE"+"IRK"."ITEM_VALUE","TRW"."TOT_PRICE"+"IRK"."ITEM_PRICE","TRW"."CAT_ID
","IRK"."CAT_ID",TO_CHAR("TRW"."SAME_CATS"),"TRW"."NEXT_CAT_ID",INTERNAL_FUNCTION("TRW"."MIN_ITEMS"),INTERNAL_FUNCTION("IRK"."MIN_ITEMS"),INTERNAL_FUNCT
ION("IRK"."MAX_ITEMS"),INTERNAL_FUNCTION("IRK"."MIN_REMAIN"))='Y'))
Note
-----
- dynamic statistics used: dynamic sampling (level=2)

PL/SQL procedure successfully completed.

Elapsed: 00:00:00.21
rsf_irk_tab_where_fun_v - untimed

PL/SQL procedure successfully completed.

Elapsed: 00:00:00.00
old   2:   Item_Cat_Seqs.Init(p_keep_num      => &KEEP_NUM,
new   2:   Item_Cat_Seqs.Init(p_keep_num      => 100,
old   3:                      p_min_value     => &MIN_VALUE);
new   3:                      p_min_value     => 0);
11 running sums

PL/SQL procedure successfully completed.

Elapsed: 00:00:00.00

PL/SQL procedure successfully completed.

Elapsed: 00:00:00.00

Path                                 Total Value Total Price  Rank
------------------------------------ ----------- ----------- -----
078022098099058059060001002003038039       10923       18176     1
078023098099058059060001002003038039       10905       18795     2
078022098102058059060001002003038039       10833       18994     3
078022098099058059060001002003038040       10825       18190     4
078023098099058059060001002003038040       10807       18809     5
078022098099058059061001002003038039       10791       18915     6
078022098099058059060001002004038039       10790       17201     7
078021098099058059060001002004038039                   18052     8
078023098099058059060001002004038039       10772       17820     9
078022098099058059060001002003038041       10766       17948    10

10 rows selected.

Elapsed: 00:00:01.63

PL/SQL procedure successfully completed.

Elapsed: 00:00:00.00

PL/SQL procedure successfully completed.

Elapsed: 00:00:00.00
SQL_ID  d8p2m6zudgnq5, child number 5
-------------------------------------
SELECT /*+ gather_plan_statistics WHERE_FUN */ path,        tot_value,
tot_price,        rnk   FROM rsf_irk_tab_where_fun_v  WHERE rnk
<= :TOP_N ORDER BY rnk, tot_price
Plan hash value: 754900082
-------------------------------------------------------------------------------------------------------------------------------------------------------------
| Id  | Operation                                    | Name                    | Starts | E-Rows | A-Rows |   A-Time   | Buffers |  OMem |  1Mem | Used-Mem |
-------------------------------------------------------------------------------------------------------------------------------------------------------------
|   0 | SELECT STATEMENT                             |                         |      1 |        |     10 |00:00:00.13 |   28709 |       |       |          |
|   1 |  SORT ORDER BY                               |                         |      1 |      2 |     10 |00:00:00.13 |   28709 |  2048 |  2048 | 2048  (0)|
|*  2 |   VIEW                                       | RSF_IRK_TAB_WHERE_FUN_V |      1 |      2 |     10 |00:00:00.13 |   28709 |       |       |          |
|*  3 |    WINDOW SORT PUSHED RANK                   |                         |      1 |      2 |     10 |00:00:00.13 |   28709 |  2048 |  2048 | 2048  (0)|
|*  4 |     VIEW                                     |                         |      1 |      2 |   1601 |00:00:00.13 |   28709 |       |       |          |
|   5 |      UNION ALL (RECURSIVE WITH) BREADTH FIRST|                         |      1 |        |   8944 |00:00:00.13 |   28709 |   372K|   372K|  330K (0)|
|*  6 |       INDEX UNIQUE SCAN                      | SYS_IOT_TOP_177061      |      1 |      1 |      1 |00:00:00.01 |       1 |       |       |          |
|   7 |       WINDOW SORT                            |                         |     13 |      1 |   8943 |00:00:00.08 |      14 |   664K|   481K|  590K (0)|
|   8 |        NESTED LOOPS                          |                         |     13 |      1 |   8943 |00:00:00.05 |      14 |       |       |          |
|   9 |         RECURSIVE WITH PUMP                  |                         |     13 |        |    551 |00:00:00.01 |       0 |       |       |          |
|* 10 |         INDEX RANGE SCAN                     | SYS_IOT_TOP_177061      |    551 |      1 |   8943 |00:00:00.05 |      14 |       |       |          |
-------------------------------------------------------------------------------------------------------------------------------------------------------------
Predicate Information (identified by operation id):
---------------------------------------------------
2 - filter("RNK"<=:TOP_N)
3 - filter(ROW_NUMBER() OVER ( ORDER BY INTERNAL_FUNCTION("TOT_VALUE") DESC ,"TOT_PRICE")<=:TOP_N)
4 - filter("LEV"="SEQ_SIZE")
6 - access("ITEM_RNK"=1)
10 - access("IRK"."ITEM_RNK">="TRW"."ITEM_RNK"+1)
filter(("IRK"."ITEM_RNK"<="IRK"."N_ITEMS"-("TRW"."SEQ_SIZE"-"TRW"."LEV"-1) AND
"ITEM_CAT_SEQS"."RECORD_IS_OK"(INTERNAL_FUNCTION("TRW"."LEV"),"TRW"."TOT_VALUE"+"IRK"."ITEM_VALUE","TRW"."TOT_PRICE"+"IRK"."ITEM_PRICE","TRW"."CAT_ID
","IRK"."CAT_ID",TO_CHAR("TRW"."SAME_CATS"),"TRW"."NEXT_CAT_ID",INTERNAL_FUNCTION("TRW"."MIN_ITEMS"),INTERNAL_FUNCTION("IRK"."MIN_ITEMS"),INTERNAL_FU
NCTION("IRK"."MAX_ITEMS"),INTERNAL_FUNCTION("IRK"."MIN_REMAIN"))='Y'))
Note
-----
- dynamic statistics used: dynamic sampling (level=2)

PL/SQL procedure successfully completed.

Elapsed: 00:00:00.22
Timer Set: Item_Cat_Seqs_RSF, Constructed at 09 Jun 2024 23:05:15, written at 23:05:32
======================================================================================
Timer                          Elapsed         CPU       Calls       Ela/Call       CPU/Call
--------------------------  ----------  ----------  ----------  -------------  -------------
rsf_sql_v                         6.58        6.38           1        6.57900        6.38000
rsf_sql_material_v                2.87        2.67           1        2.87400        2.67000
Item_Cat_Seqs.Init                0.02        0.01           3        0.00500        0.00333
rsf_irk_irs_tabs_v                1.14        1.13           1        1.14200        1.13000
rsf_irk_tab_where_fun_ts_v        3.86        3.78           1        3.85800        3.78000
rsf_irk_tab_where_fun_v           1.64        1.59           1        1.63800        1.59000
(Other)                           1.11        1.04           1        1.11200        1.04000
--------------------------  ----------  ----------  ----------  -------------  -------------
Total                            17.22       16.60           9        1.91311        1.84444
--------------------------  ----------  ----------  ----------  -------------  -------------
[Timer timed (per call in ms): Elapsed: 0.00952, CPU: 0.00952]

PL/SQL procedure successfully completed.


'END:'||TO_CHAR(SYSDATE,'DD-MON-YY
----------------------------------
End: 09-JUN-2024 23:05:32

