
Database             Time                 Version
-------------------- -------------------- ------------------------------
Start: ORCL          09-JUN-2024 23:06:53 Version 21.3.0.0.0

Recompile item_cat_seqs.pkb

Package body created.

No errors.
Just set context values: SEQ_SIZE = 11, MAX_PRICE = 890, ITEM_WIDTH = 3, TOP_N = 10
Previously set context values: SEQ_TYPE = , MIN_VALUE = 1952, KEEP_NUM = 300

PL/SQL procedure successfully completed.


PL/SQL procedure successfully completed.

Pop_Table_Iterate
old   2:   Item_Cat_Seqs.Pop_Table_Iterate(p_keep_num      => &KEEP_NUM,
new   2:   Item_Cat_Seqs.Pop_Table_Iterate(p_keep_num      => 0,
old   3:                                   p_min_value     => &MIN_VALUE);
new   3:                                   p_min_value     => 1952);
10 running sums
SQL_ID  323bar13mrwwy, child number 0
-------------------------------------
INSERT /*+ gather_plan_statistics INSERT_PATHS */ INTO PATHS (
PATH_RNK, ITEM_RNK, LEV, TOT_PRICE, TOT_VALUE, CAT_ID, NEXT_CAT_ID,
SAME_CATS, MIN_ITEMS, CATS_PATH, PATH ) WITH PATH_JOIN AS ( SELECT
ROW_NUMBER() OVER (PARTITION BY TRW.CATS_PATH || IRK.CAT_ID ORDER BY
TRW.TOT_VALUE + IRK.ITEM_VALUE DESC, TRW.TOT_PRICE + IRK.ITEM_PRICE)
PATH_RNK, IRK.ITEM_RNK, :B6 LEV, TRW.TOT_PRICE + IRK.ITEM_PRICE
TOT_PRICE, TRW.TOT_VALUE + IRK.ITEM_VALUE TOT_VALUE, IRK.CAT_ID,
IRK.NEXT_CAT_ID, CASE IRK.CAT_ID WHEN TRW.CAT_ID THEN TRW.SAME_CATS + 1
ELSE 1 END SAME_CATS, IRK.MIN_ITEMS, TRW.CATS_PATH || IRK.CAT_ID
CATS_PATH, TRW.PATH || IRK.ITEM_ID PATH FROM PATHS TRW JOIN
ITEMS_RANKED IRK ON IRK.ITEM_RNK BETWEEN (TRW.ITEM_RNK + 1) AND
(IRK.N_ITEMS - (:B1 - TRW.LEV - 1)) WHERE TRW.TOT_PRICE +
IRK.ITEM_PRICE + :B5 <= :B4 AND TRW.TOT_VALUE + IRK.ITEM_VALUE + :B3 >=
:B2 AND TRW.LEV < :B1 AND CASE IRK.CAT_ID WHEN TRW.CAT_ID THEN
TRW.SAME_CATS + 1 ELSE 1 END <= IRK.MAX_ITEMS AND :B1 - (TRW.LEV + 1) +
LEAST(CAS
Plan hash value: 4022110882
----------------------------------------------------------------------------------------------------------------------------------------------
| Id  | Operation                | Name               | Starts | E-Rows | A-Rows |   A-Time   | Buffers |  OMem |  1Mem | Used-Mem | Used-Tmp|
----------------------------------------------------------------------------------------------------------------------------------------------
|   0 | INSERT STATEMENT         |                    |      1 |        |      0 |00:00:35.96 |     919K|       |       |          |         |
|   1 |  LOAD TABLE CONVENTIONAL | PATHS              |      1 |        |      0 |00:00:35.96 |     919K|       |       |          |         |
|*  2 |   VIEW                   |                    |      1 |      1 |    389K|00:00:35.73 |     889K|       |       |          |         |
|   3 |    WINDOW SORT           |                    |      1 |      1 |    389K|00:00:35.57 |     889K|    82M|  3117K|   73M (0)|         |
|   4 |     NESTED LOOPS         |                    |      1 |      1 |    389K|00:00:07.04 |     889K|       |       |          |         |
|*  5 |      TABLE ACCESS FULL   | PATHS              |      1 |      1 |    864K|00:00:00.12 |   15142 |       |       |          |         |
|*  6 |      INDEX RANGE SCAN    | SYS_IOT_TOP_177079 |    864K|      1 |    389K|00:00:32.62 |     874K|       |       |          |         |
----------------------------------------------------------------------------------------------------------------------------------------------
Predicate Information (identified by operation id):
---------------------------------------------------
2 - filter(("PATH_RNK"<=:B7 OR :B7=0))
5 - filter("TRW"."LEV"<:B1)
6 - access("IRK"."ITEM_RNK">="TRW"."ITEM_RNK"+1)
filter(("TRW"."TOT_PRICE"+"IRK"."ITEM_PRICE"+:B5<=:B4 AND "TRW"."TOT_VALUE"+"IRK"."ITEM_VALUE"+:B3>=:B2 AND
"IRK"."ITEM_RNK"<="IRK"."N_ITEMS"-(:B1-"TRW"."LEV"-1) AND "IRK"."MAX_ITEMS">=CASE "IRK"."CAT_ID" WHEN "TRW"."CAT_ID" THEN
"TRW"."SAME_CATS"+1 ELSE 1 END  AND "IRK"."MIN_REMAIN"<=:B1-("TRW"."LEV"+1)+LEAST(CASE "IRK"."CAT_ID" WHEN "TRW"."CAT_ID" THEN
"TRW"."SAME_CATS"+1 ELSE 1 END ,"IRK"."MIN_ITEMS") AND ("IRK"."CAT_ID"="TRW"."CAT_ID" OR "TRW"."SAME_CATS">="TRW"."MIN_ITEMS") AND
("IRK"."CAT_ID"="TRW"."CAT_ID" OR "IRK"."CAT_ID"=NVL("TRW"."NEXT_CAT_ID","IRK"."CAT_ID"))))
Note
-----
- dynamic statistics used: dynamic sampling (level=2)
Timer Set: Pop_Table_Iterate, Constructed at 09 Jun 2024 23:06:53, written at 23:08:14
======================================================================================
Timer                        Elapsed         CPU       Calls       Ela/Call       CPU/Call
------------------------  ----------  ----------  ----------  -------------  -------------
Initial delete (0)              0.01        0.00           1        0.00800        0.00000
Initial insert (1)              0.00        0.00           1        0.00000        0.00000
Insert paths 1 (17)             0.00        0.00           1        0.00000        0.00000
Delete paths 1 (1)              0.00        0.00           1        0.00100        0.00000
Insert paths 2 (290)            0.00        0.00           1        0.00300        0.00000
Delete paths 2 (17)             0.00        0.00           1        0.00000        0.00000
Insert paths 3 (553)            0.03        0.02           1        0.03100        0.02000
Delete paths 3 (290)            0.00        0.00           1        0.00000        0.00000
Insert paths 4 (279)            0.06        0.07           1        0.05800        0.07000
Delete paths 4 (553)            0.00        0.00           1        0.00000        0.00000
Insert paths 5 (1252)           0.03        0.03           1        0.03200        0.03000
Delete paths 5 (279)            0.00        0.00           1        0.00000        0.00000
Insert paths 6 (15349)          0.12        0.11           1        0.12400        0.11000
Delete paths 6 (1252)           0.00        0.00           1        0.00100        0.00000
Insert paths 7 (110100)         1.06        1.04           1        1.06200        1.04000
Delete paths 7 (15349)          0.01        0.02           1        0.01100        0.02000
Insert paths 8 (460638)         6.39        6.28           1        6.38600        6.28000
Delete paths 8 (110100)         0.07        0.06           1        0.06600        0.06000
Insert paths 9 (864748)        21.27       20.68           1       21.26500       20.68000
Delete paths 9 (460638)         0.27        0.23           1        0.26700        0.23000
Insert paths 10 (389615)       36.18       35.93           1       36.18000       35.93000
Delete paths 10 (864748)        0.44        0.36           1        0.44300        0.36000
Insert paths 11 (50)           14.43       14.33           1       14.42800       14.33000
Delete paths 11 (389615)        0.22        0.24           1        0.22000        0.24000
(Other)                         0.00        0.00           1        0.00000        0.00000
------------------------  ----------  ----------  ----------  -------------  -------------
Total                          80.59       79.40          25        3.22344        3.17600
------------------------  ----------  ----------  ----------  -------------  -------------
[Timer timed (per call in ms): Elapsed: 0.00935, CPU: 0.00935]

PL/SQL procedure successfully completed.


Path                              Total Value Total Price  Rank
--------------------------------- ----------- ----------- -----
037024160463488298027452193344166        1965         889     1
037024160264488298045027452193166                     890     2
037024160463488298044027452193344        1963         890     3
037024160463488298044027452193166        1962         884     4
037024160264488298314027452193166                     885     5
037024160272488298044027452193166                     889     6
252024160264488298044027452193166        1959         889     7
037024160463488298045027452193344        1958         887     8
037024160463488298045027452193166        1957         881     9
037024160463488298314027452328166                     886    10

10 rows selected.


PL/SQL procedure successfully completed.

Solutions by Category

Total Value Total Price  Rank Position Min Actual  Max Player List
----------- ----------- ----- -------- --- ------- --- -------------------------
       1965         889     1 DF       3    <-3    5   024, 160, 463
                              FW       1      2    3   488, 298
                              GK       1    <-1->  1   037
                              MF       2      5->  5   027, 452, 193, 344, 166
                    890     2 DF       3    <-3    5   024, 160, 264
                              FW       1      3->  3   488, 298, 045
                              GK       1    <-1->  1   037
                              MF       2      4    5   027, 452, 193, 166
       1963         890     3 DF       3    <-3    5   024, 160, 463
                              FW       1      3->  3   488, 298, 044
                              GK       1    <-1->  1   037
                              MF       2      4    5   027, 452, 193, 344
       1962         884     4 DF       3    <-3    5   024, 160, 463
                              FW       1      3->  3   488, 298, 044
                              GK       1    <-1->  1   037
                              MF       2      4    5   027, 452, 193, 166
                    885     5 DF       3    <-3    5   024, 160, 264
                              FW       1      3->  3   488, 298, 314
                              GK       1    <-1->  1   037
                              MF       2      4    5   027, 452, 193, 166
                    889     6 DF       3    <-3    5   024, 160, 272
                              FW       1      3->  3   488, 298, 044
                              GK       1    <-1->  1   037
                              MF       2      4    5   027, 452, 193, 166
       1959         889     7 DF       3    <-3    5   024, 160, 264
                              FW       1      3->  3   488, 298, 044
                              GK       1    <-1->  1   252
                              MF       2      4    5   027, 452, 193, 166
       1958         887     8 DF       3    <-3    5   024, 160, 463
                              FW       1      3->  3   488, 298, 045
                              GK       1    <-1->  1   037
                              MF       2      4    5   027, 452, 193, 344
       1957         881     9 DF       3    <-3    5   024, 160, 463
                              FW       1      3->  3   488, 298, 045
                              GK       1    <-1->  1   037
                              MF       2      4    5   027, 452, 193, 166
                    886    10 DF       3    <-3    5   024, 160, 463
                              FW       1      3->  3   488, 298, 314
                              GK       1    <-1->  1   037
                              MF       2      4    5   027, 452, 328, 166

40 rows selected.


PL/SQL procedure successfully completed.

Pop_Table_Iterate_Base
old   2:   Item_Cat_Seqs.Pop_Table_Iterate_Base(p_keep_num      => &KEEP_NUM,
new   2:   Item_Cat_Seqs.Pop_Table_Iterate_Base(p_keep_num      => 0,
old   3:                                        p_min_value     => &MIN_VALUE);
new   3:                                        p_min_value     => 1952);
10 running sums
SQL_ID  3qrdzuqh0vtjf, child number 0
-------------------------------------
INSERT /*+ gather_plan_statistics INSERT_PATHS */ INTO PATHS_BASE (
PATH_RNK, ITEM_RNK, LEV, TOT_PRICE, TOT_VALUE, CAT_BASE_ID,
NEXT_CAT_BASE_ID, SAME_CATS, MIN_ITEMS, CAT_BASE_SUM, PATH ) WITH
PATH_JOIN AS ( SELECT ROW_NUMBER() OVER (PARTITION BY TRW.CAT_BASE_SUM
+ IRK.CAT_BASE_ID ORDER BY TRW.TOT_VALUE + IRK.ITEM_VALUE DESC,
TRW.TOT_PRICE + IRK.ITEM_PRICE) PATH_RNK, IRK.ITEM_RNK, :B6 LEV,
TRW.TOT_PRICE + IRK.ITEM_PRICE TOT_PRICE, TRW.TOT_VALUE +
IRK.ITEM_VALUE TOT_VALUE, IRK.CAT_BASE_ID, IRK.NEXT_CAT_BASE_ID, CASE
IRK.CAT_BASE_ID WHEN TRW.CAT_BASE_ID THEN TRW.SAME_CATS + 1 ELSE 1 END
SAME_CATS, IRK.MIN_ITEMS, TRW.CAT_BASE_SUM + IRK.CAT_BASE_ID
CAT_BASE_SUM, TRW.PATH || IRK.ITEM_ID PATH FROM PATHS_BASE TRW JOIN
ITEMS_RANKED_BASE IRK ON IRK.ITEM_RNK BETWEEN (TRW.ITEM_RNK + 1) AND
(IRK.N_ITEMS - (:B1 - TRW.LEV - 1)) WHERE TRW.TOT_PRICE +
IRK.ITEM_PRICE + :B5 <= :B4 AND TRW.TOT_VALUE + IRK.ITEM_VALUE + :B3 >=
:B2 AND TRW.LEV < :B1 AND CASE IRK.CAT_BASE_ID WHEN TRW.CAT_BASE_ID
THEN TRW.SA
Plan hash value: 3694970187
----------------------------------------------------------------------------------------------------------------------------------------------
| Id  | Operation                | Name               | Starts | E-Rows | A-Rows |   A-Time   | Buffers |  OMem |  1Mem | Used-Mem | Used-Tmp|
----------------------------------------------------------------------------------------------------------------------------------------------
|   0 | INSERT STATEMENT         |                    |      1 |        |      0 |00:00:37.79 |     911K|       |       |          |         |
|   1 |  LOAD TABLE CONVENTIONAL | PATHS_BASE         |      1 |        |      0 |00:00:37.79 |     911K|       |       |          |         |
|*  2 |   VIEW                   |                    |      1 |      1 |    389K|00:00:37.56 |     887K|       |       |          |         |
|   3 |    WINDOW SORT           |                    |      1 |      1 |    389K|00:00:37.38 |     887K|    68M|  2869K|   61M (0)|         |
|   4 |     NESTED LOOPS         |                    |      1 |      1 |    389K|00:00:06.85 |     887K|       |       |          |         |
|*  5 |      TABLE ACCESS FULL   | PATHS_BASE         |      1 |      1 |    864K|00:00:00.17 |   12680 |       |       |          |         |
|*  6 |      INDEX RANGE SCAN    | SYS_IOT_TOP_177081 |    864K|      1 |    389K|00:00:34.41 |     874K|       |       |          |         |
----------------------------------------------------------------------------------------------------------------------------------------------
Predicate Information (identified by operation id):
---------------------------------------------------
2 - filter(("PATH_RNK"<=:B7 OR :B7=0))
5 - filter("TRW"."LEV"<:B1)
6 - access("IRK"."ITEM_RNK">="TRW"."ITEM_RNK"+1)
filter(("TRW"."TOT_PRICE"+"IRK"."ITEM_PRICE"+:B5<=:B4 AND "TRW"."TOT_VALUE"+"IRK"."ITEM_VALUE"+:B3>=:B2 AND
"IRK"."ITEM_RNK"<="IRK"."N_ITEMS"-(:B1-"TRW"."LEV"-1) AND "IRK"."MAX_ITEMS">=CASE "IRK"."CAT_BASE_ID" WHEN "TRW"."CAT_BASE_ID" THEN
"TRW"."SAME_CATS"+1 ELSE 1 END  AND "IRK"."MIN_REMAIN"<=:B1-("TRW"."LEV"+1)+LEAST(CASE "IRK"."CAT_BASE_ID" WHEN "TRW"."CAT_BASE_ID"
THEN "TRW"."SAME_CATS"+1 ELSE 1 END ,"IRK"."MIN_ITEMS") AND ("IRK"."CAT_BASE_ID"="TRW"."CAT_BASE_ID" OR
"TRW"."SAME_CATS">="TRW"."MIN_ITEMS") AND ("IRK"."CAT_BASE_ID"="TRW"."CAT_BASE_ID" OR
"IRK"."CAT_BASE_ID"=NVL("TRW"."NEXT_CAT_BASE_ID","IRK"."CAT_BASE_ID"))))
Note
-----
- dynamic statistics used: dynamic sampling (level=2)
Timer Set: Pop_Table_Iterate_Base, Constructed at 09 Jun 2024 23:08:14, written at 23:09:36
===========================================================================================
Timer                             Elapsed         CPU       Calls       Ela/Call       CPU/Call
-----------------------------  ----------  ----------  ----------  -------------  -------------
Initial delete (0)                   0.01        0.00           1        0.00900        0.00000
Initial insert (1)                   0.00        0.00           1        0.00000        0.00000
Insert paths_Base 1 (17)             0.00        0.00           1        0.00000        0.00000
Delete paths_Base 1 (1)              0.00        0.00           1        0.00000        0.00000
Insert paths_Base 2 (290)            0.00        0.00           1        0.00300        0.00000
Delete paths_Base 2 (17)             0.00        0.00           1        0.00100        0.00000
Insert paths_Base 3 (553)            0.03        0.02           1        0.03000        0.02000
Delete paths_Base 3 (290)            0.00        0.00           1        0.00000        0.00000
Insert paths_Base 4 (279)            0.05        0.06           1        0.05400        0.06000
Delete paths_Base 4 (553)            0.00        0.00           1        0.00000        0.00000
Insert paths_Base 5 (1252)           0.03        0.04           1        0.03100        0.04000
Delete paths_Base 5 (279)            0.00        0.00           1        0.00000        0.00000
Insert paths_Base 6 (15349)          0.12        0.11           1        0.12000        0.11000
Delete paths_Base 6 (1252)           0.00        0.00           1        0.00100        0.00000
Insert paths_Base 7 (110100)         1.04        1.06           1        1.04400        1.06000
Delete paths_Base 7 (15349)          0.01        0.00           1        0.01000        0.00000
Insert paths_Base 8 (460638)         6.44        6.36           1        6.44400        6.36000
Delete paths_Base 8 (110100)         0.08        0.06           1        0.07700        0.06000
Insert paths_Base 9 (864748)        20.87       20.24           1       20.87400       20.24000
Delete paths_Base 9 (460638)         0.24        0.23           1        0.23800        0.23000
Insert paths_Base 10 (389615)       38.01       37.16           1       38.01300       37.16000
Delete paths_Base 10 (864748)        0.42        0.42           1        0.41900        0.42000
Insert paths_Base 11 (50)           14.50       14.40           1       14.50400       14.40000
Delete paths_Base 11 (389615)        0.21        0.19           1        0.20900        0.19000
(Other)                              0.00        0.00           1        0.00000        0.00000
-----------------------------  ----------  ----------  ----------  -------------  -------------
Total                               82.08       80.35          25        3.28324        3.21400
-----------------------------  ----------  ----------  ----------  -------------  -------------
[Timer timed (per call in ms): Elapsed: 0.00877, CPU: 0.00877]

PL/SQL procedure successfully completed.


Path                              Total Value Total Price  Rank
--------------------------------- ----------- ----------- -----
037024160463488298027452193344166        1965         889     1
037024160264488298045027452193166                     890     2
037024160463488298044027452193344        1963         890     3
037024160463488298044027452193166        1962         884     4
037024160264488298314027452193166                     885     5
037024160272488298044027452193166                     889     6
252024160264488298044027452193166        1959         889     7
037024160463488298045027452193344        1958         887     8
037024160463488298045027452193166        1957         881     9
037024160272488298045027452193166                     886    10

10 rows selected.


PL/SQL procedure successfully completed.

Pop_Table_Iterate_Link
old   2:   Item_Cat_Seqs.Pop_Table_Iterate_Link(p_keep_num      => &KEEP_NUM,
new   2:   Item_Cat_Seqs.Pop_Table_Iterate_Link(p_keep_num      => 0,
old   3:                                        p_min_value     => &MIN_VALUE);
new   3:                                        p_min_value     => 1952);
10 running sums
SQL_ID  cyyssj0zrc1d8, child number 0
-------------------------------------
INSERT /*+ gather_plan_statistics INSERT_ILN */ INTO PATHS_LINK (
PATH_RNK, ITEM_RNK, LEV, TOT_PRICE, TOT_VALUE, CAT_ID, NEXT_CAT_ID,
SAME_CATS, MIN_ITEMS, CATS_PATH, PRIOR_ILN_ID, ILN_ID ) WITH PATH_JOIN
AS ( SELECT ROW_NUMBER() OVER (PARTITION BY TRW.CATS_PATH || IRK.CAT_ID
ORDER BY TRW.TOT_VALUE + IRK.ITEM_VALUE DESC, TRW.TOT_PRICE +
IRK.ITEM_PRICE) PATH_RNK, IRK.ITEM_RNK, :B7 LEV, TRW.TOT_PRICE +
IRK.ITEM_PRICE TOT_PRICE, TRW.TOT_VALUE + IRK.ITEM_VALUE TOT_VALUE,
IRK.CAT_ID, IRK.NEXT_CAT_ID, CASE IRK.CAT_ID WHEN TRW.CAT_ID THEN
TRW.SAME_CATS + 1 ELSE 1 END SAME_CATS, IRK.MIN_ITEMS, TRW.CATS_PATH ||
IRK.CAT_ID CATS_PATH, TRW.ILN_ID FROM PATHS_LINK TRW JOIN
ITEMS_RANKED_LINK IRK ON IRK.ITEM_RNK BETWEEN (TRW.ITEM_RNK + 1) AND
(:B2 - (:B1 - TRW.LEV - 1)) WHERE TRW.TOT_PRICE + IRK.ITEM_PRICE + :B6
<= :B5 AND TRW.TOT_VALUE + IRK.ITEM_VALUE + :B4 >= :B3 AND TRW.LEV <
:B1 AND CASE IRK.CAT_ID WHEN TRW.CAT_ID THEN TRW.SAME_CATS + 1 ELSE 1
END <= IRK.MAX_ITEMS AND :B1 - (TRW.LEV + 1) + LEAST(
Plan hash value: 1949073728
----------------------------------------------------------------------------------------------------------------------------------------------
| Id  | Operation                | Name               | Starts | E-Rows | A-Rows |   A-Time   | Buffers |  OMem |  1Mem | Used-Mem | Used-Tmp|
----------------------------------------------------------------------------------------------------------------------------------------------
|   0 | INSERT STATEMENT         |                    |      1 |        |      0 |00:00:38.72 |     903K|       |       |          |         |
|   1 |  LOAD TABLE CONVENTIONAL | PATHS_LINK         |      1 |        |      0 |00:00:38.72 |     903K|       |       |          |         |
|   2 |   SEQUENCE               | ILN_SEQ            |      1 |        |    389K|00:00:38.47 |     879K|       |       |          |         |
|*  3 |    VIEW                  |                    |      1 |      1 |    389K|00:00:37.96 |     879K|       |       |          |         |
|   4 |     WINDOW SORT          |                    |      1 |      1 |    389K|00:00:37.76 |     879K|    68M|  2865K|   60M (0)|         |
|   5 |      NESTED LOOPS        |                    |      1 |      1 |    389K|00:00:07.82 |     879K|       |       |          |         |
|*  6 |       TABLE ACCESS FULL  | PATHS_LINK         |      1 |      1 |    864K|00:00:00.16 |   12088 |       |       |          |         |
|*  7 |       INDEX RANGE SCAN   | SYS_IOT_TOP_177083 |    864K|      1 |    389K|00:00:34.63 |     867K|       |       |          |         |
----------------------------------------------------------------------------------------------------------------------------------------------
Predicate Information (identified by operation id):
---------------------------------------------------
3 - filter(("PATH_RNK"<=:B8 OR :B8=0))
6 - filter("TRW"."LEV"<:B1)
7 - access("IRK"."ITEM_RNK">="TRW"."ITEM_RNK"+1 AND "IRK"."ITEM_RNK"<=:B2-(:B1-"TRW"."LEV"-1))
filter(("TRW"."TOT_PRICE"+"IRK"."ITEM_PRICE"+:B6<=:B5 AND "TRW"."TOT_VALUE"+"IRK"."ITEM_VALUE"+:B4>=:B3 AND
"IRK"."MAX_ITEMS">=CASE "IRK"."CAT_ID" WHEN "TRW"."CAT_ID" THEN "TRW"."SAME_CATS"+1 ELSE 1 END  AND
"IRK"."MIN_REMAIN"<=:B1-("TRW"."LEV"+1)+LEAST(CASE "IRK"."CAT_ID" WHEN "TRW"."CAT_ID" THEN "TRW"."SAME_CATS"+1 ELSE 1 END
,"IRK"."MIN_ITEMS") AND ("IRK"."CAT_ID"="TRW"."CAT_ID" OR "TRW"."SAME_CATS">="TRW"."MIN_ITEMS") AND ("IRK"."CAT_ID"="TRW"."CAT_ID" OR
"IRK"."CAT_ID"=NVL("TRW"."NEXT_CAT_ID","IRK"."CAT_ID"))))
Note
-----
- dynamic statistics used: dynamic sampling (level=2)
Timer Set: Pop_Table_Iterate_Link, Constructed at 09 Jun 2024 23:09:36, written at 23:11:03
===========================================================================================
Timer                              Elapsed         CPU       Calls       Ela/Call       CPU/Call
------------------------------  ----------  ----------  ----------  -------------  -------------
Initial delete (0)                    0.01        0.01           1        0.01000        0.01000
Initial insert (1)                    0.00        0.00           1        0.00000        0.00000
Insert item_links  1 (1)              0.00        0.00           1        0.00100        0.00000
Insert paths_Link 1 (17)              0.00        0.00           1        0.00000        0.00000
Delete paths_Link 1 (1)               0.00        0.00           1        0.00000        0.00000
Insert item_links  2 (17)             0.00        0.00           1        0.00000        0.00000
Insert paths_Link 2 (290)             0.00        0.01           1        0.00400        0.01000
Delete paths_Link 2 (17)              0.00        0.00           1        0.00000        0.00000
Insert item_links  3 (290)            0.00        0.00           1        0.00000        0.00000
Insert paths_Link 3 (553)             0.04        0.03           1        0.03600        0.03000
Delete paths_Link 3 (290)             0.00        0.00           1        0.00100        0.00000
Insert item_links  4 (553)            0.00        0.00           1        0.00000        0.00000
Insert paths_Link 4 (279)             0.06        0.04           1        0.05800        0.04000
Delete paths_Link 4 (553)             0.00        0.00           1        0.00000        0.00000
Insert item_links  5 (279)            0.00        0.01           1        0.00100        0.01000
Insert paths_Link 5 (1252)            0.03        0.04           1        0.03200        0.04000
Delete paths_Link 5 (279)             0.00        0.00           1        0.00100        0.00000
Insert item_links  6 (1252)           0.00        0.00           1        0.00000        0.00000
Insert paths_Link 6 (15349)           0.16        0.15           1        0.15500        0.15000
Delete paths_Link 6 (1252)            0.00        0.01           1        0.00100        0.01000
Insert item_links  7 (15349)          0.01        0.00           1        0.00500        0.00000
Insert paths_Link 7 (110100)          1.19        1.19           1        1.18700        1.19000
Delete paths_Link 7 (15349)           0.01        0.00           1        0.01100        0.00000
Insert item_links  8 (110100)         0.03        0.03           1        0.03000        0.03000
Insert paths_Link 8 (460638)          6.64        6.57           1        6.63900        6.57000
Delete paths_Link 8 (110100)          0.06        0.07           1        0.06200        0.07000
Insert item_links  9 (460638)         0.14        0.15           1        0.13700        0.15000
Insert paths_Link 9 (864748)         21.87       21.33           1       21.86500       21.33000
Delete paths_Link 9 (460638)          0.26        0.20           1        0.26400        0.20000
Insert item_links  10 (864748)        0.25        0.27           1        0.25000        0.27000
Insert paths_Link 10 (389615)        38.94       38.34           1       38.93900       38.34000
Delete paths_Link 10 (864748)         0.44        0.41           1        0.44400        0.41000
Insert item_links  11 (389615)        0.16        0.16           1        0.16300        0.16000
Insert paths_Link 11 (50)            16.14       15.95           1       16.14400       15.95000
Delete paths_Link 11 (389615)         0.22        0.22           1        0.21900        0.22000
(Other)                               0.00        0.00           1        0.00000        0.00000
------------------------------  ----------  ----------  ----------  -------------  -------------
Total                                86.66       85.19          36        2.40719        2.36639
------------------------------  ----------  ----------  ----------  -------------  -------------
[Timer timed (per call in ms): Elapsed: 0.00971, CPU: 0.00971]

PL/SQL procedure successfully completed.


Path                              Total Value Total Price  Rank
--------------------------------- ----------- ----------- -----
037024160463488298027452193344166        1965         889     1
037024160264488298045027452193166                     890     2
037024160463488298044027452193344        1963         890     3
037024160463488298044027452193166        1962         884     4
037024160264488298314027452193166                     885     5
037024160272488298044027452193166                     889     6
252024160264488298044027452193166        1959         889     7
037024160463488298045027452193344        1958         887     8
037024160463488298045027452193166        1957         881     9
037024160272488298045027452193166                     886    10

10 rows selected.


PL/SQL procedure successfully completed.

old   2:      Item_Cat_Seqs.Set_Contexts(p_keep_num      => &KEEP_NUM,
new   2:      Item_Cat_Seqs.Set_Contexts(p_keep_num      => 0,
old   3:                                 p_min_value     => &MIN_VALUE);
new   3:                                 p_min_value     => 1952);
Just set context values: MIN_VALUE = 1952, KEEP_NUM = 0
Previously set context values: SEQ_TYPE = , SEQ_SIZE = 11, MAX_PRICE = 890, ITEM_WIDTH = 3, TOP_N = 10

PL/SQL procedure successfully completed.

paths_link_ranked_item_v - item level

Total Value Total Price  Rank Position Item Player                              Value      Price
----------- ----------- ----- -------- ---- ------------------------------ ---------- ----------
       1965         889     1 GK       037  Asmir Begovic                         154         56
                              DF       024  Leighton Baines                       173         78
                                       160  Patrice Evra                          152         73
                                       463  Ryan Shawcross                        133         56
                              FW       488  Luis Suarez                           213        105
                                       298  Rickie Lambert                        178         69
                              MF       027  Gareth Bale                           240        111
                                       452  Santi Santi Cazorla                   198         97
                                       193  Steven Gerrard                        187         92
                                       344  Miguel Michu                          169         79
                                       166  Marouane Fellaini                     168         73
                    890     2 GK       037  Asmir Begovic                         154         56
                              DF       024  Leighton Baines                       173         78
                                       160  Patrice Evra                          152         73
                                       264  Glen Johnson                          141         65
                              FW       488  Luis Suarez                           213        105
                                       298  Rickie Lambert                        178         69
                                       045  Dimitar Berbatov                      161         71
                              MF       027  Gareth Bale                           240        111
                                       452  Santi Santi Cazorla                   198         97
                                       193  Steven Gerrard                        187         92
                                       166  Marouane Fellaini                     168         73
       1963         890     3 GK       037  Asmir Begovic                         154         56
                              DF       024  Leighton Baines                       173         78
                                       160  Patrice Evra                          152         73
                                       463  Ryan Shawcross                        133         56
                              FW       488  Luis Suarez                           213        105
                                       298  Rickie Lambert                        178         69
                                       044  Christian Benteke                     166         74
                              MF       027  Gareth Bale                           240        111
                                       452  Santi Santi Cazorla                   198         97
                                       193  Steven Gerrard                        187         92
                                       344  Miguel Michu                          169         79
       1962         884     4 GK       037  Asmir Begovic                         154         56
                              DF       024  Leighton Baines                       173         78
                                       160  Patrice Evra                          152         73
                                       463  Ryan Shawcross                        133         56
                              FW       488  Luis Suarez                           213        105
                                       298  Rickie Lambert                        178         69
                                       044  Christian Benteke                     166         74
                              MF       027  Gareth Bale                           240        111
                                       452  Santi Santi Cazorla                   198         97
                                       193  Steven Gerrard                        187         92
                                       166  Marouane Fellaini                     168         73
                    885     5 GK       037  Asmir Begovic                         154         56
                              DF       024  Leighton Baines                       173         78
                                       160  Patrice Evra                          152         73
                                       264  Glen Johnson                          141         65
                              FW       488  Luis Suarez                           213        105
                                       298  Rickie Lambert                        178         69
                                       314  Romelu Lukaku                         158         66
                              MF       027  Gareth Bale                           240        111
                                       452  Santi Santi Cazorla                   198         97
                                       193  Steven Gerrard                        187         92
                                       166  Marouane Fellaini                     168         73
                    889     6 GK       037  Asmir Begovic                         154         56
                              DF       024  Leighton Baines                       173         78
                                       160  Patrice Evra                          152         73
                                       272  Sanchez Jose Enrique                  133         61
                              FW       488  Luis Suarez                           213        105
                                       298  Rickie Lambert                        178         69
                                       044  Christian Benteke                     166         74
                              MF       027  Gareth Bale                           240        111
                                       452  Santi Santi Cazorla                   198         97
                                       193  Steven Gerrard                        187         92
                                       166  Marouane Fellaini                     168         73
       1959         889     7 GK       252  Jussi Jaaskelainen                    143         52
                              DF       024  Leighton Baines                       173         78
                                       160  Patrice Evra                          152         73
                                       264  Glen Johnson                          141         65
                              FW       488  Luis Suarez                           213        105
                                       298  Rickie Lambert                        178         69
                                       044  Christian Benteke                     166         74
                              MF       027  Gareth Bale                           240        111
                                       452  Santi Santi Cazorla                   198         97
                                       193  Steven Gerrard                        187         92
                                       166  Marouane Fellaini                     168         73
       1958         887     8 GK       037  Asmir Begovic                         154         56
                              DF       024  Leighton Baines                       173         78
                                       160  Patrice Evra                          152         73
                                       463  Ryan Shawcross                        133         56
                              FW       488  Luis Suarez                           213        105
                                       298  Rickie Lambert                        178         69
                                       045  Dimitar Berbatov                      161         71
                              MF       027  Gareth Bale                           240        111
                                       452  Santi Santi Cazorla                   198         97
                                       193  Steven Gerrard                        187         92
                                       344  Miguel Michu                          169         79
       1957         881     9 GK       037  Asmir Begovic                         154         56
                              DF       024  Leighton Baines                       173         78
                                       160  Patrice Evra                          152         73
                                       463  Ryan Shawcross                        133         56
                              FW       488  Luis Suarez                           213        105
                                       298  Rickie Lambert                        178         69
                                       045  Dimitar Berbatov                      161         71
                              MF       027  Gareth Bale                           240        111
                                       452  Santi Santi Cazorla                   198         97
                                       193  Steven Gerrard                        187         92
                                       166  Marouane Fellaini                     168         73
                    886    10 GK       037  Asmir Begovic                         154         56
                              DF       024  Leighton Baines                       173         78
                                       160  Patrice Evra                          152         73
                                       272  Sanchez Jose Enrique                  133         61
                              FW       488  Luis Suarez                           213        105
                                       298  Rickie Lambert                        178         69
                                       045  Dimitar Berbatov                      161         71
                              MF       027  Gareth Bale                           240        111
                                       452  Santi Santi Cazorla                   198         97
                                       193  Steven Gerrard                        187         92
                                       166  Marouane Fellaini                     168         73

110 rows selected.

Elapsed: 00:00:01.46

PL/SQL procedure successfully completed.

Elapsed: 00:00:00.01
Pop_Table_Iterate_Base_Link
old   2:   Item_Cat_Seqs.Pop_Table_Iterate_Base_Link(p_keep_num      => &KEEP_NUM,
new   2:   Item_Cat_Seqs.Pop_Table_Iterate_Base_Link(p_keep_num      => 0,
old   3:                                             p_min_value     => &MIN_VALUE);
new   3:                                             p_min_value     => 1952);
10 running sums
SQL_ID  4sxxvubzws1vx, child number 0
-------------------------------------
INSERT /*+ gather_plan_statistics INSERT_IBL */ INTO PATHS_BASE_LINK (
PATH_RNK, ITEM_RNK, LEV, TOT_PRICE, TOT_VALUE, CAT_BASE_ID,
NEXT_CAT_BASE_ID, SAME_CATS, MIN_ITEMS, CAT_BASE_SUM, PRIOR_IBL_ID,
IBL_ID ) WITH PATH_JOIN AS ( SELECT ROW_NUMBER() OVER (PARTITION BY
TRW.CAT_BASE_SUM + IRK.CAT_BASE_ID ORDER BY TRW.TOT_VALUE +
IRK.ITEM_VALUE DESC, TRW.TOT_PRICE + IRK.ITEM_PRICE) PATH_RNK,
IRK.ITEM_RNK, :B7 LEV, TRW.TOT_PRICE + IRK.ITEM_PRICE TOT_PRICE,
TRW.TOT_VALUE + IRK.ITEM_VALUE TOT_VALUE, IRK.CAT_BASE_ID,
IRK.NEXT_CAT_BASE_ID, CASE IRK.CAT_BASE_ID WHEN TRW.CAT_BASE_ID THEN
TRW.SAME_CATS + 1 ELSE 1 END SAME_CATS, IRK.MIN_ITEMS, TRW.CAT_BASE_SUM
+ IRK.CAT_BASE_ID CAT_BASE_SUM, TRW.IBL_ID FROM PATHS_BASE_LINK TRW
JOIN ITEMS_RANKED_BASE_LINK IRK ON IRK.ITEM_RNK BETWEEN (TRW.ITEM_RNK +
1) AND (:B2 - (:B1 - TRW.LEV - 1)) WHERE TRW.TOT_PRICE + IRK.ITEM_PRICE
+ :B6 <= :B5 AND TRW.TOT_VALUE + IRK.ITEM_VALUE + :B4 >= :B3 AND
TRW.LEV < :B1 AND CASE IRK.CAT_BASE_ID WHEN TRW.CAT_BASE_ID THEN TRW
Plan hash value: 4055559726
----------------------------------------------------------------------------------------------------------------------------------------------
| Id  | Operation                | Name               | Starts | E-Rows | A-Rows |   A-Time   | Buffers |  OMem |  1Mem | Used-Mem | Used-Tmp|
----------------------------------------------------------------------------------------------------------------------------------------------
|   0 | INSERT STATEMENT         |                    |      1 |        |      0 |00:00:38.36 |     895K|       |       |          |         |
|   1 |  LOAD TABLE CONVENTIONAL | PATHS_BASE_LINK    |      1 |        |      0 |00:00:38.36 |     895K|       |       |          |         |
|   2 |   SEQUENCE               | IBL_SEQ            |      1 |        |    389K|00:00:38.13 |     877K|       |       |          |         |
|*  3 |    VIEW                  |                    |      1 |      1 |    389K|00:00:37.68 |     877K|       |       |          |         |
|   4 |     WINDOW SORT          |                    |      1 |      1 |    389K|00:00:37.54 |     877K|    55M|  2592K|   48M (0)|         |
|   5 |      NESTED LOOPS        |                    |      1 |      1 |    389K|00:00:09.25 |     877K|       |       |          |         |
|*  6 |       TABLE ACCESS FULL  | PATHS_BASE_LINK    |      1 |      1 |    864K|00:00:00.13 |    9606 |       |       |          |         |
|*  7 |       INDEX RANGE SCAN   | SYS_IOT_TOP_177085 |    864K|      1 |    389K|00:00:34.49 |     867K|       |       |          |         |
----------------------------------------------------------------------------------------------------------------------------------------------
Predicate Information (identified by operation id):
---------------------------------------------------
3 - filter(("PATH_RNK"<=:B8 OR :B8=0))
6 - filter("TRW"."LEV"<:B1)
7 - access("IRK"."ITEM_RNK">="TRW"."ITEM_RNK"+1 AND "IRK"."ITEM_RNK"<=:B2-(:B1-"TRW"."LEV"-1))
filter(("TRW"."TOT_PRICE"+"IRK"."ITEM_PRICE"+:B6<=:B5 AND "TRW"."TOT_VALUE"+"IRK"."ITEM_VALUE"+:B4>=:B3 AND
"IRK"."MAX_ITEMS">=CASE "IRK"."CAT_BASE_ID" WHEN "TRW"."CAT_BASE_ID" THEN "TRW"."SAME_CATS"+1 ELSE 1 END  AND
"IRK"."MIN_REMAIN"<=:B1-("TRW"."LEV"+1)+LEAST(CASE "IRK"."CAT_BASE_ID" WHEN "TRW"."CAT_BASE_ID" THEN "TRW"."SAME_CATS"+1 ELSE 1 END
,"IRK"."MIN_ITEMS") AND ("IRK"."CAT_BASE_ID"="TRW"."CAT_BASE_ID" OR "TRW"."SAME_CATS">="TRW"."MIN_ITEMS") AND
("IRK"."CAT_BASE_ID"="TRW"."CAT_BASE_ID" OR "IRK"."CAT_BASE_ID"=NVL("TRW"."NEXT_CAT_BASE_ID","IRK"."CAT_BASE_ID"))))
Note
-----
- dynamic statistics used: dynamic sampling (level=2)
Timer Set: Pop_Table_Iterate_Base_Link, Constructed at 09 Jun 2024 23:11:06, written at 23:12:33
================================================================================================
Timer                                   Elapsed         CPU       Calls       Ela/Call       CPU/Call
-----------------------------------  ----------  ----------  ----------  -------------  -------------
Initial delete (0)                         0.01        0.00           1        0.00900        0.00000
Initial insert (1)                         0.00        0.00           1        0.00100        0.00000
Insert item_base_links  1 (1)              0.00        0.00           1        0.00000        0.00000
Insert paths_base_Link 1 (17)              0.00        0.00           1        0.00000        0.00000
Delete paths_base_Link 1 (1)               0.00        0.00           1        0.00100        0.00000
Insert item_base_links  2 (17)             0.00        0.00           1        0.00000        0.00000
Insert paths_base_Link 2 (290)             0.00        0.00           1        0.00300        0.00000
Delete paths_base_Link 2 (17)              0.00        0.00           1        0.00000        0.00000
Insert item_base_links  3 (290)            0.00        0.01           1        0.00100        0.01000
Insert paths_base_Link 3 (553)             0.03        0.03           1        0.03200        0.03000
Delete paths_base_Link 3 (290)             0.00        0.00           1        0.00100        0.00000
Insert item_base_links  4 (553)            0.00        0.00           1        0.00000        0.00000
Insert paths_base_Link 4 (279)             0.07        0.07           1        0.07200        0.07000
Delete paths_base_Link 4 (553)             0.00        0.00           1        0.00100        0.00000
Insert item_base_links  5 (279)            0.00        0.00           1        0.00000        0.00000
Insert paths_base_Link 5 (1252)            0.03        0.03           1        0.03400        0.03000
Delete paths_base_Link 5 (279)             0.00        0.00           1        0.00100        0.00000
Insert item_base_links  6 (1252)           0.00        0.00           1        0.00100        0.00000
Insert paths_base_Link 6 (15349)           0.14        0.14           1        0.14400        0.14000
Delete paths_base_Link 6 (1252)            0.00        0.00           1        0.00100        0.00000
Insert item_base_links  7 (15349)          0.01        0.00           1        0.00500        0.00000
Insert paths_base_Link 7 (110100)          1.29        1.30           1        1.29300        1.30000
Delete paths_base_Link 7 (15349)           0.01        0.01           1        0.01100        0.01000
Insert item_base_links  8 (110100)         0.03        0.03           1        0.03400        0.03000
Insert paths_base_Link 8 (460638)          7.14        7.13           1        7.13900        7.13000
Delete paths_base_Link 8 (110100)          0.07        0.06           1        0.06500        0.06000
Insert item_base_links  9 (460638)         0.14        0.14           1        0.14100        0.14000
Insert paths_base_Link 9 (864748)         24.22       22.74           1       24.22100       22.74000
Delete paths_base_Link 9 (460638)          0.23        0.21           1        0.23400        0.21000
Insert item_base_links  10 (864748)        0.31        0.33           1        0.31400        0.33000
Insert paths_base_Link 10 (389615)        38.58       38.16           1       38.57900       38.16000
Delete paths_base_Link 10 (864748)         0.38        0.31           1        0.37600        0.31000
Insert item_base_links  11 (389615)        0.14        0.14           1        0.13600        0.14000
Insert paths_base_Link 11 (50)            14.60       14.50           1       14.60200       14.50000
Delete paths_base_Link 11 (389615)         0.17        0.16           1        0.16900        0.16000
(Other)                                    0.00        0.00           1        0.00000        0.00000
-----------------------------------  ----------  ----------  ----------  -------------  -------------
Total                                     87.62       85.50          36        2.43392        2.37500
-----------------------------------  ----------  ----------  ----------  -------------  -------------
[Timer timed (per call in ms): Elapsed: 0.00885, CPU: 0.00973]

PL/SQL procedure successfully completed.

Elapsed: 00:01:27.73

Path                              Total Value Total Price  Rank
--------------------------------- ----------- ----------- -----
037024160463488298027452193344166        1965         889     1
037024160264488298045027452193166                     890     2
037024160463488298044027452193344        1963         890     3
037024160463488298044027452193166        1962         884     4
037024160264488298314027452193166                     885     5
037024160272488298044027452193166                     889     6
252024160264488298044027452193166        1959         889     7
037024160463488298045027452193344        1958         887     8
037024160463488298045027452193166        1957         881     9
037024160272488298045027452193166                     886    10

10 rows selected.

Elapsed: 00:00:01.29

PL/SQL procedure successfully completed.

Elapsed: 00:00:00.01
old   2:   Item_Cat_Seqs.Init(p_keep_num      => &KEEP_NUM,
new   2:   Item_Cat_Seqs.Init(p_keep_num      => 0,
old   3:                      p_min_value     => &MIN_VALUE);
new   3:                      p_min_value     => 1952);
10 running sums

PL/SQL procedure successfully completed.

Elapsed: 00:00:00.01
Array_Iterate

Path                              Total Value Total Price  Rank
--------------------------------- ----------- ----------- -----
037024160463488298027452193344166        1965         889     1
037024160264488298045027452193166                     890     2
037024160463488298044027452193344        1963         890     3
037024160463488298044027452193166        1962         884     4
037024160264488298314027452193166                     885     5
037024160272488298044027452193166                     889     6
252024160264488298044027452193166        1959         889     7
037024160463488298045027452193344        1958         887     8
037024160463488298045027452193166        1957         881     9
037024160463488298314027452328166                     886    10

10 rows selected.

SQL_ID  1xxa6th1dk8zu, child number 0
-------------------------------------
WITH PATH_JOIN AS ( SELECT /*+ gather_plan_statistics ARRAY_ITERATE */
ROW_NUMBER() OVER (PARTITION BY TRW.CATS_PATH || IRK.CAT_ID ORDER BY
TRW.TOT_VALUE + IRK.ITEM_VALUE DESC, TRW.TOT_PRICE + IRK.ITEM_PRICE)
PATH_RNK, IRK.ITEM_RNK, TRW.LEV + 1 LEV, TRW.TOT_PRICE + IRK.ITEM_PRICE
TOT_PRICE, TRW.TOT_VALUE + IRK.ITEM_VALUE TOT_VALUE, IRK.CAT_ID,
IRK.NEXT_CAT_ID, CASE IRK.CAT_ID WHEN TRW.CAT_ID THEN TRW.SAME_CATS + 1
ELSE 1 END SAME_CATS, IRK.MIN_ITEMS, TRW.CATS_PATH || IRK.CAT_ID
CATS_PATH, TRW.PATH || IRK.ITEM_ID PATH FROM TABLE(:B1 ) TRW JOIN
ITEMS_RANKED IRK ON IRK.ITEM_RNK BETWEEN (TRW.ITEM_RNK + 1) AND
(IRK.N_ITEMS - (:B2 - TRW.LEV - 1)) WHERE TRW.TOT_PRICE +
IRK.ITEM_PRICE + :B6 <= :B5 AND TRW.TOT_VALUE + IRK.ITEM_VALUE + :B4 >=
:B3 AND TRW.LEV < :B2 AND CASE IRK.CAT_ID WHEN TRW.CAT_ID THEN
TRW.SAME_CATS + 1 ELSE 1 END <= IRK.MAX_ITEMS AND :B2 - (TRW.LEV + 1) +
LEAST(CASE IRK.CAT_ID WHEN TRW.CAT_ID THEN TRW.SAME_CATS + 1 ELSE 1
END, IRK.MIN_ITEMS) >= IRK.MIN_REMAIN AND (IRK.CAT_ID
Plan hash value: 552749601
----------------------------------------------------------------------------------------------------------------------------------------------------------------------------
| Id  | Operation                            | Name               | Starts | E-Rows | A-Rows |   A-Time   | Buffers | Reads  | Writes |  OMem |  1Mem | Used-Mem | Used-Tmp|
----------------------------------------------------------------------------------------------------------------------------------------------------------------------------
|   0 | SELECT STATEMENT                     |                    |      1 |        |    389K|00:00:51.19 |     874K|   9796 |   9796 |       |       |          |         |
|*  1 |  VIEW                                |                    |      1 |      1 |    389K|00:00:51.19 |     874K|   9796 |   9796 |       |       |          |         |
|   2 |   WINDOW SORT                        |                    |      1 |      1 |    389K|00:00:50.95 |     874K|   9796 |   9796 |    86M|  3187K| 5045K (1)|      77M|
|   3 |    NESTED LOOPS                      |                    |      1 |      1 |    389K|00:00:07.09 |     874K|      0 |      0 |       |       |          |         |
|*  4 |     COLLECTION ITERATOR PICKLER FETCH|                    |      1 |      1 |    864K|00:00:00.99 |       0 |      0 |      0 |       |       |          |         |
|*  5 |     INDEX RANGE SCAN                 | SYS_IOT_TOP_177079 |    864K|      1 |    389K|00:00:46.05 |     874K|      0 |      0 |       |       |          |         |
----------------------------------------------------------------------------------------------------------------------------------------------------------------------------
Predicate Information (identified by operation id):
---------------------------------------------------
1 - filter(("PATH_RNK"<=:B7 OR :B7=0))
4 - filter(VALUE(KOKBF$)<:B2)
5 - access("IRK"."ITEM_RNK">=VALUE(KOKBF$)+1)
filter((VALUE(KOKBF$)+"IRK"."ITEM_PRICE"+:B6<=:B5 AND VALUE(KOKBF$)+"IRK"."ITEM_VALUE"+:B4>=:B3 AND "IRK"."ITEM_RNK"<="IRK"."N_ITEMS"-(:B2-VALUE(KOKBF$)-1)
AND ("IRK"."CAT_ID"=VALUE(KOKBF$) OR "IRK"."CAT_ID"=NVL(VALUE(KOKBF$),"IRK"."CAT_ID")) AND "IRK"."MAX_ITEMS">=CASE "IRK"."CAT_ID" WHEN VALUE(KOKBF$) THEN
VALUE(KOKBF$)+1 ELSE 1 END  AND ("IRK"."CAT_ID"=VALUE(KOKBF$) OR VALUE(KOKBF$)>=VALUE(KOKBF$)) AND "IRK"."MIN_REMAIN"<=:B2-(VALUE(KOKBF$)+1)+LEAST(CASE
"IRK"."CAT_ID" WHEN VALUE(KOKBF$) THEN VALUE(KOKBF$)+1 ELSE 1 END ,"IRK"."MIN_ITEMS")))
Note
-----
- dynamic statistics used: dynamic sampling (level=2)
Timer Set: Array_Iterate, Constructed at 09 Jun 2024 23:12:35, written at 23:14:31
==================================================================================
Timer                    Elapsed         CPU       Calls       Ela/Call       CPU/Call
--------------------  ----------  ----------  ----------  -------------  -------------
Insert 1 (17)               0.00        0.00           1        0.00000        0.00000
Reset paths array 1         0.00        0.00           1        0.00000        0.00000
Insert 2 (290)              0.00        0.00           1        0.00400        0.00000
Reset paths array 2         0.00        0.00           1        0.00000        0.00000
Insert 3 (553)              0.04        0.02           1        0.04300        0.02000
Reset paths array 3         0.00        0.00           1        0.00000        0.00000
Insert 4 (279)              0.08        0.08           1        0.07700        0.08000
Reset paths array 4         0.00        0.00           1        0.00000        0.00000
Insert 5 (1252)             0.04        0.05           1        0.04300        0.05000
Reset paths array 5         0.00        0.00           1        0.00100        0.00000
Insert 6 (15349)            0.18        0.20           1        0.18100        0.20000
Reset paths array 6         0.01        0.01           1        0.01200        0.01000
Insert 7 (110100)           1.53        1.51           1        1.52600        1.51000
Reset paths array 7         0.07        0.08           1        0.07400        0.08000
Insert 8 (460638)           8.69        8.43           1        8.69100        8.43000
Reset paths array 8         0.35        0.33           1        0.34800        0.33000
Insert 9 (864748)          30.98       29.07           1       30.98300       29.07000
Reset paths array 9         0.53        0.53           1        0.52700        0.53000
Insert 10 (1)              51.75       50.59           1       51.74900       50.59000
Reset paths array 10        0.25        0.25           1        0.24700        0.25000
Insert 11 (50)             22.10       21.86           1       22.09800       21.86000
Pipe rows                   0.00        0.00           1        0.00100        0.00000
(Other)                     0.00        0.00           1        0.00000        0.00000
--------------------  ----------  ----------  ----------  -------------  -------------
Total                     116.61      113.01          23        5.06978        4.91348
--------------------  ----------  ----------  ----------  -------------  -------------
[Timer timed (per call in ms): Elapsed: 0.00909, CPU: 0.00909]
Elapsed: 00:01:56.81

PL/SQL procedure successfully completed.

Elapsed: 00:00:00.00
Pop_Table_Recurse
old   2:   Item_Cat_Seqs.Pop_Table_Recurse(p_keep_num      => &KEEP_NUM,
new   2:   Item_Cat_Seqs.Pop_Table_Recurse(p_keep_num      => 0,
old   3:                                   p_min_value     => &MIN_VALUE);
new   3:                                   p_min_value     => 1952);
10 running sums
SQL_ID  323bar13mrwwy, child number 0
-------------------------------------
INSERT /*+ gather_plan_statistics INSERT_PATHS */ INTO PATHS (
PATH_RNK, ITEM_RNK, LEV, TOT_PRICE, TOT_VALUE, CAT_ID, NEXT_CAT_ID,
SAME_CATS, MIN_ITEMS, CATS_PATH, PATH ) WITH PATH_JOIN AS ( SELECT
ROW_NUMBER() OVER (PARTITION BY TRW.CATS_PATH || IRK.CAT_ID ORDER BY
TRW.TOT_VALUE + IRK.ITEM_VALUE DESC, TRW.TOT_PRICE + IRK.ITEM_PRICE)
PATH_RNK, IRK.ITEM_RNK, :B6 LEV, TRW.TOT_PRICE + IRK.ITEM_PRICE
TOT_PRICE, TRW.TOT_VALUE + IRK.ITEM_VALUE TOT_VALUE, IRK.CAT_ID,
IRK.NEXT_CAT_ID, CASE IRK.CAT_ID WHEN TRW.CAT_ID THEN TRW.SAME_CATS + 1
ELSE 1 END SAME_CATS, IRK.MIN_ITEMS, TRW.CATS_PATH || IRK.CAT_ID
CATS_PATH, TRW.PATH || IRK.ITEM_ID PATH FROM PATHS TRW JOIN
ITEMS_RANKED IRK ON IRK.ITEM_RNK BETWEEN (TRW.ITEM_RNK + 1) AND
(IRK.N_ITEMS - (:B1 - TRW.LEV - 1)) WHERE TRW.TOT_PRICE +
IRK.ITEM_PRICE + :B5 <= :B4 AND TRW.TOT_VALUE + IRK.ITEM_VALUE + :B3 >=
:B2 AND TRW.LEV < :B1 AND CASE IRK.CAT_ID WHEN TRW.CAT_ID THEN
TRW.SAME_CATS + 1 ELSE 1 END <= IRK.MAX_ITEMS AND :B1 - (TRW.LEV + 1) +
LEAST(CAS
Plan hash value: 4022110882
----------------------------------------------------------------------------------------------------------------------------------------------
| Id  | Operation                | Name               | Starts | E-Rows | A-Rows |   A-Time   | Buffers |  OMem |  1Mem | Used-Mem | Used-Tmp|
----------------------------------------------------------------------------------------------------------------------------------------------
|   0 | INSERT STATEMENT         |                    |      1 |        |      0 |00:00:37.56 |     922K|       |       |          |         |
|   1 |  LOAD TABLE CONVENTIONAL | PATHS              |      1 |        |      0 |00:00:37.56 |     922K|       |       |          |         |
|*  2 |   VIEW                   |                    |      1 |      1 |    389K|00:00:37.32 |     890K|       |       |          |         |
|   3 |    WINDOW SORT           |                    |      1 |      1 |    389K|00:00:37.15 |     890K|    82M|  3117K|   73M (0)|         |
|   4 |     NESTED LOOPS         |                    |      1 |      1 |    389K|00:00:13.30 |     890K|       |       |          |         |
|*  5 |      TABLE ACCESS FULL   | PATHS              |      1 |      1 |    864K|00:00:00.15 |   16167 |       |       |          |         |
|*  6 |      INDEX RANGE SCAN    | SYS_IOT_TOP_177079 |    864K|      1 |    389K|00:00:34.03 |     874K|       |       |          |         |
----------------------------------------------------------------------------------------------------------------------------------------------
Predicate Information (identified by operation id):
---------------------------------------------------
2 - filter(("PATH_RNK"<=:B7 OR :B7=0))
5 - filter("TRW"."LEV"<:B1)
6 - access("IRK"."ITEM_RNK">="TRW"."ITEM_RNK"+1)
filter(("TRW"."TOT_PRICE"+"IRK"."ITEM_PRICE"+:B5<=:B4 AND "TRW"."TOT_VALUE"+"IRK"."ITEM_VALUE"+:B3>=:B2 AND
"IRK"."ITEM_RNK"<="IRK"."N_ITEMS"-(:B1-"TRW"."LEV"-1) AND "IRK"."MAX_ITEMS">=CASE "IRK"."CAT_ID" WHEN "TRW"."CAT_ID" THEN
"TRW"."SAME_CATS"+1 ELSE 1 END  AND "IRK"."MIN_REMAIN"<=:B1-("TRW"."LEV"+1)+LEAST(CASE "IRK"."CAT_ID" WHEN "TRW"."CAT_ID" THEN
"TRW"."SAME_CATS"+1 ELSE 1 END ,"IRK"."MIN_ITEMS") AND ("IRK"."CAT_ID"="TRW"."CAT_ID" OR "TRW"."SAME_CATS">="TRW"."MIN_ITEMS") AND
("IRK"."CAT_ID"="TRW"."CAT_ID" OR "IRK"."CAT_ID"=NVL("TRW"."NEXT_CAT_ID","IRK"."CAT_ID"))))
Note
-----
- dynamic statistics used: dynamic sampling (level=2)
Timer Set: Pop_Table_Recurse, Constructed at 09 Jun 2024 23:14:32, written at 23:15:56
======================================================================================
Timer                        Elapsed         CPU       Calls       Ela/Call       CPU/Call
------------------------  ----------  ----------  ----------  -------------  -------------
Initial delete (50)             0.05        0.04           1        0.04600        0.04000
Initial insert (1)              0.00        0.00           1        0.00000        0.00000
Insert paths 1 (17)             0.04        0.02           1        0.04200        0.02000
Delete paths 1 (1)              0.04        0.04           1        0.04200        0.04000
Insert paths 2 (290)            0.04        0.04           1        0.04300        0.04000
Delete paths 2 (17)             0.04        0.05           1        0.04000        0.05000
Insert paths 3 (553)            0.08        0.08           1        0.07900        0.08000
Delete paths 3 (290)            0.04        0.03           1        0.04000        0.03000
Insert paths 4 (279)            0.11        0.11           1        0.10600        0.11000
Delete paths 4 (553)            0.04        0.03           1        0.03600        0.03000
Insert paths 5 (1252)           0.07        0.06           1        0.06600        0.06000
Delete paths 5 (279)            0.03        0.03           1        0.03400        0.03000
Insert paths 6 (15349)          0.16        0.18           1        0.15800        0.18000
Delete paths 6 (1252)           0.04        0.03           1        0.03700        0.03000
Insert paths 7 (110100)         1.13        1.14           1        1.12800        1.14000
Delete paths 7 (15349)          0.04        0.03           1        0.04400        0.03000
Insert paths 8 (460638)         6.31        6.25           1        6.30500        6.25000
Delete paths 8 (110100)         0.09        0.09           1        0.09200        0.09000
Insert paths 9 (864748)        22.10       21.33           1       22.10300       21.33000
Delete paths 9 (460638)         0.26        0.25           1        0.25600        0.25000
Insert paths 10 (389615)       37.77       37.55           1       37.77100       37.55000
Delete paths 10 (864748)        0.45        0.41           1        0.45300        0.41000
Insert paths 11 (50)           14.77       14.67           1       14.76800       14.67000
Delete paths 11 (389615)        0.26        0.25           1        0.25700        0.25000
(Other)                         0.00        0.00           1        0.00000        0.00000
------------------------  ----------  ----------  ----------  -------------  -------------
Total                          83.95       82.71          25        3.35784        3.30840
------------------------  ----------  ----------  ----------  -------------  -------------
[Timer timed (per call in ms): Elapsed: 0.00901, CPU: 0.00901]

PL/SQL procedure successfully completed.

Elapsed: 00:01:24.08

Path                              Total Value Total Price  Rank
--------------------------------- ----------- ----------- -----
037024160463488298027452193344166        1965         889     1
037024160264488298045027452193166                     890     2
037024160463488298044027452193344        1963         890     3
037024160463488298044027452193166        1962         884     4
037024160264488298314027452193166                     885     5
037024160272488298044027452193166                     889     6
252024160264488298044027452193166        1959         889     7
037024160463488298045027452193344        1958         887     8
037024160463488298045027452193166        1957         881     9
037024160272488298045027452193166                     886    10

10 rows selected.

Elapsed: 00:00:00.05

PL/SQL procedure successfully completed.

Elapsed: 00:00:00.00
old   2:   Item_Cat_Seqs.Init(p_keep_num      => &KEEP_NUM,
new   2:   Item_Cat_Seqs.Init(p_keep_num      => 0,
old   3:                      p_min_value     => &MIN_VALUE);
new   3:                      p_min_value     => 1952);
10 running sums

PL/SQL procedure successfully completed.

Elapsed: 00:00:00.00
Array_Recurse

Path                              Total Value Total Price  Rank
--------------------------------- ----------- ----------- -----
037024160463488298027452193344166        1965         889     1
037024160264488298045027452193166                     890     2
037024160463488298044027452193344        1963         890     3
037024160463488298044027452193166        1962         884     4
037024160264488298314027452193166                     885     5
037024160272488298044027452193166                     889     6
252024160264488298044027452193166        1959         889     7
037024160463488298045027452193344        1958         887     8
037024160463488298045027452193166        1957         881     9
037024160463488298314027452328166                     886    10

10 rows selected.

SQL_ID  3s128ufk13m2r, child number 0
-------------------------------------
WITH PATH_JOIN AS ( SELECT /*+ gather_plan_statistics ARRAY_RECURSE */
ROW_NUMBER() OVER (PARTITION BY TRW.CATS_PATH || IRK.CAT_ID ORDER BY
TRW.TOT_VALUE + IRK.ITEM_VALUE DESC, TRW.TOT_PRICE + IRK.ITEM_PRICE)
PATH_RNK, IRK.ITEM_RNK, TRW.LEV + 1 LEV, TRW.TOT_PRICE + IRK.ITEM_PRICE
TOT_PRICE, TRW.TOT_VALUE + IRK.ITEM_VALUE TOT_VALUE, IRK.CAT_ID,
IRK.NEXT_CAT_ID, CASE IRK.CAT_ID WHEN TRW.CAT_ID THEN TRW.SAME_CATS + 1
ELSE 1 END SAME_CATS, IRK.MIN_ITEMS, TRW.CATS_PATH || IRK.CAT_ID
CATS_PATH, TRW.PATH || IRK.ITEM_ID PATH FROM
ITEM_CAT_SEQS.ARRAY_RECURSE(P_TIMER_SET => :B1 , P_LEV => NVL(:B2 , :B3
) - 1) TRW JOIN ITEMS_RANKED IRK ON IRK.ITEM_RNK BETWEEN (TRW.ITEM_RNK
+ 1) AND (IRK.N_ITEMS - (:B3 - TRW.LEV - 1)) WHERE TRW.TOT_PRICE +
IRK.ITEM_PRICE + :B7 <= :B6 AND TRW.TOT_VALUE + IRK.ITEM_VALUE + :B5 >=
:B4 AND TRW.LEV < :B3 AND CASE IRK.CAT_ID WHEN TRW.CAT_ID THEN
TRW.SAME_CATS + 1 ELSE 1 END <= IRK.MAX_ITEMS AND :B3 - (TRW.LEV + 1) +
LEAST(CASE IRK.CAT_ID WHEN TRW.CAT_ID THEN TRW.SAME_CAT
Plan hash value: 2949182022
-----------------------------------------------------------------------------------------------------------------------------------------------------------------------------
| Id  | Operation                             | Name               | Starts | E-Rows | A-Rows |   A-Time   | Buffers | Reads  | Writes |  OMem |  1Mem | Used-Mem | Used-Tmp|
-----------------------------------------------------------------------------------------------------------------------------------------------------------------------------
|   0 | SELECT STATEMENT                      |                    |      1 |        |    389K|00:01:52.90 |      75 |  18012 |  18012 |       |       |          |         |
|*  1 |  VIEW                                 |                    |      1 |      1 |    389K|00:01:52.90 |      75 |  18012 |  18012 |       |       |          |         |
|   2 |   WINDOW SORT                         |                    |      1 |      1 |    389K|00:01:52.65 |      75 |  18012 |  18012 |    80M|  3082K|   71M (0)|         |
|   3 |    MERGE JOIN                         |                    |      1 |      1 |    389K|00:00:55.03 |      75 |  18012 |  18012 |       |       |          |         |
|   4 |     SORT JOIN                         |                    |      1 |    408 |    864K|00:00:50.35 |      68 |  18012 |  18012 |   104M|  3482K|   92M (0)|         |
|*  5 |      COLLECTION ITERATOR PICKLER FETCH| ARRAY_RECURSE      |      1 |    408 |    864K|00:00:55.89 |      68 |  18012 |  18012 |       |       |          |         |
|*  6 |     FILTER                            |                    |    864K|        |    389K|00:00:57.89 |       7 |      0 |      0 |       |       |          |         |
|*  7 |      SORT JOIN                        |                    |    864K|    560 |    193M|00:00:34.46 |       7 |      0 |      0 |   124K|   124K|  110K (0)|         |
|   8 |       INDEX FAST FULL SCAN            | SYS_IOT_TOP_177079 |      1 |    560 |    560 |00:00:00.01 |       7 |      0 |      0 |       |       |          |         |
-----------------------------------------------------------------------------------------------------------------------------------------------------------------------------
Predicate Information (identified by operation id):
---------------------------------------------------
1 - filter(("PATH_RNK"<=:B8 OR :B8=0))
5 - filter(VALUE(KOKBF$)<:B3)
6 - filter((VALUE(KOKBF$)+"IRK"."ITEM_PRICE"+:B7<=:B6 AND VALUE(KOKBF$)+"IRK"."ITEM_VALUE"+:B5>=:B4 AND "IRK"."ITEM_RNK"<="IRK"."N_ITEMS"-(:B3-VALUE(KOKBF$)-1)
AND ("IRK"."CAT_ID"=VALUE(KOKBF$) OR "IRK"."CAT_ID"=NVL(VALUE(KOKBF$),"IRK"."CAT_ID")) AND "IRK"."MAX_ITEMS">=CASE "IRK"."CAT_ID" WHEN VALUE(KOKBF$) THEN
VALUE(KOKBF$)+1 ELSE 1 END  AND ("IRK"."CAT_ID"=VALUE(KOKBF$) OR VALUE(KOKBF$)>=VALUE(KOKBF$)) AND "IRK"."MIN_REMAIN"<=:B3-(VALUE(KOKBF$)+1)+LEAST(CASE
"IRK"."CAT_ID" WHEN VALUE(KOKBF$) THEN VALUE(KOKBF$)+1 ELSE 1 END ,"IRK"."MIN_ITEMS")))
7 - access("IRK"."ITEM_RNK">=VALUE(KOKBF$)+1)
filter("IRK"."ITEM_RNK">=VALUE(KOKBF$)+1)
Note
-----
- dynamic statistics used: dynamic sampling (level=2)
Timer Set: Array_Recurse, Constructed at 09 Jun 2024 23:15:56, written at 23:18:17
==================================================================================
Timer                          Elapsed         CPU       Calls       Ela/Call       CPU/Call
--------------------------  ----------  ----------  ----------  -------------  -------------
Recurse level: 1 (17)             0.00        0.00           1        0.00100        0.00000
Recurse level: 2 (290)            0.01        0.01           1        0.00500        0.01000
Recurse level: 3 (553)            0.05        0.04           1        0.05200        0.04000
Recurse level: 4 (279)            0.09        0.09           1        0.09200        0.09000
Recurse level: 5 (1252)           0.05        0.05           1        0.05200        0.05000
Recurse level: 6 (15349)          0.22        0.22           1        0.21700        0.22000
Recurse level: 7 (110100)         1.84        1.83           1        1.83800        1.83000
Recurse level: 8 (460638)        10.44       10.41           1       10.43600       10.41000
Recurse level: 9 (864748)        37.10       36.19           1       37.10300       36.19000
Recurse level: 10 (389615)       64.06       63.35           1       64.05600       63.35000
Recurse level: 11 (50)           27.83       27.67           1       27.82600       27.67000
(Other)                           0.00        0.00           1        0.00000        0.00000
--------------------------  ----------  ----------  ----------  -------------  -------------
Total                           141.68      139.86          12       11.80650       11.65500
--------------------------  ----------  ----------  ----------  -------------  -------------
[Timer timed (per call in ms): Elapsed: 0.00893, CPU: 0.00982]
Elapsed: 00:02:21.79

PL/SQL procedure successfully completed.

Elapsed: 00:00:00.00
Timer Set: Item_Cat_Seqs, Constructed at 09 Jun 2024 23:06:53, written at 23:18:18
==================================================================================
Timer                                   Elapsed         CPU       Calls       Ela/Call       CPU/Call
-----------------------------------  ----------  ----------  ----------  -------------  -------------
Pop_Table_Iterate                         80.74       79.54           1       80.74000       79.54000
Solutions by Category                      0.05        0.04           1        0.04600        0.04000
Pop_Table_Iterate_Base                    82.23       80.49           1       82.23400       80.49000
Pop_Table_Iterate_Link                    88.26       86.72           1       88.25500       86.72000
Pop_Table_Iterate_Link - item level        1.48        1.44           1        1.47800        1.44000
Pop_Table_Iterate_Base_Link               89.04       86.90           1       89.03900       86.90000
Array_Iterate                            116.83      113.23           1      116.82800      113.23000
Pop_Table_Recurse                         84.13       82.88           1       84.13400       82.88000
Array_Recurse                            141.81      139.99           1      141.80600      139.99000
(Other)                                    0.00        0.00           1        0.00100        0.00000
-----------------------------------  ----------  ----------  ----------  -------------  -------------
Total                                    684.56      671.23          10       68.45610       67.12300
-----------------------------------  ----------  ----------  ----------  -------------  -------------
[Timer timed (per call in ms): Elapsed: 0.00971, CPU: 0.00874]

PL/SQL procedure successfully completed.


'END:'||TO_CHAR(SYSDATE,'DD-MON-YY
----------------------------------
End: 09-JUN-2024 23:18:18

