
Database             Time                 Version
-------------------- -------------------- ------------------------------
Start: ORCL          09-JUN-2024 23:05:40 Version 21.3.0.0.0

Truncate paths

Table truncated.

SP2-0310: unable to open file "set_contexts.sql"

PL/SQL procedure successfully completed.

old   2:      Item_Cat_Seqs.Init_Loop(p_keep_start      => &KEEP_START,
new   2:      Item_Cat_Seqs.Init_Loop(p_keep_start      => 10,
old   3:                              p_keep_factor     => &KEEP_FACTOR);
new   3:                              p_keep_factor     => 3);
11 running sums

PL/SQL procedure successfully completed.

Iteratively_Refine_Recurse - path level

Path                                 Total Value Total Price  Rank
------------------------------------ ----------- ----------- -----
078022098099058059060001002003038039       10923       18176     1
078023098099058059060001002003038039       10905       18795     2
078022098102058059060001002003038039       10833       18994     3
078022098099058059060001002003038040       10825       18190     4
078023098099058059060001002003038040       10807       18809     5
078022098099058059060001002004038039       10790       17201     6
078021098099058059060001002004038039                   18052     7
078023098099058059060001002004038039       10772       17820     8
078022098099058059060001002003038041       10766       17948     9
078021098099058059060001002003038041                   18799    10

10 rows selected.

SQL_ID  3s128ufk13m2r, child number 0
-------------------------------------
WITH PATH_JOIN AS ( SELECT /*+ gather_plan_statistics ARRAY_RECURSE */
ROW_NUMBER() OVER (PARTITION BY TRW.CATS_PATH || IRK.CAT_ID ORDER BY
TRW.TOT_VALUE + IRK.ITEM_VALUE DESC, TRW.TOT_PRICE + IRK.ITEM_PRICE)
PATH_RNK, IRK.ITEM_RNK, TRW.LEV + 1 LEV, TRW.TOT_PRICE + IRK.ITEM_PRICE
TOT_PRICE, TRW.TOT_VALUE + IRK.ITEM_VALUE TOT_VALUE, IRK.CAT_ID,
IRK.NEXT_CAT_ID, CASE IRK.CAT_ID WHEN TRW.CAT_ID THEN TRW.SAME_CATS + 1
ELSE 1 END SAME_CATS, IRK.MIN_ITEMS, TRW.CATS_PATH || IRK.CAT_ID
CATS_PATH, TRW.PATH || IRK.ITEM_ID PATH FROM
ITEM_CAT_SEQS.ARRAY_RECURSE(P_TIMER_SET => :B1 , P_LEV => NVL(:B2 , :B3
) - 1) TRW JOIN ITEMS_RANKED IRK ON IRK.ITEM_RNK BETWEEN (TRW.ITEM_RNK
+ 1) AND (IRK.N_ITEMS - (:B3 - TRW.LEV - 1)) WHERE TRW.TOT_PRICE +
IRK.ITEM_PRICE + :B7 <= :B6 AND TRW.TOT_VALUE + IRK.ITEM_VALUE + :B5 >=
:B4 AND TRW.LEV < :B3 AND CASE IRK.CAT_ID WHEN TRW.CAT_ID THEN
TRW.SAME_CATS + 1 ELSE 1 END <= IRK.MAX_ITEMS AND :B3 - (TRW.LEV + 1) +
LEAST(CASE IRK.CAT_ID WHEN TRW.CAT_ID THEN TRW.SAME_CAT
Plan hash value: 126142719
--------------------------------------------------------------------------------------------------------------------------------------------------
| Id  | Operation                              | Name               | Starts | E-Rows | A-Rows |   A-Time   | Buffers |  OMem |  1Mem | Used-Mem |
--------------------------------------------------------------------------------------------------------------------------------------------------
|   0 | SELECT STATEMENT                       |                    |      1 |        |    100 |00:00:00.02 |      11 |       |       |          |
|*  1 |  VIEW                                  |                    |      1 |      1 |    100 |00:00:00.02 |      11 |       |       |          |
|   2 |   WINDOW SORT                          |                    |      1 |      1 |   1800 |00:00:00.02 |      11 |   549K|   457K|  487K (0)|
|   3 |    MERGE JOIN                          |                    |      1 |      1 |   1800 |00:00:00.02 |      11 |       |       |          |
|   4 |     SORT JOIN                          |                    |      1 |    114 |    114 |00:00:00.01 |       1 | 18432 | 18432 |16384  (0)|
|   5 |      INDEX FULL SCAN                   | SYS_IOT_TOP_177061 |      1 |    114 |    114 |00:00:00.01 |       1 |       |       |          |
|*  6 |     FILTER                             |                    |    114 |        |   1800 |00:00:00.02 |      10 |       |       |          |
|*  7 |      SORT JOIN                         |                    |    114 |    408 |   2435 |00:00:00.02 |      10 |  9216 |  9216 | 8192  (0)|
|*  8 |       COLLECTION ITERATOR PICKLER FETCH| ARRAY_RECURSE      |      1 |    408 |     60 |00:00:00.02 |      10 |       |       |          |
--------------------------------------------------------------------------------------------------------------------------------------------------
Predicate Information (identified by operation id):
---------------------------------------------------
1 - filter(("PATH_RNK"<=:B8 OR :B8=0))
6 - filter((VALUE(KOKBF$)+"IRK"."ITEM_PRICE"+:B7<=:B6 AND VALUE(KOKBF$)+"IRK"."ITEM_VALUE"+:B5>=:B4 AND
"IRK"."ITEM_RNK"<="IRK"."N_ITEMS"-(:B3-VALUE(KOKBF$)-1) AND ("IRK"."CAT_ID"=VALUE(KOKBF$) OR
"IRK"."CAT_ID"=NVL(VALUE(KOKBF$),"IRK"."CAT_ID")) AND "IRK"."MAX_ITEMS">=CASE "IRK"."CAT_ID" WHEN VALUE(KOKBF$) THEN VALUE(KOKBF$)+1 ELSE
1 END  AND ("IRK"."CAT_ID"=VALUE(KOKBF$) OR VALUE(KOKBF$)>=VALUE(KOKBF$)) AND "IRK"."MIN_REMAIN"<=:B3-(VALUE(KOKBF$)+1)+LEAST(CASE
"IRK"."CAT_ID" WHEN VALUE(KOKBF$) THEN VALUE(KOKBF$)+1 ELSE 1 END ,"IRK"."MIN_ITEMS")))
7 - access(INTERNAL_FUNCTION("IRK"."ITEM_RNK")>=VALUE(KOKBF$)+1)
filter(INTERNAL_FUNCTION("IRK"."ITEM_RNK")>=VALUE(KOKBF$)+1)
8 - filter(VALUE(KOKBF$)<:B3)
Note
-----
- dynamic statistics used: dynamic sampling (level=2)
Timer Set: Array_Recurse, Constructed at 09 Jun 2024 23:05:40, written at 23:05:40
==================================================================================
Timer                       Elapsed         CPU       Calls       Ela/Call       CPU/Call
-----------------------  ----------  ----------  ----------  -------------  -------------
Recurse level: 1 (10)          0.00        0.00           1        0.00200        0.00000
Recurse level: 2 (10)          0.00        0.00           1        0.00100        0.00000
Recurse level: 3 (10)          0.00        0.00           1        0.00100        0.00000
Recurse level: 4 (10)          0.00        0.00           1        0.00100        0.00000
Recurse level: 5 (20)          0.00        0.00           1        0.00100        0.00000
Recurse level: 6 (20)          0.00        0.01           1        0.00200        0.01000
Recurse level: 7 (20)          0.00        0.00           1        0.00200        0.00000
Recurse level: 8 (30)          0.00        0.00           1        0.00200        0.00000
Recurse level: 9 (60)          0.00        0.00           1        0.00400        0.00000
Recurse level: 10 (100)        0.21        0.22           1        0.21300        0.22000
Recurse level: 11 (130)        0.01        0.01           1        0.00800        0.01000
Recurse level: 12 (130)        0.01        0.01           1        0.00600        0.01000
(Other)                        0.00        0.00           1        0.00000        0.00000
-----------------------  ----------  ----------  ----------  -------------  -------------
Total                          0.24        0.25          13        0.01869        0.01923
-----------------------  ----------  ----------  ----------  -------------  -------------
[Timer timed (per call in ms): Elapsed: 0.00877, CPU: 0.00789]
SQL_ID  3s128ufk13m2r, child number 0
-------------------------------------
WITH PATH_JOIN AS ( SELECT /*+ gather_plan_statistics ARRAY_RECURSE */
ROW_NUMBER() OVER (PARTITION BY TRW.CATS_PATH || IRK.CAT_ID ORDER BY
TRW.TOT_VALUE + IRK.ITEM_VALUE DESC, TRW.TOT_PRICE + IRK.ITEM_PRICE)
PATH_RNK, IRK.ITEM_RNK, TRW.LEV + 1 LEV, TRW.TOT_PRICE + IRK.ITEM_PRICE
TOT_PRICE, TRW.TOT_VALUE + IRK.ITEM_VALUE TOT_VALUE, IRK.CAT_ID,
IRK.NEXT_CAT_ID, CASE IRK.CAT_ID WHEN TRW.CAT_ID THEN TRW.SAME_CATS + 1
ELSE 1 END SAME_CATS, IRK.MIN_ITEMS, TRW.CATS_PATH || IRK.CAT_ID
CATS_PATH, TRW.PATH || IRK.ITEM_ID PATH FROM
ITEM_CAT_SEQS.ARRAY_RECURSE(P_TIMER_SET => :B1 , P_LEV => NVL(:B2 , :B3
) - 1) TRW JOIN ITEMS_RANKED IRK ON IRK.ITEM_RNK BETWEEN (TRW.ITEM_RNK
+ 1) AND (IRK.N_ITEMS - (:B3 - TRW.LEV - 1)) WHERE TRW.TOT_PRICE +
IRK.ITEM_PRICE + :B7 <= :B6 AND TRW.TOT_VALUE + IRK.ITEM_VALUE + :B5 >=
:B4 AND TRW.LEV < :B3 AND CASE IRK.CAT_ID WHEN TRW.CAT_ID THEN
TRW.SAME_CATS + 1 ELSE 1 END <= IRK.MAX_ITEMS AND :B3 - (TRW.LEV + 1) +
LEAST(CASE IRK.CAT_ID WHEN TRW.CAT_ID THEN TRW.SAME_CAT
Plan hash value: 126142719
--------------------------------------------------------------------------------------------------------------------------------------------------
| Id  | Operation                              | Name               | Starts | E-Rows | A-Rows |   A-Time   | Buffers |  OMem |  1Mem | Used-Mem |
--------------------------------------------------------------------------------------------------------------------------------------------------
|   0 | SELECT STATEMENT                       |                    |      1 |        |    102 |00:00:00.01 |      11 |       |       |          |
|*  1 |  VIEW                                  |                    |      1 |      1 |    102 |00:00:00.01 |      11 |       |       |          |
|   2 |   WINDOW SORT                          |                    |      1 |      1 |    682 |00:00:00.01 |      11 |   214K|   214K|  190K (0)|
|   3 |    MERGE JOIN                          |                    |      1 |      1 |    682 |00:00:00.01 |      11 |       |       |          |
|   4 |     SORT JOIN                          |                    |      1 |    114 |    114 |00:00:00.01 |       1 | 18432 | 18432 |16384  (0)|
|   5 |      INDEX FULL SCAN                   | SYS_IOT_TOP_177061 |      1 |    114 |    114 |00:00:00.01 |       1 |       |       |          |
|*  6 |     FILTER                             |                    |    114 |        |    682 |00:00:00.01 |      10 |       |       |          |
|*  7 |      SORT JOIN                         |                    |    114 |    408 |   1921 |00:00:00.01 |      10 | 13312 | 13312 |12288  (0)|
|*  8 |       COLLECTION ITERATOR PICKLER FETCH| ARRAY_RECURSE      |      1 |    408 |     66 |00:00:00.01 |      10 |       |       |          |
--------------------------------------------------------------------------------------------------------------------------------------------------
Predicate Information (identified by operation id):
---------------------------------------------------
1 - filter(("PATH_RNK"<=:B8 OR :B8=0))
6 - filter((VALUE(KOKBF$)+"IRK"."ITEM_PRICE"+:B7<=:B6 AND VALUE(KOKBF$)+"IRK"."ITEM_VALUE"+:B5>=:B4 AND
"IRK"."ITEM_RNK"<="IRK"."N_ITEMS"-(:B3-VALUE(KOKBF$)-1) AND ("IRK"."CAT_ID"=VALUE(KOKBF$) OR
"IRK"."CAT_ID"=NVL(VALUE(KOKBF$),"IRK"."CAT_ID")) AND "IRK"."MAX_ITEMS">=CASE "IRK"."CAT_ID" WHEN VALUE(KOKBF$) THEN VALUE(KOKBF$)+1 ELSE
1 END  AND ("IRK"."CAT_ID"=VALUE(KOKBF$) OR VALUE(KOKBF$)>=VALUE(KOKBF$)) AND "IRK"."MIN_REMAIN"<=:B3-(VALUE(KOKBF$)+1)+LEAST(CASE
"IRK"."CAT_ID" WHEN VALUE(KOKBF$) THEN VALUE(KOKBF$)+1 ELSE 1 END ,"IRK"."MIN_ITEMS")))
7 - access(INTERNAL_FUNCTION("IRK"."ITEM_RNK")>=VALUE(KOKBF$)+1)
filter(INTERNAL_FUNCTION("IRK"."ITEM_RNK")>=VALUE(KOKBF$)+1)
8 - filter(VALUE(KOKBF$)<:B3)
Note
-----
- dynamic statistics used: dynamic sampling (level=2)
Timer Set: Array_Recurse, Constructed at 09 Jun 2024 23:05:40, written at 23:05:40
==================================================================================
Timer                       Elapsed         CPU       Calls       Ela/Call       CPU/Call
-----------------------  ----------  ----------  ----------  -------------  -------------
Recurse level: 1 (3)           0.00        0.00           1        0.00200        0.00000
Recurse level: 2 (9)           0.00        0.00           1        0.00000        0.00000
Recurse level: 3 (30)          0.00        0.00           1        0.00100        0.00000
Recurse level: 4 (30)          0.00        0.01           1        0.00100        0.01000
Recurse level: 5 (47)          0.00        0.00           1        0.00200        0.00000
Recurse level: 6 (60)          0.00        0.00           1        0.00200        0.00000
Recurse level: 7 (51)          0.00        0.00           1        0.00200        0.00000
Recurse level: 8 (32)          0.00        0.00           1        0.00100        0.00000
Recurse level: 9 (66)          0.00        0.00           1        0.00200        0.00000
Recurse level: 10 (102)        0.21        0.21           1        0.21400        0.21000
Recurse level: 11 (84)         0.00        0.00           1        0.00200        0.00000
Recurse level: 12 (12)         0.00        0.00           1        0.00200        0.00000
(Other)                        0.00        0.00           1        0.00000        0.00000
-----------------------  ----------  ----------  ----------  -------------  -------------
Total                          0.23        0.22          13        0.01777        0.01692
-----------------------  ----------  ----------  ----------  -------------  -------------
[Timer timed (per call in ms): Elapsed: 0.00862, CPU: 0.01034]
Timer Set: Iteratively_Refine_Recurse, Constructed at 09 Jun 2024 23:05:40, written at 23:05:40
===============================================================================================
Timer                                               Elapsed         CPU       Calls       Ela/Call       CPU/Call
-----------------------------------------------  ----------  ----------  ----------  -------------  -------------
set_Globals 1: MIN_VALUE / KEEP_NUM = 0 / 10           0.00        0.00           1        0.00000        0.00000
SELECT 1: MIN_VALUE / KEEP_NUM = 10748 / 10            0.35        0.35           1        0.34800        0.35000
set_Globals: MIN_VALUE / KEEP_NUM = 10748 / 30         0.00        0.00           1        0.00000        0.00000
Pipe 12 rows: MIN_VALUE / KEEP_NUM = 10748 / 30        0.33        0.34           1        0.33400        0.34000
(Other)                                                0.00        0.00           1        0.00000        0.00000
-----------------------------------------------  ----------  ----------  ----------  -------------  -------------
Total                                                  0.68        0.69           5        0.13640        0.13800
-----------------------------------------------  ----------  ----------  ----------  -------------  -------------
[Timer timed (per call in ms): Elapsed: 0.00901, CPU: 0.00721]
Elapsed: 00:00:00.79

PL/SQL procedure successfully completed.

Elapsed: 00:00:00.00
old   2:      Item_Cat_Seqs.Init_Loop(p_keep_start      => &KEEP_START,
new   2:      Item_Cat_Seqs.Init_Loop(p_keep_start      => 10,
old   3:                              p_keep_factor     => &KEEP_FACTOR);
new   3:                              p_keep_factor     => 3);
11 running sums

PL/SQL procedure successfully completed.

Elapsed: 00:00:00.00
Iteratively_Refine_Recurse - item level

Total Value Total Price  Rank Position Item Player                              Value      Price
----------- ----------- ----- -------- ---- ------------------------------ ---------- ----------
      10923       18176     1 CO       078  Jaime De AlMFda                       803       1156
                              GK       022  Wilson                                794       1239
                              CB       098  Digão                                 927        931
                                       099  Samir                                 680        267
                              MF       058  Fred                                  892       3028
                                       059  Zé Roberto                            878       2593
                                       060  Otavinho                              807        762
                              FW       001  Éderson                              1012       1712
                                       002  Maxi Biancucchi                      1005       1962
                                       003  Rafael Sobis                          955       2303
                              WB       038  Ivan                                 1320        755
                                       039  Elsinho                               850       1468
      10905       18795     2 CO       078  Jaime De AlMFda                       803       1156
                              GK       023  Vanderlei                             776       1858
                              CB       098  Digão                                 927        931
                                       099  Samir                                 680        267
                              MF       058  Fred                                  892       3028
                                       059  Zé Roberto                            878       2593
                                       060  Otavinho                              807        762
                              FW       001  Éderson                              1012       1712
                                       002  Maxi Biancucchi                      1005       1962
                                       003  Rafael Sobis                          955       2303
                              WB       038  Ivan                                 1320        755
                                       039  Elsinho                               850       1468
      10833       18994     3 CO       078  Jaime De AlMFda                       803       1156
                              GK       022  Wilson                                794       1239
                              CB       098  Digão                                 927        931
                                       102  Bressan                               590       1085
                              MF       058  Fred                                  892       3028
                                       059  Zé Roberto                            878       2593
                                       060  Otavinho                              807        762
                              FW       001  Éderson                              1012       1712
                                       002  Maxi Biancucchi                      1005       1962
                                       003  Rafael Sobis                          955       2303
                              WB       038  Ivan                                 1320        755
                                       039  Elsinho                               850       1468
      10825       18190     4 CO       078  Jaime De AlMFda                       803       1156
                              GK       022  Wilson                                794       1239
                              CB       098  Digão                                 927        931
                                       099  Samir                                 680        267
                              MF       058  Fred                                  892       3028
                                       059  Zé Roberto                            878       2593
                                       060  Otavinho                              807        762
                              FW       001  Éderson                              1012       1712
                                       002  Maxi Biancucchi                      1005       1962
                                       003  Rafael Sobis                          955       2303
                              WB       038  Ivan                                 1320        755
                                       040  Egídio                                752       1482
      10807       18809     5 CO       078  Jaime De AlMFda                       803       1156
                              GK       023  Vanderlei                             776       1858
                              CB       098  Digão                                 927        931
                                       099  Samir                                 680        267
                              MF       058  Fred                                  892       3028
                                       059  Zé Roberto                            878       2593
                                       060  Otavinho                              807        762
                              FW       001  Éderson                              1012       1712
                                       002  Maxi Biancucchi                      1005       1962
                                       003  Rafael Sobis                          955       2303
                              WB       038  Ivan                                 1320        755
                                       040  Egídio                                752       1482
      10790       17201     6 CO       078  Jaime De AlMFda                       803       1156
                              GK       022  Wilson                                794       1239
                              CB       098  Digão                                 927        931
                                       099  Samir                                 680        267
                              MF       058  Fred                                  892       3028
                                       059  Zé Roberto                            878       2593
                                       060  Otavinho                              807        762
                              FW       001  Éderson                              1012       1712
                                       002  Maxi Biancucchi                      1005       1962
                                       004  Fernandão                             822       1328
                              WB       038  Ivan                                 1320        755
                                       039  Elsinho                               850       1468
                  18052     7 CO       078  Jaime De AlMFda                       803       1156
                              GK       021  Fábio                                 794       2090
                              CB       098  Digão                                 927        931
                                       099  Samir                                 680        267
                              MF       058  Fred                                  892       3028
                                       059  Zé Roberto                            878       2593
                                       060  Otavinho                              807        762
                              FW       001  Éderson                              1012       1712
                                       002  Maxi Biancucchi                      1005       1962
                                       004  Fernandão                             822       1328
                              WB       038  Ivan                                 1320        755
                                       039  Elsinho                               850       1468
      10772       17820     8 CO       078  Jaime De AlMFda                       803       1156
                              GK       023  Vanderlei                             776       1858
                              CB       098  Digão                                 927        931
                                       099  Samir                                 680        267
                              MF       058  Fred                                  892       3028
                                       059  Zé Roberto                            878       2593
                                       060  Otavinho                              807        762
                              FW       001  Éderson                              1012       1712
                                       002  Maxi Biancucchi                      1005       1962
                                       004  Fernandão                             822       1328
                              WB       038  Ivan                                 1320        755
                                       039  Elsinho                               850       1468
      10766       17948     9 CO       078  Jaime De AlMFda                       803       1156
                              GK       022  Wilson                                794       1239
                              CB       098  Digão                                 927        931
                                       099  Samir                                 680        267
                              MF       058  Fred                                  892       3028
                                       059  Zé Roberto                            878       2593
                                       060  Otavinho                              807        762
                              FW       001  Éderson                              1012       1712
                                       002  Maxi Biancucchi                      1005       1962
                                       003  Rafael Sobis                          955       2303
                              WB       038  Ivan                                 1320        755
                                       041  Carlinhos                             693       1240
                  18799    10 CO       078  Jaime De AlMFda                       803       1156
                              GK       021  Fábio                                 794       2090
                              CB       098  Digão                                 927        931
                                       099  Samir                                 680        267
                              MF       058  Fred                                  892       3028
                                       059  Zé Roberto                            878       2593
                                       060  Otavinho                              807        762
                              FW       001  Éderson                              1012       1712
                                       002  Maxi Biancucchi                      1005       1962
                                       003  Rafael Sobis                          955       2303
                              WB       038  Ivan                                 1320        755
                                       041  Carlinhos                             693       1240

120 rows selected.

SQL_ID  3s128ufk13m2r, child number 0
-------------------------------------
WITH PATH_JOIN AS ( SELECT /*+ gather_plan_statistics ARRAY_RECURSE */
ROW_NUMBER() OVER (PARTITION BY TRW.CATS_PATH || IRK.CAT_ID ORDER BY
TRW.TOT_VALUE + IRK.ITEM_VALUE DESC, TRW.TOT_PRICE + IRK.ITEM_PRICE)
PATH_RNK, IRK.ITEM_RNK, TRW.LEV + 1 LEV, TRW.TOT_PRICE + IRK.ITEM_PRICE
TOT_PRICE, TRW.TOT_VALUE + IRK.ITEM_VALUE TOT_VALUE, IRK.CAT_ID,
IRK.NEXT_CAT_ID, CASE IRK.CAT_ID WHEN TRW.CAT_ID THEN TRW.SAME_CATS + 1
ELSE 1 END SAME_CATS, IRK.MIN_ITEMS, TRW.CATS_PATH || IRK.CAT_ID
CATS_PATH, TRW.PATH || IRK.ITEM_ID PATH FROM
ITEM_CAT_SEQS.ARRAY_RECURSE(P_TIMER_SET => :B1 , P_LEV => NVL(:B2 , :B3
) - 1) TRW JOIN ITEMS_RANKED IRK ON IRK.ITEM_RNK BETWEEN (TRW.ITEM_RNK
+ 1) AND (IRK.N_ITEMS - (:B3 - TRW.LEV - 1)) WHERE TRW.TOT_PRICE +
IRK.ITEM_PRICE + :B7 <= :B6 AND TRW.TOT_VALUE + IRK.ITEM_VALUE + :B5 >=
:B4 AND TRW.LEV < :B3 AND CASE IRK.CAT_ID WHEN TRW.CAT_ID THEN
TRW.SAME_CATS + 1 ELSE 1 END <= IRK.MAX_ITEMS AND :B3 - (TRW.LEV + 1) +
LEAST(CASE IRK.CAT_ID WHEN TRW.CAT_ID THEN TRW.SAME_CAT
Plan hash value: 126142719
--------------------------------------------------------------------------------------------------------------------------------------------------
| Id  | Operation                              | Name               | Starts | E-Rows | A-Rows |   A-Time   | Buffers |  OMem |  1Mem | Used-Mem |
--------------------------------------------------------------------------------------------------------------------------------------------------
|   0 | SELECT STATEMENT                       |                    |      1 |        |    100 |00:00:00.02 |      11 |       |       |          |
|*  1 |  VIEW                                  |                    |      1 |      1 |    100 |00:00:00.02 |      11 |       |       |          |
|   2 |   WINDOW SORT                          |                    |      1 |      1 |   1800 |00:00:00.02 |      11 |   549K|   457K|  487K (0)|
|   3 |    MERGE JOIN                          |                    |      1 |      1 |   1800 |00:00:00.02 |      11 |       |       |          |
|   4 |     SORT JOIN                          |                    |      1 |    114 |    114 |00:00:00.01 |       1 | 18432 | 18432 |16384  (0)|
|   5 |      INDEX FULL SCAN                   | SYS_IOT_TOP_177061 |      1 |    114 |    114 |00:00:00.01 |       1 |       |       |          |
|*  6 |     FILTER                             |                    |    114 |        |   1800 |00:00:00.02 |      10 |       |       |          |
|*  7 |      SORT JOIN                         |                    |    114 |    408 |   2435 |00:00:00.02 |      10 |  9216 |  9216 | 8192  (0)|
|*  8 |       COLLECTION ITERATOR PICKLER FETCH| ARRAY_RECURSE      |      1 |    408 |     60 |00:00:00.02 |      10 |       |       |          |
--------------------------------------------------------------------------------------------------------------------------------------------------
Predicate Information (identified by operation id):
---------------------------------------------------
1 - filter(("PATH_RNK"<=:B8 OR :B8=0))
6 - filter((VALUE(KOKBF$)+"IRK"."ITEM_PRICE"+:B7<=:B6 AND VALUE(KOKBF$)+"IRK"."ITEM_VALUE"+:B5>=:B4 AND
"IRK"."ITEM_RNK"<="IRK"."N_ITEMS"-(:B3-VALUE(KOKBF$)-1) AND ("IRK"."CAT_ID"=VALUE(KOKBF$) OR
"IRK"."CAT_ID"=NVL(VALUE(KOKBF$),"IRK"."CAT_ID")) AND "IRK"."MAX_ITEMS">=CASE "IRK"."CAT_ID" WHEN VALUE(KOKBF$) THEN VALUE(KOKBF$)+1 ELSE
1 END  AND ("IRK"."CAT_ID"=VALUE(KOKBF$) OR VALUE(KOKBF$)>=VALUE(KOKBF$)) AND "IRK"."MIN_REMAIN"<=:B3-(VALUE(KOKBF$)+1)+LEAST(CASE
"IRK"."CAT_ID" WHEN VALUE(KOKBF$) THEN VALUE(KOKBF$)+1 ELSE 1 END ,"IRK"."MIN_ITEMS")))
7 - access(INTERNAL_FUNCTION("IRK"."ITEM_RNK")>=VALUE(KOKBF$)+1)
filter(INTERNAL_FUNCTION("IRK"."ITEM_RNK")>=VALUE(KOKBF$)+1)
8 - filter(VALUE(KOKBF$)<:B3)
Note
-----
- dynamic statistics used: dynamic sampling (level=2)
Timer Set: Array_Recurse, Constructed at 09 Jun 2024 23:05:40, written at 23:05:41
==================================================================================
Timer                       Elapsed         CPU       Calls       Ela/Call       CPU/Call
-----------------------  ----------  ----------  ----------  -------------  -------------
Recurse level: 1 (10)          0.00        0.00           1        0.00100        0.00000
Recurse level: 2 (10)          0.00        0.00           1        0.00200        0.00000
Recurse level: 3 (10)          0.00        0.00           1        0.00100        0.00000
Recurse level: 4 (10)          0.00        0.00           1        0.00100        0.00000
Recurse level: 5 (20)          0.00        0.00           1        0.00100        0.00000
Recurse level: 6 (20)          0.00        0.01           1        0.00200        0.01000
Recurse level: 7 (20)          0.00        0.00           1        0.00200        0.00000
Recurse level: 8 (30)          0.00        0.00           1        0.00200        0.00000
Recurse level: 9 (60)          0.00        0.00           1        0.00300        0.00000
Recurse level: 10 (100)        0.22        0.23           1        0.21700        0.23000
Recurse level: 11 (130)        0.01        0.01           1        0.00700        0.01000
Recurse level: 12 (130)        0.01        0.01           1        0.00600        0.01000
(Other)                        0.00        0.00           1        0.00000        0.00000
-----------------------  ----------  ----------  ----------  -------------  -------------
Total                          0.25        0.26          13        0.01885        0.02000
-----------------------  ----------  ----------  ----------  -------------  -------------
[Timer timed (per call in ms): Elapsed: 0.00862, CPU: 0.00862]
SQL_ID  3s128ufk13m2r, child number 0
-------------------------------------
WITH PATH_JOIN AS ( SELECT /*+ gather_plan_statistics ARRAY_RECURSE */
ROW_NUMBER() OVER (PARTITION BY TRW.CATS_PATH || IRK.CAT_ID ORDER BY
TRW.TOT_VALUE + IRK.ITEM_VALUE DESC, TRW.TOT_PRICE + IRK.ITEM_PRICE)
PATH_RNK, IRK.ITEM_RNK, TRW.LEV + 1 LEV, TRW.TOT_PRICE + IRK.ITEM_PRICE
TOT_PRICE, TRW.TOT_VALUE + IRK.ITEM_VALUE TOT_VALUE, IRK.CAT_ID,
IRK.NEXT_CAT_ID, CASE IRK.CAT_ID WHEN TRW.CAT_ID THEN TRW.SAME_CATS + 1
ELSE 1 END SAME_CATS, IRK.MIN_ITEMS, TRW.CATS_PATH || IRK.CAT_ID
CATS_PATH, TRW.PATH || IRK.ITEM_ID PATH FROM
ITEM_CAT_SEQS.ARRAY_RECURSE(P_TIMER_SET => :B1 , P_LEV => NVL(:B2 , :B3
) - 1) TRW JOIN ITEMS_RANKED IRK ON IRK.ITEM_RNK BETWEEN (TRW.ITEM_RNK
+ 1) AND (IRK.N_ITEMS - (:B3 - TRW.LEV - 1)) WHERE TRW.TOT_PRICE +
IRK.ITEM_PRICE + :B7 <= :B6 AND TRW.TOT_VALUE + IRK.ITEM_VALUE + :B5 >=
:B4 AND TRW.LEV < :B3 AND CASE IRK.CAT_ID WHEN TRW.CAT_ID THEN
TRW.SAME_CATS + 1 ELSE 1 END <= IRK.MAX_ITEMS AND :B3 - (TRW.LEV + 1) +
LEAST(CASE IRK.CAT_ID WHEN TRW.CAT_ID THEN TRW.SAME_CAT
Plan hash value: 126142719
--------------------------------------------------------------------------------------------------------------------------------------------------
| Id  | Operation                              | Name               | Starts | E-Rows | A-Rows |   A-Time   | Buffers |  OMem |  1Mem | Used-Mem |
--------------------------------------------------------------------------------------------------------------------------------------------------
|   0 | SELECT STATEMENT                       |                    |      1 |        |    102 |00:00:00.01 |      11 |       |       |          |
|*  1 |  VIEW                                  |                    |      1 |      1 |    102 |00:00:00.01 |      11 |       |       |          |
|   2 |   WINDOW SORT                          |                    |      1 |      1 |    682 |00:00:00.01 |      11 |   214K|   214K|  190K (0)|
|   3 |    MERGE JOIN                          |                    |      1 |      1 |    682 |00:00:00.01 |      11 |       |       |          |
|   4 |     SORT JOIN                          |                    |      1 |    114 |    114 |00:00:00.01 |       1 | 18432 | 18432 |16384  (0)|
|   5 |      INDEX FULL SCAN                   | SYS_IOT_TOP_177061 |      1 |    114 |    114 |00:00:00.01 |       1 |       |       |          |
|*  6 |     FILTER                             |                    |    114 |        |    682 |00:00:00.01 |      10 |       |       |          |
|*  7 |      SORT JOIN                         |                    |    114 |    408 |   1921 |00:00:00.01 |      10 | 13312 | 13312 |12288  (0)|
|*  8 |       COLLECTION ITERATOR PICKLER FETCH| ARRAY_RECURSE      |      1 |    408 |     66 |00:00:00.01 |      10 |       |       |          |
--------------------------------------------------------------------------------------------------------------------------------------------------
Predicate Information (identified by operation id):
---------------------------------------------------
1 - filter(("PATH_RNK"<=:B8 OR :B8=0))
6 - filter((VALUE(KOKBF$)+"IRK"."ITEM_PRICE"+:B7<=:B6 AND VALUE(KOKBF$)+"IRK"."ITEM_VALUE"+:B5>=:B4 AND
"IRK"."ITEM_RNK"<="IRK"."N_ITEMS"-(:B3-VALUE(KOKBF$)-1) AND ("IRK"."CAT_ID"=VALUE(KOKBF$) OR
"IRK"."CAT_ID"=NVL(VALUE(KOKBF$),"IRK"."CAT_ID")) AND "IRK"."MAX_ITEMS">=CASE "IRK"."CAT_ID" WHEN VALUE(KOKBF$) THEN VALUE(KOKBF$)+1 ELSE
1 END  AND ("IRK"."CAT_ID"=VALUE(KOKBF$) OR VALUE(KOKBF$)>=VALUE(KOKBF$)) AND "IRK"."MIN_REMAIN"<=:B3-(VALUE(KOKBF$)+1)+LEAST(CASE
"IRK"."CAT_ID" WHEN VALUE(KOKBF$) THEN VALUE(KOKBF$)+1 ELSE 1 END ,"IRK"."MIN_ITEMS")))
7 - access(INTERNAL_FUNCTION("IRK"."ITEM_RNK")>=VALUE(KOKBF$)+1)
filter(INTERNAL_FUNCTION("IRK"."ITEM_RNK")>=VALUE(KOKBF$)+1)
8 - filter(VALUE(KOKBF$)<:B3)
Note
-----
- dynamic statistics used: dynamic sampling (level=2)
Timer Set: Array_Recurse, Constructed at 09 Jun 2024 23:05:41, written at 23:05:41
==================================================================================
Timer                       Elapsed         CPU       Calls       Ela/Call       CPU/Call
-----------------------  ----------  ----------  ----------  -------------  -------------
Recurse level: 1 (3)           0.00        0.00           1        0.00200        0.00000
Recurse level: 2 (9)           0.00        0.00           1        0.00000        0.00000
Recurse level: 3 (30)          0.00        0.00           1        0.00100        0.00000
Recurse level: 4 (30)          0.00        0.00           1        0.00100        0.00000
Recurse level: 5 (47)          0.00        0.01           1        0.00200        0.01000
Recurse level: 6 (60)          0.00        0.00           1        0.00200        0.00000
Recurse level: 7 (51)          0.00        0.00           1        0.00200        0.00000
Recurse level: 8 (32)          0.00        0.00           1        0.00100        0.00000
Recurse level: 9 (66)          0.00        0.00           1        0.00200        0.00000
Recurse level: 10 (102)        0.22        0.19           1        0.21800        0.19000
Recurse level: 11 (84)         0.00        0.00           1        0.00300        0.00000
Recurse level: 12 (12)         0.00        0.00           1        0.00100        0.00000
(Other)                        0.00        0.00           1        0.00000        0.00000
-----------------------  ----------  ----------  ----------  -------------  -------------
Total                          0.24        0.20          13        0.01808        0.01538
-----------------------  ----------  ----------  ----------  -------------  -------------
[Timer timed (per call in ms): Elapsed: 0.00885, CPU: 0.00973]
Timer Set: Iteratively_Refine_Recurse, Constructed at 09 Jun 2024 23:05:40, written at 23:05:41
===============================================================================================
Timer                                               Elapsed         CPU       Calls       Ela/Call       CPU/Call
-----------------------------------------------  ----------  ----------  ----------  -------------  -------------
set_Globals 1: MIN_VALUE / KEEP_NUM = 0 / 10           0.00        0.00           1        0.00100        0.00000
SELECT 1: MIN_VALUE / KEEP_NUM = 10748 / 10            0.35        0.36           1        0.34600        0.36000
set_Globals: MIN_VALUE / KEEP_NUM = 10748 / 30         0.00        0.00           1        0.00000        0.00000
Pipe 12 rows: MIN_VALUE / KEEP_NUM = 10748 / 30        0.34        0.31           1        0.33500        0.31000
(Other)                                                0.00        0.00           1        0.00000        0.00000
-----------------------------------------------  ----------  ----------  ----------  -------------  -------------
Total                                                  0.68        0.67           5        0.13640        0.13400
-----------------------------------------------  ----------  ----------  ----------  -------------  -------------
[Timer timed (per call in ms): Elapsed: 0.01099, CPU: 0.00879]
Elapsed: 00:00:00.79

PL/SQL procedure successfully completed.

Elapsed: 00:00:00.00
Pop_Table_Iterate
old   2:   Item_Cat_Seqs.Iteratively_Refine_Iterate(p_keep_start      => &KEEP_START,
new   2:   Item_Cat_Seqs.Iteratively_Refine_Iterate(p_keep_start      => 10,
old   3:                                            p_keep_factor     => &KEEP_FACTOR);
new   3:                                            p_keep_factor     => 3);
11 running sums
SQL_ID  323bar13mrwwy, child number 0
-------------------------------------
INSERT /*+ gather_plan_statistics INSERT_PATHS */ INTO PATHS (
PATH_RNK, ITEM_RNK, LEV, TOT_PRICE, TOT_VALUE, CAT_ID, NEXT_CAT_ID,
SAME_CATS, MIN_ITEMS, CATS_PATH, PATH ) WITH PATH_JOIN AS ( SELECT
ROW_NUMBER() OVER (PARTITION BY TRW.CATS_PATH || IRK.CAT_ID ORDER BY
TRW.TOT_VALUE + IRK.ITEM_VALUE DESC, TRW.TOT_PRICE + IRK.ITEM_PRICE)
PATH_RNK, IRK.ITEM_RNK, :B6 LEV, TRW.TOT_PRICE + IRK.ITEM_PRICE
TOT_PRICE, TRW.TOT_VALUE + IRK.ITEM_VALUE TOT_VALUE, IRK.CAT_ID,
IRK.NEXT_CAT_ID, CASE IRK.CAT_ID WHEN TRW.CAT_ID THEN TRW.SAME_CATS + 1
ELSE 1 END SAME_CATS, IRK.MIN_ITEMS, TRW.CATS_PATH || IRK.CAT_ID
CATS_PATH, TRW.PATH || IRK.ITEM_ID PATH FROM PATHS TRW JOIN
ITEMS_RANKED IRK ON IRK.ITEM_RNK BETWEEN (TRW.ITEM_RNK + 1) AND
(IRK.N_ITEMS - (:B1 - TRW.LEV - 1)) WHERE TRW.TOT_PRICE +
IRK.ITEM_PRICE + :B5 <= :B4 AND TRW.TOT_VALUE + IRK.ITEM_VALUE + :B3 >=
:B2 AND TRW.LEV < :B1 AND CASE IRK.CAT_ID WHEN TRW.CAT_ID THEN
TRW.SAME_CATS + 1 ELSE 1 END <= IRK.MAX_ITEMS AND :B1 - (TRW.LEV + 1) +
LEAST(CAS
Plan hash value: 1624134837
------------------------------------------------------------------------------------------------------------------------------------
| Id  | Operation                | Name               | Starts | E-Rows | A-Rows |   A-Time   | Buffers |  OMem |  1Mem | Used-Mem |
------------------------------------------------------------------------------------------------------------------------------------
|   0 | INSERT STATEMENT         |                    |      1 |        |      0 |00:00:00.01 |      17 |       |       |          |
|   1 |  LOAD TABLE CONVENTIONAL | PATHS              |      1 |        |      0 |00:00:00.01 |      17 |       |       |          |
|*  2 |   VIEW                   |                    |      1 |      1 |    100 |00:00:00.01 |       7 |       |       |          |
|   3 |    WINDOW SORT           |                    |      1 |      1 |   1800 |00:00:00.01 |       7 |   478K|   448K|  424K (0)|
|   4 |     NESTED LOOPS         |                    |      1 |      1 |   1800 |00:00:00.01 |       7 |       |       |          |
|*  5 |      TABLE ACCESS FULL   | PATHS              |      1 |      1 |     60 |00:00:00.01 |       4 |       |       |          |
|*  6 |      INDEX RANGE SCAN    | SYS_IOT_TOP_177061 |     60 |      1 |   1800 |00:00:00.01 |       3 |       |       |          |
------------------------------------------------------------------------------------------------------------------------------------
Predicate Information (identified by operation id):
---------------------------------------------------
2 - filter(("PATH_RNK"<=:B7 OR :B7=0))
5 - filter("TRW"."LEV"<:B1)
6 - access("IRK"."ITEM_RNK">="TRW"."ITEM_RNK"+1)
filter(("TRW"."TOT_PRICE"+"IRK"."ITEM_PRICE"+:B5<=:B4 AND "TRW"."TOT_VALUE"+"IRK"."ITEM_VALUE"+:B3>=:B2 AND
"IRK"."ITEM_RNK"<="IRK"."N_ITEMS"-(:B1-"TRW"."LEV"-1) AND "IRK"."MAX_ITEMS">=CASE "IRK"."CAT_ID" WHEN "TRW"."CAT_ID" THEN
"TRW"."SAME_CATS"+1 ELSE 1 END  AND "IRK"."MIN_REMAIN"<=:B1-("TRW"."LEV"+1)+LEAST(CASE "IRK"."CAT_ID" WHEN "TRW"."CAT_ID"
THEN "TRW"."SAME_CATS"+1 ELSE 1 END ,"IRK"."MIN_ITEMS") AND ("IRK"."CAT_ID"="TRW"."CAT_ID" OR
"TRW"."SAME_CATS">="TRW"."MIN_ITEMS") AND ("IRK"."CAT_ID"="TRW"."CAT_ID" OR
"IRK"."CAT_ID"=NVL("TRW"."NEXT_CAT_ID","IRK"."CAT_ID"))))
Note
-----
- dynamic statistics used: dynamic sampling (level=2)
Timer Set: Pop_Table_Iterate, Constructed at 09 Jun 2024 23:05:41, written at 23:05:41
======================================================================================
Timer                     Elapsed         CPU       Calls       Ela/Call       CPU/Call
---------------------  ----------  ----------  ----------  -------------  -------------
Initial delete (0)           0.00        0.00           1        0.00300        0.00000
Initial insert (1)           0.00        0.00           1        0.00000        0.00000
Insert paths 1 (10)          0.00        0.00           1        0.00100        0.00000
Delete paths 1 (1)           0.00        0.00           1        0.00000        0.00000
Insert paths 2 (10)          0.00        0.00           1        0.00100        0.00000
Delete paths 2 (10)          0.00        0.00           1        0.00000        0.00000
Insert paths 3 (10)          0.00        0.00           1        0.00100        0.00000
Delete paths 3 (10)          0.00        0.00           1        0.00000        0.00000
Insert paths 4 (10)          0.00        0.00           1        0.00100        0.00000
Delete paths 4 (10)          0.00        0.00           1        0.00000        0.00000
Insert paths 5 (20)          0.00        0.00           1        0.00100        0.00000
Delete paths 5 (10)          0.00        0.00           1        0.00100        0.00000
Insert paths 6 (20)          0.00        0.00           1        0.00100        0.00000
Delete paths 6 (20)          0.00        0.00           1        0.00000        0.00000
Insert paths 7 (20)          0.00        0.00           1        0.00200        0.00000
Delete paths 7 (20)          0.00        0.00           1        0.00000        0.00000
Insert paths 8 (30)          0.00        0.00           1        0.00200        0.00000
Delete paths 8 (20)          0.00        0.00           1        0.00000        0.00000
Insert paths 9 (60)          0.00        0.01           1        0.00300        0.01000
Delete paths 9 (30)          0.00        0.00           1        0.00000        0.00000
Insert paths 10 (100)        0.22        0.19           1        0.22400        0.19000
Delete paths 10 (60)         0.00        0.00           1        0.00100        0.00000
Insert paths 11 (130)        0.01        0.01           1        0.00500        0.01000
Delete paths 11 (100)        0.00        0.00           1        0.00000        0.00000
Insert paths 12 (130)        0.00        0.00           1        0.00400        0.00000
Delete paths 12 (130)        0.00        0.00           1        0.00100        0.00000
(Other)                      0.00        0.00           1        0.00000        0.00000
---------------------  ----------  ----------  ----------  -------------  -------------
Total                        0.25        0.21          27        0.00933        0.00778
---------------------  ----------  ----------  ----------  -------------  -------------
[Timer timed (per call in ms): Elapsed: 0.00901, CPU: 0.00991]
SQL_ID  323bar13mrwwy, child number 0
-------------------------------------
INSERT /*+ gather_plan_statistics INSERT_PATHS */ INTO PATHS (
PATH_RNK, ITEM_RNK, LEV, TOT_PRICE, TOT_VALUE, CAT_ID, NEXT_CAT_ID,
SAME_CATS, MIN_ITEMS, CATS_PATH, PATH ) WITH PATH_JOIN AS ( SELECT
ROW_NUMBER() OVER (PARTITION BY TRW.CATS_PATH || IRK.CAT_ID ORDER BY
TRW.TOT_VALUE + IRK.ITEM_VALUE DESC, TRW.TOT_PRICE + IRK.ITEM_PRICE)
PATH_RNK, IRK.ITEM_RNK, :B6 LEV, TRW.TOT_PRICE + IRK.ITEM_PRICE
TOT_PRICE, TRW.TOT_VALUE + IRK.ITEM_VALUE TOT_VALUE, IRK.CAT_ID,
IRK.NEXT_CAT_ID, CASE IRK.CAT_ID WHEN TRW.CAT_ID THEN TRW.SAME_CATS + 1
ELSE 1 END SAME_CATS, IRK.MIN_ITEMS, TRW.CATS_PATH || IRK.CAT_ID
CATS_PATH, TRW.PATH || IRK.ITEM_ID PATH FROM PATHS TRW JOIN
ITEMS_RANKED IRK ON IRK.ITEM_RNK BETWEEN (TRW.ITEM_RNK + 1) AND
(IRK.N_ITEMS - (:B1 - TRW.LEV - 1)) WHERE TRW.TOT_PRICE +
IRK.ITEM_PRICE + :B5 <= :B4 AND TRW.TOT_VALUE + IRK.ITEM_VALUE + :B3 >=
:B2 AND TRW.LEV < :B1 AND CASE IRK.CAT_ID WHEN TRW.CAT_ID THEN
TRW.SAME_CATS + 1 ELSE 1 END <= IRK.MAX_ITEMS AND :B1 - (TRW.LEV + 1) +
LEAST(CAS
Plan hash value: 1624134837
------------------------------------------------------------------------------------------------------------------------------------
| Id  | Operation                | Name               | Starts | E-Rows | A-Rows |   A-Time   | Buffers |  OMem |  1Mem | Used-Mem |
------------------------------------------------------------------------------------------------------------------------------------
|   0 | INSERT STATEMENT         |                    |      1 |        |      0 |00:00:00.01 |      15 |       |       |          |
|   1 |  LOAD TABLE CONVENTIONAL | PATHS              |      1 |        |      0 |00:00:00.01 |      15 |       |       |          |
|*  2 |   VIEW                   |                    |      1 |      1 |    102 |00:00:00.01 |       9 |       |       |          |
|   3 |    WINDOW SORT           |                    |      1 |      1 |    682 |00:00:00.01 |       9 |   196K|   196K|  174K (0)|
|   4 |     NESTED LOOPS         |                    |      1 |      1 |    682 |00:00:00.01 |       9 |       |       |          |
|*  5 |      TABLE ACCESS FULL   | PATHS              |      1 |      1 |     66 |00:00:00.01 |       6 |       |       |          |
|*  6 |      INDEX RANGE SCAN    | SYS_IOT_TOP_177061 |     66 |      1 |    682 |00:00:00.01 |       3 |       |       |          |
------------------------------------------------------------------------------------------------------------------------------------
Predicate Information (identified by operation id):
---------------------------------------------------
2 - filter(("PATH_RNK"<=:B7 OR :B7=0))
5 - filter("TRW"."LEV"<:B1)
6 - access("IRK"."ITEM_RNK">="TRW"."ITEM_RNK"+1)
filter(("TRW"."TOT_PRICE"+"IRK"."ITEM_PRICE"+:B5<=:B4 AND "TRW"."TOT_VALUE"+"IRK"."ITEM_VALUE"+:B3>=:B2 AND
"IRK"."ITEM_RNK"<="IRK"."N_ITEMS"-(:B1-"TRW"."LEV"-1) AND "IRK"."MAX_ITEMS">=CASE "IRK"."CAT_ID" WHEN "TRW"."CAT_ID" THEN
"TRW"."SAME_CATS"+1 ELSE 1 END  AND "IRK"."MIN_REMAIN"<=:B1-("TRW"."LEV"+1)+LEAST(CASE "IRK"."CAT_ID" WHEN "TRW"."CAT_ID"
THEN "TRW"."SAME_CATS"+1 ELSE 1 END ,"IRK"."MIN_ITEMS") AND ("IRK"."CAT_ID"="TRW"."CAT_ID" OR
"TRW"."SAME_CATS">="TRW"."MIN_ITEMS") AND ("IRK"."CAT_ID"="TRW"."CAT_ID" OR
"IRK"."CAT_ID"=NVL("TRW"."NEXT_CAT_ID","IRK"."CAT_ID"))))
Note
-----
- dynamic statistics used: dynamic sampling (level=2)
Timer Set: Pop_Table_Iterate, Constructed at 09 Jun 2024 23:05:42, written at 23:05:42
======================================================================================
Timer                     Elapsed         CPU       Calls       Ela/Call       CPU/Call
---------------------  ----------  ----------  ----------  -------------  -------------
Initial delete (130)         0.00        0.00           1        0.00100        0.00000
Initial insert (1)           0.00        0.00           1        0.00000        0.00000
Insert paths 1 (3)           0.00        0.00           1        0.00000        0.00000
Delete paths 1 (1)           0.00        0.00           1        0.00000        0.00000
Insert paths 2 (9)           0.00        0.00           1        0.00000        0.00000
Delete paths 2 (3)           0.00        0.00           1        0.00000        0.00000
Insert paths 3 (30)          0.00        0.00           1        0.00100        0.00000
Delete paths 3 (9)           0.00        0.00           1        0.00000        0.00000
Insert paths 4 (30)          0.00        0.00           1        0.00000        0.00000
Delete paths 4 (30)          0.00        0.00           1        0.00100        0.00000
Insert paths 5 (47)          0.00        0.00           1        0.00000        0.00000
Delete paths 5 (30)          0.00        0.01           1        0.00100        0.01000
Insert paths 6 (60)          0.00        0.00           1        0.00100        0.00000
Delete paths 6 (47)          0.00        0.00           1        0.00000        0.00000
Insert paths 7 (51)          0.00        0.00           1        0.00100        0.00000
Delete paths 7 (60)          0.00        0.00           1        0.00000        0.00000
Insert paths 8 (32)          0.00        0.00           1        0.00100        0.00000
Delete paths 8 (51)          0.00        0.00           1        0.00000        0.00000
Insert paths 9 (66)          0.00        0.00           1        0.00100        0.00000
Delete paths 9 (32)          0.00        0.00           1        0.00000        0.00000
Insert paths 10 (102)        0.22        0.19           1        0.21800        0.19000
Delete paths 10 (66)         0.00        0.00           1        0.00000        0.00000
Insert paths 11 (84)         0.00        0.01           1        0.00200        0.01000
Delete paths 11 (102)        0.00        0.00           1        0.00000        0.00000
Insert paths 12 (12)         0.00        0.00           1        0.00000        0.00000
Delete paths 12 (84)         0.00        0.00           1        0.00000        0.00000
(Other)                      0.00        0.00           1        0.00000        0.00000
---------------------  ----------  ----------  ----------  -------------  -------------
Total                        0.23        0.21          27        0.00844        0.00778
---------------------  ----------  ----------  ----------  -------------  -------------
[Timer timed (per call in ms): Elapsed: 0.00870, CPU: 0.00957]
Timer Set: Iteratively_Refine_Iterate, Constructed at 09 Jun 2024 23:05:41, written at 23:05:42
===============================================================================================
Timer                                              Elapsed         CPU       Calls       Ela/Call       CPU/Call
----------------------------------------------  ----------  ----------  ----------  -------------  -------------
PTI 1: MIN_VALUE / KEEP_NUM = 0 / 10                  0.35        0.32           1        0.35200        0.32000
SELECT 1: MIN_VALUE / KEEP_NUM = 10748 / 10           0.00        0.00           1        0.00200        0.00000
PTI (final): MIN_VALUE / KEEP_NUM = 10748 / 30        0.33        0.32           1        0.32900        0.32000
(Other)                                               0.00        0.00           1        0.00000        0.00000
----------------------------------------------  ----------  ----------  ----------  -------------  -------------
Total                                                 0.68        0.64           4        0.17075        0.16000
----------------------------------------------  ----------  ----------  ----------  -------------  -------------
[Timer timed (per call in ms): Elapsed: 0.00877, CPU: 0.00877]

PL/SQL procedure successfully completed.

Elapsed: 00:00:00.79
Iteratively_Refine_Iterate - path level

Path                                 Total Value Total Price  Rank
------------------------------------ ----------- ----------- -----
078022098099058059060001002003038039       10923       18176     1
078023098099058059060001002003038039       10905       18795     2
078022098102058059060001002003038039       10833       18994     3
078022098099058059060001002003038040       10825       18190     4
078023098099058059060001002003038040       10807       18809     5
078022098099058059060001002004038039       10790       17201     6
078021098099058059060001002004038039                   18052     7
078023098099058059060001002004038039       10772       17820     8
078022098099058059060001002003038041       10766       17948     9
078021098099058059060001002003038041                   18799    10

10 rows selected.

Elapsed: 00:00:00.00

PL/SQL procedure successfully completed.

Elapsed: 00:00:00.00
old   2:      Item_Cat_Seqs.Init_Loop(p_keep_start      => &KEEP_START,
new   2:      Item_Cat_Seqs.Init_Loop(p_keep_start      => 10,
old   3:                              p_keep_factor     => &KEEP_FACTOR);
new   3:                              p_keep_factor     => 3);
11 running sums

PL/SQL procedure successfully completed.

Elapsed: 00:00:00.00
Iteratively_Refine_RSF - path level

Path                                 Total Value Total Price  Rank
------------------------------------ ----------- ----------- -----
078022098099058059060001002003038039       10923       18176     1
078023098099058059060001002003038039       10905       18795     2
078022098102058059060001002003038039       10833       18994     3
078022098099058059060001002003038040       10825       18190     4
078023098099058059060001002003038040       10807       18809     5
078022098099058059060001002004038039       10790       17201     6
078021098099058059060001002004038039                   18052     7
078023098099058059060001002004038039       10772       17820     8
078022098099058059060001002003038041       10766       17948     9
078021098099058059060001002003038041                   18799    10

10 rows selected.

Just set context values: MIN_VALUE = 0, KEEP_NUM = 10
Previously set context values: SEQ_TYPE = , SEQ_SIZE = 12, MAX_PRICE = 19000, ITEM_WIDTH = 3, TOP_N = 10
Just set context values: MIN_VALUE = 10748, KEEP_NUM = 30
Previously set context values: SEQ_TYPE = , SEQ_SIZE = 12, MAX_PRICE = 19000, ITEM_WIDTH = 3, TOP_N = 10
SQL_ID  6sdqpgq7azqur, child number 0
-------------------------------------
SELECT TOT_VALUE FROM RSF_IRK_IRS_TABS_V WHERE RNK = :B1
Plan hash value: 2479585601
--------------------------------------------------------------------------------------------------------------
| Id  | Operation                                   | Name               | E-Rows |  OMem |  1Mem | Used-Mem |
--------------------------------------------------------------------------------------------------------------
|   0 | SELECT STATEMENT                            |                    |        |       |       |          |
|*  1 |  VIEW                                       | RSF_IRK_IRS_TABS_V |      2 |       |       |          |
|*  2 |   WINDOW SORT PUSHED RANK                   |                    |      2 |  2048 |  2048 | 2048  (0)|
|*  3 |    VIEW                                     |                    |      2 |       |       |          |
|   4 |     UNION ALL (RECURSIVE WITH) BREADTH FIRST|                    |        |   372K|   372K|  330K (0)|
|*  5 |      INDEX UNIQUE SCAN                      | SYS_IOT_TOP_177061 |      1 |       |       |          |
|   6 |      WINDOW SORT                            |                    |      1 |   735K|   494K|  653K (0)|
|   7 |       NESTED LOOPS                          |                    |      1 |       |       |          |
|*  8 |        HASH JOIN OUTER                      |                    |      1 |   865K|   865K|  490K (0)|
|   9 |         RECURSIVE WITH PUMP                 |                    |        |       |       |          |
|  10 |         BUFFER SORT (REUSE)                 |                    |        | 73728 | 73728 |          |
|  11 |          TABLE ACCESS FULL                  | ITEM_RUNNING_SUMS  |     11 |       |       |          |
|* 12 |        INDEX RANGE SCAN                     | SYS_IOT_TOP_177061 |      1 |       |       |          |
--------------------------------------------------------------------------------------------------------------
Predicate Information (identified by operation id):
---------------------------------------------------
1 - filter("RNK"=:B1)
2 - filter(ROW_NUMBER() OVER ( ORDER BY INTERNAL_FUNCTION("TOT_VALUE") DESC ,"TOT_PRICE")<=:B1)
3 - filter("LEV"="SEQ_SIZE")
5 - access("ITEM_RNK"=1)
8 - access("IRS"."SLOT_INDEX"="TRW"."SEQ_SIZE"-"TRW"."LEV"-1)
12 - access("IRK"."ITEM_RNK">="TRW"."ITEM_RNK"+1)
filter(("IRK"."ITEM_RNK"<="IRK"."N_ITEMS"-("TRW"."SEQ_SIZE"-"TRW"."LEV"-1) AND
"IRK"."MAX_ITEMS">=CASE "IRK"."CAT_ID" WHEN "TRW"."CAT_ID" THEN "TRW"."SAME_CATS"+1 ELSE 1 END  AND
"TRW"."TOT_PRICE"+"IRK"."ITEM_PRICE"+NVL("IRS"."SUM_PRICE",0)<=TO_NUMBER(SYS_CONTEXT('RECURSION_CTX','
MAX_PRICE')) AND "TRW"."TOT_VALUE"+"IRK"."ITEM_VALUE"+NVL("IRS"."SUM_VALUE",0)>=TO_NUMBER(SYS_CONTEXT(
'RECURSION_CTX','MIN_VALUE')) AND "IRK"."MIN_REMAIN"<="TRW"."SEQ_SIZE"-("TRW"."LEV"+1)+LEAST(CASE
"IRK"."CAT_ID" WHEN "TRW"."CAT_ID" THEN "TRW"."SAME_CATS"+1 ELSE 1 END ,"IRK"."MIN_ITEMS") AND
("IRK"."CAT_ID"="TRW"."CAT_ID" OR "TRW"."SAME_CATS">="TRW"."MIN_ITEMS") AND
("IRK"."CAT_ID"="TRW"."CAT_ID" OR "IRK"."CAT_ID"=NVL("TRW"."NEXT_CAT_ID","IRK"."CAT_ID"))))
Note
-----
- dynamic statistics used: dynamic sampling (level=2)
- Warning: basic plan statistics not available. These are only collected when:
* hint 'gather_plan_statistics' is used for the statement or
* parameter 'statistics_level' is set to 'ALL', at session or system level
Timer Set: Iteratively_Refine_RSF, Constructed at 09 Jun 2024 23:05:42, written at 23:05:42
===========================================================================================
Timer                                               Elapsed         CPU       Calls       Ela/Call       CPU/Call
-----------------------------------------------  ----------  ----------  ----------  -------------  -------------
SELECT 1: MIN_VALUE / KEEP_NUM = 10748 / 10            0.09        0.09           1        0.09100        0.09000
Set_Contexts: MIN_VALUE / KEEP_NUM = 10748 / 30        0.00        0.00           1        0.00000        0.00000
Pipe 12 rows: MIN_VALUE / KEEP_NUM = 10748 / 30        0.03        0.03           1        0.03300        0.03000
(Other)                                                0.22        0.22           1        0.22000        0.22000
-----------------------------------------------  ----------  ----------  ----------  -------------  -------------
Total                                                  0.34        0.34           4        0.08600        0.08500
-----------------------------------------------  ----------  ----------  ----------  -------------  -------------
[Timer timed (per call in ms): Elapsed: 0.00952, CPU: 0.00952]
Elapsed: 00:00:00.45

PL/SQL procedure successfully completed.

Elapsed: 00:00:00.00
Timer Set: Item_Cat_Seqs_Loop, Constructed at 09 Jun 2024 23:05:40, written at 23:05:42
=======================================================================================
Timer                                       Elapsed         CPU       Calls       Ela/Call       CPU/Call
---------------------------------------  ----------  ----------  ----------  -------------  -------------
Iteratively_Refine_Recurse - path level        0.80        0.78           1        0.80000        0.78000
Iteratively_Refine_Recurse - item level        0.80        0.75           1        0.80200        0.75000
Iteratively_Refine_Iterate - path level        0.79        0.75           1        0.79400        0.75000
Iteratively_Refine_RSF - path level            0.46        0.46           1        0.46400        0.46000
(Other)                                        0.00        0.00           1        0.00000        0.00000
---------------------------------------  ----------  ----------  ----------  -------------  -------------
Total                                          2.86        2.74           5        0.57200        0.54800
---------------------------------------  ----------  ----------  ----------  -------------  -------------
[Timer timed (per call in ms): Elapsed: 0.00943, CPU: 0.00857]

PL/SQL procedure successfully completed.


'END:'||TO_CHAR(SYSDATE,'DD-MON-YY
----------------------------------
End: 09-JUN-2024 23:05:43

