
Database             Time                 Version
-------------------- -------------------- ------------------------------
Start: ORCL          09-JUN-2024 23:05:35 Version 21.3.0.0.0

Recompile item_cat_seqs.pkb

Package body created.

No errors.
Just set context values: SEQ_SIZE = 12, MAX_PRICE = 19000, ITEM_WIDTH = 3, TOP_N = 10
Previously set context values: SEQ_TYPE = , MIN_VALUE = 10748, KEEP_NUM = 100

PL/SQL procedure successfully completed.


PL/SQL procedure successfully completed.

old   2:      Item_Cat_Seqs.Set_Contexts(p_keep_num      => &KEEP_NUM,
new   2:      Item_Cat_Seqs.Set_Contexts(p_keep_num      => 0,
old   3:                                 p_min_value     => &MIN_VALUE);
new   3:                                 p_min_value     => 10748);
Just set context values: MIN_VALUE = 10748, KEEP_NUM = 0
Previously set context values: SEQ_TYPE = , SEQ_SIZE = 12, MAX_PRICE = 19000, ITEM_WIDTH = 3, TOP_N = 10

PL/SQL procedure successfully completed.

Solution via view rsf_sql_v (unhinted)...

PL/SQL procedure successfully completed.

Elapsed: 00:00:00.00

Path                                 Total Value Total Price  Rank
------------------------------------ ----------- ----------- -----
078022098099058059060001002003038039       10923       18176     1
078023098099058059060001002003038039       10905       18795     2
078022098102058059060001002003038039       10833       18994     3
078022098099058059060001002003038040       10825       18190     4
078023098099058059060001002003038040       10807       18809     5
078022098099058059061001002003038039       10791       18915     6
078022098099058059060001002004038039       10790       17201     7
078021098099058059060001002004038039                   18052     8
078023098099058059060001002004038039       10772       17820     9
078022098099058059060001002003038041       10766       17948    10

10 rows selected.

Elapsed: 00:00:00.73

PL/SQL procedure successfully completed.

Elapsed: 00:00:00.00
SQL_ID  av5x9qfzbdcbn, child number 0
-------------------------------------
SELECT /*+ gather_plan_statistics SQL_V */ path,        tot_value,
tot_price,        rnk   FROM rsf_sql_v  WHERE rnk <= :TOP_N ORDER BY
rnk, tot_price
Plan hash value: 1015841377
----------------------------------------------------------------------------------------------------------------------------------------------------------------------------------------------
| Id  | Operation                                     | Name                        | Starts | E-Rows | A-Rows |   A-Time   | Buffers | Reads  | Writes |  OMem |  1Mem | Used-Mem | Used-Tmp|
----------------------------------------------------------------------------------------------------------------------------------------------------------------------------------------------
|   0 | SELECT STATEMENT                              |                             |      1 |        |     10 |00:00:00.73 |    9220 |    707 |    707 |       |       |          |         |
|   1 |  SORT ORDER BY                                |                             |      1 |      8 |     10 |00:00:00.73 |    9220 |    707 |    707 |  2048 |  2048 | 2048  (0)|         |
|*  2 |   VIEW                                        | RSF_SQL_V                   |      1 |      8 |     10 |00:00:00.73 |    9220 |    707 |    707 |       |       |          |         |
|   3 |    TEMP TABLE TRANSFORMATION                  |                             |      1 |        |     10 |00:00:00.73 |    9220 |    707 |    707 |       |       |          |         |
|   4 |     LOAD AS SELECT (CURSOR DURATION MEMORY)   | SYS_TEMP_0FD9D6BB1_147E856B |      1 |        |      0 |00:00:00.01 |       8 |      0 |      0 |  1024 |  1024 |          |         |
|   5 |      WINDOW SORT                              |                             |      1 |    114 |    114 |00:00:00.01 |       7 |      0 |      0 | 29696 | 29696 |26624  (0)|         |
|   6 |       WINDOW SORT                             |                             |      1 |    114 |    114 |00:00:00.01 |       7 |      0 |      0 | 11264 | 11264 |10240  (0)|         |
|   7 |        TABLE ACCESS FULL                      | BRAZIL_PLAYERS              |      1 |    114 |    114 |00:00:00.01 |       7 |      0 |      0 |       |       |          |         |
|   8 |     LOAD AS SELECT (CURSOR DURATION MEMORY)   | SYS_TEMP_0FD9D6BB2_147E856B |      1 |        |      0 |00:00:00.01 |       7 |      0 |      0 |  1024 |  1024 |          |         |
|   9 |      WINDOW SORT                              |                             |      1 |      7 |      7 |00:00:00.01 |       7 |      0 |      0 |  2048 |  2048 | 2048  (0)|         |
|  10 |       WINDOW SORT                             |                             |      1 |      7 |      7 |00:00:00.01 |       7 |      0 |      0 |  2048 |  2048 | 2048  (0)|         |
|  11 |        TABLE ACCESS FULL                      | BRAZIL_POSITIONS            |      1 |      7 |      7 |00:00:00.01 |       7 |      0 |      0 |       |       |          |         |
|* 12 |     WINDOW SORT PUSHED RANK                   |                             |      1 |      8 |     10 |00:00:00.73 |    9204 |    707 |    707 |  2048 |  2048 | 2048  (0)|         |
|* 13 |      VIEW                                     |                             |      1 |      8 |     13 |00:00:00.73 |    9204 |    707 |    707 |       |       |          |         |
|  14 |       UNION ALL (RECURSIVE WITH) BREADTH FIRST|                             |      1 |        |   6191 |00:00:00.17 |    9204 |    707 |    707 |   372K|   372K|  330K (0)|         |
|* 15 |        VIEW                                   |                             |      1 |      7 |      1 |00:00:00.01 |       0 |      0 |      0 |       |       |          |         |
|  16 |         TABLE ACCESS FULL                     | SYS_TEMP_0FD9D6BB2_147E856B |      1 |      7 |      7 |00:00:00.01 |       0 |      0 |      0 |       |       |          |         |
|  17 |        WINDOW SORT                            |                             |     13 |      1 |   6190 |00:00:00.69 |      91 |    707 |    707 |   735K|   494K|  653K (0)|         |
|* 18 |         FILTER                                |                             |     13 |        |   6190 |00:00:00.68 |      91 |    707 |    707 |       |       |          |         |
|* 19 |          HASH JOIN OUTER                      |                             |     13 |      1 |   6526 |00:00:00.68 |      91 |    707 |    707 |  1135K|  1069K|  970K (0)|         |
|* 20 |           FILTER                              |                             |     13 |        |   6526 |00:00:00.66 |      91 |    707 |    707 |       |       |          |         |
|* 21 |            HASH JOIN OUTER                    |                             |     13 |      1 |  62765 |00:00:00.66 |      91 |    707 |    707 |  5672K|  2162K| 5723K (0)|    4096K|
|  22 |             NESTED LOOPS                      |                             |     13 |      1 |  62765 |00:00:00.23 |      91 |      0 |      0 |       |       |          |         |
|  23 |              RECURSIVE WITH PUMP              |                             |     13 |        |   6191 |00:00:00.01 |       0 |      0 |      0 |       |       |          |         |
|* 24 |              VIEW                             |                             |   6191 |      1 |  62765 |00:00:00.56 |      91 |      0 |      0 |       |       |          |         |
|  25 |               WINDOW SORT                     |                             |   6191 |    114 |    705K|00:00:00.31 |      91 |      0 |      0 | 13312 | 13312 |12288  (0)|         |
|* 26 |                HASH JOIN                      |                             |     13 |    114 |   1482 |00:00:00.01 |      91 |      0 |      0 |  1399K|  1399K| 1394K (0)|         |
|  27 |                 VIEW                          |                             |     13 |      7 |     91 |00:00:00.01 |       0 |      0 |      0 |       |       |          |         |
|  28 |                  TABLE ACCESS FULL            | SYS_TEMP_0FD9D6BB2_147E856B |     13 |      7 |     91 |00:00:00.01 |       0 |      0 |      0 |       |       |          |         |
|  29 |                 TABLE ACCESS FULL             | BRAZIL_PLAYERS              |     13 |    114 |   1482 |00:00:00.01 |      91 |      0 |      0 |       |       |          |         |
|  30 |             BUFFER SORT (REUSE)               |                             |     12 |        |   1368 |00:00:00.01 |       0 |      0 |      0 | 73728 | 73728 |          |         |
|  31 |              VIEW                             |                             |      1 |    114 |    114 |00:00:00.01 |       0 |      0 |      0 |       |       |          |         |
|  32 |               TABLE ACCESS FULL               | SYS_TEMP_0FD9D6BB1_147E856B |      1 |    114 |    114 |00:00:00.01 |       0 |      0 |      0 |       |       |          |         |
|  33 |           VIEW                                |                             |     12 |    114 |   1368 |00:00:00.01 |       0 |      0 |      0 |       |       |          |         |
|  34 |            TABLE ACCESS FULL                  | SYS_TEMP_0FD9D6BB1_147E856B |     12 |    114 |   1368 |00:00:00.01 |       0 |      0 |      0 |       |       |          |         |
----------------------------------------------------------------------------------------------------------------------------------------------------------------------------------------------
Predicate Information (identified by operation id):
---------------------------------------------------
2 - filter("RNK"<=:TOP_N)
12 - filter(ROW_NUMBER() OVER ( ORDER BY INTERNAL_FUNCTION("TOT_VALUE") DESC ,"TOT_PRICE")<=:TOP_N)
13 - filter("LEV"=TO_NUMBER(SYS_CONTEXT('RECURSION_CTX','SEQ_SIZE')))
15 - filter("ID"='AL')
18 - filter("IRK"."MAX_PRICE">="TRW"."TOT_PRICE"+"IRK"."ITEM_PRICE"+NVL("IPR"."SUM_PRICE",0))
19 - access("IPR"."INDEX_PRICE"="IRK"."SEQ_SIZE"-"TRW"."LEV"-1)
20 - filter("IRK"."MIN_VALUE"<="TRW"."TOT_VALUE"+"IRK"."ITEM_VALUE"+NVL("IVR"."SUM_VALUE",0))
21 - access("IVR"."INDEX_VALUE"="IRK"."SEQ_SIZE"-"TRW"."LEV"-1)
24 - filter((("TRW"."PATH_RNK"<="IRK"."KEEP_NUM" OR "IRK"."KEEP_NUM"=0) AND "TRW"."LEV"<"IRK"."SEQ_SIZE" AND "IRK"."MAX_ITEMS">=CASE "IRK"."CATEGORY_ID" WHEN "TRW"."CAT_ID" THEN
"TRW"."SAME_CATS"+1 ELSE 1 END  AND "IRK"."MIN_REMAIN"<="IRK"."SEQ_SIZE"-("TRW"."LEV"+1)+LEAST(CASE "IRK"."CATEGORY_ID" WHEN "TRW"."CAT_ID" THEN "TRW"."SAME_CATS"+1 ELSE 1 END
,"IRK"."MIN_ITEMS") AND ("IRK"."CATEGORY_ID"="TRW"."CAT_ID" OR "TRW"."SAME_CATS">="TRW"."MIN_ITEMS") AND ("IRK"."CATEGORY_ID"="TRW"."CAT_ID" OR
"IRK"."CATEGORY_ID"=NVL("TRW"."NEXT_CAT","IRK"."CATEGORY_ID")) AND "IRK"."ITEM_RNK">="TRW"."ITEM_RNK"+1 AND "IRK"."ITEM_RNK"<="IRK"."N_ITEMS"-("IRK"."SEQ_SIZE"-"TRW"."LEV"-1)))
26 - access("CRS"."ID"="POSITION")

PL/SQL procedure successfully completed.

Elapsed: 00:00:00.22
Solution via view rsf_sql_material_v (materialize hint)...

PL/SQL procedure successfully completed.

Elapsed: 00:00:00.00

Path                                 Total Value Total Price  Rank
------------------------------------ ----------- ----------- -----
078022098099058059060001002003038039       10923       18176     1
078023098099058059060001002003038039       10905       18795     2
078022098102058059060001002003038039       10833       18994     3
078022098099058059060001002003038040       10825       18190     4
078023098099058059060001002003038040       10807       18809     5
078022098099058059061001002003038039       10791       18915     6
078022098099058059060001002004038039       10790       17201     7
078021098099058059060001002004038039                   18052     8
078023098099058059060001002004038039       10772       17820     9
078022098099058059060001002003038041       10766       17948    10

10 rows selected.

Elapsed: 00:00:00.39

PL/SQL procedure successfully completed.

Elapsed: 00:00:00.00
SQL_ID  as18affkcu2az, child number 0
-------------------------------------
SELECT /*+ gather_plan_statistics SQL_MATERIAL_V */ path,
tot_value,        tot_price,        rnk   FROM rsf_sql_material_v
WHERE rnk <= :TOP_N ORDER BY rnk, tot_price
Plan hash value: 3324131834
----------------------------------------------------------------------------------------------------------------------------------------------------------------------------------------------
| Id  | Operation                                     | Name                        | Starts | E-Rows | A-Rows |   A-Time   | Buffers | Reads  | Writes |  OMem |  1Mem | Used-Mem | Used-Tmp|
----------------------------------------------------------------------------------------------------------------------------------------------------------------------------------------------
|   0 | SELECT STATEMENT                              |                             |      1 |        |     10 |00:00:00.39 |    9136 |    707 |    707 |       |       |          |         |
|   1 |  SORT ORDER BY                                |                             |      1 |      8 |     10 |00:00:00.39 |    9136 |    707 |    707 |  2048 |  2048 | 2048  (0)|         |
|*  2 |   VIEW                                        | RSF_SQL_MATERIAL_V          |      1 |      8 |     10 |00:00:00.39 |    9136 |    707 |    707 |       |       |          |         |
|   3 |    TEMP TABLE TRANSFORMATION                  |                             |      1 |        |     10 |00:00:00.39 |    9136 |    707 |    707 |       |       |          |         |
|   4 |     LOAD AS SELECT (CURSOR DURATION MEMORY)   | SYS_TEMP_0FD9D6BB3_147E856B |      1 |        |      0 |00:00:00.01 |       8 |      0 |      0 |  1024 |  1024 |          |         |
|   5 |      WINDOW SORT                              |                             |      1 |    114 |    114 |00:00:00.01 |       7 |      0 |      0 | 29696 | 29696 |26624  (0)|         |
|   6 |       WINDOW SORT                             |                             |      1 |    114 |    114 |00:00:00.01 |       7 |      0 |      0 | 11264 | 11264 |10240  (0)|         |
|   7 |        TABLE ACCESS FULL                      | BRAZIL_PLAYERS              |      1 |    114 |    114 |00:00:00.01 |       7 |      0 |      0 |       |       |          |         |
|   8 |     LOAD AS SELECT (CURSOR DURATION MEMORY)   | SYS_TEMP_0FD9D6BB4_147E856B |      1 |        |      0 |00:00:00.01 |       7 |      0 |      0 |  1024 |  1024 |          |         |
|   9 |      WINDOW SORT                              |                             |      1 |      7 |      7 |00:00:00.01 |       7 |      0 |      0 |  2048 |  2048 | 2048  (0)|         |
|  10 |       WINDOW SORT                             |                             |      1 |      7 |      7 |00:00:00.01 |       7 |      0 |      0 |  2048 |  2048 | 2048  (0)|         |
|  11 |        TABLE ACCESS FULL                      | BRAZIL_POSITIONS            |      1 |      7 |      7 |00:00:00.01 |       7 |      0 |      0 |       |       |          |         |
|  12 |     LOAD AS SELECT (CURSOR DURATION MEMORY)   | SYS_TEMP_0FD9D6BB5_147E856B |      1 |        |      0 |00:00:00.01 |       7 |      0 |      0 |  1024 |  1024 |          |         |
|  13 |      WINDOW SORT                              |                             |      1 |    114 |    114 |00:00:00.01 |       7 |      0 |      0 | 13312 | 13312 |12288  (0)|         |
|* 14 |       HASH JOIN                               |                             |      1 |    114 |    114 |00:00:00.01 |       7 |      0 |      0 |  1399K|  1399K| 1233K (0)|         |
|  15 |        VIEW                                   |                             |      1 |      7 |      7 |00:00:00.01 |       0 |      0 |      0 |       |       |          |         |
|  16 |         TABLE ACCESS FULL                     | SYS_TEMP_0FD9D6BB4_147E856B |      1 |      7 |      7 |00:00:00.01 |       0 |      0 |      0 |       |       |          |         |
|  17 |        TABLE ACCESS FULL                      | BRAZIL_PLAYERS              |      1 |    114 |    114 |00:00:00.01 |       7 |      0 |      0 |       |       |          |         |
|* 18 |     WINDOW SORT PUSHED RANK                   |                             |      1 |      8 |     10 |00:00:00.39 |    9113 |    707 |    707 |  2048 |  2048 | 2048  (0)|         |
|* 19 |      VIEW                                     |                             |      1 |      8 |     13 |00:00:00.39 |    9113 |    707 |    707 |       |       |          |         |
|  20 |       UNION ALL (RECURSIVE WITH) BREADTH FIRST|                             |      1 |        |   6191 |00:00:00.08 |    9113 |    707 |    707 |   372K|   372K|  330K (0)|         |
|* 21 |        VIEW                                   |                             |      1 |      7 |      1 |00:00:00.01 |       0 |      0 |      0 |       |       |          |         |
|  22 |         TABLE ACCESS FULL                     | SYS_TEMP_0FD9D6BB4_147E856B |      1 |      7 |      7 |00:00:00.01 |       0 |      0 |      0 |       |       |          |         |
|  23 |        WINDOW SORT                            |                             |     13 |      1 |   6190 |00:00:00.36 |       0 |    707 |    707 |   735K|   494K|  653K (0)|         |
|* 24 |         FILTER                                |                             |     13 |        |   6190 |00:00:00.34 |       0 |    707 |    707 |       |       |          |         |
|* 25 |          HASH JOIN OUTER                      |                             |     13 |      1 |   6526 |00:00:00.34 |       0 |    707 |    707 |  1135K|  1069K|  964K (0)|         |
|* 26 |           FILTER                              |                             |     13 |        |   6526 |00:00:00.33 |       0 |    707 |    707 |       |       |          |         |
|* 27 |            HASH JOIN OUTER                    |                             |     13 |      1 |  62765 |00:00:00.33 |       0 |    707 |    707 |  5672K|  2162K| 5679K (0)|    4096K|
|  28 |             NESTED LOOPS                      |                             |     13 |      1 |  62765 |00:00:00.11 |       0 |      0 |      0 |       |       |          |         |
|  29 |              RECURSIVE WITH PUMP              |                             |     13 |        |   6191 |00:00:00.01 |       0 |      0 |      0 |       |       |          |         |
|* 30 |              VIEW                             |                             |   6191 |      1 |  62765 |00:00:00.25 |       0 |      0 |      0 |       |       |          |         |
|  31 |               TABLE ACCESS FULL               | SYS_TEMP_0FD9D6BB5_147E856B |   6191 |    114 |    705K|00:00:00.08 |       0 |      0 |      0 |       |       |          |         |
|  32 |             BUFFER SORT (REUSE)               |                             |     12 |        |   1368 |00:00:00.01 |       0 |      0 |      0 | 73728 | 73728 |          |         |
|  33 |              VIEW                             |                             |      1 |    114 |    114 |00:00:00.01 |       0 |      0 |      0 |       |       |          |         |
|  34 |               TABLE ACCESS FULL               | SYS_TEMP_0FD9D6BB3_147E856B |      1 |    114 |    114 |00:00:00.01 |       0 |      0 |      0 |       |       |          |         |
|  35 |           VIEW                                |                             |     12 |    114 |   1368 |00:00:00.01 |       0 |      0 |      0 |       |       |          |         |
|  36 |            TABLE ACCESS FULL                  | SYS_TEMP_0FD9D6BB3_147E856B |     12 |    114 |   1368 |00:00:00.01 |       0 |      0 |      0 |       |       |          |         |
----------------------------------------------------------------------------------------------------------------------------------------------------------------------------------------------
Predicate Information (identified by operation id):
---------------------------------------------------
2 - filter("RNK"<=:TOP_N)
14 - access("CRS"."ID"="POSITION")
18 - filter(ROW_NUMBER() OVER ( ORDER BY INTERNAL_FUNCTION("TOT_VALUE") DESC ,"TOT_PRICE")<=:TOP_N)
19 - filter("LEV"=TO_NUMBER(SYS_CONTEXT('RECURSION_CTX','SEQ_SIZE')))
21 - filter("ID"='AL')
24 - filter("IRK"."MAX_PRICE">="TRW"."TOT_PRICE"+"IRK"."ITEM_PRICE"+NVL("IPR"."SUM_PRICE",0))
25 - access("IPR"."INDEX_PRICE"="IRK"."SEQ_SIZE"-"TRW"."LEV"-1)
26 - filter("IRK"."MIN_VALUE"<="TRW"."TOT_VALUE"+"IRK"."ITEM_VALUE"+NVL("IVR"."SUM_VALUE",0))
27 - access("IVR"."INDEX_VALUE"="IRK"."SEQ_SIZE"-"TRW"."LEV"-1)
30 - filter((("TRW"."PATH_RNK"<="IRK"."KEEP_NUM" OR "IRK"."KEEP_NUM"=0) AND "TRW"."LEV"<"IRK"."SEQ_SIZE" AND "IRK"."MAX_ITEMS">=CASE "IRK"."CATEGORY_ID" WHEN "TRW"."CAT_ID" THEN
"TRW"."SAME_CATS"+1 ELSE 1 END  AND "IRK"."MIN_REMAIN"<="IRK"."SEQ_SIZE"-("TRW"."LEV"+1)+LEAST(CASE "IRK"."CATEGORY_ID" WHEN "TRW"."CAT_ID" THEN "TRW"."SAME_CATS"+1 ELSE 1 END
,"IRK"."MIN_ITEMS") AND ("IRK"."CATEGORY_ID"="TRW"."CAT_ID" OR "TRW"."SAME_CATS">="TRW"."MIN_ITEMS") AND ("IRK"."CATEGORY_ID"="TRW"."CAT_ID" OR
"IRK"."CATEGORY_ID"=NVL("TRW"."NEXT_CAT","IRK"."CATEGORY_ID")) AND "IRK"."ITEM_RNK">="TRW"."ITEM_RNK"+1 AND "IRK"."ITEM_RNK"<="IRK"."N_ITEMS"-("IRK"."SEQ_SIZE"-"TRW"."LEV"-1)))

PL/SQL procedure successfully completed.

Elapsed: 00:00:00.23
rsf_irk_irs_tabs_v

PL/SQL procedure successfully completed.

Elapsed: 00:00:00.00
old   2:   Item_Cat_Seqs.Init(p_keep_num      => &KEEP_NUM,
new   2:   Item_Cat_Seqs.Init(p_keep_num      => 0,
old   3:                      p_min_value     => &MIN_VALUE);
new   3:                      p_min_value     => 10748);
11 running sums

PL/SQL procedure successfully completed.

Elapsed: 00:00:00.00

PL/SQL procedure successfully completed.

Elapsed: 00:00:00.00

Path                                 Total Value Total Price  Rank
------------------------------------ ----------- ----------- -----
078022098099058059060001002003038039       10923       18176     1
078023098099058059060001002003038039       10905       18795     2
078022098102058059060001002003038039       10833       18994     3
078022098099058059060001002003038040       10825       18190     4
078023098099058059060001002003038040       10807       18809     5
078022098099058059061001002003038039       10791       18915     6
078022098099058059060001002004038039       10790       17201     7
078021098099058059060001002004038039                   18052     8
078023098099058059060001002004038039       10772       17820     9
078022098099058059060001002003038041       10766       17948    10

10 rows selected.

Elapsed: 00:00:00.12

PL/SQL procedure successfully completed.

Elapsed: 00:00:00.00
SQL_ID  acghnyhsz0txt, child number 8
-------------------------------------
SELECT /*+ gather_plan_statistics IRS_TABS */ path,        tot_value,
tot_price,        rnk   FROM rsf_irk_irs_tabs_v  WHERE rnk <=
:TOP_N ORDER BY rnk, tot_price
Plan hash value: 2719715667
--------------------------------------------------------------------------------------------------------------------------------------------------------
| Id  | Operation                                    | Name               | Starts | E-Rows | A-Rows |   A-Time   | Buffers |  OMem |  1Mem | Used-Mem |
--------------------------------------------------------------------------------------------------------------------------------------------------------
|   0 | SELECT STATEMENT                             |                    |      1 |        |     10 |00:00:00.05 |    1169 |       |       |          |
|   1 |  SORT ORDER BY                               |                    |      1 |      2 |     10 |00:00:00.05 |    1169 |  2048 |  2048 | 2048  (0)|
|*  2 |   VIEW                                       | RSF_IRK_IRS_TABS_V |      1 |      2 |     10 |00:00:00.05 |    1169 |       |       |          |
|*  3 |    WINDOW SORT PUSHED RANK                   |                    |      1 |      2 |     10 |00:00:00.05 |    1169 |  2048 |  2048 | 2048  (0)|
|*  4 |     VIEW                                     |                    |      1 |      2 |     13 |00:00:00.05 |    1169 |       |       |          |
|   5 |      UNION ALL (RECURSIVE WITH) BREADTH FIRST|                    |      1 |        |   3932 |00:00:00.05 |    1169 |   214K|   214K|  190K (0)|
|*  6 |       INDEX UNIQUE SCAN                      | SYS_IOT_TOP_177061 |      1 |      1 |      1 |00:00:00.01 |       1 |       |       |          |
|   7 |       WINDOW SORT                            |                    |     13 |      1 |   3931 |00:00:00.03 |      16 |   452K|   448K|  401K (0)|
|   8 |        NESTED LOOPS                          |                    |     13 |      1 |   3931 |00:00:00.04 |      16 |       |       |          |
|*  9 |         HASH JOIN OUTER                      |                    |     13 |      1 |   1301 |00:00:00.01 |       3 |   871K|   871K|  452K (0)|
|  10 |          RECURSIVE WITH PUMP                 |                    |     13 |        |   1301 |00:00:00.01 |       0 |       |       |          |
|  11 |          BUFFER SORT (REUSE)                 |                    |     12 |        |    132 |00:00:00.01 |       3 | 73728 | 73728 |          |
|  12 |           TABLE ACCESS FULL                  | ITEM_RUNNING_SUMS  |      1 |     11 |     11 |00:00:00.01 |       3 |       |       |          |
|* 13 |         INDEX RANGE SCAN                     | SYS_IOT_TOP_177061 |   1301 |      1 |   3931 |00:00:00.01 |      13 |       |       |          |
--------------------------------------------------------------------------------------------------------------------------------------------------------
Predicate Information (identified by operation id):
---------------------------------------------------
2 - filter("RNK"<=:TOP_N)
3 - filter(ROW_NUMBER() OVER ( ORDER BY INTERNAL_FUNCTION("TOT_VALUE") DESC ,"TOT_PRICE")<=:TOP_N)
4 - filter("LEV"="SEQ_SIZE")
6 - access("ITEM_RNK"=1)
9 - access("IRS"."SLOT_INDEX"="TRW"."SEQ_SIZE"-"TRW"."LEV"-1)
13 - access("IRK"."ITEM_RNK">="TRW"."ITEM_RNK"+1)
filter(("IRK"."ITEM_RNK"<="IRK"."N_ITEMS"-("TRW"."SEQ_SIZE"-"TRW"."LEV"-1) AND "IRK"."MAX_ITEMS">=CASE "IRK"."CAT_ID" WHEN
"TRW"."CAT_ID" THEN "TRW"."SAME_CATS"+1 ELSE 1 END  AND "TRW"."TOT_PRICE"+"IRK"."ITEM_PRICE"+NVL("IRS"."SUM_PRICE",0)<=TO_NUMBER(SYS_CONTEXT('RE
CURSION_CTX','MAX_PRICE')) AND "TRW"."TOT_VALUE"+"IRK"."ITEM_VALUE"+NVL("IRS"."SUM_VALUE",0)>=TO_NUMBER(SYS_CONTEXT('RECURSION_CTX','MIN_VALUE')
) AND "IRK"."MIN_REMAIN"<="TRW"."SEQ_SIZE"-("TRW"."LEV"+1)+LEAST(CASE "IRK"."CAT_ID" WHEN "TRW"."CAT_ID" THEN "TRW"."SAME_CATS"+1 ELSE 1 END
,"IRK"."MIN_ITEMS") AND ("IRK"."CAT_ID"="TRW"."CAT_ID" OR "TRW"."SAME_CATS">="TRW"."MIN_ITEMS") AND ("IRK"."CAT_ID"="TRW"."CAT_ID" OR
"IRK"."CAT_ID"=NVL("TRW"."NEXT_CAT_ID","IRK"."CAT_ID"))))
Note
-----
- dynamic statistics used: dynamic sampling (level=2)

PL/SQL procedure successfully completed.

Elapsed: 00:00:00.22
rsf_irk_tab_where_fun_v_ts - timed

PL/SQL procedure successfully completed.

Elapsed: 00:00:00.00
old   2:   Item_Cat_Seqs.Init(p_keep_num      => &KEEP_NUM,
new   2:   Item_Cat_Seqs.Init(p_keep_num      => 0,
old   3:                      p_min_value     => &MIN_VALUE,
new   3:                      p_min_value     => 10748,
11 running sums

PL/SQL procedure successfully completed.

Elapsed: 00:00:00.00

PL/SQL procedure successfully completed.

Elapsed: 00:00:00.00

Path                                 Total Value Total Price  Rank
------------------------------------ ----------- ----------- -----
078022098099058059060001002003038039       10923       18176     1
078023098099058059060001002003038039       10905       18795     2
078022098102058059060001002003038039       10833       18994     3
078022098099058059060001002003038040       10825       18190     4
078023098099058059060001002003038040       10807       18809     5
078022098099058059061001002003038039       10791       18915     6
078022098099058059060001002004038039       10790       17201     7
078021098099058059060001002004038039                   18052     8
078023098099058059060001002004038039       10772       17820     9
078022098099058059060001002003038041       10766       17948    10

10 rows selected.

Elapsed: 00:00:01.89
Timer Set: Init, KEEP_NUM-MIN_VALUE: 0-10748, Constructed at 09 Jun 2024 23:05:37, written at 23:05:39
======================================================================================================
Timer                Elapsed         CPU       Calls       Ela/Call       CPU/Call
----------------  ----------  ----------  ----------  -------------  -------------
init_Common             0.00        0.01           1        0.00100        0.01000
pop_Items_Ranked        0.00        0.00           1        0.00100        0.00000
Record_Is_Ok - Y        0.13        0.20        6190        0.00002        0.00003
Record_Is_Ok - N        1.77        1.67      128400        0.00001        0.00001
(Other)                 0.00        0.00           1        0.00200        0.00000
----------------  ----------  ----------  ----------  -------------  -------------
Total                   1.90        1.88      134593        0.00001        0.00001
----------------  ----------  ----------  ----------  -------------  -------------
[Timer timed (per call in ms): Elapsed: 0.00877, CPU: 0.00965]

PL/SQL procedure successfully completed.

Elapsed: 00:00:00.10

PL/SQL procedure successfully completed.

Elapsed: 00:00:00.00
SQL_ID  48f1srk5h2btw, child number 6
-------------------------------------
SELECT /*+ gather_plan_statistics WHERE-TIMED_FUN */ path,
tot_value,        tot_price,        rnk   FROM
rsf_irk_tab_where_fun_ts_v  WHERE rnk <= :TOP_N ORDER BY rnk, tot_price
Plan hash value: 4194655847
----------------------------------------------------------------------------------------------------------------------------------------------------------------
| Id  | Operation                                    | Name                       | Starts | E-Rows | A-Rows |   A-Time   | Buffers |  OMem |  1Mem | Used-Mem |
----------------------------------------------------------------------------------------------------------------------------------------------------------------
|   0 | SELECT STATEMENT                             |                            |      1 |        |     10 |00:00:01.89 |    9128 |       |       |          |
|   1 |  SORT ORDER BY                               |                            |      1 |      2 |     10 |00:00:01.89 |    9128 |  2048 |  2048 | 2048  (0)|
|*  2 |   VIEW                                       | RSF_IRK_TAB_WHERE_FUN_TS_V |      1 |      2 |     10 |00:00:01.89 |    9128 |       |       |          |
|*  3 |    WINDOW SORT PUSHED RANK                   |                            |      1 |      2 |     10 |00:00:01.89 |    9128 |  2048 |  2048 | 2048  (0)|
|*  4 |     VIEW                                     |                            |      1 |      2 |     13 |00:00:01.89 |    9128 |       |       |          |
|   5 |      UNION ALL (RECURSIVE WITH) BREADTH FIRST|                            |      1 |        |   6191 |00:00:00.26 |    9128 |   372K|   372K|  330K (0)|
|*  6 |       INDEX UNIQUE SCAN                      | SYS_IOT_TOP_177061         |      1 |      1 |      1 |00:00:00.01 |       1 |       |       |          |
|   7 |       WINDOW SORT                            |                            |     13 |      1 |   6190 |00:00:01.86 |      14 |   735K|   494K|  653K (0)|
|   8 |        NESTED LOOPS                          |                            |     13 |      1 |   6190 |00:00:00.99 |      14 |       |       |          |
|   9 |         RECURSIVE WITH PUMP                  |                            |     13 |        |   6191 |00:00:00.01 |       0 |       |       |          |
|* 10 |         INDEX RANGE SCAN                     | SYS_IOT_TOP_177061         |   6191 |      1 |   6190 |00:00:01.55 |      14 |       |       |          |
----------------------------------------------------------------------------------------------------------------------------------------------------------------
Predicate Information (identified by operation id):
---------------------------------------------------
2 - filter("RNK"<=:TOP_N)
3 - filter(ROW_NUMBER() OVER ( ORDER BY INTERNAL_FUNCTION("TOT_VALUE") DESC ,"TOT_PRICE")<=:TOP_N)
4 - filter("LEV"="SEQ_SIZE")
6 - access("ITEM_RNK"=1)
10 - access("IRK"."ITEM_RNK">="TRW"."ITEM_RNK"+1)
filter(("IRK"."ITEM_RNK"<="IRK"."N_ITEMS"-("TRW"."SEQ_SIZE"-"TRW"."LEV"-1) AND
"ITEM_CAT_SEQS"."RECORD_IS_OK_TS"(INTERNAL_FUNCTION("TRW"."LEV"),"TRW"."TOT_VALUE"+"IRK"."ITEM_VALUE","TRW"."TOT_PRICE"+"IRK"."ITEM_PRICE","TRW"."CAT_ID
","IRK"."CAT_ID",TO_CHAR("TRW"."SAME_CATS"),"TRW"."NEXT_CAT_ID",INTERNAL_FUNCTION("TRW"."MIN_ITEMS"),INTERNAL_FUNCTION("IRK"."MIN_ITEMS"),INTERNAL_FUNCT
ION("IRK"."MAX_ITEMS"),INTERNAL_FUNCTION("IRK"."MIN_REMAIN"))='Y'))
Note
-----
- dynamic statistics used: dynamic sampling (level=2)

PL/SQL procedure successfully completed.

Elapsed: 00:00:00.21
rsf_irk_tab_where_fun_v - untimed

PL/SQL procedure successfully completed.

Elapsed: 00:00:00.00
old   2:   Item_Cat_Seqs.Init(p_keep_num      => &KEEP_NUM,
new   2:   Item_Cat_Seqs.Init(p_keep_num      => 0,
old   3:                      p_min_value     => &MIN_VALUE);
new   3:                      p_min_value     => 10748);
11 running sums

PL/SQL procedure successfully completed.

Elapsed: 00:00:00.00

PL/SQL procedure successfully completed.

Elapsed: 00:00:00.00

Path                                 Total Value Total Price  Rank
------------------------------------ ----------- ----------- -----
078022098099058059060001002003038039       10923       18176     1
078023098099058059060001002003038039       10905       18795     2
078022098102058059060001002003038039       10833       18994     3
078022098099058059060001002003038040       10825       18190     4
078023098099058059060001002003038040       10807       18809     5
078022098099058059061001002003038039       10791       18915     6
078022098099058059060001002004038039       10790       17201     7
078021098099058059060001002004038039                   18052     8
078023098099058059060001002004038039       10772       17820     9
078022098099058059060001002003038041       10766       17948    10

10 rows selected.

Elapsed: 00:00:00.42

PL/SQL procedure successfully completed.

Elapsed: 00:00:00.00

PL/SQL procedure successfully completed.

Elapsed: 00:00:00.00
SQL_ID  d8p2m6zudgnq5, child number 6
-------------------------------------
SELECT /*+ gather_plan_statistics WHERE_FUN */ path,        tot_value,
tot_price,        rnk   FROM rsf_irk_tab_where_fun_v  WHERE rnk
<= :TOP_N ORDER BY rnk, tot_price
Plan hash value: 754900082
-------------------------------------------------------------------------------------------------------------------------------------------------------------
| Id  | Operation                                    | Name                    | Starts | E-Rows | A-Rows |   A-Time   | Buffers |  OMem |  1Mem | Used-Mem |
-------------------------------------------------------------------------------------------------------------------------------------------------------------
|   0 | SELECT STATEMENT                             |                         |      1 |        |     10 |00:00:00.42 |    9128 |       |       |          |
|   1 |  SORT ORDER BY                               |                         |      1 |      2 |     10 |00:00:00.42 |    9128 |  2048 |  2048 | 2048  (0)|
|*  2 |   VIEW                                       | RSF_IRK_TAB_WHERE_FUN_V |      1 |      2 |     10 |00:00:00.42 |    9128 |       |       |          |
|*  3 |    WINDOW SORT PUSHED RANK                   |                         |      1 |      2 |     10 |00:00:00.42 |    9128 |  2048 |  2048 | 2048  (0)|
|*  4 |     VIEW                                     |                         |      1 |      2 |     13 |00:00:00.42 |    9128 |       |       |          |
|   5 |      UNION ALL (RECURSIVE WITH) BREADTH FIRST|                         |      1 |        |   6191 |00:00:00.10 |    9128 |   372K|   372K|  330K (0)|
|*  6 |       INDEX UNIQUE SCAN                      | SYS_IOT_TOP_177061      |      1 |      1 |      1 |00:00:00.01 |       1 |       |       |          |
|   7 |       WINDOW SORT                            |                         |     13 |      1 |   6190 |00:00:00.39 |      14 |   735K|   494K|  653K (0)|
|   8 |        NESTED LOOPS                          |                         |     13 |      1 |   6190 |00:00:00.21 |      14 |       |       |          |
|   9 |         RECURSIVE WITH PUMP                  |                         |     13 |        |   6191 |00:00:00.01 |       0 |       |       |          |
|* 10 |         INDEX RANGE SCAN                     | SYS_IOT_TOP_177061      |   6191 |      1 |   6190 |00:00:00.32 |      14 |       |       |          |
-------------------------------------------------------------------------------------------------------------------------------------------------------------
Predicate Information (identified by operation id):
---------------------------------------------------
2 - filter("RNK"<=:TOP_N)
3 - filter(ROW_NUMBER() OVER ( ORDER BY INTERNAL_FUNCTION("TOT_VALUE") DESC ,"TOT_PRICE")<=:TOP_N)
4 - filter("LEV"="SEQ_SIZE")
6 - access("ITEM_RNK"=1)
10 - access("IRK"."ITEM_RNK">="TRW"."ITEM_RNK"+1)
filter(("IRK"."ITEM_RNK"<="IRK"."N_ITEMS"-("TRW"."SEQ_SIZE"-"TRW"."LEV"-1) AND
"ITEM_CAT_SEQS"."RECORD_IS_OK"(INTERNAL_FUNCTION("TRW"."LEV"),"TRW"."TOT_VALUE"+"IRK"."ITEM_VALUE","TRW"."TOT_PRICE"+"IRK"."ITEM_PRICE","TRW"."CAT_ID
","IRK"."CAT_ID",TO_CHAR("TRW"."SAME_CATS"),"TRW"."NEXT_CAT_ID",INTERNAL_FUNCTION("TRW"."MIN_ITEMS"),INTERNAL_FUNCTION("IRK"."MIN_ITEMS"),INTERNAL_FU
NCTION("IRK"."MAX_ITEMS"),INTERNAL_FUNCTION("IRK"."MIN_REMAIN"))='Y'))
Note
-----
- dynamic statistics used: dynamic sampling (level=2)

PL/SQL procedure successfully completed.

Elapsed: 00:00:00.21
Timer Set: Item_Cat_Seqs_RSF, Constructed at 09 Jun 2024 23:05:35, written at 23:05:39
======================================================================================
Timer                          Elapsed         CPU       Calls       Ela/Call       CPU/Call
--------------------------  ----------  ----------  ----------  -------------  -------------
rsf_sql_v                         0.73        0.68           1        0.73100        0.68000
rsf_sql_material_v                0.39        0.37           1        0.39300        0.37000
Item_Cat_Seqs.Init                0.01        0.01           3        0.00433        0.00333
rsf_irk_irs_tabs_v                0.13        0.11           1        0.12900        0.11000
rsf_irk_tab_where_fun_ts_v        2.00        1.98           1        1.99800        1.98000
rsf_irk_tab_where_fun_v           0.43        0.42           1        0.42800        0.42000
(Other)                           1.12        1.08           1        1.12000        1.08000
--------------------------  ----------  ----------  ----------  -------------  -------------
Total                             4.81        4.65           9        0.53467        0.51667
--------------------------  ----------  ----------  ----------  -------------  -------------
[Timer timed (per call in ms): Elapsed: 0.00885, CPU: 0.00796]

PL/SQL procedure successfully completed.


'END:'||TO_CHAR(SYSDATE,'DD-MON-YY
----------------------------------
End: 09-JUN-2024 23:05:40

