
Database             Time                 Version
-------------------- -------------------- ------------------------------
Start: ORCL          09-JUN-2024 23:04:53 Version 21.3.0.0.0

Recompile item_cat_seqs.pkb

Package body created.

No errors.
Just set context values: SEQ_SIZE = 3, MAX_PRICE = 5, ITEM_WIDTH = 1, TOP_N = 3
Previously set context values: SEQ_TYPE = , MIN_VALUE = 0, KEEP_NUM = 10

PL/SQL procedure successfully completed.


PL/SQL procedure successfully completed.

old   2:      Item_Cat_Seqs.Set_Contexts(p_keep_num      => &KEEP_NUM,
new   2:      Item_Cat_Seqs.Set_Contexts(p_keep_num      => 10,
old   3:                                 p_min_value     => &MIN_VALUE);
new   3:                                 p_min_value     => 0);
Just set context values: MIN_VALUE = 0, KEEP_NUM = 10
Previously set context values: SEQ_TYPE = , SEQ_SIZE = 3, MAX_PRICE = 5, ITEM_WIDTH = 1, TOP_N = 3

PL/SQL procedure successfully completed.

Solution via view rsf_sql_v (unhinted)...

PL/SQL procedure successfully completed.

Elapsed: 00:00:00.00

Path Total Value Total Price  Rank
---- ----------- ----------- -----
245           12           5     1
145           11           4     2
314           10           5     3

Elapsed: 00:00:00.02

PL/SQL procedure successfully completed.

Elapsed: 00:00:00.00
SQL_ID  av5x9qfzbdcbn, child number 0
-------------------------------------
SELECT /*+ gather_plan_statistics SQL_V */ path,        tot_value,
tot_price,        rnk   FROM rsf_sql_v  WHERE rnk <= :TOP_N ORDER BY
rnk, tot_price
Plan hash value: 1395101729
------------------------------------------------------------------------------------------------------------------------------------------------------------------
| Id  | Operation                                     | Name                        | Starts | E-Rows | A-Rows |   A-Time   | Buffers |  OMem |  1Mem | Used-Mem |
------------------------------------------------------------------------------------------------------------------------------------------------------------------
|   0 | SELECT STATEMENT                              |                             |      1 |        |      3 |00:00:00.01 |      44 |       |       |          |
|   1 |  SORT ORDER BY                                |                             |      1 |      4 |      3 |00:00:00.01 |      44 |  2048 |  2048 | 2048  (0)|
|*  2 |   VIEW                                        | RSF_SQL_V                   |      1 |      4 |      3 |00:00:00.01 |      44 |       |       |          |
|   3 |    TEMP TABLE TRANSFORMATION                  |                             |      1 |        |      3 |00:00:00.01 |      44 |       |       |          |
|   4 |     LOAD AS SELECT (CURSOR DURATION MEMORY)   | SYS_TEMP_0FD9D6BA7_147E856B |      1 |        |      0 |00:00:00.01 |       8 |  1024 |  1024 |          |
|   5 |      WINDOW SORT                              |                             |      1 |      6 |      6 |00:00:00.01 |       7 |  2048 |  2048 | 2048  (0)|
|   6 |       WINDOW SORT                             |                             |      1 |      6 |      6 |00:00:00.01 |       7 |  2048 |  2048 | 2048  (0)|
|   7 |        TABLE ACCESS FULL                      | SMALL_ITEMS                 |      1 |      6 |      6 |00:00:00.01 |       7 |       |       |          |
|   8 |     LOAD AS SELECT (CURSOR DURATION MEMORY)   | SYS_TEMP_0FD9D6BA8_147E856B |      1 |        |      0 |00:00:00.01 |       7 |  1024 |  1024 |          |
|   9 |      WINDOW SORT                              |                             |      1 |      3 |      3 |00:00:00.01 |       7 |  2048 |  2048 | 2048  (0)|
|  10 |       WINDOW SORT                             |                             |      1 |      3 |      3 |00:00:00.01 |       7 |  2048 |  2048 | 2048  (0)|
|  11 |        TABLE ACCESS FULL                      | SMALL_CATEGORIES            |      1 |      3 |      3 |00:00:00.01 |       7 |       |       |          |
|* 12 |     WINDOW SORT PUSHED RANK                   |                             |      1 |      4 |      3 |00:00:00.01 |      28 |  2048 |  2048 | 2048  (0)|
|* 13 |      VIEW                                     |                             |      1 |      4 |      6 |00:00:00.01 |      28 |       |       |          |
|  14 |       UNION ALL (RECURSIVE WITH) BREADTH FIRST|                             |      1 |        |     17 |00:00:00.01 |      28 |  2048 |  2048 | 2048  (0)|
|* 15 |        VIEW                                   |                             |      1 |      3 |      1 |00:00:00.01 |       0 |       |       |          |
|  16 |         TABLE ACCESS FULL                     | SYS_TEMP_0FD9D6BA8_147E856B |      1 |      3 |      3 |00:00:00.01 |       0 |       |       |          |
|  17 |        WINDOW SORT                            |                             |      4 |      1 |     16 |00:00:00.01 |      28 |  9216 |  9216 | 8192  (0)|
|* 18 |         FILTER                                |                             |      4 |        |     16 |00:00:00.01 |      28 |       |       |          |
|* 19 |          HASH JOIN OUTER                      |                             |      4 |      1 |     26 |00:00:00.01 |      28 |   851K|   851K|  483K (0)|
|* 20 |           FILTER                              |                             |      4 |        |     26 |00:00:00.01 |      28 |       |       |          |
|* 21 |            HASH JOIN OUTER                    |                             |      4 |      1 |     26 |00:00:00.01 |      28 |   870K|   870K|  509K (0)|
|  22 |             NESTED LOOPS                      |                             |      4 |      1 |     26 |00:00:00.01 |      28 |       |       |          |
|  23 |              RECURSIVE WITH PUMP              |                             |      4 |        |     17 |00:00:00.01 |       0 |       |       |          |
|* 24 |              VIEW                             |                             |     17 |      1 |     26 |00:00:00.01 |      28 |       |       |          |
|  25 |               WINDOW SORT                     |                             |     17 |      6 |    102 |00:00:00.01 |      28 |  2048 |  2048 | 2048  (0)|
|* 26 |                HASH JOIN                      |                             |      4 |      6 |     24 |00:00:00.01 |      28 |  1316K|  1316K|  870K (0)|
|  27 |                 VIEW                          |                             |      4 |      3 |     12 |00:00:00.01 |       0 |       |       |          |
|  28 |                  TABLE ACCESS FULL            | SYS_TEMP_0FD9D6BA8_147E856B |      4 |      3 |     12 |00:00:00.01 |       0 |       |       |          |
|  29 |                 TABLE ACCESS FULL             | SMALL_ITEMS                 |      4 |      6 |     24 |00:00:00.01 |      28 |       |       |          |
|  30 |             BUFFER SORT (REUSE)               |                             |      3 |        |     18 |00:00:00.01 |       0 | 73728 | 73728 |          |
|  31 |              VIEW                             |                             |      1 |      6 |      6 |00:00:00.01 |       0 |       |       |          |
|  32 |               TABLE ACCESS FULL               | SYS_TEMP_0FD9D6BA7_147E856B |      1 |      6 |      6 |00:00:00.01 |       0 |       |       |          |
|  33 |           VIEW                                |                             |      3 |      6 |     18 |00:00:00.01 |       0 |       |       |          |
|  34 |            TABLE ACCESS FULL                  | SYS_TEMP_0FD9D6BA7_147E856B |      3 |      6 |     18 |00:00:00.01 |       0 |       |       |          |
------------------------------------------------------------------------------------------------------------------------------------------------------------------
Predicate Information (identified by operation id):
---------------------------------------------------
2 - filter("RNK"<=:TOP_N)
12 - filter(ROW_NUMBER() OVER ( ORDER BY INTERNAL_FUNCTION("TOT_VALUE") DESC ,"TOT_PRICE")<=:TOP_N)
13 - filter("LEV"=TO_NUMBER(SYS_CONTEXT('RECURSION_CTX','SEQ_SIZE')))
15 - filter("ID"='AL')
18 - filter("IRK"."MAX_PRICE">="TRW"."TOT_PRICE"+"IRK"."ITEM_PRICE"+NVL("IPR"."SUM_PRICE",0))
19 - access("IPR"."INDEX_PRICE"="IRK"."SEQ_SIZE"-"TRW"."LEV"-1)
20 - filter("IRK"."MIN_VALUE"<="TRW"."TOT_VALUE"+"IRK"."ITEM_VALUE"+NVL("IVR"."SUM_VALUE",0))
21 - access("IVR"."INDEX_VALUE"="IRK"."SEQ_SIZE"-"TRW"."LEV"-1)
24 - filter((("TRW"."PATH_RNK"<="IRK"."KEEP_NUM" OR "IRK"."KEEP_NUM"=0) AND "TRW"."LEV"<"IRK"."SEQ_SIZE" AND "IRK"."MAX_ITEMS">=CASE
"IRK"."CATEGORY_ID" WHEN "TRW"."CAT_ID" THEN "TRW"."SAME_CATS"+1 ELSE 1 END  AND "IRK"."MIN_REMAIN"<="IRK"."SEQ_SIZE"-("TRW"."LEV"+1)+LEAST(CASE
"IRK"."CATEGORY_ID" WHEN "TRW"."CAT_ID" THEN "TRW"."SAME_CATS"+1 ELSE 1 END ,"IRK"."MIN_ITEMS") AND ("IRK"."CATEGORY_ID"="TRW"."CAT_ID" OR
"TRW"."SAME_CATS">="TRW"."MIN_ITEMS") AND ("IRK"."CATEGORY_ID"="TRW"."CAT_ID" OR "IRK"."CATEGORY_ID"=NVL("TRW"."NEXT_CAT","IRK"."CATEGORY_ID")) AND
"IRK"."ITEM_RNK">="TRW"."ITEM_RNK"+1 AND "IRK"."ITEM_RNK"<="IRK"."N_ITEMS"-("IRK"."SEQ_SIZE"-"TRW"."LEV"-1)))
26 - access("CRS"."ID"="CATEGORY_ID")

PL/SQL procedure successfully completed.

Elapsed: 00:00:00.25
Solution via view rsf_sql_material_v (materialize hint)...

PL/SQL procedure successfully completed.

Elapsed: 00:00:00.00

Path Total Value Total Price  Rank
---- ----------- ----------- -----
245           12           5     1
145           11           4     2
314           10           5     3

Elapsed: 00:00:00.02

PL/SQL procedure successfully completed.

Elapsed: 00:00:00.00
SQL_ID  as18affkcu2az, child number 0
-------------------------------------
SELECT /*+ gather_plan_statistics SQL_MATERIAL_V */ path,
tot_value,        tot_price,        rnk   FROM rsf_sql_material_v
WHERE rnk <= :TOP_N ORDER BY rnk, tot_price
Plan hash value: 2052565567
------------------------------------------------------------------------------------------------------------------------------------------------------------------
| Id  | Operation                                     | Name                        | Starts | E-Rows | A-Rows |   A-Time   | Buffers |  OMem |  1Mem | Used-Mem |
------------------------------------------------------------------------------------------------------------------------------------------------------------------
|   0 | SELECT STATEMENT                              |                             |      1 |        |      3 |00:00:00.01 |      23 |       |       |          |
|   1 |  SORT ORDER BY                                |                             |      1 |      4 |      3 |00:00:00.01 |      23 |  2048 |  2048 | 2048  (0)|
|*  2 |   VIEW                                        | RSF_SQL_MATERIAL_V          |      1 |      4 |      3 |00:00:00.01 |      23 |       |       |          |
|   3 |    TEMP TABLE TRANSFORMATION                  |                             |      1 |        |      3 |00:00:00.01 |      23 |       |       |          |
|   4 |     LOAD AS SELECT (CURSOR DURATION MEMORY)   | SYS_TEMP_0FD9D6BA9_147E856B |      1 |        |      0 |00:00:00.01 |       8 |  1024 |  1024 |          |
|   5 |      WINDOW SORT                              |                             |      1 |      6 |      6 |00:00:00.01 |       7 |  2048 |  2048 | 2048  (0)|
|   6 |       WINDOW SORT                             |                             |      1 |      6 |      6 |00:00:00.01 |       7 |  2048 |  2048 | 2048  (0)|
|   7 |        TABLE ACCESS FULL                      | SMALL_ITEMS                 |      1 |      6 |      6 |00:00:00.01 |       7 |       |       |          |
|   8 |     LOAD AS SELECT (CURSOR DURATION MEMORY)   | SYS_TEMP_0FD9D6BAA_147E856B |      1 |        |      0 |00:00:00.01 |       7 |  1024 |  1024 |          |
|   9 |      WINDOW SORT                              |                             |      1 |      3 |      3 |00:00:00.01 |       7 |  2048 |  2048 | 2048  (0)|
|  10 |       WINDOW SORT                             |                             |      1 |      3 |      3 |00:00:00.01 |       7 |  2048 |  2048 | 2048  (0)|
|  11 |        TABLE ACCESS FULL                      | SMALL_CATEGORIES            |      1 |      3 |      3 |00:00:00.01 |       7 |       |       |          |
|  12 |     LOAD AS SELECT (CURSOR DURATION MEMORY)   | SYS_TEMP_0FD9D6BAB_147E856B |      1 |        |      0 |00:00:00.01 |       7 |  1024 |  1024 |          |
|  13 |      WINDOW SORT                              |                             |      1 |      6 |      6 |00:00:00.01 |       7 |  2048 |  2048 | 2048  (0)|
|* 14 |       HASH JOIN                               |                             |      1 |      6 |      6 |00:00:00.01 |       7 |  1316K|  1316K|  547K (0)|
|  15 |        VIEW                                   |                             |      1 |      3 |      3 |00:00:00.01 |       0 |       |       |          |
|  16 |         TABLE ACCESS FULL                     | SYS_TEMP_0FD9D6BAA_147E856B |      1 |      3 |      3 |00:00:00.01 |       0 |       |       |          |
|  17 |        TABLE ACCESS FULL                      | SMALL_ITEMS                 |      1 |      6 |      6 |00:00:00.01 |       7 |       |       |          |
|* 18 |     WINDOW SORT PUSHED RANK                   |                             |      1 |      4 |      3 |00:00:00.01 |       0 |  2048 |  2048 | 2048  (0)|
|* 19 |      VIEW                                     |                             |      1 |      4 |      6 |00:00:00.01 |       0 |       |       |          |
|  20 |       UNION ALL (RECURSIVE WITH) BREADTH FIRST|                             |      1 |        |     17 |00:00:00.01 |       0 |  2048 |  2048 | 2048  (0)|
|* 21 |        VIEW                                   |                             |      1 |      3 |      1 |00:00:00.01 |       0 |       |       |          |
|  22 |         TABLE ACCESS FULL                     | SYS_TEMP_0FD9D6BAA_147E856B |      1 |      3 |      3 |00:00:00.01 |       0 |       |       |          |
|  23 |        WINDOW SORT                            |                             |      4 |      1 |     16 |00:00:00.01 |       0 |  9216 |  9216 | 8192  (0)|
|* 24 |         FILTER                                |                             |      4 |        |     16 |00:00:00.01 |       0 |       |       |          |
|* 25 |          HASH JOIN OUTER                      |                             |      4 |      1 |     26 |00:00:00.01 |       0 |   851K|   851K|  477K (0)|
|* 26 |           FILTER                              |                             |      4 |        |     26 |00:00:00.01 |       0 |       |       |          |
|* 27 |            HASH JOIN OUTER                    |                             |      4 |      1 |     26 |00:00:00.01 |       0 |   870K|   870K|  462K (0)|
|  28 |             NESTED LOOPS                      |                             |      4 |      1 |     26 |00:00:00.01 |       0 |       |       |          |
|  29 |              RECURSIVE WITH PUMP              |                             |      4 |        |     17 |00:00:00.01 |       0 |       |       |          |
|* 30 |              VIEW                             |                             |     17 |      1 |     26 |00:00:00.01 |       0 |       |       |          |
|  31 |               TABLE ACCESS FULL               | SYS_TEMP_0FD9D6BAB_147E856B |     17 |      6 |    102 |00:00:00.01 |       0 |       |       |          |
|  32 |             BUFFER SORT (REUSE)               |                             |      3 |        |     18 |00:00:00.01 |       0 | 73728 | 73728 |          |
|  33 |              VIEW                             |                             |      1 |      6 |      6 |00:00:00.01 |       0 |       |       |          |
|  34 |               TABLE ACCESS FULL               | SYS_TEMP_0FD9D6BA9_147E856B |      1 |      6 |      6 |00:00:00.01 |       0 |       |       |          |
|  35 |           VIEW                                |                             |      3 |      6 |     18 |00:00:00.01 |       0 |       |       |          |
|  36 |            TABLE ACCESS FULL                  | SYS_TEMP_0FD9D6BA9_147E856B |      3 |      6 |     18 |00:00:00.01 |       0 |       |       |          |
------------------------------------------------------------------------------------------------------------------------------------------------------------------
Predicate Information (identified by operation id):
---------------------------------------------------
2 - filter("RNK"<=:TOP_N)
14 - access("CRS"."ID"="CATEGORY_ID")
18 - filter(ROW_NUMBER() OVER ( ORDER BY INTERNAL_FUNCTION("TOT_VALUE") DESC ,"TOT_PRICE")<=:TOP_N)
19 - filter("LEV"=TO_NUMBER(SYS_CONTEXT('RECURSION_CTX','SEQ_SIZE')))
21 - filter("ID"='AL')
24 - filter("IRK"."MAX_PRICE">="TRW"."TOT_PRICE"+"IRK"."ITEM_PRICE"+NVL("IPR"."SUM_PRICE",0))
25 - access("IPR"."INDEX_PRICE"="IRK"."SEQ_SIZE"-"TRW"."LEV"-1)
26 - filter("IRK"."MIN_VALUE"<="TRW"."TOT_VALUE"+"IRK"."ITEM_VALUE"+NVL("IVR"."SUM_VALUE",0))
27 - access("IVR"."INDEX_VALUE"="IRK"."SEQ_SIZE"-"TRW"."LEV"-1)
30 - filter((("TRW"."PATH_RNK"<="IRK"."KEEP_NUM" OR "IRK"."KEEP_NUM"=0) AND "TRW"."LEV"<"IRK"."SEQ_SIZE" AND "IRK"."MAX_ITEMS">=CASE
"IRK"."CATEGORY_ID" WHEN "TRW"."CAT_ID" THEN "TRW"."SAME_CATS"+1 ELSE 1 END  AND "IRK"."MIN_REMAIN"<="IRK"."SEQ_SIZE"-("TRW"."LEV"+1)+LEAST(CASE
"IRK"."CATEGORY_ID" WHEN "TRW"."CAT_ID" THEN "TRW"."SAME_CATS"+1 ELSE 1 END ,"IRK"."MIN_ITEMS") AND ("IRK"."CATEGORY_ID"="TRW"."CAT_ID" OR
"TRW"."SAME_CATS">="TRW"."MIN_ITEMS") AND ("IRK"."CATEGORY_ID"="TRW"."CAT_ID" OR "IRK"."CATEGORY_ID"=NVL("TRW"."NEXT_CAT","IRK"."CATEGORY_ID")) AND
"IRK"."ITEM_RNK">="TRW"."ITEM_RNK"+1 AND "IRK"."ITEM_RNK"<="IRK"."N_ITEMS"-("IRK"."SEQ_SIZE"-"TRW"."LEV"-1)))

PL/SQL procedure successfully completed.

Elapsed: 00:00:00.23
rsf_irk_irs_tabs_v

PL/SQL procedure successfully completed.

Elapsed: 00:00:00.00
old   2:   Item_Cat_Seqs.Init(p_keep_num      => &KEEP_NUM,
new   2:   Item_Cat_Seqs.Init(p_keep_num      => 10,
old   3:                      p_min_value     => &MIN_VALUE);
new   3:                      p_min_value     => 0);
2 running sums

PL/SQL procedure successfully completed.

Elapsed: 00:00:00.00

PL/SQL procedure successfully completed.

Elapsed: 00:00:00.00

Path Total Value Total Price  Rank
---- ----------- ----------- -----
245           12           5     1
145           11           4     2
314           10           5     3

Elapsed: 00:00:00.02

PL/SQL procedure successfully completed.

Elapsed: 00:00:00.00
SQL_ID  acghnyhsz0txt, child number 7
-------------------------------------
SELECT /*+ gather_plan_statistics IRS_TABS */ path,        tot_value,
tot_price,        rnk   FROM rsf_irk_irs_tabs_v  WHERE rnk <=
:TOP_N ORDER BY rnk, tot_price
Plan hash value: 2500818922
--------------------------------------------------------------------------------------------------------------------------------------------------------
| Id  | Operation                                    | Name               | Starts | E-Rows | A-Rows |   A-Time   | Buffers |  OMem |  1Mem | Used-Mem |
--------------------------------------------------------------------------------------------------------------------------------------------------------
|   0 | SELECT STATEMENT                             |                    |      1 |        |      3 |00:00:00.01 |       8 |       |       |          |
|   1 |  SORT ORDER BY                               |                    |      1 |      2 |      3 |00:00:00.01 |       8 |  2048 |  2048 | 2048  (0)|
|*  2 |   VIEW                                       | RSF_IRK_IRS_TABS_V |      1 |      2 |      3 |00:00:00.01 |       8 |       |       |          |
|*  3 |    WINDOW SORT PUSHED RANK                   |                    |      1 |      2 |      3 |00:00:00.01 |       8 |  2048 |  2048 | 2048  (0)|
|*  4 |     VIEW                                     |                    |      1 |      2 |      6 |00:00:00.01 |       8 |       |       |          |
|   5 |      UNION ALL (RECURSIVE WITH) BREADTH FIRST|                    |      1 |        |     17 |00:00:00.01 |       8 |  2048 |  2048 | 2048  (0)|
|*  6 |       INDEX UNIQUE SCAN                      | SYS_IOT_TOP_177043 |      1 |      1 |      1 |00:00:00.01 |       1 |       |       |          |
|   7 |       WINDOW SORT                            |                    |      4 |      1 |     16 |00:00:00.01 |       7 |  9216 |  9216 | 8192  (0)|
|   8 |        NESTED LOOPS                          |                    |      4 |      1 |     16 |00:00:00.01 |       7 |       |       |          |
|*  9 |         HASH JOIN OUTER                      |                    |      4 |      1 |     11 |00:00:00.01 |       3 |  1055K|  1055K|  481K (0)|
|  10 |          RECURSIVE WITH PUMP                 |                    |      4 |        |     11 |00:00:00.01 |       0 |       |       |          |
|  11 |          BUFFER SORT (REUSE)                 |                    |      3 |        |      6 |00:00:00.01 |       3 | 73728 | 73728 |          |
|  12 |           TABLE ACCESS FULL                  | ITEM_RUNNING_SUMS  |      1 |      2 |      2 |00:00:00.01 |       3 |       |       |          |
|* 13 |         INDEX RANGE SCAN                     | SYS_IOT_TOP_177043 |     11 |      1 |     16 |00:00:00.01 |       4 |       |       |          |
--------------------------------------------------------------------------------------------------------------------------------------------------------
Predicate Information (identified by operation id):
---------------------------------------------------
2 - filter("RNK"<=:TOP_N)
3 - filter(ROW_NUMBER() OVER ( ORDER BY INTERNAL_FUNCTION("TOT_VALUE") DESC ,"TOT_PRICE")<=:TOP_N)
4 - filter("LEV"="SEQ_SIZE")
6 - access("ITEM_RNK"=1)
9 - access("IRS"."SLOT_INDEX"="TRW"."SEQ_SIZE"-"TRW"."LEV"-1)
13 - access("IRK"."ITEM_RNK">="TRW"."ITEM_RNK"+1)
filter(("IRK"."ITEM_RNK"<="IRK"."N_ITEMS"-("TRW"."SEQ_SIZE"-"TRW"."LEV"-1) AND "IRK"."MAX_ITEMS">=CASE "IRK"."CAT_ID" WHEN
"TRW"."CAT_ID" THEN "TRW"."SAME_CATS"+1 ELSE 1 END  AND "TRW"."TOT_PRICE"+"IRK"."ITEM_PRICE"+NVL("IRS"."SUM_PRICE",0)<=TO_NUMBER(SYS_CONTEXT('RE
CURSION_CTX','MAX_PRICE')) AND "TRW"."TOT_VALUE"+"IRK"."ITEM_VALUE"+NVL("IRS"."SUM_VALUE",0)>=TO_NUMBER(SYS_CONTEXT('RECURSION_CTX','MIN_VALUE')
) AND "IRK"."MIN_REMAIN"<="TRW"."SEQ_SIZE"-("TRW"."LEV"+1)+LEAST(CASE "IRK"."CAT_ID" WHEN "TRW"."CAT_ID" THEN "TRW"."SAME_CATS"+1 ELSE 1 END
,"IRK"."MIN_ITEMS") AND ("IRK"."CAT_ID"="TRW"."CAT_ID" OR "TRW"."SAME_CATS">="TRW"."MIN_ITEMS") AND ("IRK"."CAT_ID"="TRW"."CAT_ID" OR
"IRK"."CAT_ID"=NVL("TRW"."NEXT_CAT_ID","IRK"."CAT_ID"))))
Note
-----
- dynamic statistics used: dynamic sampling (level=2)

PL/SQL procedure successfully completed.

Elapsed: 00:00:00.24
rsf_irk_tab_where_fun_v_ts - timed

PL/SQL procedure successfully completed.

Elapsed: 00:00:00.00
old   2:   Item_Cat_Seqs.Init(p_keep_num      => &KEEP_NUM,
new   2:   Item_Cat_Seqs.Init(p_keep_num      => 10,
old   3:                      p_min_value     => &MIN_VALUE,
new   3:                      p_min_value     => 0,
2 running sums

PL/SQL procedure successfully completed.

Elapsed: 00:00:00.00

PL/SQL procedure successfully completed.

Elapsed: 00:00:00.00

Path Total Value Total Price  Rank
---- ----------- ----------- -----
245           12           5     1
145           11           4     2
314           10           5     3

Elapsed: 00:00:00.01
Timer Set: Init, KEEP_NUM-MIN_VALUE: 10-0, Constructed at 09 Jun 2024 23:04:54, written at 23:04:54
===================================================================================================
Timer                Elapsed         CPU       Calls       Ela/Call       CPU/Call
----------------  ----------  ----------  ----------  -------------  -------------
init_Common             0.00        0.00           1        0.00100        0.00000
pop_Items_Ranked        0.00        0.00           1        0.00100        0.00000
Record_Is_Ok - Y        0.01        0.00          16        0.00088        0.00000
Record_Is_Ok - N        0.00        0.00          18        0.00000        0.00000
(Other)                 0.00        0.00           1        0.00300        0.00000
----------------  ----------  ----------  ----------  -------------  -------------
Total                   0.02        0.00          37        0.00051        0.00000
----------------  ----------  ----------  ----------  -------------  -------------
[Timer timed (per call in ms): Elapsed: 0.00943, CPU: 0.01038]

PL/SQL procedure successfully completed.

Elapsed: 00:00:00.10

PL/SQL procedure successfully completed.

Elapsed: 00:00:00.00
SQL_ID  48f1srk5h2btw, child number 5
-------------------------------------
SELECT /*+ gather_plan_statistics WHERE-TIMED_FUN */ path,
tot_value,        tot_price,        rnk   FROM
rsf_irk_tab_where_fun_ts_v  WHERE rnk <= :TOP_N ORDER BY rnk, tot_price
Plan hash value: 859833833
----------------------------------------------------------------------------------------------------------------------------------------------------------------
| Id  | Operation                                    | Name                       | Starts | E-Rows | A-Rows |   A-Time   | Buffers |  OMem |  1Mem | Used-Mem |
----------------------------------------------------------------------------------------------------------------------------------------------------------------
|   0 | SELECT STATEMENT                             |                            |      1 |        |      3 |00:00:00.01 |       6 |       |       |          |
|   1 |  SORT ORDER BY                               |                            |      1 |      2 |      3 |00:00:00.01 |       6 |  2048 |  2048 | 2048  (0)|
|*  2 |   VIEW                                       | RSF_IRK_TAB_WHERE_FUN_TS_V |      1 |      2 |      3 |00:00:00.01 |       6 |       |       |          |
|*  3 |    WINDOW SORT PUSHED RANK                   |                            |      1 |      2 |      3 |00:00:00.01 |       6 |  2048 |  2048 | 2048  (0)|
|*  4 |     VIEW                                     |                            |      1 |      2 |      6 |00:00:00.01 |       6 |       |       |          |
|   5 |      UNION ALL (RECURSIVE WITH) BREADTH FIRST|                            |      1 |        |     17 |00:00:00.01 |       6 |  1024 |  1024 |          |
|*  6 |       INDEX UNIQUE SCAN                      | SYS_IOT_TOP_177043         |      1 |      1 |      1 |00:00:00.01 |       1 |       |       |          |
|   7 |       WINDOW SORT                            |                            |      4 |      1 |     16 |00:00:00.01 |       5 |  9216 |  9216 | 8192  (0)|
|   8 |        NESTED LOOPS                          |                            |      4 |      1 |     16 |00:00:00.01 |       5 |       |       |          |
|   9 |         RECURSIVE WITH PUMP                  |                            |      4 |        |     17 |00:00:00.01 |       0 |       |       |          |
|* 10 |         INDEX RANGE SCAN                     | SYS_IOT_TOP_177043         |     17 |      1 |     16 |00:00:00.01 |       5 |       |       |          |
----------------------------------------------------------------------------------------------------------------------------------------------------------------
Predicate Information (identified by operation id):
---------------------------------------------------
2 - filter("RNK"<=:TOP_N)
3 - filter(ROW_NUMBER() OVER ( ORDER BY INTERNAL_FUNCTION("TOT_VALUE") DESC ,"TOT_PRICE")<=:TOP_N)
4 - filter("LEV"="SEQ_SIZE")
6 - access("ITEM_RNK"=1)
10 - access("IRK"."ITEM_RNK">="TRW"."ITEM_RNK"+1)
filter(("IRK"."ITEM_RNK"<="IRK"."N_ITEMS"-("TRW"."SEQ_SIZE"-"TRW"."LEV"-1) AND
"ITEM_CAT_SEQS"."RECORD_IS_OK_TS"(INTERNAL_FUNCTION("TRW"."LEV"),"TRW"."TOT_VALUE"+"IRK"."ITEM_VALUE","TRW"."TOT_PRICE"+"IRK"."ITEM_PRICE","TRW"."CAT_ID
","IRK"."CAT_ID",TO_CHAR("TRW"."SAME_CATS"),"TRW"."NEXT_CAT_ID",INTERNAL_FUNCTION("TRW"."MIN_ITEMS"),INTERNAL_FUNCTION("IRK"."MIN_ITEMS"),INTERNAL_FUNCT
ION("IRK"."MAX_ITEMS"),INTERNAL_FUNCTION("IRK"."MIN_REMAIN"))='Y'))
Note
-----
- dynamic statistics used: dynamic sampling (level=2)

PL/SQL procedure successfully completed.

Elapsed: 00:00:00.22
rsf_irk_tab_where_fun_v - untimed

PL/SQL procedure successfully completed.

Elapsed: 00:00:00.00
old   2:   Item_Cat_Seqs.Init(p_keep_num      => &KEEP_NUM,
new   2:   Item_Cat_Seqs.Init(p_keep_num      => 10,
old   3:                      p_min_value     => &MIN_VALUE);
new   3:                      p_min_value     => 0);
2 running sums

PL/SQL procedure successfully completed.

Elapsed: 00:00:00.00

PL/SQL procedure successfully completed.

Elapsed: 00:00:00.00

Path Total Value Total Price  Rank
---- ----------- ----------- -----
245           12           5     1
145           11           4     2
314           10           5     3

Elapsed: 00:00:00.01

PL/SQL procedure successfully completed.

Elapsed: 00:00:00.00

PL/SQL procedure successfully completed.

Elapsed: 00:00:00.00
SQL_ID  d8p2m6zudgnq5, child number 5
-------------------------------------
SELECT /*+ gather_plan_statistics WHERE_FUN */ path,        tot_value,
tot_price,        rnk   FROM rsf_irk_tab_where_fun_v  WHERE rnk
<= :TOP_N ORDER BY rnk, tot_price
Plan hash value: 1182258444
-------------------------------------------------------------------------------------------------------------------------------------------------------------
| Id  | Operation                                    | Name                    | Starts | E-Rows | A-Rows |   A-Time   | Buffers |  OMem |  1Mem | Used-Mem |
-------------------------------------------------------------------------------------------------------------------------------------------------------------
|   0 | SELECT STATEMENT                             |                         |      1 |        |      3 |00:00:00.01 |       6 |       |       |          |
|   1 |  SORT ORDER BY                               |                         |      1 |      2 |      3 |00:00:00.01 |       6 |  2048 |  2048 | 2048  (0)|
|*  2 |   VIEW                                       | RSF_IRK_TAB_WHERE_FUN_V |      1 |      2 |      3 |00:00:00.01 |       6 |       |       |          |
|*  3 |    WINDOW SORT PUSHED RANK                   |                         |      1 |      2 |      3 |00:00:00.01 |       6 |  2048 |  2048 | 2048  (0)|
|*  4 |     VIEW                                     |                         |      1 |      2 |      6 |00:00:00.01 |       6 |       |       |          |
|   5 |      UNION ALL (RECURSIVE WITH) BREADTH FIRST|                         |      1 |        |     17 |00:00:00.01 |       6 |  1024 |  1024 |          |
|*  6 |       INDEX UNIQUE SCAN                      | SYS_IOT_TOP_177043      |      1 |      1 |      1 |00:00:00.01 |       1 |       |       |          |
|   7 |       WINDOW SORT                            |                         |      4 |      1 |     16 |00:00:00.01 |       5 |  9216 |  9216 | 8192  (0)|
|   8 |        NESTED LOOPS                          |                         |      4 |      1 |     16 |00:00:00.01 |       5 |       |       |          |
|   9 |         RECURSIVE WITH PUMP                  |                         |      4 |        |     17 |00:00:00.01 |       0 |       |       |          |
|* 10 |         INDEX RANGE SCAN                     | SYS_IOT_TOP_177043      |     17 |      1 |     16 |00:00:00.01 |       5 |       |       |          |
-------------------------------------------------------------------------------------------------------------------------------------------------------------
Predicate Information (identified by operation id):
---------------------------------------------------
2 - filter("RNK"<=:TOP_N)
3 - filter(ROW_NUMBER() OVER ( ORDER BY INTERNAL_FUNCTION("TOT_VALUE") DESC ,"TOT_PRICE")<=:TOP_N)
4 - filter("LEV"="SEQ_SIZE")
6 - access("ITEM_RNK"=1)
10 - access("IRK"."ITEM_RNK">="TRW"."ITEM_RNK"+1)
filter(("IRK"."ITEM_RNK"<="IRK"."N_ITEMS"-("TRW"."SEQ_SIZE"-"TRW"."LEV"-1) AND
"ITEM_CAT_SEQS"."RECORD_IS_OK"(INTERNAL_FUNCTION("TRW"."LEV"),"TRW"."TOT_VALUE"+"IRK"."ITEM_VALUE","TRW"."TOT_PRICE"+"IRK"."ITEM_PRICE","TRW"."CAT_ID
","IRK"."CAT_ID",TO_CHAR("TRW"."SAME_CATS"),"TRW"."NEXT_CAT_ID",INTERNAL_FUNCTION("TRW"."MIN_ITEMS"),INTERNAL_FUNCTION("IRK"."MIN_ITEMS"),INTERNAL_FU
NCTION("IRK"."MAX_ITEMS"),INTERNAL_FUNCTION("IRK"."MIN_REMAIN"))='Y'))
Note
-----
- dynamic statistics used: dynamic sampling (level=2)

PL/SQL procedure successfully completed.

Elapsed: 00:00:00.22
Timer Set: Item_Cat_Seqs_RSF, Constructed at 09 Jun 2024 23:04:53, written at 23:04:55
======================================================================================
Timer                          Elapsed         CPU       Calls       Ela/Call       CPU/Call
--------------------------  ----------  ----------  ----------  -------------  -------------
rsf_sql_v                         0.03        0.02           1        0.02600        0.02000
rsf_sql_material_v                0.03        0.02           1        0.02700        0.02000
Item_Cat_Seqs.Init                0.01        0.01           3        0.00400        0.00333
rsf_irk_irs_tabs_v                0.02        0.02           1        0.02100        0.02000
rsf_irk_tab_where_fun_ts_v        0.12        0.11           1        0.11700        0.11000
rsf_irk_tab_where_fun_v           0.02        0.00           1        0.01500        0.00000
(Other)                           1.20        1.13           1        1.19600        1.13000
--------------------------  ----------  ----------  ----------  -------------  -------------
Total                             1.41        1.31           9        0.15711        0.14556
--------------------------  ----------  ----------  ----------  -------------  -------------
[Timer timed (per call in ms): Elapsed: 0.00971, CPU: 0.00874]

PL/SQL procedure successfully completed.


'END:'||TO_CHAR(SYSDATE,'DD-MON-YY
----------------------------------
End: 09-JUN-2024 23:04:55

