
Database             Time                 Version
-------------------- -------------------- ------------------------------
Start: FREE          07-JUL-2024 11:20:54 Version 23.4.0.24.05

Four PL/SQL methods for sequence type MC
========================================
Pop_Table_Iterate - MC
old   2:   Item_Seqs.Pop_Table_Iterate(p_seq_type => '&SEQ_TP');
new   2:   Item_Seqs.Pop_Table_Iterate(p_seq_type => 'MC');

PL/SQL procedure successfully completed.


Path Total Price Total Value
---- ----------- -----------
111            3           3
112            4           4
113            5           5
114            3           8
115            4           6
116            5           4
122            5           5
123            6           6
124            4           9
125            5           7
126            6           5
133            7           7
134            5          10
135            6           8
136            7           6
144            3          13
145            4          11
146            5           9
155            5           9
156            6           7
166            7           5
222            6           6
223            7           7
224            5          10
225            6           8
226            7           6
233            8           8
234            6          11
235            7           9
236            8           7
244            4          14
245            5          12
246            6          10
255            6          10
256            7           8
266            8           6
333            9           9
334            7          12
335            8          10
336            9           8
344            5          15
345            6          13
346            7          11
355            7          11
356            8           9
366            9           7
444            3          18
445            4          16
446            5          14
455            5          14
456            6          12
466            7          10
555            6          12
556            7          10
566            8           8
666            9           6

56 rows selected.

Pop_Table_Recurse - MC
old   2:   Item_Seqs.Pop_Table_Recurse(p_seq_type => '&SEQ_TP');
new   2:   Item_Seqs.Pop_Table_Recurse(p_seq_type => 'MC');

PL/SQL procedure successfully completed.

old   3:  WHERE lev = &SEQ_SIZE
new   3:  WHERE lev = 3

Path Total Price Total Value
---- ----------- -----------
111            3           3
112            4           4
113            5           5
114            3           8
115            4           6
116            5           4
122            5           5
123            6           6
124            4           9
125            5           7
126            6           5
133            7           7
134            5          10
135            6           8
136            7           6
144            3          13
145            4          11
146            5           9
155            5           9
156            6           7
166            7           5
222            6           6
223            7           7
224            5          10
225            6           8
226            7           6
233            8           8
234            6          11
235            7           9
236            8           7
244            4          14
245            5          12
246            6          10
255            6          10
256            7           8
266            8           6
333            9           9
334            7          12
335            8          10
336            9           8
344            5          15
345            6          13
346            7          11
355            7          11
356            8           9
366            9           7
444            3          18
445            4          16
446            5          14
455            5          14
456            6          12
466            7          10
555            6          12
556            7          10
566            8           8
666            9           6

56 rows selected.

Array_Iterate - MC
old   2:   FROM Item_Seqs.Array_Iterate(p_seq_type => '&SEQ_TP')
new   2:   FROM Item_Seqs.Array_Iterate(p_seq_type => 'MC')

Path Total Price Total Value
---- ----------- -----------
111            3           3
112            4           4
113            5           5
114            3           8
115            4           6
116            5           4
122            5           5
123            6           6
124            4           9
125            5           7
126            6           5
133            7           7
134            5          10
135            6           8
136            7           6
144            3          13
145            4          11
146            5           9
155            5           9
156            6           7
166            7           5
222            6           6
223            7           7
224            5          10
225            6           8
226            7           6
233            8           8
234            6          11
235            7           9
236            8           7
244            4          14
245            5          12
246            6          10
255            6          10
256            7           8
266            8           6
333            9           9
334            7          12
335            8          10
336            9           8
344            5          15
345            6          13
346            7          11
355            7          11
356            8           9
366            9           7
444            3          18
445            4          16
446            5          14
455            5          14
456            6          12
466            7          10
555            6          12
556            7          10
566            8           8
666            9           6

56 rows selected.

Array_Recurse - MC
old   2:   FROM Item_Seqs.Array_Recurse(p_seq_type => '&SEQ_TP')
new   2:   FROM Item_Seqs.Array_Recurse(p_seq_type => 'MC')
old   3:  WHERE lev = &SEQ_SIZE
new   3:  WHERE lev = 3

Path Total Price Total Value
---- ----------- -----------
111            3           3
112            4           4
113            5           5
114            3           8
115            4           6
116            5           4
122            5           5
123            6           6
124            4           9
125            5           7
126            6           5
133            7           7
134            5          10
135            6           8
136            7           6
144            3          13
145            4          11
146            5           9
155            5           9
156            6           7
166            7           5
222            6           6
223            7           7
224            5          10
225            6           8
226            7           6
233            8           8
234            6          11
235            7           9
236            8           7
244            4          14
245            5          12
246            6          10
255            6          10
256            7           8
266            8           6
333            9           9
334            7          12
335            8          10
336            9           8
344            5          15
345            6          13
346            7          11
355            7          11
356            8           9
366            9           7
444            3          18
445            4          16
446            5          14
455            5          14
456            6          12
466            7          10
555            6          12
556            7          10
566            8           8
666            9           6

56 rows selected.


'END:'||TO_CHAR(SYSDATE,'DD-MON-YY
----------------------------------
End: 07-JUL-2024 11:20:54

