item_cat_seqs_sml_10_0.log

> Timer Set: Item_Cat_Seqs, Constructed at 09 Jun 2024 15:53:56, written at 15:53:57
  ==================================================================================
  Timer                                   Elapsed         CPU       Calls       Ela/Call       CPU/Call
  -----------------------------------  ----------  ----------  ----------  -------------  -------------
  Pop_Table_Iterate                          0.16        0.13           1        0.16100        0.13000
  Solutions by Category                      0.02        0.00           1        0.01700        0.00000
  Pop_Table_Iterate_Base                     0.15        0.13           1        0.15000        0.13000
  Pop_Table_Iterate_Link                     0.18        0.12           1        0.17700        0.12000
  Pop_Table_Iterate_Link - item level        0.02        0.01           1        0.02300        0.01000
  Pop_Table_Iterate_Base_Link                0.18        0.17           1        0.18300        0.17000
  Array_Iterate                              0.12        0.10           1        0.12400        0.10000
  Pop_Table_Recurse                          0.11        0.10           1        0.10900        0.10000
  Array_Recurse                              0.13        0.10           1        0.13000        0.10000
  (Other)                                    0.00        0.00           1        0.00100        0.00000
  -----------------------------------  ----------  ----------  ----------  -------------  -------------
  Total                                      1.08        0.86          10        0.10750        0.08600
  -----------------------------------  ----------  ----------  ----------  -------------  -------------
  [Timer timed (per call in ms): Elapsed: 0.00971, CPU: 0.00874]


item_cat_seqs_rsf_sml_10_0.log

> Timer Set: Item_Cat_Seqs_RSF, Constructed at 09 Jun 2024 15:53:58, written at 15:53:59
  ======================================================================================
  Timer                          Elapsed         CPU       Calls       Ela/Call       CPU/Call
  --------------------------  ----------  ----------  ----------  -------------  -------------
  rsf_sql_v                         0.02        0.01           1        0.02000        0.01000
  rsf_sql_material_v                0.02        0.01           1        0.02200        0.01000
  Item_Cat_Seqs.Init                0.01        0.02           3        0.00333        0.00667
  rsf_irk_irs_tabs_v                0.02        0.01           1        0.01900        0.01000
  rsf_irk_tab_where_fun_ts_v        0.12        0.09           1        0.11600        0.09000
  rsf_irk_tab_where_fun_v           0.01        0.00           1        0.01200        0.00000
  (Other)                           1.06        0.99           1        1.06400        0.99000
  --------------------------  ----------  ----------  ----------  -------------  -------------
  Total                             1.26        1.13           9        0.14033        0.12556
  --------------------------  ----------  ----------  ----------  -------------  -------------
  [Timer timed (per call in ms): Elapsed: 0.00885, CPU: 0.00885]


item_cat_seqs_loop_sml_10_3.log

> Timer Set: Item_Cat_Seqs_Loop, Constructed at 09 Jun 2024 15:53:59, written at 15:54:01
  =======================================================================================
  Timer                                       Elapsed         CPU       Calls       Ela/Call       CPU/Call
  ---------------------------------------  ----------  ----------  ----------  -------------  -------------
  Iteratively_Refine_Recurse - path level        0.32        0.32           1        0.32400        0.32000
  Iteratively_Refine_Recurse - item level        0.32        0.28           1        0.31600        0.28000
  Iteratively_Refine_Iterate - path level        0.32        0.29           1        0.31500        0.29000
  Iteratively_Refine_RSF - path level            0.34        0.30           1        0.33800        0.30000
  (Other)                                        0.00        0.00           1        0.00100        0.00000
  ---------------------------------------  ----------  ----------  ----------  -------------  -------------
  Total                                          1.29        1.19           5        0.25880        0.23800
  ---------------------------------------  ----------  ----------  ----------  -------------  -------------
  [Timer timed (per call in ms): Elapsed: 0.00990, CPU: 0.00891]


item_cat_seqs_bra_10_0.log

> Timer Set: Item_Cat_Seqs, Constructed at 09 Jun 2024 15:54:02, written at 15:54:04
  ==================================================================================
  Timer                                   Elapsed         CPU       Calls       Ela/Call       CPU/Call
  -----------------------------------  ----------  ----------  ----------  -------------  -------------
  Pop_Table_Iterate                          0.40        0.39           1        0.40000        0.39000
  Solutions by Category                      0.02        0.00           1        0.01900        0.00000
  Pop_Table_Iterate_Base                     0.37        0.35           1        0.37200        0.35000
  Pop_Table_Iterate_Link                     0.40        0.37           1        0.39600        0.37000
  Pop_Table_Iterate_Link - item level        0.02        0.00           1        0.02100        0.00000
  Pop_Table_Iterate_Base_Link                0.40        0.38           1        0.40200        0.38000
  Array_Iterate                              0.36        0.31           1        0.35600        0.31000
  Pop_Table_Recurse                          0.33        0.31           1        0.33000        0.31000
  Array_Recurse                              0.37        0.36           1        0.37000        0.36000
  (Other)                                    0.00        0.00           1        0.00100        0.00000
  -----------------------------------  ----------  ----------  ----------  -------------  -------------
  Total                                      2.67        2.47          10        0.26670        0.24700
  -----------------------------------  ----------  ----------  ----------  -------------  -------------
  [Timer timed (per call in ms): Elapsed: 0.00935, CPU: 0.01028]


item_cat_seqs_bra_100_0.log

> Timer Set: Item_Cat_Seqs, Constructed at 09 Jun 2024 15:54:05, written at 15:54:08
  ==================================================================================
  Timer                                   Elapsed         CPU       Calls       Ela/Call       CPU/Call
  -----------------------------------  ----------  ----------  ----------  -------------  -------------
  Pop_Table_Iterate                          0.54        0.52           1        0.53500        0.52000
  Solutions by Category                      0.01        0.00           1        0.00600        0.00000
  Pop_Table_Iterate_Base                     0.52        0.51           1        0.52400        0.51000
  Pop_Table_Iterate_Link                     0.52        0.50           1        0.52100        0.50000
  Pop_Table_Iterate_Link - item level        0.01        0.00           1        0.01200        0.00000
  Pop_Table_Iterate_Base_Link                0.49        0.46           1        0.48700        0.46000
  Array_Iterate                              0.59        0.56           1        0.58900        0.56000
  Pop_Table_Recurse                          0.53        0.48           1        0.53200        0.48000
  Array_Recurse                              0.60        0.58           1        0.60000        0.58000
  (Other)                                    0.00        0.00           1        0.00100        0.00000
  -----------------------------------  ----------  ----------  ----------  -------------  -------------
  Total                                      3.81        3.61          10        0.38070        0.36100
  -----------------------------------  ----------  ----------  ----------  -------------  -------------
  [Timer timed (per call in ms): Elapsed: 0.00885, CPU: 0.00796]


item_cat_seqs_bra_100_10748.log

> Timer Set: Item_Cat_Seqs, Constructed at 09 Jun 2024 15:54:09, written at 15:54:11
  ==================================================================================
  Timer                                   Elapsed         CPU       Calls       Ela/Call       CPU/Call
  -----------------------------------  ----------  ----------  ----------  -------------  -------------
  Pop_Table_Iterate                          0.33        0.32           1        0.33000        0.32000
  Solutions by Category                      0.01        0.00           1        0.00600        0.00000
  Pop_Table_Iterate_Base                     0.33        0.32           1        0.32800        0.32000
  Pop_Table_Iterate_Link                     0.33        0.33           1        0.33300        0.33000
  Pop_Table_Iterate_Link - item level        0.01        0.00           1        0.01300        0.00000
  Pop_Table_Iterate_Base_Link                0.33        0.32           1        0.33200        0.32000
  Array_Iterate                              0.35        0.31           1        0.34600        0.31000
  Pop_Table_Recurse                          0.34        0.30           1        0.33700        0.30000
  Array_Recurse                              0.35        0.34           1        0.34800        0.34000
  (Other)                                    0.00        0.00           1        0.00000        0.00000
  -----------------------------------  ----------  ----------  ----------  -------------  -------------
  Total                                      2.37        2.24          10        0.23730        0.22400
  -----------------------------------  ----------  ----------  ----------  -------------  -------------
  [Timer timed (per call in ms): Elapsed: 0.00885, CPU: 0.00796]


item_cat_seqs_bra_0_10748.log

> Timer Set: Item_Cat_Seqs, Constructed at 09 Jun 2024 15:54:11, written at 15:54:14
  ==================================================================================
  Timer                                   Elapsed         CPU       Calls       Ela/Call       CPU/Call
  -----------------------------------  ----------  ----------  ----------  -------------  -------------
  Pop_Table_Iterate                          0.37        0.35           1        0.36900        0.35000
  Solutions by Category                      0.01        0.00           1        0.00600        0.00000
  Pop_Table_Iterate_Base                     0.36        0.32           1        0.35700        0.32000
  Pop_Table_Iterate_Link                     0.37        0.35           1        0.37400        0.35000
  Pop_Table_Iterate_Link - item level        0.01        0.00           1        0.01400        0.00000
  Pop_Table_Iterate_Base_Link                0.37        0.34           1        0.37200        0.34000
  Array_Iterate                              0.40        0.36           1        0.39800        0.36000
  Pop_Table_Recurse                          0.37        0.35           1        0.36900        0.35000
  Array_Recurse                              0.40        0.35           1        0.39600        0.35000
  (Other)                                    0.00        0.00           1        0.00000        0.00000
  -----------------------------------  ----------  ----------  ----------  -------------  -------------
  Total                                      2.66        2.42          10        0.26550        0.24200
  -----------------------------------  ----------  ----------  ----------  -------------  -------------
  [Timer timed (per call in ms): Elapsed: 0.00917, CPU: 0.00826]


item_cat_seqs_rsf_bra_10_0.log

> Timer Set: Item_Cat_Seqs_RSF, Constructed at 09 Jun 2024 15:54:14, written at 15:54:17
  ======================================================================================
  Timer                          Elapsed         CPU       Calls       Ela/Call       CPU/Call
  --------------------------  ----------  ----------  ----------  -------------  -------------
  rsf_sql_v                         0.69        0.66           1        0.68700        0.66000
  rsf_sql_material_v                0.28        0.27           1        0.28100        0.27000
  Item_Cat_Seqs.Init                0.01        0.00           3        0.00467        0.00000
  rsf_irk_irs_tabs_v                0.11        0.09           1        0.11200        0.09000
  rsf_irk_tab_where_fun_ts_v        0.47        0.45           1        0.47200        0.45000
  rsf_irk_tab_where_fun_v           0.15        0.12           1        0.14700        0.12000
  (Other)                           1.05        1.01           1        1.05400        1.01000
  --------------------------  ----------  ----------  ----------  -------------  -------------
  Total                             2.77        2.60           9        0.30744        0.28889
  --------------------------  ----------  ----------  ----------  -------------  -------------
  [Timer timed (per call in ms): Elapsed: 0.00877, CPU: 0.00877]


item_cat_seqs_rsf_bra_100_0.log

> Timer Set: Item_Cat_Seqs_RSF, Constructed at 09 Jun 2024 15:54:17, written at 15:54:34
  ======================================================================================
  Timer                          Elapsed         CPU       Calls       Ela/Call       CPU/Call
  --------------------------  ----------  ----------  ----------  -------------  -------------
  rsf_sql_v                         6.50        6.26           1        6.49500        6.26000
  rsf_sql_material_v                2.92        2.76           1        2.92200        2.76000
  Item_Cat_Seqs.Init                0.02        0.02           3        0.00500        0.00667
  rsf_irk_irs_tabs_v                1.12        1.08           1        1.12000        1.08000
  rsf_irk_tab_where_fun_ts_v        3.83        3.73           1        3.82900        3.73000
  rsf_irk_tab_where_fun_v           1.62        1.56           1        1.62000        1.56000
  (Other)                           1.04        1.02           1        1.03600        1.02000
  --------------------------  ----------  ----------  ----------  -------------  -------------
  Total                            17.04       16.43           9        1.89300        1.82556
  --------------------------  ----------  ----------  ----------  -------------  -------------
  [Timer timed (per call in ms): Elapsed: 0.00870, CPU: 0.00870]


item_cat_seqs_rsf_bra_100_10748.log

> Timer Set: Item_Cat_Seqs_RSF, Constructed at 09 Jun 2024 15:54:34, written at 15:54:36
  ======================================================================================
  Timer                          Elapsed         CPU       Calls       Ela/Call       CPU/Call
  --------------------------  ----------  ----------  ----------  -------------  -------------
  rsf_sql_v                         0.35        0.34           1        0.35000        0.34000
  rsf_sql_material_v                0.17        0.17           1        0.16500        0.17000
  Item_Cat_Seqs.Init                0.01        0.00           3        0.00433        0.00000
  rsf_irk_irs_tabs_v                0.06        0.05           1        0.06200        0.05000
  rsf_irk_tab_where_fun_ts_v        0.77        0.75           1        0.77000        0.75000
  rsf_irk_tab_where_fun_v           0.17        0.15           1        0.17400        0.15000
  (Other)                           1.06        1.01           1        1.05700        1.01000
  --------------------------  ----------  ----------  ----------  -------------  -------------
  Total                             2.59        2.47           9        0.28789        0.27444
  --------------------------  ----------  ----------  ----------  -------------  -------------
  [Timer timed (per call in ms): Elapsed: 0.00870, CPU: 0.00783]


item_cat_seqs_rsf_bra_0_10748.log

> Timer Set: Item_Cat_Seqs_RSF, Constructed at 09 Jun 2024 15:54:37, written at 15:54:41
  ======================================================================================
  Timer                          Elapsed         CPU       Calls       Ela/Call       CPU/Call
  --------------------------  ----------  ----------  ----------  -------------  -------------
  rsf_sql_v                         0.71        0.67           1        0.71400        0.67000
  rsf_sql_material_v                0.39        0.35           1        0.39200        0.35000
  Item_Cat_Seqs.Init                0.01        0.01           3        0.00433        0.00333
  rsf_irk_irs_tabs_v                0.12        0.10           1        0.11500        0.10000
  rsf_irk_tab_where_fun_ts_v        1.99        1.98           1        1.99200        1.98000
  rsf_irk_tab_where_fun_v           0.43        0.41           1        0.43400        0.41000
  (Other)                           1.05        1.03           1        1.05000        1.03000
  --------------------------  ----------  ----------  ----------  -------------  -------------
  Total                             4.71        4.55           9        0.52333        0.50556
  --------------------------  ----------  ----------  ----------  -------------  -------------
  [Timer timed (per call in ms): Elapsed: 0.00926, CPU: 0.00926]


item_cat_seqs_loop_bra_10_3.log

> Timer Set: Item_Cat_Seqs_Loop, Constructed at 09 Jun 2024 15:54:41, written at 15:54:44
  =======================================================================================
  Timer                                       Elapsed         CPU       Calls       Ela/Call       CPU/Call
  ---------------------------------------  ----------  ----------  ----------  -------------  -------------
  Iteratively_Refine_Recurse - path level        0.77        0.76           1        0.77200        0.76000
  Iteratively_Refine_Recurse - item level        0.78        0.74           1        0.78100        0.74000
  Iteratively_Refine_Iterate - path level        0.76        0.73           1        0.75500        0.73000
  Iteratively_Refine_RSF - path level            0.44        0.42           1        0.44000        0.42000
  (Other)                                        0.00        0.00           1        0.00100        0.00000
  ---------------------------------------  ----------  ----------  ----------  -------------  -------------
  Total                                          2.75        2.65           5        0.54980        0.53000
  ---------------------------------------  ----------  ----------  ----------  -------------  -------------
  [Timer timed (per call in ms): Elapsed: 0.00917, CPU: 0.00826]


item_cat_seqs_eng_50_0.log

> Timer Set: Item_Cat_Seqs, Constructed at 09 Jun 2024 15:54:46, written at 15:54:56
  ==================================================================================
  Timer                                   Elapsed         CPU       Calls       Ela/Call       CPU/Call
  -----------------------------------  ----------  ----------  ----------  -------------  -------------
  Pop_Table_Iterate                          1.43        1.38           1        1.42600        1.38000
  Solutions by Category                      0.02        0.00           1        0.01800        0.00000
  Pop_Table_Iterate_Base                     1.32        1.28           1        1.32100        1.28000
  Pop_Table_Iterate_Link                     1.31        1.24           1        1.31400        1.24000
  Pop_Table_Iterate_Link - item level        0.02        0.01           1        0.02200        0.01000
  Pop_Table_Iterate_Base_Link                1.19        1.15           1        1.18800        1.15000
  Array_Iterate                              1.70        1.68           1        1.69600        1.68000
  Pop_Table_Recurse                          1.37        1.33           1        1.37300        1.33000
  Array_Recurse                              1.69        1.67           1        1.68600        1.67000
  (Other)                                    0.00        0.00           1        0.00100        0.00000
  -----------------------------------  ----------  ----------  ----------  -------------  -------------
  Total                                     10.05        9.74          10        1.00450        0.97400
  -----------------------------------  ----------  ----------  ----------  -------------  -------------
  [Timer timed (per call in ms): Elapsed: 0.00893, CPU: 0.00893]


item_cat_seqs_eng_300_0.log

> Timer Set: Item_Cat_Seqs, Constructed at 09 Jun 2024 15:54:56, written at 15:55:46
  ==================================================================================
  Timer                                   Elapsed         CPU       Calls       Ela/Call       CPU/Call
  -----------------------------------  ----------  ----------  ----------  -------------  -------------
  Pop_Table_Iterate                          7.07        6.51           1        7.06800        6.51000
  Solutions by Category                      0.01        0.00           1        0.00800        0.00000
  Pop_Table_Iterate_Base                     6.33        6.05           1        6.32900        6.05000
  Pop_Table_Iterate_Link                     6.25        6.07           1        6.25200        6.07000
  Pop_Table_Iterate_Link - item level        0.02        0.00           1        0.01800        0.00000
  Pop_Table_Iterate_Base_Link                5.14        5.08           1        5.13600        5.08000
  Array_Iterate                              9.17        8.08           1        9.16800        8.08000
  Pop_Table_Recurse                          6.98        6.43           1        6.98300        6.43000
  Array_Recurse                              8.90        8.11           1        8.89700        8.11000
  (Other)                                    0.00        0.00           1        0.00100        0.00000
  -----------------------------------  ----------  ----------  ----------  -------------  -------------
  Total                                     49.86       46.33          10        4.98600        4.63300
  -----------------------------------  ----------  ----------  ----------  -------------  -------------
  [Timer timed (per call in ms): Elapsed: 0.00877, CPU: 0.01053]


item_cat_seqs_eng_300_1952.log

> Timer Set: Item_Cat_Seqs, Constructed at 09 Jun 2024 15:55:46, written at 15:55:54
  ==================================================================================
  Timer                                   Elapsed         CPU       Calls       Ela/Call       CPU/Call
  -----------------------------------  ----------  ----------  ----------  -------------  -------------
  Pop_Table_Iterate                          1.06        1.03           1        1.06200        1.03000
  Solutions by Category                      0.01        0.00           1        0.00600        0.00000
  Pop_Table_Iterate_Base                     1.06        1.05           1        1.06200        1.05000
  Pop_Table_Iterate_Link                     1.03        1.02           1        1.03200        1.02000
  Pop_Table_Iterate_Link - item level        0.02        0.01           1        0.01700        0.01000
  Pop_Table_Iterate_Base_Link                1.01        0.97           1        1.00600        0.97000
  Array_Iterate                              1.33        1.31           1        1.33000        1.31000
  Pop_Table_Recurse                          1.05        1.03           1        1.04700        1.03000
  Array_Recurse                              1.54        1.53           1        1.53900        1.53000
  (Other)                                    0.00        0.00           1        0.00100        0.00000
  -----------------------------------  ----------  ----------  ----------  -------------  -------------
  Total                                      8.10        7.95          10        0.81020        0.79500
  -----------------------------------  ----------  ----------  ----------  -------------  -------------
  [Timer timed (per call in ms): Elapsed: 0.01087, CPU: 0.00978]


item_cat_seqs_eng_0_1952.log

> Timer Set: Item_Cat_Seqs, Constructed at 09 Jun 2024 15:55:54, written at 16:07:13
  ==================================================================================
  Timer                                   Elapsed         CPU       Calls       Ela/Call       CPU/Call
  -----------------------------------  ----------  ----------  ----------  -------------  -------------
  Pop_Table_Iterate                         80.92       79.54           1       80.91800       79.54000
  Solutions by Category                      0.04        0.03           1        0.04400        0.03000
  Pop_Table_Iterate_Base                    82.15       80.72           1       82.15000       80.72000
  Pop_Table_Iterate_Link                    84.34       83.43           1       84.34400       83.43000
  Pop_Table_Iterate_Link - item level        1.31        1.29           1        1.31100        1.29000
  Pop_Table_Iterate_Base_Link               84.19       83.31           1       84.19100       83.31000
  Array_Iterate                            117.62      114.27           1      117.61500      114.27000
  Pop_Table_Recurse                         84.30       83.35           1       84.30000       83.35000
  Array_Recurse                            144.05      142.50           1      144.04500      142.50000
  (Other)                                    0.00        0.01           1        0.00100        0.01000
  -----------------------------------  ----------  ----------  ----------  -------------  -------------
  Total                                    678.92      668.45          10       67.89190       66.84500
  -----------------------------------  ----------  ----------  ----------  -------------  -------------
  [Timer timed (per call in ms): Elapsed: 0.00971, CPU: 0.01078]


item_cat_seqs_rsf_eng_50_0.log

> Timer Set: Item_Cat_Seqs_RSF, Constructed at 09 Jun 2024 16:07:13, written at 16:12:19
  ======================================================================================
  Timer                          Elapsed         CPU       Calls       Ela/Call       CPU/Call
  --------------------------  ----------  ----------  ----------  -------------  -------------
  rsf_sql_v                       213.99      212.28           1      213.99300      212.28000
  rsf_sql_material_v               51.01       50.45           1       51.00700       50.45000
  Item_Cat_Seqs.Init                0.03        0.01           3        0.00967        0.00333
  rsf_irk_irs_tabs_v                9.07        8.95           1        9.06600        8.95000
  rsf_irk_tab_where_fun_ts_v       19.96       19.70           1       19.95500       19.70000
  rsf_irk_tab_where_fun_v          11.01       10.92           1       11.00700       10.92000
  (Other)                           1.07        1.04           1        1.07300        1.04000
  --------------------------  ----------  ----------  ----------  -------------  -------------
  Total                           306.13      303.35           9       34.01444       33.70556
  --------------------------  ----------  ----------  ----------  -------------  -------------
  [Timer timed (per call in ms): Elapsed: 0.00990, CPU: 0.01089]


item_cat_seqs_rsf_eng_300_0.log

> Timer Set: Item_Cat_Seqs_RSF, Constructed at 09 Jun 2024 16:12:19, written at 16:44:51
  ======================================================================================
  Timer                          Elapsed         CPU       Calls       Ela/Call       CPU/Call
  --------------------------  ----------  ----------  ----------  -------------  -------------
  rsf_sql_v                      1317.29     1298.00           1     1317.29400     1298.00000
  rsf_sql_material_v              330.31      318.48           1      330.30700      318.48000
  Item_Cat_Seqs.Init                0.03        0.02           3        0.00900        0.00667
  rsf_irk_irs_tabs_v               77.48       67.20           1       77.47600       67.20000
  rsf_irk_tab_where_fun_ts_v      138.31      130.27           1      138.31100      130.27000
  rsf_irk_tab_where_fun_v          86.78       79.95           1       86.78400       79.95000
  (Other)                           1.07        1.03           1        1.06700        1.03000
  --------------------------  ----------  ----------  ----------  -------------  -------------
  Total                          1951.27     1894.95           9      216.80733      210.55000
  --------------------------  ----------  ----------  ----------  -------------  -------------
  [Timer timed (per call in ms): Elapsed: 0.00952, CPU: 0.00857]


item_cat_seqs_rsf_eng_300_1952.log

> Timer Set: Item_Cat_Seqs_RSF, Constructed at 09 Jun 2024 16:44:51, written at 16:47:23
  ======================================================================================
  Timer                          Elapsed         CPU       Calls       Ela/Call       CPU/Call
  --------------------------  ----------  ----------  ----------  -------------  -------------
  rsf_sql_v                        83.38       82.29           1       83.38100       82.29000
  rsf_sql_material_v               21.41       20.93           1       21.41100       20.93000
  Item_Cat_Seqs.Init                0.04        0.03           3        0.01233        0.01000
  rsf_irk_irs_tabs_v                3.32        3.24           1        3.32400        3.24000
  rsf_irk_tab_where_fun_ts_v       33.88       33.56           1       33.87600       33.56000
  rsf_irk_tab_where_fun_v           8.89        8.77           1        8.89100        8.77000
  (Other)                           1.09        1.05           1        1.08800        1.05000
  --------------------------  ----------  ----------  ----------  -------------  -------------
  Total                           152.01      149.87           9       16.88978       16.65222
  --------------------------  ----------  ----------  ----------  -------------  -------------
  [Timer timed (per call in ms): Elapsed: 0.00943, CPU: 0.00849]


item_cat_seqs_rsf_eng_0_1952.log

> Timer Set: Item_Cat_Seqs_RSF, Constructed at 09 Jun 2024 16:47:23, written at 20:08:11
  ======================================================================================
  Timer                          Elapsed         CPU       Calls       Ela/Call       CPU/Call
  --------------------------  ----------  ----------  ----------  -------------  -------------
  rsf_sql_v                      2411.25     1434.96           1     2411.24500     1434.96000
  rsf_sql_material_v             1953.03      638.52           1     1953.03000      638.52000
  Item_Cat_Seqs.Init                0.04        0.02           3        0.01300        0.00667
  rsf_irk_irs_tabs_v              237.63      231.45           1      237.62600      231.45000
  rsf_irk_tab_where_fun_ts_v     6167.34     6124.43           1     6167.33600     6124.43000
  rsf_irk_tab_where_fun_v        1277.87     1265.71           1     1277.86900     1265.71000
  (Other)                           1.11        1.06           1        1.11200        1.06000
  --------------------------  ----------  ----------  ----------  -------------  -------------
  Total                         12048.26     9696.15           9     1338.69522     1077.35000
  --------------------------  ----------  ----------  ----------  -------------  -------------
  [Timer timed (per call in ms): Elapsed: 0.00962, CPU: 0.00769]


item_cat_seqs_loop_eng_50_3.log

> Timer Set: Item_Cat_Seqs_Loop, Constructed at 09 Jun 2024 20:08:11, written at 20:08:30
  =======================================================================================
  Timer                                       Elapsed         CPU       Calls       Ela/Call       CPU/Call
  ---------------------------------------  ----------  ----------  ----------  -------------  -------------
  Iteratively_Refine_Recurse - path level        2.93        2.87           1        2.93200        2.87000
  Iteratively_Refine_Recurse - item level        2.95        2.92           1        2.95000        2.92000
  Iteratively_Refine_Iterate - path level        2.29        2.25           1        2.29000        2.25000
  Iteratively_Refine_RSF - path level           10.96       10.83           1       10.96000       10.83000
  (Other)                                        0.00        0.00           1        0.00100        0.00000
  ---------------------------------------  ----------  ----------  ----------  -------------  -------------
  Total                                         19.13       18.87           5        3.82660        3.77400
  ---------------------------------------  ----------  ----------  ----------  -------------  -------------
  [Timer timed (per call in ms): Elapsed: 0.00943, CPU: 0.00849]


Total time taken: 15276 seconds
