item_cat_seqs_sml_10_0.log

> Timer Set: Item_Cat_Seqs, Constructed at 10 Jun 2024 23:37:03, written at 23:37:04
  ==================================================================================
  Timer                                   Elapsed         CPU       Calls       Ela/Call       CPU/Call
  -----------------------------------  ----------  ----------  ----------  -------------  -------------
  Pop_Table_Iterate                          0.17        0.16           1        0.16800        0.16000
  Solutions by Category                      0.03        0.02           1        0.03400        0.02000
  Pop_Table_Iterate_Base                     0.19        0.14           1        0.18800        0.14000
  Pop_Table_Iterate_Link                     0.24        0.17           1        0.24100        0.17000
  Pop_Table_Iterate_Link - item level        0.03        0.01           1        0.03200        0.01000
  Pop_Table_Iterate_Base_Link                0.21        0.19           1        0.20600        0.19000
  Array_Iterate                              0.12        0.10           1        0.12300        0.10000
  Pop_Table_Recurse                          0.11        0.10           1        0.11200        0.10000
  Array_Recurse                              0.13        0.10           1        0.13000        0.10000
  (Other)                                    0.00        0.00           1        0.00300        0.00000
  -----------------------------------  ----------  ----------  ----------  -------------  -------------
  Total                                      1.24        0.99          10        0.12370        0.09900
  -----------------------------------  ----------  ----------  ----------  -------------  -------------
  [Timer timed (per call in ms): Elapsed: 0.00990, CPU: 0.00792]


item_cat_seqs_rsf_sml_10_0.log

> Timer Set: Item_Cat_Seqs_RSF, Constructed at 10 Jun 2024 23:37:04, written at 23:37:06
  ======================================================================================
  Timer                          Elapsed         CPU       Calls       Ela/Call       CPU/Call
  --------------------------  ----------  ----------  ----------  -------------  -------------
  rsf_sql_v                         0.03        0.01           1        0.02900        0.01000
  rsf_sql_material_v                0.03        0.04           1        0.02700        0.04000
  Item_Cat_Seqs.Init                0.01        0.01           3        0.00433        0.00333
  rsf_irk_irs_tabs_v                0.02        0.03           1        0.02200        0.03000
  rsf_irk_tab_where_fun_ts_v        0.12        0.09           1        0.11800        0.09000
  rsf_irk_tab_where_fun_v           0.02        0.00           1        0.01500        0.00000
  (Other)                           1.32        1.23           1        1.32200        1.23000
  --------------------------  ----------  ----------  ----------  -------------  -------------
  Total                             1.55        1.41           9        0.17178        0.15667
  --------------------------  ----------  ----------  ----------  -------------  -------------
  [Timer timed (per call in ms): Elapsed: 0.00962, CPU: 0.00962]


item_cat_seqs_loop_sml_10_3.log

> Timer Set: Item_Cat_Seqs_Loop, Constructed at 10 Jun 2024 23:37:06, written at 23:37:08
  =======================================================================================
  Timer                                       Elapsed         CPU       Calls       Ela/Call       CPU/Call
  ---------------------------------------  ----------  ----------  ----------  -------------  -------------
  Iteratively_Refine_Recurse - path level        0.33        0.31           1        0.32900        0.31000
  Iteratively_Refine_Recurse - item level        0.32        0.32           1        0.32100        0.32000
  Iteratively_Refine_Iterate - path level        0.32        0.28           1        0.31500        0.28000
  Iteratively_Refine_RSF - path level            0.36        0.33           1        0.36300        0.33000
  (Other)                                        0.00        0.00           1        0.00100        0.00000
  ---------------------------------------  ----------  ----------  ----------  -------------  -------------
  Total                                          1.33        1.24           5        0.26580        0.24800
  ---------------------------------------  ----------  ----------  ----------  -------------  -------------
  [Timer timed (per call in ms): Elapsed: 0.00934, CPU: 0.00849]


item_cat_seqs_bra_10_0.log

> Timer Set: Item_Cat_Seqs, Constructed at 10 Jun 2024 23:37:09, written at 23:37:12
  ==================================================================================
  Timer                                   Elapsed         CPU       Calls       Ela/Call       CPU/Call
  -----------------------------------  ----------  ----------  ----------  -------------  -------------
  Pop_Table_Iterate                          0.44        0.37           1        0.44100        0.37000
  Solutions by Category                      0.02        0.01           1        0.02000        0.01000
  Pop_Table_Iterate_Base                     0.41        0.41           1        0.40500        0.41000
  Pop_Table_Iterate_Link                     0.42        0.41           1        0.41700        0.41000
  Pop_Table_Iterate_Link - item level        0.02        0.00           1        0.02100        0.00000
  Pop_Table_Iterate_Base_Link                0.42        0.38           1        0.42000        0.38000
  Array_Iterate                              0.39        0.37           1        0.38800        0.37000
  Pop_Table_Recurse                          0.36        0.35           1        0.35800        0.35000
  Array_Recurse                              0.39        0.36           1        0.38600        0.36000
  (Other)                                    0.00        0.00           1        0.00100        0.00000
  -----------------------------------  ----------  ----------  ----------  -------------  -------------
  Total                                      2.86        2.66          10        0.28570        0.26600
  -----------------------------------  ----------  ----------  ----------  -------------  -------------
  [Timer timed (per call in ms): Elapsed: 0.00909, CPU: 0.00636]


item_cat_seqs_bra_100_0.log

> Timer Set: Item_Cat_Seqs, Constructed at 10 Jun 2024 23:37:12, written at 23:37:16
  ==================================================================================
  Timer                                   Elapsed         CPU       Calls       Ela/Call       CPU/Call
  -----------------------------------  ----------  ----------  ----------  -------------  -------------
  Pop_Table_Iterate                          0.59        0.52           1        0.59200        0.52000
  Solutions by Category                      0.01        0.00           1        0.00700        0.00000
  Pop_Table_Iterate_Base                     0.55        0.51           1        0.55400        0.51000
  Pop_Table_Iterate_Link                     0.55        0.54           1        0.55100        0.54000
  Pop_Table_Iterate_Link - item level        0.01        0.00           1        0.01300        0.00000
  Pop_Table_Iterate_Base_Link                0.51        0.49           1        0.51000        0.49000
  Array_Iterate                              0.62        0.58           1        0.61800        0.58000
  Pop_Table_Recurse                          0.56        0.53           1        0.56300        0.53000
  Array_Recurse                              0.61        0.59           1        0.61300        0.59000
  (Other)                                    0.00        0.01           1        0.00100        0.01000
  -----------------------------------  ----------  ----------  ----------  -------------  -------------
  Total                                      4.02        3.77          10        0.40220        0.37700
  -----------------------------------  ----------  ----------  ----------  -------------  -------------
  [Timer timed (per call in ms): Elapsed: 0.00877, CPU: 0.00877]


item_cat_seqs_bra_100_10748.log

> Timer Set: Item_Cat_Seqs, Constructed at 10 Jun 2024 23:37:16, written at 23:37:19
  ==================================================================================
  Timer                                   Elapsed         CPU       Calls       Ela/Call       CPU/Call
  -----------------------------------  ----------  ----------  ----------  -------------  -------------
  Pop_Table_Iterate                          0.36        0.36           1        0.35500        0.36000
  Solutions by Category                      0.01        0.00           1        0.00600        0.00000
  Pop_Table_Iterate_Base                     0.35        0.34           1        0.35200        0.34000
  Pop_Table_Iterate_Link                     0.36        0.35           1        0.35900        0.35000
  Pop_Table_Iterate_Link - item level        0.01        0.00           1        0.01100        0.00000
  Pop_Table_Iterate_Base_Link                0.36        0.32           1        0.35900        0.32000
  Array_Iterate                              0.37        0.33           1        0.36600        0.33000
  Pop_Table_Recurse                          0.36        0.36           1        0.35800        0.36000
  Array_Recurse                              0.38        0.31           1        0.38300        0.31000
  (Other)                                    0.00        0.00           1        0.00100        0.00000
  -----------------------------------  ----------  ----------  ----------  -------------  -------------
  Total                                      2.55        2.37          10        0.25500        0.23700
  -----------------------------------  ----------  ----------  ----------  -------------  -------------
  [Timer timed (per call in ms): Elapsed: 0.00980, CPU: 0.00882]


item_cat_seqs_bra_0_10748.log

> Timer Set: Item_Cat_Seqs, Constructed at 10 Jun 2024 23:37:19, written at 23:37:21
  ==================================================================================
  Timer                                   Elapsed         CPU       Calls       Ela/Call       CPU/Call
  -----------------------------------  ----------  ----------  ----------  -------------  -------------
  Pop_Table_Iterate                          0.39        0.37           1        0.39300        0.37000
  Solutions by Category                      0.01        0.00           1        0.00600        0.00000
  Pop_Table_Iterate_Base                     0.39        0.38           1        0.38900        0.38000
  Pop_Table_Iterate_Link                     0.41        0.39           1        0.40500        0.39000
  Pop_Table_Iterate_Link - item level        0.02        0.00           1        0.01500        0.00000
  Pop_Table_Iterate_Base_Link                0.39        0.36           1        0.39300        0.36000
  Array_Iterate                              0.40        0.39           1        0.39900        0.39000
  Pop_Table_Recurse                          0.38        0.36           1        0.38200        0.36000
  Array_Recurse                              0.42        0.40           1        0.41500        0.40000
  (Other)                                    0.00        0.00           1        0.00100        0.00000
  -----------------------------------  ----------  ----------  ----------  -------------  -------------
  Total                                      2.80        2.65          10        0.27980        0.26500
  -----------------------------------  ----------  ----------  ----------  -------------  -------------
  [Timer timed (per call in ms): Elapsed: 0.00917, CPU: 0.00826]


item_cat_seqs_rsf_bra_10_0.log

> Timer Set: Item_Cat_Seqs_RSF, Constructed at 10 Jun 2024 23:37:22, written at 23:37:24
  ======================================================================================
  Timer                          Elapsed         CPU       Calls       Ela/Call       CPU/Call
  --------------------------  ----------  ----------  ----------  -------------  -------------
  rsf_sql_v                         0.69        0.65           1        0.69200        0.65000
  rsf_sql_material_v                0.30        0.26           1        0.29700        0.26000
  Item_Cat_Seqs.Init                0.02        0.01           3        0.00533        0.00333
  rsf_irk_irs_tabs_v                0.11        0.08           1        0.10900        0.08000
  rsf_irk_tab_where_fun_ts_v        0.46        0.41           1        0.46300        0.41000
  rsf_irk_tab_where_fun_v           0.15        0.12           1        0.14700        0.12000
  (Other)                           1.14        1.07           1        1.13500        1.07000
  --------------------------  ----------  ----------  ----------  -------------  -------------
  Total                             2.86        2.60           9        0.31767        0.28889
  --------------------------  ----------  ----------  ----------  -------------  -------------
  [Timer timed (per call in ms): Elapsed: 0.00901, CPU: 0.00901]


item_cat_seqs_rsf_bra_100_0.log

> Timer Set: Item_Cat_Seqs_RSF, Constructed at 10 Jun 2024 23:37:25, written at 23:37:42
  ======================================================================================
  Timer                          Elapsed         CPU       Calls       Ela/Call       CPU/Call
  --------------------------  ----------  ----------  ----------  -------------  -------------
  rsf_sql_v                         6.53        6.31           1        6.52700        6.31000
  rsf_sql_material_v                2.85        2.75           1        2.84500        2.75000
  Item_Cat_Seqs.Init                0.02        0.00           3        0.00533        0.00000
  rsf_irk_irs_tabs_v                1.14        1.10           1        1.14300        1.10000
  rsf_irk_tab_where_fun_ts_v        3.79        3.77           1        3.79200        3.77000
  rsf_irk_tab_where_fun_v           1.60        1.57           1        1.60200        1.57000
  (Other)                           1.14        1.11           1        1.14100        1.11000
  --------------------------  ----------  ----------  ----------  -------------  -------------
  Total                            17.07       16.61           9        1.89622        1.84556
  --------------------------  ----------  ----------  ----------  -------------  -------------
  [Timer timed (per call in ms): Elapsed: 0.00885, CPU: 0.00796]


item_cat_seqs_rsf_bra_100_10748.log

> Timer Set: Item_Cat_Seqs_RSF, Constructed at 10 Jun 2024 23:37:42, written at 23:37:44
  ======================================================================================
  Timer                          Elapsed         CPU       Calls       Ela/Call       CPU/Call
  --------------------------  ----------  ----------  ----------  -------------  -------------
  rsf_sql_v                         0.35        0.32           1        0.34700        0.32000
  rsf_sql_material_v                0.16        0.15           1        0.15900        0.15000
  Item_Cat_Seqs.Init                0.01        0.01           3        0.00433        0.00333
  rsf_irk_irs_tabs_v                0.05        0.02           1        0.05000        0.02000
  rsf_irk_tab_where_fun_ts_v        0.78        0.73           1        0.77600        0.73000
  rsf_irk_tab_where_fun_v           0.17        0.14           1        0.17300        0.14000
  (Other)                           1.14        1.13           1        1.14100        1.13000
  --------------------------  ----------  ----------  ----------  -------------  -------------
  Total                             2.66        2.50           9        0.29544        0.27778
  --------------------------  ----------  ----------  ----------  -------------  -------------
  [Timer timed (per call in ms): Elapsed: 0.00877, CPU: 0.00789]


item_cat_seqs_rsf_bra_0_10748.log

> Timer Set: Item_Cat_Seqs_RSF, Constructed at 10 Jun 2024 23:37:45, written at 23:37:49
  ======================================================================================
  Timer                          Elapsed         CPU       Calls       Ela/Call       CPU/Call
  --------------------------  ----------  ----------  ----------  -------------  -------------
  rsf_sql_v                         0.71        0.68           1        0.70700        0.68000
  rsf_sql_material_v                0.41        0.38           1        0.41400        0.38000
  Item_Cat_Seqs.Init                0.01        0.01           3        0.00467        0.00333
  rsf_irk_irs_tabs_v                0.10        0.10           1        0.10300        0.10000
  rsf_irk_tab_where_fun_ts_v        1.99        1.97           1        1.98700        1.97000
  rsf_irk_tab_where_fun_v           0.46        0.43           1        0.45800        0.43000
  (Other)                           1.16        1.10           1        1.15600        1.10000
  --------------------------  ----------  ----------  ----------  -------------  -------------
  Total                             4.84        4.67           9        0.53767        0.51889
  --------------------------  ----------  ----------  ----------  -------------  -------------
  [Timer timed (per call in ms): Elapsed: 0.00971, CPU: 0.00971]


item_cat_seqs_loop_bra_10_3.log

> Timer Set: Item_Cat_Seqs_Loop, Constructed at 10 Jun 2024 23:37:49, written at 23:37:52
  =======================================================================================
  Timer                                       Elapsed         CPU       Calls       Ela/Call       CPU/Call
  ---------------------------------------  ----------  ----------  ----------  -------------  -------------
  Iteratively_Refine_Recurse - path level        0.82        0.80           1        0.81900        0.80000
  Iteratively_Refine_Recurse - item level        0.81        0.78           1        0.81000        0.78000
  Iteratively_Refine_Iterate - path level        0.78        0.77           1        0.78000        0.77000
  Iteratively_Refine_RSF - path level            0.46        0.42           1        0.45800        0.42000
  (Other)                                        0.00        0.00           1        0.00100        0.00000
  ---------------------------------------  ----------  ----------  ----------  -------------  -------------
  Total                                          2.87        2.77           5        0.57360        0.55400
  ---------------------------------------  ----------  ----------  ----------  -------------  -------------
  [Timer timed (per call in ms): Elapsed: 0.00901, CPU: 0.00811]


item_cat_seqs_eng_50_0.log

> Timer Set: Item_Cat_Seqs, Constructed at 10 Jun 2024 23:37:54, written at 23:38:04
  ==================================================================================
  Timer                                   Elapsed         CPU       Calls       Ela/Call       CPU/Call
  -----------------------------------  ----------  ----------  ----------  -------------  -------------
  Pop_Table_Iterate                          1.46        1.42           1        1.45500        1.42000
  Solutions by Category                      0.02        0.00           1        0.01900        0.00000
  Pop_Table_Iterate_Base                     1.36        1.30           1        1.35600        1.30000
  Pop_Table_Iterate_Link                     1.36        1.32           1        1.35600        1.32000
  Pop_Table_Iterate_Link - item level        0.02        0.01           1        0.02200        0.01000
  Pop_Table_Iterate_Base_Link                1.23        1.15           1        1.23100        1.15000
  Array_Iterate                              1.76        1.72           1        1.76200        1.72000
  Pop_Table_Recurse                          1.40        1.39           1        1.40100        1.39000
  Array_Recurse                              1.73        1.69           1        1.72700        1.69000
  (Other)                                    0.00        0.00           1        0.00100        0.00000
  -----------------------------------  ----------  ----------  ----------  -------------  -------------
  Total                                     10.33       10.00          10        1.03300        1.00000
  -----------------------------------  ----------  ----------  ----------  -------------  -------------
  [Timer timed (per call in ms): Elapsed: 0.00935, CPU: 0.00841]


item_cat_seqs_eng_300_0.log

> Timer Set: Item_Cat_Seqs, Constructed at 10 Jun 2024 23:38:04, written at 23:38:55
  ==================================================================================
  Timer                                   Elapsed         CPU       Calls       Ela/Call       CPU/Call
  -----------------------------------  ----------  ----------  ----------  -------------  -------------
  Pop_Table_Iterate                          7.14        6.50           1        7.13600        6.50000
  Solutions by Category                      0.01        0.00           1        0.00600        0.00000
  Pop_Table_Iterate_Base                     6.55        6.14           1        6.54600        6.14000
  Pop_Table_Iterate_Link                     6.26        5.97           1        6.26300        5.97000
  Pop_Table_Iterate_Link - item level        0.02        0.00           1        0.02100        0.00000
  Pop_Table_Iterate_Base_Link                5.16        5.13           1        5.16300        5.13000
  Array_Iterate                              9.13        8.08           1        9.13200        8.08000
  Pop_Table_Recurse                          7.15        6.37           1        7.14500        6.37000
  Array_Recurse                              8.98        8.14           1        8.98100        8.14000
  (Other)                                    0.00        0.00           1        0.00100        0.00000
  -----------------------------------  ----------  ----------  ----------  -------------  -------------
  Total                                     50.39       46.33          10        5.03940        4.63300
  -----------------------------------  ----------  ----------  ----------  -------------  -------------
  [Timer timed (per call in ms): Elapsed: 0.00935, CPU: 0.00841]


item_cat_seqs_eng_300_1952.log

> Timer Set: Item_Cat_Seqs, Constructed at 10 Jun 2024 23:38:55, written at 23:39:03
  ==================================================================================
  Timer                                   Elapsed         CPU       Calls       Ela/Call       CPU/Call
  -----------------------------------  ----------  ----------  ----------  -------------  -------------
  Pop_Table_Iterate                          1.08        1.04           1        1.07600        1.04000
  Solutions by Category                      0.01        0.00           1        0.00600        0.00000
  Pop_Table_Iterate_Base                     1.07        1.02           1        1.06500        1.02000
  Pop_Table_Iterate_Link                     1.06        1.01           1        1.05600        1.01000
  Pop_Table_Iterate_Link - item level        0.02        0.00           1        0.01500        0.00000
  Pop_Table_Iterate_Base_Link                1.01        0.96           1        1.00800        0.96000
  Array_Iterate                              1.35        1.31           1        1.34500        1.31000
  Pop_Table_Recurse                          1.09        1.05           1        1.09000        1.05000
  Array_Recurse                              1.42        1.41           1        1.42200        1.41000
  (Other)                                    0.00        0.00           1        0.00100        0.00000
  -----------------------------------  ----------  ----------  ----------  -------------  -------------
  Total                                      8.08        7.80          10        0.80840        0.78000
  -----------------------------------  ----------  ----------  ----------  -------------  -------------
  [Timer timed (per call in ms): Elapsed: 0.00943, CPU: 0.00943]


item_cat_seqs_eng_0_1952.log

> Timer Set: Item_Cat_Seqs, Constructed at 10 Jun 2024 23:39:03, written at 23:50:22
  ==================================================================================
  Timer                                   Elapsed         CPU       Calls       Ela/Call       CPU/Call
  -----------------------------------  ----------  ----------  ----------  -------------  -------------
  Pop_Table_Iterate                         80.87       78.89           1       80.87200       78.89000
  Solutions by Category                      0.05        0.03           1        0.04700        0.03000
  Pop_Table_Iterate_Base                    87.28       82.65           1       87.27900       82.65000
  Pop_Table_Iterate_Link                    86.37       84.77           1       86.37100       84.77000
  Pop_Table_Iterate_Link - item level        1.40        1.38           1        1.40300        1.38000
  Pop_Table_Iterate_Base_Link               84.90       83.68           1       84.90300       83.68000
  Array_Iterate                            115.81      112.15           1      115.80500      112.15000
  Pop_Table_Recurse                         82.56       81.07           1       82.55600       81.07000
  Array_Recurse                            139.69      138.17           1      139.69200      138.17000
  (Other)                                    0.00        0.01           1        0.00200        0.01000
  -----------------------------------  ----------  ----------  ----------  -------------  -------------
  Total                                    678.93      662.80          10       67.89300       66.28000
  -----------------------------------  ----------  ----------  ----------  -------------  -------------
  [Timer timed (per call in ms): Elapsed: 0.01099, CPU: 0.00989]


item_cat_seqs_rsf_eng_50_0.log

> Timer Set: Item_Cat_Seqs_RSF, Constructed at 10 Jun 2024 23:50:22, written at 23:55:22
  ======================================================================================
  Timer                          Elapsed         CPU       Calls       Ela/Call       CPU/Call
  --------------------------  ----------  ----------  ----------  -------------  -------------
  rsf_sql_v                       207.53      205.83           1      207.52500      205.83000
  rsf_sql_material_v               51.81       50.81           1       51.80900       50.81000
  Item_Cat_Seqs.Init                0.04        0.03           3        0.01300        0.01000
  rsf_irk_irs_tabs_v                8.91        8.75           1        8.91200        8.75000
  rsf_irk_tab_where_fun_ts_v       19.57       19.38           1       19.56500       19.38000
  rsf_irk_tab_where_fun_v          10.70       10.62           1       10.69800       10.62000
  (Other)                           1.17        1.14           1        1.16600        1.14000
  --------------------------  ----------  ----------  ----------  -------------  -------------
  Total                           299.71      296.56           9       33.30156       32.95111
  --------------------------  ----------  ----------  ----------  -------------  -------------
  [Timer timed (per call in ms): Elapsed: 0.00885, CPU: 0.00796]


item_cat_seqs_rsf_eng_300_0.log

> Timer Set: Item_Cat_Seqs_RSF, Constructed at 10 Jun 2024 23:55:22, written at 00:26:21
  ======================================================================================
  Timer                          Elapsed         CPU       Calls       Ela/Call       CPU/Call
  --------------------------  ----------  ----------  ----------  -------------  -------------
  rsf_sql_v                      1252.52     1234.32           1     1252.52200     1234.32000
  rsf_sql_material_v              318.43      305.14           1      318.42600      305.14000
  Item_Cat_Seqs.Init                0.03        0.00           3        0.01000        0.00000
  rsf_irk_irs_tabs_v               72.18       63.97           1       72.18400       63.97000
  rsf_irk_tab_where_fun_ts_v      132.68      125.39           1      132.67700      125.39000
  rsf_irk_tab_where_fun_v          82.30       75.52           1       82.29500       75.52000
  (Other)                           1.19        1.11           1        1.19400        1.11000
  --------------------------  ----------  ----------  ----------  -------------  -------------
  Total                          1859.33     1805.45           9      206.59200      200.60556
  --------------------------  ----------  ----------  ----------  -------------  -------------
  [Timer timed (per call in ms): Elapsed: 0.00885, CPU: 0.00973]


item_cat_seqs_rsf_eng_300_1952.log

> Timer Set: Item_Cat_Seqs_RSF, Constructed at 11 Jun 2024 00:26:21, written at 00:28:47
  ======================================================================================
  Timer                          Elapsed         CPU       Calls       Ela/Call       CPU/Call
  --------------------------  ----------  ----------  ----------  -------------  -------------
  rsf_sql_v                        79.78       78.63           1       79.78100       78.63000
  rsf_sql_material_v               20.43       19.73           1       20.42900       19.73000
  Item_Cat_Seqs.Init                0.04        0.01           3        0.01200        0.00333
  rsf_irk_irs_tabs_v                3.10        3.04           1        3.09500        3.04000
  rsf_irk_tab_where_fun_ts_v       32.27       32.04           1       32.26900       32.04000
  rsf_irk_tab_where_fun_v           8.31        8.27           1        8.31300        8.27000
  (Other)                           1.20        1.12           1        1.20100        1.12000
  --------------------------  ----------  ----------  ----------  -------------  -------------
  Total                           145.12      142.84           9       16.12489       15.87111
  --------------------------  ----------  ----------  ----------  -------------  -------------
  [Timer timed (per call in ms): Elapsed: 0.01064, CPU: 0.01064]


item_cat_seqs_rsf_eng_0_1952.log

> Timer Set: Item_Cat_Seqs_RSF, Constructed at 11 Jun 2024 00:28:47, written at 03:35:34
  ======================================================================================
  Timer                          Elapsed         CPU       Calls       Ela/Call       CPU/Call
  --------------------------  ----------  ----------  ----------  -------------  -------------
  rsf_sql_v                      2288.45     1375.34           1     2288.45100     1375.34000
  rsf_sql_material_v             1727.05      605.12           1     1727.04900      605.12000
  Item_Cat_Seqs.Init                0.03        0.01           3        0.01100        0.00333
  rsf_irk_irs_tabs_v              214.03      208.70           1      214.03200      208.70000
  rsf_irk_tab_where_fun_ts_v     5795.63     5745.64           1     5795.63100     5745.64000
  rsf_irk_tab_where_fun_v        1181.32     1169.62           1     1181.31800     1169.62000
  (Other)                           1.19        1.11           1        1.19300        1.11000
  --------------------------  ----------  ----------  ----------  -------------  -------------
  Total                         11207.71     9105.54           9     1245.30078     1011.72667
  --------------------------  ----------  ----------  ----------  -------------  -------------
  [Timer timed (per call in ms): Elapsed: 0.00990, CPU: 0.01089]


item_cat_seqs_loop_eng_50_3.log

> Timer Set: Item_Cat_Seqs_Loop, Constructed at 11 Jun 2024 03:35:34, written at 03:35:53
  =======================================================================================
  Timer                                       Elapsed         CPU       Calls       Ela/Call       CPU/Call
  ---------------------------------------  ----------  ----------  ----------  -------------  -------------
  Iteratively_Refine_Recurse - path level        2.77        2.73           1        2.76600        2.73000
  Iteratively_Refine_Recurse - item level        2.77        2.74           1        2.76800        2.74000
  Iteratively_Refine_Iterate - path level        2.28        2.18           1        2.27500        2.18000
  Iteratively_Refine_RSF - path level           10.53       10.42           1       10.52800       10.42000
  (Other)                                        0.00        0.00           1        0.00100        0.00000
  ---------------------------------------  ----------  ----------  ----------  -------------  -------------
  Total                                         18.34       18.07           5        3.66760        3.61400
  ---------------------------------------  ----------  ----------  ----------  -------------  -------------
  [Timer timed (per call in ms): Elapsed: 0.01053, CPU: 0.00947]


Total time taken: 14334 seconds
