07-Jul-24 11:20:54


    Directory: C:\Users\Brend\OneDrive\Documents\demo\item_category_optimization_oracle\app


Mode                 LastWriteTime         Length Name                                                                 
----                 -------------         ------ ----                                                                 
d-----        07/07/2024     11:20                item_seqs_01                                                         
sml
newCmd = @..\item_seqs_pls MP
MP
newCmd = @..\item_seqs_pls MC
MC
newCmd = @..\item_seqs_pls SP
SP
newCmd = @..\item_seqs_pls SC
SC
@..\views_sml
@..\item_seqs_rsf
@..\item_seqs_rsf_cycle
@..\item_seqs_rsf_nt
@..\item_seqs_pls MP
@..\item_seqs_pls MC
@..\item_seqs_pls SP
@..\item_seqs_pls SC


SQL*Plus: Release 23.0.0.0.0 - Production on Sun Jul 7 11:20:54 2024
Version 23.4.0.24.05

Copyright (c) 1982, 2024, Oracle.  All rights reserved.

Last Successful login time: Sun Jul 07 2024 11:16:32 +01:00

Connected to:
Oracle Database 23ai Free Release 23.0.0.0.0 - Production
Version 23.4.0.24.05

SQL> Point view at small tables and set small bind variables

View created.


View created.

Categories

ID     Min  Max
----- ---- ----
AL	 3    3
CAT_1	 1    2
CAT_2	 1    2

Items

CATEG ID  ITEM_NAME			 ITEM_PRICE ITEM_VALUE
----- --- ------------------------------ ---------- ----------
CAT_1 1   Item-11				  1	     1
      2   Item-12				  2	     2
      3   Item-13				  3	     3
CAT_2 4   Item-21				  1	     6
      5   Item-22				  2	     4
      6   Item-23				  3	     2

6 rows selected.

Running sums of item prices

 INDEX_SUM ITEM_PRICE  SUM_PRICE
---------- ---------- ----------
	 1	    1	       1
	 2	    1	       2
	 3	    2	       4
	 4	    2	       6
	 5	    3	       9
	 6	    3	      12

6 rows selected.

Running sums of item values

 INDEX_SUM ITEM_VALUE  SUM_VALUE
---------- ---------- ----------
	 1	    6	       6
	 2	    4	      10
	 3	    3	      13
	 4	    2	      15
	 5	    2	      17
	 6	    1	      18

6 rows selected.


PL/SQL procedure successfully completed.

SQL> 
Database	     Time		  Version
-------------------- -------------------- ------------------------------
Start: FREE	     07-JUL-2024 11:20:54 Version 23.4.0.24.05

MP: Multiset Permutation [Items may repeat, order matters]
old  12:	 ON trw.lev < &SEQ_SIZE
new  12:	 ON trw.lev < 3
old  16:  WHERE lev = &SEQ_SIZE
new  16:  WHERE lev = 3

Path Total Price Total Value
---- ----------- -----------
111	       3	   3
112	       4	   4
113	       5	   5
114	       3	   8
115	       4	   6
116	       5	   4
121	       4	   4
122	       5	   5
123	       6	   6
124	       4	   9
125	       5	   7
126	       6	   5
131	       5	   5
132	       6	   6
133	       7	   7
134	       5	  10
135	       6	   8
136	       7	   6
141	       3	   8
142	       4	   9
143	       5	  10
144	       3	  13
145	       4	  11
146	       5	   9
151	       4	   6
152	       5	   7
153	       6	   8
154	       4	  11
155	       5	   9
156	       6	   7
161	       5	   4
162	       6	   5
163	       7	   6
164	       5	   9
165	       6	   7
166	       7	   5
211	       4	   4
212	       5	   5
213	       6	   6
214	       4	   9
215	       5	   7
216	       6	   5
221	       5	   5
222	       6	   6
223	       7	   7
224	       5	  10
225	       6	   8
226	       7	   6
231	       6	   6
232	       7	   7
233	       8	   8
234	       6	  11
235	       7	   9
236	       8	   7
241	       4	   9
242	       5	  10
243	       6	  11
244	       4	  14
245	       5	  12
246	       6	  10
251	       5	   7
252	       6	   8
253	       7	   9
254	       5	  12
255	       6	  10
256	       7	   8
261	       6	   5
262	       7	   6
263	       8	   7
264	       6	  10
265	       7	   8
266	       8	   6
311	       5	   5
312	       6	   6
313	       7	   7
314	       5	  10
315	       6	   8
316	       7	   6
321	       6	   6
322	       7	   7
323	       8	   8
324	       6	  11
325	       7	   9
326	       8	   7
331	       7	   7
332	       8	   8
333	       9	   9
334	       7	  12
335	       8	  10
336	       9	   8
341	       5	  10
342	       6	  11
343	       7	  12
344	       5	  15
345	       6	  13
346	       7	  11
351	       6	   8
352	       7	   9
353	       8	  10
354	       6	  13
355	       7	  11
356	       8	   9
361	       7	   6
362	       8	   7
363	       9	   8
364	       7	  11
365	       8	   9
366	       9	   7
411	       3	   8
412	       4	   9
413	       5	  10
414	       3	  13
415	       4	  11
416	       5	   9
421	       4	   9
422	       5	  10
423	       6	  11
424	       4	  14
425	       5	  12
426	       6	  10
431	       5	  10
432	       6	  11
433	       7	  12
434	       5	  15
435	       6	  13
436	       7	  11
441	       3	  13
442	       4	  14
443	       5	  15
444	       3	  18
445	       4	  16
446	       5	  14
451	       4	  11
452	       5	  12
453	       6	  13
454	       4	  16
455	       5	  14
456	       6	  12
461	       5	   9
462	       6	  10
463	       7	  11
464	       5	  14
465	       6	  12
466	       7	  10
511	       4	   6
512	       5	   7
513	       6	   8
514	       4	  11
515	       5	   9
516	       6	   7
521	       5	   7
522	       6	   8
523	       7	   9
524	       5	  12
525	       6	  10
526	       7	   8
531	       6	   8
532	       7	   9
533	       8	  10
534	       6	  13
535	       7	  11
536	       8	   9
541	       4	  11
542	       5	  12
543	       6	  13
544	       4	  16
545	       5	  14
546	       6	  12
551	       5	   9
552	       6	  10
553	       7	  11
554	       5	  14
555	       6	  12
556	       7	  10
561	       6	   7
562	       7	   8
563	       8	   9
564	       6	  12
565	       7	  10
566	       8	   8
611	       5	   4
612	       6	   5
613	       7	   6
614	       5	   9
615	       6	   7
616	       7	   5
621	       6	   5
622	       7	   6
623	       8	   7
624	       6	  10
625	       7	   8
626	       8	   6
631	       7	   6
632	       8	   7
633	       9	   8
634	       7	  11
635	       8	   9
636	       9	   7
641	       5	   9
642	       6	  10
643	       7	  11
644	       5	  14
645	       6	  12
646	       7	  10
651	       6	   7
652	       7	   8
653	       8	   9
654	       6	  12
655	       7	  10
656	       8	   8
661	       7	   5
662	       8	   6
663	       9	   7
664	       7	  10
665	       8	   8
666	       9	   6

216 rows selected.

MC: Multiset Combination [Items may repeat, order does not matter]
old  13:	AND trw.lev < &SEQ_SIZE
new  13:	AND trw.lev < 3
old  17:  WHERE lev = &SEQ_SIZE
new  17:  WHERE lev = 3

Path Total Price Total Value
---- ----------- -----------
111	       3	   3
112	       4	   4
113	       5	   5
114	       3	   8
115	       4	   6
116	       5	   4
122	       5	   5
123	       6	   6
124	       4	   9
125	       5	   7
126	       6	   5
133	       7	   7
134	       5	  10
135	       6	   8
136	       7	   6
144	       3	  13
145	       4	  11
146	       5	   9
155	       5	   9
156	       6	   7
166	       7	   5
222	       6	   6
223	       7	   7
224	       5	  10
225	       6	   8
226	       7	   6
233	       8	   8
234	       6	  11
235	       7	   9
236	       8	   7
244	       4	  14
245	       5	  12
246	       6	  10
255	       6	  10
256	       7	   8
266	       8	   6
333	       9	   9
334	       7	  12
335	       8	  10
336	       9	   8
344	       5	  15
345	       6	  13
346	       7	  11
355	       7	  11
356	       8	   9
366	       9	   7
444	       3	  18
445	       4	  16
446	       5	  14
455	       5	  14
456	       6	  12
466	       7	  10
555	       6	  12
556	       7	  10
566	       8	   8
666	       9	   6

56 rows selected.

SP: Set Permutation [Items may not repeat, order matters]
old  13:      WHERE trw.lev < &SEQ_SIZE
new  13:      WHERE trw.lev < 3
old  17:  WHERE lev = &SEQ_SIZE
new  17:  WHERE lev = 3

Path Total Price Total Value
---- ----------- -----------
123	       6	   6
124	       4	   9
125	       5	   7
126	       6	   5
132	       6	   6
134	       5	  10
135	       6	   8
136	       7	   6
142	       4	   9
143	       5	  10
145	       4	  11
146	       5	   9
152	       5	   7
153	       6	   8
154	       4	  11
156	       6	   7
162	       6	   5
163	       7	   6
164	       5	   9
165	       6	   7
213	       6	   6
214	       4	   9
215	       5	   7
216	       6	   5
231	       6	   6
234	       6	  11
235	       7	   9
236	       8	   7
241	       4	   9
243	       6	  11
245	       5	  12
246	       6	  10
251	       5	   7
253	       7	   9
254	       5	  12
256	       7	   8
261	       6	   5
263	       8	   7
264	       6	  10
265	       7	   8
312	       6	   6
314	       5	  10
315	       6	   8
316	       7	   6
321	       6	   6
324	       6	  11
325	       7	   9
326	       8	   7
341	       5	  10
342	       6	  11
345	       6	  13
346	       7	  11
351	       6	   8
352	       7	   9
354	       6	  13
356	       8	   9
361	       7	   6
362	       8	   7
364	       7	  11
365	       8	   9
412	       4	   9
413	       5	  10
415	       4	  11
416	       5	   9
421	       4	   9
423	       6	  11
425	       5	  12
426	       6	  10
431	       5	  10
432	       6	  11
435	       6	  13
436	       7	  11
451	       4	  11
452	       5	  12
453	       6	  13
456	       6	  12
461	       5	   9
462	       6	  10
463	       7	  11
465	       6	  12
512	       5	   7
513	       6	   8
514	       4	  11
516	       6	   7
521	       5	   7
523	       7	   9
524	       5	  12
526	       7	   8
531	       6	   8
532	       7	   9
534	       6	  13
536	       8	   9
541	       4	  11
542	       5	  12
543	       6	  13
546	       6	  12
561	       6	   7
562	       7	   8
563	       8	   9
564	       6	  12
612	       6	   5
613	       7	   6
614	       5	   9
615	       6	   7
621	       6	   5
623	       8	   7
624	       6	  10
625	       7	   8
631	       7	   6
632	       8	   7
634	       7	  11
635	       8	   9
641	       5	   9
642	       6	  10
643	       7	  11
645	       6	  12
651	       6	   7
652	       7	   8
653	       8	   9
654	       6	  12

120 rows selected.

SC: Set Combination [Items may not repeat, order does not matter]
old  13:      WHERE trw.lev < &SEQ_SIZE
new  13:      WHERE trw.lev < 3
old  17:  WHERE lev = &SEQ_SIZE
new  17:  WHERE lev = 3

Path Total Price Total Value
---- ----------- -----------
123	       6	   6
124	       4	   9
125	       5	   7
126	       6	   5
134	       5	  10
135	       6	   8
136	       7	   6
145	       4	  11
146	       5	   9
156	       6	   7
234	       6	  11
235	       7	   9
236	       8	   7
245	       5	  12
246	       6	  10
256	       7	   8
345	       6	  13
346	       7	  11
356	       8	   9
456	       6	  12

20 rows selected.


'END:'||TO_CHAR(SYSDATE,'DD-MON-YY
----------------------------------
End: 07-JUL-2024 11:20:54

SQL> 
Database	     Time		  Version
-------------------- -------------------- ------------------------------
Start: FREE	     07-JUL-2024 11:20:54 Version 23.4.0.24.05

MP CROSS JOIN, WHERE lev - ORA-32044
old  12:      WHERE trw.lev < &SEQ_SIZE
new  12:      WHERE trw.lev < 3
old  16:  WHERE lev = &SEQ_SIZE
new  16:  WHERE lev = 3
  FROM tree_walk
       *
ERROR at line 15:
ORA-32044: cycle detected while executing recursive WITH query
Help: https://docs.oracle.com/error-help/db/ora-32044/


MP CROSS JOIN, WHERE lev - CYCLE lev - ok
old  12:      WHERE trw.lev < &SEQ_SIZE
new  12:      WHERE trw.lev < 3
old  16:  WHERE lev = &SEQ_SIZE
new  16:  WHERE lev = 3

Path Total Price Total Value C
---- ----------- ----------- -
111	       3	   3
112	       4	   4
113	       5	   5
114	       3	   8
115	       4	   6
116	       5	   4
121	       4	   4
122	       5	   5
123	       6	   6
124	       4	   9
125	       5	   7
126	       6	   5
131	       5	   5
132	       6	   6
133	       7	   7
134	       5	  10
135	       6	   8
136	       7	   6
141	       3	   8
142	       4	   9
143	       5	  10
144	       3	  13
145	       4	  11
146	       5	   9
151	       4	   6
152	       5	   7
153	       6	   8
154	       4	  11
155	       5	   9
156	       6	   7
161	       5	   4
162	       6	   5
163	       7	   6
164	       5	   9
165	       6	   7
166	       7	   5
211	       4	   4
212	       5	   5
213	       6	   6
214	       4	   9
215	       5	   7
216	       6	   5
221	       5	   5
222	       6	   6
223	       7	   7
224	       5	  10
225	       6	   8
226	       7	   6
231	       6	   6
232	       7	   7
233	       8	   8
234	       6	  11
235	       7	   9
236	       8	   7
241	       4	   9
242	       5	  10
243	       6	  11
244	       4	  14
245	       5	  12
246	       6	  10
251	       5	   7
252	       6	   8
253	       7	   9
254	       5	  12
255	       6	  10
256	       7	   8
261	       6	   5
262	       7	   6
263	       8	   7
264	       6	  10
265	       7	   8
266	       8	   6
311	       5	   5
312	       6	   6
313	       7	   7
314	       5	  10
315	       6	   8
316	       7	   6
321	       6	   6
322	       7	   7
323	       8	   8
324	       6	  11
325	       7	   9
326	       8	   7
331	       7	   7
332	       8	   8
333	       9	   9
334	       7	  12
335	       8	  10
336	       9	   8
341	       5	  10
342	       6	  11
343	       7	  12
344	       5	  15
345	       6	  13
346	       7	  11
351	       6	   8
352	       7	   9
353	       8	  10
354	       6	  13
355	       7	  11
356	       8	   9
361	       7	   6
362	       8	   7
363	       9	   8
364	       7	  11
365	       8	   9
366	       9	   7
411	       3	   8
412	       4	   9
413	       5	  10
414	       3	  13
415	       4	  11
416	       5	   9
421	       4	   9
422	       5	  10
423	       6	  11
424	       4	  14
425	       5	  12
426	       6	  10
431	       5	  10
432	       6	  11
433	       7	  12
434	       5	  15
435	       6	  13
436	       7	  11
441	       3	  13
442	       4	  14
443	       5	  15
444	       3	  18
445	       4	  16
446	       5	  14
451	       4	  11
452	       5	  12
453	       6	  13
454	       4	  16
455	       5	  14
456	       6	  12
461	       5	   9
462	       6	  10
463	       7	  11
464	       5	  14
465	       6	  12
466	       7	  10
511	       4	   6
512	       5	   7
513	       6	   8
514	       4	  11
515	       5	   9
516	       6	   7
521	       5	   7
522	       6	   8
523	       7	   9
524	       5	  12
525	       6	  10
526	       7	   8
531	       6	   8
532	       7	   9
533	       8	  10
534	       6	  13
535	       7	  11
536	       8	   9
541	       4	  11
542	       5	  12
543	       6	  13
544	       4	  16
545	       5	  14
546	       6	  12
551	       5	   9
552	       6	  10
553	       7	  11
554	       5	  14
555	       6	  12
556	       7	  10
561	       6	   7
562	       7	   8
563	       8	   9
564	       6	  12
565	       7	  10
566	       8	   8
611	       5	   4
612	       6	   5
613	       7	   6
614	       5	   9
615	       6	   7
616	       7	   5
621	       6	   5
622	       7	   6
623	       8	   7
624	       6	  10
625	       7	   8
626	       8	   6
631	       7	   6
632	       8	   7
633	       9	   8
634	       7	  11
635	       8	   9
636	       9	   7
641	       5	   9
642	       6	  10
643	       7	  11
644	       5	  14
645	       6	  12
646	       7	  10
651	       6	   7
652	       7	   8
653	       8	   9
654	       6	  12
655	       7	  10
656	       8	   8
661	       7	   5
662	       8	   6
663	       9	   7
664	       7	  10
665	       8	   8
666	       9	   6

216 rows selected.

MP CROSS JOIN, WHERE lev - CYCLE lev - all iterations - ok
old  12:      WHERE trw.lev < &SEQ_SIZE
new  12:      WHERE trw.lev < 3

Path Total Price Total Value C
---- ----------- ----------- -
	       0	   0
1	       1	   1
2	       2	   2
3	       3	   3
4	       1	   6
5	       2	   4
6	       3	   2
11	       2	   2
12	       3	   3
13	       4	   4
14	       2	   7
15	       3	   5
16	       4	   3
21	       3	   3
22	       4	   4
23	       5	   5
24	       3	   8
25	       4	   6
26	       5	   4
31	       4	   4
32	       5	   5
33	       6	   6
34	       4	   9
35	       5	   7
36	       6	   5
41	       2	   7
42	       3	   8
43	       4	   9
44	       2	  12
45	       3	  10
46	       4	   8
51	       3	   5
52	       4	   6
53	       5	   7
54	       3	  10
55	       4	   8
56	       5	   6
61	       4	   3
62	       5	   4
63	       6	   5
64	       4	   8
65	       5	   6
66	       6	   4
111	       3	   3
112	       4	   4
113	       5	   5
114	       3	   8
115	       4	   6
116	       5	   4
121	       4	   4
122	       5	   5
123	       6	   6
124	       4	   9
125	       5	   7
126	       6	   5
131	       5	   5
132	       6	   6
133	       7	   7
134	       5	  10
135	       6	   8
136	       7	   6
141	       3	   8
142	       4	   9
143	       5	  10
144	       3	  13
145	       4	  11
146	       5	   9
151	       4	   6
152	       5	   7
153	       6	   8
154	       4	  11
155	       5	   9
156	       6	   7
161	       5	   4
162	       6	   5
163	       7	   6
164	       5	   9
165	       6	   7
166	       7	   5
211	       4	   4
212	       5	   5
213	       6	   6
214	       4	   9
215	       5	   7
216	       6	   5
221	       5	   5
222	       6	   6
223	       7	   7
224	       5	  10
225	       6	   8
226	       7	   6
231	       6	   6
232	       7	   7
233	       8	   8
234	       6	  11
235	       7	   9
236	       8	   7
241	       4	   9
242	       5	  10
243	       6	  11
244	       4	  14
245	       5	  12
246	       6	  10
251	       5	   7
252	       6	   8
253	       7	   9
254	       5	  12
255	       6	  10
256	       7	   8
261	       6	   5
262	       7	   6
263	       8	   7
264	       6	  10
265	       7	   8
266	       8	   6
311	       5	   5
312	       6	   6
313	       7	   7
314	       5	  10
315	       6	   8
316	       7	   6
321	       6	   6
322	       7	   7
323	       8	   8
324	       6	  11
325	       7	   9
326	       8	   7
331	       7	   7
332	       8	   8
333	       9	   9
334	       7	  12
335	       8	  10
336	       9	   8
341	       5	  10
342	       6	  11
343	       7	  12
344	       5	  15
345	       6	  13
346	       7	  11
351	       6	   8
352	       7	   9
353	       8	  10
354	       6	  13
355	       7	  11
356	       8	   9
361	       7	   6
362	       8	   7
363	       9	   8
364	       7	  11
365	       8	   9
366	       9	   7
411	       3	   8
412	       4	   9
413	       5	  10
414	       3	  13
415	       4	  11
416	       5	   9
421	       4	   9
422	       5	  10
423	       6	  11
424	       4	  14
425	       5	  12
426	       6	  10
431	       5	  10
432	       6	  11
433	       7	  12
434	       5	  15
435	       6	  13
436	       7	  11
441	       3	  13
442	       4	  14
443	       5	  15
444	       3	  18
445	       4	  16
446	       5	  14
451	       4	  11
452	       5	  12
453	       6	  13
454	       4	  16
455	       5	  14
456	       6	  12
461	       5	   9
462	       6	  10
463	       7	  11
464	       5	  14
465	       6	  12
466	       7	  10
511	       4	   6
512	       5	   7
513	       6	   8
514	       4	  11
515	       5	   9
516	       6	   7
521	       5	   7
522	       6	   8
523	       7	   9
524	       5	  12
525	       6	  10
526	       7	   8
531	       6	   8
532	       7	   9
533	       8	  10
534	       6	  13
535	       7	  11
536	       8	   9
541	       4	  11
542	       5	  12
543	       6	  13
544	       4	  16
545	       5	  14
546	       6	  12
551	       5	   9
552	       6	  10
553	       7	  11
554	       5	  14
555	       6	  12
556	       7	  10
561	       6	   7
562	       7	   8
563	       8	   9
564	       6	  12
565	       7	  10
566	       8	   8
611	       5	   4
612	       6	   5
613	       7	   6
614	       5	   9
615	       6	   7
616	       7	   5
621	       6	   5
622	       7	   6
623	       8	   7
624	       6	  10
625	       7	   8
626	       8	   6
631	       7	   6
632	       8	   7
633	       9	   8
634	       7	  11
635	       8	   9
636	       9	   7
641	       5	   9
642	       6	  10
643	       7	  11
644	       5	  14
645	       6	  12
646	       7	  10
651	       6	   7
652	       7	   8
653	       8	   9
654	       6	  12
655	       7	  10
656	       8	   8
661	       7	   5
662	       8	   6
663	       9	   7
664	       7	  10
665	       8	   8
666	       9	   6

259 rows selected.

MP JOIN on lev - ok
old  12:	 ON trw.lev < &SEQ_SIZE
new  12:	 ON trw.lev < 3
old  16: WHERE lev = &SEQ_SIZE
new  16: WHERE lev = 3

Path Total Price Total Value
---- ----------- -----------
111	       3	   3
112	       4	   4
113	       5	   5
114	       3	   8
115	       4	   6
116	       5	   4
121	       4	   4
122	       5	   5
123	       6	   6
124	       4	   9
125	       5	   7
126	       6	   5
131	       5	   5
132	       6	   6
133	       7	   7
134	       5	  10
135	       6	   8
136	       7	   6
141	       3	   8
142	       4	   9
143	       5	  10
144	       3	  13
145	       4	  11
146	       5	   9
151	       4	   6
152	       5	   7
153	       6	   8
154	       4	  11
155	       5	   9
156	       6	   7
161	       5	   4
162	       6	   5
163	       7	   6
164	       5	   9
165	       6	   7
166	       7	   5
211	       4	   4
212	       5	   5
213	       6	   6
214	       4	   9
215	       5	   7
216	       6	   5
221	       5	   5
222	       6	   6
223	       7	   7
224	       5	  10
225	       6	   8
226	       7	   6
231	       6	   6
232	       7	   7
233	       8	   8
234	       6	  11
235	       7	   9
236	       8	   7
241	       4	   9
242	       5	  10
243	       6	  11
244	       4	  14
245	       5	  12
246	       6	  10
251	       5	   7
252	       6	   8
253	       7	   9
254	       5	  12
255	       6	  10
256	       7	   8
261	       6	   5
262	       7	   6
263	       8	   7
264	       6	  10
265	       7	   8
266	       8	   6
311	       5	   5
312	       6	   6
313	       7	   7
314	       5	  10
315	       6	   8
316	       7	   6
321	       6	   6
322	       7	   7
323	       8	   8
324	       6	  11
325	       7	   9
326	       8	   7
331	       7	   7
332	       8	   8
333	       9	   9
334	       7	  12
335	       8	  10
336	       9	   8
341	       5	  10
342	       6	  11
343	       7	  12
344	       5	  15
345	       6	  13
346	       7	  11
351	       6	   8
352	       7	   9
353	       8	  10
354	       6	  13
355	       7	  11
356	       8	   9
361	       7	   6
362	       8	   7
363	       9	   8
364	       7	  11
365	       8	   9
366	       9	   7
411	       3	   8
412	       4	   9
413	       5	  10
414	       3	  13
415	       4	  11
416	       5	   9
421	       4	   9
422	       5	  10
423	       6	  11
424	       4	  14
425	       5	  12
426	       6	  10
431	       5	  10
432	       6	  11
433	       7	  12
434	       5	  15
435	       6	  13
436	       7	  11
441	       3	  13
442	       4	  14
443	       5	  15
444	       3	  18
445	       4	  16
446	       5	  14
451	       4	  11
452	       5	  12
453	       6	  13
454	       4	  16
455	       5	  14
456	       6	  12
461	       5	   9
462	       6	  10
463	       7	  11
464	       5	  14
465	       6	  12
466	       7	  10
511	       4	   6
512	       5	   7
513	       6	   8
514	       4	  11
515	       5	   9
516	       6	   7
521	       5	   7
522	       6	   8
523	       7	   9
524	       5	  12
525	       6	  10
526	       7	   8
531	       6	   8
532	       7	   9
533	       8	  10
534	       6	  13
535	       7	  11
536	       8	   9
541	       4	  11
542	       5	  12
543	       6	  13
544	       4	  16
545	       5	  14
546	       6	  12
551	       5	   9
552	       6	  10
553	       7	  11
554	       5	  14
555	       6	  12
556	       7	  10
561	       6	   7
562	       7	   8
563	       8	   9
564	       6	  12
565	       7	  10
566	       8	   8
611	       5	   4
612	       6	   5
613	       7	   6
614	       5	   9
615	       6	   7
616	       7	   5
621	       6	   5
622	       7	   6
623	       8	   7
624	       6	  10
625	       7	   8
626	       8	   6
631	       7	   6
632	       8	   7
633	       9	   8
634	       7	  11
635	       8	   9
636	       9	   7
641	       5	   9
642	       6	  10
643	       7	  11
644	       5	  14
645	       6	  12
646	       7	  10
651	       6	   7
652	       7	   8
653	       8	   9
654	       6	  12
655	       7	  10
656	       8	   8
661	       7	   5
662	       8	   6
663	       9	   7
664	       7	  10
665	       8	   8
666	       9	   6

216 rows selected.

SP JOIN on path, WHERE lev - ok
old  13:      WHERE trw.lev < &SEQ_SIZE
new  13:      WHERE trw.lev < 3
old  17:  WHERE lev = &SEQ_SIZE
new  17:  WHERE lev = 3

Path Total Price Total Value
---- ----------- -----------
123	       6	   6
124	       4	   9
125	       5	   7
126	       6	   5
132	       6	   6
134	       5	  10
135	       6	   8
136	       7	   6
142	       4	   9
143	       5	  10
145	       4	  11
146	       5	   9
152	       5	   7
153	       6	   8
154	       4	  11
156	       6	   7
162	       6	   5
163	       7	   6
164	       5	   9
165	       6	   7
213	       6	   6
214	       4	   9
215	       5	   7
216	       6	   5
231	       6	   6
234	       6	  11
235	       7	   9
236	       8	   7
241	       4	   9
243	       6	  11
245	       5	  12
246	       6	  10
251	       5	   7
253	       7	   9
254	       5	  12
256	       7	   8
261	       6	   5
263	       8	   7
264	       6	  10
265	       7	   8
312	       6	   6
314	       5	  10
315	       6	   8
316	       7	   6
321	       6	   6
324	       6	  11
325	       7	   9
326	       8	   7
341	       5	  10
342	       6	  11
345	       6	  13
346	       7	  11
351	       6	   8
352	       7	   9
354	       6	  13
356	       8	   9
361	       7	   6
362	       8	   7
364	       7	  11
365	       8	   9
412	       4	   9
413	       5	  10
415	       4	  11
416	       5	   9
421	       4	   9
423	       6	  11
425	       5	  12
426	       6	  10
431	       5	  10
432	       6	  11
435	       6	  13
436	       7	  11
451	       4	  11
452	       5	  12
453	       6	  13
456	       6	  12
461	       5	   9
462	       6	  10
463	       7	  11
465	       6	  12
512	       5	   7
513	       6	   8
514	       4	  11
516	       6	   7
521	       5	   7
523	       7	   9
524	       5	  12
526	       7	   8
531	       6	   8
532	       7	   9
534	       6	  13
536	       8	   9
541	       4	  11
542	       5	  12
543	       6	  13
546	       6	  12
561	       6	   7
562	       7	   8
563	       8	   9
564	       6	  12
612	       6	   5
613	       7	   6
614	       5	   9
615	       6	   7
621	       6	   5
623	       8	   7
624	       6	  10
625	       7	   8
631	       7	   6
632	       8	   7
634	       7	  11
635	       8	   9
641	       5	   9
642	       6	  10
643	       7	  11
645	       6	  12
651	       6	   7
652	       7	   8
653	       8	   9
654	       6	  12

120 rows selected.

MC JOIN item_id, WHERE lev - ORA-32044
old  13:      WHERE trw.lev < &SEQ_SIZE
new  13:      WHERE trw.lev < 3
old  17:  WHERE lev = &SEQ_SIZE
new  17:  WHERE lev = 3
  FROM tree_walk
       *
ERROR at line 16:
ORA-32044: cycle detected while executing recursive WITH query
Help: https://docs.oracle.com/error-help/db/ora-32044/


MC JOIN item_id, WHERE lev - CYCLE lev - ok
old  13:      WHERE trw.lev < &SEQ_SIZE
new  13:      WHERE trw.lev < 3
old  17:  WHERE lev = &SEQ_SIZE
new  17:  WHERE lev = 3

Path Total Price Total Value C
---- ----------- ----------- -
111	       3	   3
112	       4	   4
113	       5	   5
114	       3	   8
115	       4	   6
116	       5	   4
122	       5	   5
123	       6	   6
124	       4	   9
125	       5	   7
126	       6	   5
133	       7	   7
134	       5	  10
135	       6	   8
136	       7	   6
144	       3	  13
145	       4	  11
146	       5	   9
155	       5	   9
156	       6	   7
166	       7	   5
222	       6	   6
223	       7	   7
224	       5	  10
225	       6	   8
226	       7	   6
233	       8	   8
234	       6	  11
235	       7	   9
236	       8	   7
244	       4	  14
245	       5	  12
246	       6	  10
255	       6	  10
256	       7	   8
266	       8	   6
333	       9	   9
334	       7	  12
335	       8	  10
336	       9	   8
344	       5	  15
345	       6	  13
346	       7	  11
355	       7	  11
356	       8	   9
366	       9	   7
444	       3	  18
445	       4	  16
446	       5	  14
455	       5	  14
456	       6	  12
466	       7	  10
555	       6	  12
556	       7	  10
566	       8	   8
666	       9	   6

56 rows selected.

MC JOIN item_id and lev - ok
old  13:	AND trw.lev < &SEQ_SIZE
new  13:	AND trw.lev < 3
old  17:  WHERE lev = &SEQ_SIZE
new  17:  WHERE lev = 3

Path Total Price Total Value
---- ----------- -----------
111	       3	   3
112	       4	   4
113	       5	   5
114	       3	   8
115	       4	   6
116	       5	   4
122	       5	   5
123	       6	   6
124	       4	   9
125	       5	   7
126	       6	   5
133	       7	   7
134	       5	  10
135	       6	   8
136	       7	   6
144	       3	  13
145	       4	  11
146	       5	   9
155	       5	   9
156	       6	   7
166	       7	   5
222	       6	   6
223	       7	   7
224	       5	  10
225	       6	   8
226	       7	   6
233	       8	   8
234	       6	  11
235	       7	   9
236	       8	   7
244	       4	  14
245	       5	  12
246	       6	  10
255	       6	  10
256	       7	   8
266	       8	   6
333	       9	   9
334	       7	  12
335	       8	  10
336	       9	   8
344	       5	  15
345	       6	  13
346	       7	  11
355	       7	  11
356	       8	   9
366	       9	   7
444	       3	  18
445	       4	  16
446	       5	  14
455	       5	  14
456	       6	  12
466	       7	  10
555	       6	  12
556	       7	  10
566	       8	   8
666	       9	   6

56 rows selected.

SC JOIN item_id, WHERE lev - ok
old  13:      WHERE trw.lev < &SEQ_SIZE
new  13:      WHERE trw.lev < 3
old  17:  WHERE lev = &SEQ_SIZE
new  17:  WHERE lev = 3

Path Total Price Total Value
---- ----------- -----------
123	       6	   6
124	       4	   9
125	       5	   7
126	       6	   5
134	       5	  10
135	       6	   8
136	       7	   6
145	       4	  11
146	       5	   9
156	       6	   7
234	       6	  11
235	       7	   9
236	       8	   7
245	       5	  12
246	       6	  10
256	       7	   8
345	       6	  13
346	       7	  11
356	       8	   9
456	       6	  12

20 rows selected.


'END:'||TO_CHAR(SYSDATE,'DD-MON-YY
----------------------------------
End: 07-JUL-2024 11:20:54

SQL> 
Database	     Time		  Version
-------------------- -------------------- ------------------------------
Start: FREE	     07-JUL-2024 11:20:54 Version 23.4.0.24.05


Type created.

MP: Multiset Permutation [Items may repeat, order matters] - Nested Table
old  10:	    trw.lev * &N_ITEMS + ROWNUM
new  10:	    trw.lev * 6 + ROWNUM
old  13:	 ON trw.lev < &SEQ_SIZE
new  13:	 ON trw.lev < 3
old  19:  WHERE lev = &SEQ_SIZE
new  19:  WHERE lev = 3

Path			       Total Price Total Value
------------------------------ ----------- -----------
111					 3	     3
112					 4	     4
113					 5	     5
114					 3	     8
115					 4	     6
116					 5	     4
121					 4	     4
122					 5	     5
123					 6	     6
124					 4	     9
125					 5	     7
126					 6	     5
131					 5	     5
132					 6	     6
133					 7	     7
134					 5	    10
135					 6	     8
136					 7	     6
141					 3	     8
142					 4	     9
143					 5	    10
144					 3	    13
145					 4	    11
146					 5	     9
151					 4	     6
152					 5	     7
153					 6	     8
154					 4	    11
155					 5	     9
156					 6	     7
161					 5	     4
162					 6	     5
163					 7	     6
164					 5	     9
165					 6	     7
166					 7	     5
211					 4	     4
212					 5	     5
213					 6	     6
214					 4	     9
215					 5	     7
216					 6	     5
221					 5	     5
222					 6	     6
223					 7	     7
224					 5	    10
225					 6	     8
226					 7	     6
231					 6	     6
232					 7	     7
233					 8	     8
234					 6	    11
235					 7	     9
236					 8	     7
241					 4	     9
242					 5	    10
243					 6	    11
244					 4	    14
245					 5	    12
246					 6	    10
251					 5	     7
252					 6	     8
253					 7	     9
254					 5	    12
255					 6	    10
256					 7	     8
261					 6	     5
262					 7	     6
263					 8	     7
264					 6	    10
265					 7	     8
266					 8	     6
311					 5	     5
312					 6	     6
313					 7	     7
314					 5	    10
315					 6	     8
316					 7	     6
321					 6	     6
322					 7	     7
323					 8	     8
324					 6	    11
325					 7	     9
326					 8	     7
331					 7	     7
332					 8	     8
333					 9	     9
334					 7	    12
335					 8	    10
336					 9	     8
341					 5	    10
342					 6	    11
343					 7	    12
344					 5	    15
345					 6	    13
346					 7	    11
351					 6	     8
352					 7	     9
353					 8	    10
354					 6	    13
355					 7	    11
356					 8	     9
361					 7	     6
362					 8	     7
363					 9	     8
364					 7	    11
365					 8	     9
366					 9	     7
411					 3	     8
412					 4	     9
413					 5	    10
414					 3	    13
415					 4	    11
416					 5	     9
421					 4	     9
422					 5	    10
423					 6	    11
424					 4	    14
425					 5	    12
426					 6	    10
431					 5	    10
432					 6	    11
433					 7	    12
434					 5	    15
435					 6	    13
436					 7	    11
441					 3	    13
442					 4	    14
443					 5	    15
444					 3	    18
445					 4	    16
446					 5	    14
451					 4	    11
452					 5	    12
453					 6	    13
454					 4	    16
455					 5	    14
456					 6	    12
461					 5	     9
462					 6	    10
463					 7	    11
464					 5	    14
465					 6	    12
466					 7	    10
511					 4	     6
512					 5	     7
513					 6	     8
514					 4	    11
515					 5	     9
516					 6	     7
521					 5	     7
522					 6	     8
523					 7	     9
524					 5	    12
525					 6	    10
526					 7	     8
531					 6	     8
532					 7	     9
533					 8	    10
534					 6	    13
535					 7	    11
536					 8	     9
541					 4	    11
542					 5	    12
543					 6	    13
544					 4	    16
545					 5	    14
546					 6	    12
551					 5	     9
552					 6	    10
553					 7	    11
554					 5	    14
555					 6	    12
556					 7	    10
561					 6	     7
562					 7	     8
563					 8	     9
564					 6	    12
565					 7	    10
566					 8	     8
611					 5	     4
612					 6	     5
613					 7	     6
614					 5	     9
615					 6	     7
616					 7	     5
621					 6	     5
622					 7	     6
623					 8	     7
624					 6	    10
625					 7	     8
626					 8	     6
631					 7	     6
632					 8	     7
633					 9	     8
634					 7	    11
635					 8	     9
636					 9	     7
641					 5	     9
642					 6	    10
643					 7	    11
644					 5	    14
645					 6	    12
646					 7	    10
651					 6	     7
652					 7	     8
653					 8	     9
654					 6	    12
655					 7	    10
656					 8	     8
661					 7	     5
662					 8	     6
663					 9	     7
664					 7	    10
665					 8	     8
666					 9	     6

216 rows selected.

MC: Multiset Combination [Items may repeat, order does not matter] - Nested Table
old  10:	    trw.lev * &N_ITEMS + ROWNUM
new  10:	    trw.lev * 6 + ROWNUM
old  14:	AND trw.lev < &SEQ_SIZE
new  14:	AND trw.lev < 3
old  20:  WHERE lev = &SEQ_SIZE
new  20:  WHERE lev = 3

Path			       Total Price Total Value
------------------------------ ----------- -----------
111					 3	     3
112					 4	     4
113					 5	     5
114					 3	     8
115					 4	     6
116					 5	     4
122					 5	     5
123					 6	     6
124					 4	     9
125					 5	     7
126					 6	     5
133					 7	     7
134					 5	    10
135					 6	     8
136					 7	     6
144					 3	    13
145					 4	    11
146					 5	     9
155					 5	     9
156					 6	     7
166					 7	     5
222					 6	     6
223					 7	     7
224					 5	    10
225					 6	     8
226					 7	     6
233					 8	     8
234					 6	    11
235					 7	     9
236					 8	     7
244					 4	    14
245					 5	    12
246					 6	    10
255					 6	    10
256					 7	     8
266					 8	     6
333					 9	     9
334					 7	    12
335					 8	    10
336					 9	     8
344					 5	    15
345					 6	    13
346					 7	    11
355					 7	    11
356					 8	     9
366					 9	     7
444					 3	    18
445					 4	    16
446					 5	    14
455					 5	    14
456					 6	    12
466					 7	    10
555					 6	    12
556					 7	    10
566					 8	     8
666					 9	     6

56 rows selected.

SP: Set Permutation [Items may not repeat, order matters] - Nested Table
old  10:	    trw.lev * &N_ITEMS + ROWNUM
new  10:	    trw.lev * 6 + ROWNUM
old  16:      WHERE trw.lev < &SEQ_SIZE
new  16:      WHERE trw.lev < 3
old  22:  WHERE lev = &SEQ_SIZE
new  22:  WHERE lev = 3

Path			       Total Price Total Value
------------------------------ ----------- -----------
123					 6	     6
124					 4	     9
125					 5	     7
126					 6	     5
132					 6	     6
134					 5	    10
135					 6	     8
136					 7	     6
142					 4	     9
143					 5	    10
145					 4	    11
146					 5	     9
152					 5	     7
153					 6	     8
154					 4	    11
156					 6	     7
162					 6	     5
163					 7	     6
164					 5	     9
165					 6	     7
213					 6	     6
214					 4	     9
215					 5	     7
216					 6	     5
231					 6	     6
234					 6	    11
235					 7	     9
236					 8	     7
241					 4	     9
243					 6	    11
245					 5	    12
246					 6	    10
251					 5	     7
253					 7	     9
254					 5	    12
256					 7	     8
261					 6	     5
263					 8	     7
264					 6	    10
265					 7	     8
312					 6	     6
314					 5	    10
315					 6	     8
316					 7	     6
321					 6	     6
324					 6	    11
325					 7	     9
326					 8	     7
341					 5	    10
342					 6	    11
345					 6	    13
346					 7	    11
351					 6	     8
352					 7	     9
354					 6	    13
356					 8	     9
361					 7	     6
362					 8	     7
364					 7	    11
365					 8	     9
412					 4	     9
413					 5	    10
415					 4	    11
416					 5	     9
421					 4	     9
423					 6	    11
425					 5	    12
426					 6	    10
431					 5	    10
432					 6	    11
435					 6	    13
436					 7	    11
451					 4	    11
452					 5	    12
453					 6	    13
456					 6	    12
461					 5	     9
462					 6	    10
463					 7	    11
465					 6	    12
512					 5	     7
513					 6	     8
514					 4	    11
516					 6	     7
521					 5	     7
523					 7	     9
524					 5	    12
526					 7	     8
531					 6	     8
532					 7	     9
534					 6	    13
536					 8	     9
541					 4	    11
542					 5	    12
543					 6	    13
546					 6	    12
561					 6	     7
562					 7	     8
563					 8	     9
564					 6	    12
612					 6	     5
613					 7	     6
614					 5	     9
615					 6	     7
621					 6	     5
623					 8	     7
624					 6	    10
625					 7	     8
631					 7	     6
632					 8	     7
634					 7	    11
635					 8	     9
641					 5	     9
642					 6	    10
643					 7	    11
645					 6	    12
651					 6	     7
652					 7	     8
653					 8	     9
654					 6	    12

120 rows selected.

SC: Set Combination [Items may not repeat, order does not matter] - Nested Table
old  10:	    trw.lev * &N_ITEMS + ROWNUM
new  10:	    trw.lev * 6 + ROWNUM
old  14:      WHERE trw.lev < &SEQ_SIZE
new  14:      WHERE trw.lev < 3
old  20:  WHERE lev = &SEQ_SIZE
new  20:  WHERE lev = 3

Path			       Total Price Total Value
------------------------------ ----------- -----------
123					 6	     6
124					 4	     9
125					 5	     7
126					 6	     5
134					 5	    10
135					 6	     8
136					 7	     6
145					 4	    11
146					 5	     9
156					 6	     7
234					 6	    11
235					 7	     9
236					 8	     7
245					 5	    12
246					 6	    10
256					 7	     8
345					 6	    13
346					 7	    11
356					 8	     9
456					 6	    12

20 rows selected.


'END:'||TO_CHAR(SYSDATE,'DD-MON-YY
----------------------------------
End: 07-JUL-2024 11:20:54

SQL> 
Database	     Time		  Version
-------------------- -------------------- ------------------------------
Start: FREE	     07-JUL-2024 11:20:54 Version 23.4.0.24.05

Four PL/SQL methods for sequence type MP
========================================
Pop_Table_Iterate - MP
old   2:   Item_Seqs.Pop_Table_Iterate(p_seq_type => '&SEQ_TP');
new   2:   Item_Seqs.Pop_Table_Iterate(p_seq_type => 'MP');

PL/SQL procedure successfully completed.


Path Total Price Total Value
---- ----------- -----------
111	       3	   3
112	       4	   4
113	       5	   5
114	       3	   8
115	       4	   6
116	       5	   4
121	       4	   4
122	       5	   5
123	       6	   6
124	       4	   9
125	       5	   7
126	       6	   5
131	       5	   5
132	       6	   6
133	       7	   7
134	       5	  10
135	       6	   8
136	       7	   6
141	       3	   8
142	       4	   9
143	       5	  10
144	       3	  13
145	       4	  11
146	       5	   9
151	       4	   6
152	       5	   7
153	       6	   8
154	       4	  11
155	       5	   9
156	       6	   7
161	       5	   4
162	       6	   5
163	       7	   6
164	       5	   9
165	       6	   7
166	       7	   5
211	       4	   4
212	       5	   5
213	       6	   6
214	       4	   9
215	       5	   7
216	       6	   5
221	       5	   5
222	       6	   6
223	       7	   7
224	       5	  10
225	       6	   8
226	       7	   6
231	       6	   6
232	       7	   7
233	       8	   8
234	       6	  11
235	       7	   9
236	       8	   7
241	       4	   9
242	       5	  10
243	       6	  11
244	       4	  14
245	       5	  12
246	       6	  10
251	       5	   7
252	       6	   8
253	       7	   9
254	       5	  12
255	       6	  10
256	       7	   8
261	       6	   5
262	       7	   6
263	       8	   7
264	       6	  10
265	       7	   8
266	       8	   6
311	       5	   5
312	       6	   6
313	       7	   7
314	       5	  10
315	       6	   8
316	       7	   6
321	       6	   6
322	       7	   7
323	       8	   8
324	       6	  11
325	       7	   9
326	       8	   7
331	       7	   7
332	       8	   8
333	       9	   9
334	       7	  12
335	       8	  10
336	       9	   8
341	       5	  10
342	       6	  11
343	       7	  12
344	       5	  15
345	       6	  13
346	       7	  11
351	       6	   8
352	       7	   9
353	       8	  10
354	       6	  13
355	       7	  11
356	       8	   9
361	       7	   6
362	       8	   7
363	       9	   8
364	       7	  11
365	       8	   9
366	       9	   7
411	       3	   8
412	       4	   9
413	       5	  10
414	       3	  13
415	       4	  11
416	       5	   9
421	       4	   9
422	       5	  10
423	       6	  11
424	       4	  14
425	       5	  12
426	       6	  10
431	       5	  10
432	       6	  11
433	       7	  12
434	       5	  15
435	       6	  13
436	       7	  11
441	       3	  13
442	       4	  14
443	       5	  15
444	       3	  18
445	       4	  16
446	       5	  14
451	       4	  11
452	       5	  12
453	       6	  13
454	       4	  16
455	       5	  14
456	       6	  12
461	       5	   9
462	       6	  10
463	       7	  11
464	       5	  14
465	       6	  12
466	       7	  10
511	       4	   6
512	       5	   7
513	       6	   8
514	       4	  11
515	       5	   9
516	       6	   7
521	       5	   7
522	       6	   8
523	       7	   9
524	       5	  12
525	       6	  10
526	       7	   8
531	       6	   8
532	       7	   9
533	       8	  10
534	       6	  13
535	       7	  11
536	       8	   9
541	       4	  11
542	       5	  12
543	       6	  13
544	       4	  16
545	       5	  14
546	       6	  12
551	       5	   9
552	       6	  10
553	       7	  11
554	       5	  14
555	       6	  12
556	       7	  10
561	       6	   7
562	       7	   8
563	       8	   9
564	       6	  12
565	       7	  10
566	       8	   8
611	       5	   4
612	       6	   5
613	       7	   6
614	       5	   9
615	       6	   7
616	       7	   5
621	       6	   5
622	       7	   6
623	       8	   7
624	       6	  10
625	       7	   8
626	       8	   6
631	       7	   6
632	       8	   7
633	       9	   8
634	       7	  11
635	       8	   9
636	       9	   7
641	       5	   9
642	       6	  10
643	       7	  11
644	       5	  14
645	       6	  12
646	       7	  10
651	       6	   7
652	       7	   8
653	       8	   9
654	       6	  12
655	       7	  10
656	       8	   8
661	       7	   5
662	       8	   6
663	       9	   7
664	       7	  10
665	       8	   8
666	       9	   6

216 rows selected.

Pop_Table_Recurse - MP
old   2:   Item_Seqs.Pop_Table_Recurse(p_seq_type => '&SEQ_TP');
new   2:   Item_Seqs.Pop_Table_Recurse(p_seq_type => 'MP');

PL/SQL procedure successfully completed.

old   3:  WHERE lev = &SEQ_SIZE
new   3:  WHERE lev = 3

Path Total Price Total Value
---- ----------- -----------
111	       3	   3
112	       4	   4
113	       5	   5
114	       3	   8
115	       4	   6
116	       5	   4
121	       4	   4
122	       5	   5
123	       6	   6
124	       4	   9
125	       5	   7
126	       6	   5
131	       5	   5
132	       6	   6
133	       7	   7
134	       5	  10
135	       6	   8
136	       7	   6
141	       3	   8
142	       4	   9
143	       5	  10
144	       3	  13
145	       4	  11
146	       5	   9
151	       4	   6
152	       5	   7
153	       6	   8
154	       4	  11
155	       5	   9
156	       6	   7
161	       5	   4
162	       6	   5
163	       7	   6
164	       5	   9
165	       6	   7
166	       7	   5
211	       4	   4
212	       5	   5
213	       6	   6
214	       4	   9
215	       5	   7
216	       6	   5
221	       5	   5
222	       6	   6
223	       7	   7
224	       5	  10
225	       6	   8
226	       7	   6
231	       6	   6
232	       7	   7
233	       8	   8
234	       6	  11
235	       7	   9
236	       8	   7
241	       4	   9
242	       5	  10
243	       6	  11
244	       4	  14
245	       5	  12
246	       6	  10
251	       5	   7
252	       6	   8
253	       7	   9
254	       5	  12
255	       6	  10
256	       7	   8
261	       6	   5
262	       7	   6
263	       8	   7
264	       6	  10
265	       7	   8
266	       8	   6
311	       5	   5
312	       6	   6
313	       7	   7
314	       5	  10
315	       6	   8
316	       7	   6
321	       6	   6
322	       7	   7
323	       8	   8
324	       6	  11
325	       7	   9
326	       8	   7
331	       7	   7
332	       8	   8
333	       9	   9
334	       7	  12
335	       8	  10
336	       9	   8
341	       5	  10
342	       6	  11
343	       7	  12
344	       5	  15
345	       6	  13
346	       7	  11
351	       6	   8
352	       7	   9
353	       8	  10
354	       6	  13
355	       7	  11
356	       8	   9
361	       7	   6
362	       8	   7
363	       9	   8
364	       7	  11
365	       8	   9
366	       9	   7
411	       3	   8
412	       4	   9
413	       5	  10
414	       3	  13
415	       4	  11
416	       5	   9
421	       4	   9
422	       5	  10
423	       6	  11
424	       4	  14
425	       5	  12
426	       6	  10
431	       5	  10
432	       6	  11
433	       7	  12
434	       5	  15
435	       6	  13
436	       7	  11
441	       3	  13
442	       4	  14
443	       5	  15
444	       3	  18
445	       4	  16
446	       5	  14
451	       4	  11
452	       5	  12
453	       6	  13
454	       4	  16
455	       5	  14
456	       6	  12
461	       5	   9
462	       6	  10
463	       7	  11
464	       5	  14
465	       6	  12
466	       7	  10
511	       4	   6
512	       5	   7
513	       6	   8
514	       4	  11
515	       5	   9
516	       6	   7
521	       5	   7
522	       6	   8
523	       7	   9
524	       5	  12
525	       6	  10
526	       7	   8
531	       6	   8
532	       7	   9
533	       8	  10
534	       6	  13
535	       7	  11
536	       8	   9
541	       4	  11
542	       5	  12
543	       6	  13
544	       4	  16
545	       5	  14
546	       6	  12
551	       5	   9
552	       6	  10
553	       7	  11
554	       5	  14
555	       6	  12
556	       7	  10
561	       6	   7
562	       7	   8
563	       8	   9
564	       6	  12
565	       7	  10
566	       8	   8
611	       5	   4
612	       6	   5
613	       7	   6
614	       5	   9
615	       6	   7
616	       7	   5
621	       6	   5
622	       7	   6
623	       8	   7
624	       6	  10
625	       7	   8
626	       8	   6
631	       7	   6
632	       8	   7
633	       9	   8
634	       7	  11
635	       8	   9
636	       9	   7
641	       5	   9
642	       6	  10
643	       7	  11
644	       5	  14
645	       6	  12
646	       7	  10
651	       6	   7
652	       7	   8
653	       8	   9
654	       6	  12
655	       7	  10
656	       8	   8
661	       7	   5
662	       8	   6
663	       9	   7
664	       7	  10
665	       8	   8
666	       9	   6

216 rows selected.

Array_Iterate - MP
old   2:   FROM Item_Seqs.Array_Iterate(p_seq_type => '&SEQ_TP')
new   2:   FROM Item_Seqs.Array_Iterate(p_seq_type => 'MP')

Path Total Price Total Value
---- ----------- -----------
111	       3	   3
112	       4	   4
113	       5	   5
114	       3	   8
115	       4	   6
116	       5	   4
121	       4	   4
122	       5	   5
123	       6	   6
124	       4	   9
125	       5	   7
126	       6	   5
131	       5	   5
132	       6	   6
133	       7	   7
134	       5	  10
135	       6	   8
136	       7	   6
141	       3	   8
142	       4	   9
143	       5	  10
144	       3	  13
145	       4	  11
146	       5	   9
151	       4	   6
152	       5	   7
153	       6	   8
154	       4	  11
155	       5	   9
156	       6	   7
161	       5	   4
162	       6	   5
163	       7	   6
164	       5	   9
165	       6	   7
166	       7	   5
211	       4	   4
212	       5	   5
213	       6	   6
214	       4	   9
215	       5	   7
216	       6	   5
221	       5	   5
222	       6	   6
223	       7	   7
224	       5	  10
225	       6	   8
226	       7	   6
231	       6	   6
232	       7	   7
233	       8	   8
234	       6	  11
235	       7	   9
236	       8	   7
241	       4	   9
242	       5	  10
243	       6	  11
244	       4	  14
245	       5	  12
246	       6	  10
251	       5	   7
252	       6	   8
253	       7	   9
254	       5	  12
255	       6	  10
256	       7	   8
261	       6	   5
262	       7	   6
263	       8	   7
264	       6	  10
265	       7	   8
266	       8	   6
311	       5	   5
312	       6	   6
313	       7	   7
314	       5	  10
315	       6	   8
316	       7	   6
321	       6	   6
322	       7	   7
323	       8	   8
324	       6	  11
325	       7	   9
326	       8	   7
331	       7	   7
332	       8	   8
333	       9	   9
334	       7	  12
335	       8	  10
336	       9	   8
341	       5	  10
342	       6	  11
343	       7	  12
344	       5	  15
345	       6	  13
346	       7	  11
351	       6	   8
352	       7	   9
353	       8	  10
354	       6	  13
355	       7	  11
356	       8	   9
361	       7	   6
362	       8	   7
363	       9	   8
364	       7	  11
365	       8	   9
366	       9	   7
411	       3	   8
412	       4	   9
413	       5	  10
414	       3	  13
415	       4	  11
416	       5	   9
421	       4	   9
422	       5	  10
423	       6	  11
424	       4	  14
425	       5	  12
426	       6	  10
431	       5	  10
432	       6	  11
433	       7	  12
434	       5	  15
435	       6	  13
436	       7	  11
441	       3	  13
442	       4	  14
443	       5	  15
444	       3	  18
445	       4	  16
446	       5	  14
451	       4	  11
452	       5	  12
453	       6	  13
454	       4	  16
455	       5	  14
456	       6	  12
461	       5	   9
462	       6	  10
463	       7	  11
464	       5	  14
465	       6	  12
466	       7	  10
511	       4	   6
512	       5	   7
513	       6	   8
514	       4	  11
515	       5	   9
516	       6	   7
521	       5	   7
522	       6	   8
523	       7	   9
524	       5	  12
525	       6	  10
526	       7	   8
531	       6	   8
532	       7	   9
533	       8	  10
534	       6	  13
535	       7	  11
536	       8	   9
541	       4	  11
542	       5	  12
543	       6	  13
544	       4	  16
545	       5	  14
546	       6	  12
551	       5	   9
552	       6	  10
553	       7	  11
554	       5	  14
555	       6	  12
556	       7	  10
561	       6	   7
562	       7	   8
563	       8	   9
564	       6	  12
565	       7	  10
566	       8	   8
611	       5	   4
612	       6	   5
613	       7	   6
614	       5	   9
615	       6	   7
616	       7	   5
621	       6	   5
622	       7	   6
623	       8	   7
624	       6	  10
625	       7	   8
626	       8	   6
631	       7	   6
632	       8	   7
633	       9	   8
634	       7	  11
635	       8	   9
636	       9	   7
641	       5	   9
642	       6	  10
643	       7	  11
644	       5	  14
645	       6	  12
646	       7	  10
651	       6	   7
652	       7	   8
653	       8	   9
654	       6	  12
655	       7	  10
656	       8	   8
661	       7	   5
662	       8	   6
663	       9	   7
664	       7	  10
665	       8	   8
666	       9	   6

216 rows selected.

Array_Recurse - MP
old   2:   FROM Item_Seqs.Array_Recurse(p_seq_type => '&SEQ_TP')
new   2:   FROM Item_Seqs.Array_Recurse(p_seq_type => 'MP')
old   3:  WHERE lev = &SEQ_SIZE
new   3:  WHERE lev = 3

Path Total Price Total Value
---- ----------- -----------
111	       3	   3
112	       4	   4
113	       5	   5
114	       3	   8
115	       4	   6
116	       5	   4
121	       4	   4
122	       5	   5
123	       6	   6
124	       4	   9
125	       5	   7
126	       6	   5
131	       5	   5
132	       6	   6
133	       7	   7
134	       5	  10
135	       6	   8
136	       7	   6
141	       3	   8
142	       4	   9
143	       5	  10
144	       3	  13
145	       4	  11
146	       5	   9
151	       4	   6
152	       5	   7
153	       6	   8
154	       4	  11
155	       5	   9
156	       6	   7
161	       5	   4
162	       6	   5
163	       7	   6
164	       5	   9
165	       6	   7
166	       7	   5
211	       4	   4
212	       5	   5
213	       6	   6
214	       4	   9
215	       5	   7
216	       6	   5
221	       5	   5
222	       6	   6
223	       7	   7
224	       5	  10
225	       6	   8
226	       7	   6
231	       6	   6
232	       7	   7
233	       8	   8
234	       6	  11
235	       7	   9
236	       8	   7
241	       4	   9
242	       5	  10
243	       6	  11
244	       4	  14
245	       5	  12
246	       6	  10
251	       5	   7
252	       6	   8
253	       7	   9
254	       5	  12
255	       6	  10
256	       7	   8
261	       6	   5
262	       7	   6
263	       8	   7
264	       6	  10
265	       7	   8
266	       8	   6
311	       5	   5
312	       6	   6
313	       7	   7
314	       5	  10
315	       6	   8
316	       7	   6
321	       6	   6
322	       7	   7
323	       8	   8
324	       6	  11
325	       7	   9
326	       8	   7
331	       7	   7
332	       8	   8
333	       9	   9
334	       7	  12
335	       8	  10
336	       9	   8
341	       5	  10
342	       6	  11
343	       7	  12
344	       5	  15
345	       6	  13
346	       7	  11
351	       6	   8
352	       7	   9
353	       8	  10
354	       6	  13
355	       7	  11
356	       8	   9
361	       7	   6
362	       8	   7
363	       9	   8
364	       7	  11
365	       8	   9
366	       9	   7
411	       3	   8
412	       4	   9
413	       5	  10
414	       3	  13
415	       4	  11
416	       5	   9
421	       4	   9
422	       5	  10
423	       6	  11
424	       4	  14
425	       5	  12
426	       6	  10
431	       5	  10
432	       6	  11
433	       7	  12
434	       5	  15
435	       6	  13
436	       7	  11
441	       3	  13
442	       4	  14
443	       5	  15
444	       3	  18
445	       4	  16
446	       5	  14
451	       4	  11
452	       5	  12
453	       6	  13
454	       4	  16
455	       5	  14
456	       6	  12
461	       5	   9
462	       6	  10
463	       7	  11
464	       5	  14
465	       6	  12
466	       7	  10
511	       4	   6
512	       5	   7
513	       6	   8
514	       4	  11
515	       5	   9
516	       6	   7
521	       5	   7
522	       6	   8
523	       7	   9
524	       5	  12
525	       6	  10
526	       7	   8
531	       6	   8
532	       7	   9
533	       8	  10
534	       6	  13
535	       7	  11
536	       8	   9
541	       4	  11
542	       5	  12
543	       6	  13
544	       4	  16
545	       5	  14
546	       6	  12
551	       5	   9
552	       6	  10
553	       7	  11
554	       5	  14
555	       6	  12
556	       7	  10
561	       6	   7
562	       7	   8
563	       8	   9
564	       6	  12
565	       7	  10
566	       8	   8
611	       5	   4
612	       6	   5
613	       7	   6
614	       5	   9
615	       6	   7
616	       7	   5
621	       6	   5
622	       7	   6
623	       8	   7
624	       6	  10
625	       7	   8
626	       8	   6
631	       7	   6
632	       8	   7
633	       9	   8
634	       7	  11
635	       8	   9
636	       9	   7
641	       5	   9
642	       6	  10
643	       7	  11
644	       5	  14
645	       6	  12
646	       7	  10
651	       6	   7
652	       7	   8
653	       8	   9
654	       6	  12
655	       7	  10
656	       8	   8
661	       7	   5
662	       8	   6
663	       9	   7
664	       7	  10
665	       8	   8
666	       9	   6

216 rows selected.


'END:'||TO_CHAR(SYSDATE,'DD-MON-YY
----------------------------------
End: 07-JUL-2024 11:20:54

SQL> 
Database	     Time		  Version
-------------------- -------------------- ------------------------------
Start: FREE	     07-JUL-2024 11:20:54 Version 23.4.0.24.05

Four PL/SQL methods for sequence type MC
========================================
Pop_Table_Iterate - MC
old   2:   Item_Seqs.Pop_Table_Iterate(p_seq_type => '&SEQ_TP');
new   2:   Item_Seqs.Pop_Table_Iterate(p_seq_type => 'MC');

PL/SQL procedure successfully completed.


Path Total Price Total Value
---- ----------- -----------
111	       3	   3
112	       4	   4
113	       5	   5
114	       3	   8
115	       4	   6
116	       5	   4
122	       5	   5
123	       6	   6
124	       4	   9
125	       5	   7
126	       6	   5
133	       7	   7
134	       5	  10
135	       6	   8
136	       7	   6
144	       3	  13
145	       4	  11
146	       5	   9
155	       5	   9
156	       6	   7
166	       7	   5
222	       6	   6
223	       7	   7
224	       5	  10
225	       6	   8
226	       7	   6
233	       8	   8
234	       6	  11
235	       7	   9
236	       8	   7
244	       4	  14
245	       5	  12
246	       6	  10
255	       6	  10
256	       7	   8
266	       8	   6
333	       9	   9
334	       7	  12
335	       8	  10
336	       9	   8
344	       5	  15
345	       6	  13
346	       7	  11
355	       7	  11
356	       8	   9
366	       9	   7
444	       3	  18
445	       4	  16
446	       5	  14
455	       5	  14
456	       6	  12
466	       7	  10
555	       6	  12
556	       7	  10
566	       8	   8
666	       9	   6

56 rows selected.

Pop_Table_Recurse - MC
old   2:   Item_Seqs.Pop_Table_Recurse(p_seq_type => '&SEQ_TP');
new   2:   Item_Seqs.Pop_Table_Recurse(p_seq_type => 'MC');

PL/SQL procedure successfully completed.

old   3:  WHERE lev = &SEQ_SIZE
new   3:  WHERE lev = 3

Path Total Price Total Value
---- ----------- -----------
111	       3	   3
112	       4	   4
113	       5	   5
114	       3	   8
115	       4	   6
116	       5	   4
122	       5	   5
123	       6	   6
124	       4	   9
125	       5	   7
126	       6	   5
133	       7	   7
134	       5	  10
135	       6	   8
136	       7	   6
144	       3	  13
145	       4	  11
146	       5	   9
155	       5	   9
156	       6	   7
166	       7	   5
222	       6	   6
223	       7	   7
224	       5	  10
225	       6	   8
226	       7	   6
233	       8	   8
234	       6	  11
235	       7	   9
236	       8	   7
244	       4	  14
245	       5	  12
246	       6	  10
255	       6	  10
256	       7	   8
266	       8	   6
333	       9	   9
334	       7	  12
335	       8	  10
336	       9	   8
344	       5	  15
345	       6	  13
346	       7	  11
355	       7	  11
356	       8	   9
366	       9	   7
444	       3	  18
445	       4	  16
446	       5	  14
455	       5	  14
456	       6	  12
466	       7	  10
555	       6	  12
556	       7	  10
566	       8	   8
666	       9	   6

56 rows selected.

Array_Iterate - MC
old   2:   FROM Item_Seqs.Array_Iterate(p_seq_type => '&SEQ_TP')
new   2:   FROM Item_Seqs.Array_Iterate(p_seq_type => 'MC')

Path Total Price Total Value
---- ----------- -----------
111	       3	   3
112	       4	   4
113	       5	   5
114	       3	   8
115	       4	   6
116	       5	   4
122	       5	   5
123	       6	   6
124	       4	   9
125	       5	   7
126	       6	   5
133	       7	   7
134	       5	  10
135	       6	   8
136	       7	   6
144	       3	  13
145	       4	  11
146	       5	   9
155	       5	   9
156	       6	   7
166	       7	   5
222	       6	   6
223	       7	   7
224	       5	  10
225	       6	   8
226	       7	   6
233	       8	   8
234	       6	  11
235	       7	   9
236	       8	   7
244	       4	  14
245	       5	  12
246	       6	  10
255	       6	  10
256	       7	   8
266	       8	   6
333	       9	   9
334	       7	  12
335	       8	  10
336	       9	   8
344	       5	  15
345	       6	  13
346	       7	  11
355	       7	  11
356	       8	   9
366	       9	   7
444	       3	  18
445	       4	  16
446	       5	  14
455	       5	  14
456	       6	  12
466	       7	  10
555	       6	  12
556	       7	  10
566	       8	   8
666	       9	   6

56 rows selected.

Array_Recurse - MC
old   2:   FROM Item_Seqs.Array_Recurse(p_seq_type => '&SEQ_TP')
new   2:   FROM Item_Seqs.Array_Recurse(p_seq_type => 'MC')
old   3:  WHERE lev = &SEQ_SIZE
new   3:  WHERE lev = 3

Path Total Price Total Value
---- ----------- -----------
111	       3	   3
112	       4	   4
113	       5	   5
114	       3	   8
115	       4	   6
116	       5	   4
122	       5	   5
123	       6	   6
124	       4	   9
125	       5	   7
126	       6	   5
133	       7	   7
134	       5	  10
135	       6	   8
136	       7	   6
144	       3	  13
145	       4	  11
146	       5	   9
155	       5	   9
156	       6	   7
166	       7	   5
222	       6	   6
223	       7	   7
224	       5	  10
225	       6	   8
226	       7	   6
233	       8	   8
234	       6	  11
235	       7	   9
236	       8	   7
244	       4	  14
245	       5	  12
246	       6	  10
255	       6	  10
256	       7	   8
266	       8	   6
333	       9	   9
334	       7	  12
335	       8	  10
336	       9	   8
344	       5	  15
345	       6	  13
346	       7	  11
355	       7	  11
356	       8	   9
366	       9	   7
444	       3	  18
445	       4	  16
446	       5	  14
455	       5	  14
456	       6	  12
466	       7	  10
555	       6	  12
556	       7	  10
566	       8	   8
666	       9	   6

56 rows selected.


'END:'||TO_CHAR(SYSDATE,'DD-MON-YY
----------------------------------
End: 07-JUL-2024 11:20:54

SQL> 
Database	     Time		  Version
-------------------- -------------------- ------------------------------
Start: FREE	     07-JUL-2024 11:20:54 Version 23.4.0.24.05

Four PL/SQL methods for sequence type SP
========================================
Pop_Table_Iterate - SP
old   2:   Item_Seqs.Pop_Table_Iterate(p_seq_type => '&SEQ_TP');
new   2:   Item_Seqs.Pop_Table_Iterate(p_seq_type => 'SP');

PL/SQL procedure successfully completed.


Path Total Price Total Value
---- ----------- -----------
123	       6	   6
124	       4	   9
125	       5	   7
126	       6	   5
132	       6	   6
134	       5	  10
135	       6	   8
136	       7	   6
142	       4	   9
143	       5	  10
145	       4	  11
146	       5	   9
152	       5	   7
153	       6	   8
154	       4	  11
156	       6	   7
162	       6	   5
163	       7	   6
164	       5	   9
165	       6	   7
213	       6	   6
214	       4	   9
215	       5	   7
216	       6	   5
231	       6	   6
234	       6	  11
235	       7	   9
236	       8	   7
241	       4	   9
243	       6	  11
245	       5	  12
246	       6	  10
251	       5	   7
253	       7	   9
254	       5	  12
256	       7	   8
261	       6	   5
263	       8	   7
264	       6	  10
265	       7	   8
312	       6	   6
314	       5	  10
315	       6	   8
316	       7	   6
321	       6	   6
324	       6	  11
325	       7	   9
326	       8	   7
341	       5	  10
342	       6	  11
345	       6	  13
346	       7	  11
351	       6	   8
352	       7	   9
354	       6	  13
356	       8	   9
361	       7	   6
362	       8	   7
364	       7	  11
365	       8	   9
412	       4	   9
413	       5	  10
415	       4	  11
416	       5	   9
421	       4	   9
423	       6	  11
425	       5	  12
426	       6	  10
431	       5	  10
432	       6	  11
435	       6	  13
436	       7	  11
451	       4	  11
452	       5	  12
453	       6	  13
456	       6	  12
461	       5	   9
462	       6	  10
463	       7	  11
465	       6	  12
512	       5	   7
513	       6	   8
514	       4	  11
516	       6	   7
521	       5	   7
523	       7	   9
524	       5	  12
526	       7	   8
531	       6	   8
532	       7	   9
534	       6	  13
536	       8	   9
541	       4	  11
542	       5	  12
543	       6	  13
546	       6	  12
561	       6	   7
562	       7	   8
563	       8	   9
564	       6	  12
612	       6	   5
613	       7	   6
614	       5	   9
615	       6	   7
621	       6	   5
623	       8	   7
624	       6	  10
625	       7	   8
631	       7	   6
632	       8	   7
634	       7	  11
635	       8	   9
641	       5	   9
642	       6	  10
643	       7	  11
645	       6	  12
651	       6	   7
652	       7	   8
653	       8	   9
654	       6	  12

120 rows selected.

Pop_Table_Recurse - SP
old   2:   Item_Seqs.Pop_Table_Recurse(p_seq_type => '&SEQ_TP');
new   2:   Item_Seqs.Pop_Table_Recurse(p_seq_type => 'SP');

PL/SQL procedure successfully completed.

old   3:  WHERE lev = &SEQ_SIZE
new   3:  WHERE lev = 3

Path Total Price Total Value
---- ----------- -----------
123	       6	   6
124	       4	   9
125	       5	   7
126	       6	   5
132	       6	   6
134	       5	  10
135	       6	   8
136	       7	   6
142	       4	   9
143	       5	  10
145	       4	  11
146	       5	   9
152	       5	   7
153	       6	   8
154	       4	  11
156	       6	   7
162	       6	   5
163	       7	   6
164	       5	   9
165	       6	   7
213	       6	   6
214	       4	   9
215	       5	   7
216	       6	   5
231	       6	   6
234	       6	  11
235	       7	   9
236	       8	   7
241	       4	   9
243	       6	  11
245	       5	  12
246	       6	  10
251	       5	   7
253	       7	   9
254	       5	  12
256	       7	   8
261	       6	   5
263	       8	   7
264	       6	  10
265	       7	   8
312	       6	   6
314	       5	  10
315	       6	   8
316	       7	   6
321	       6	   6
324	       6	  11
325	       7	   9
326	       8	   7
341	       5	  10
342	       6	  11
345	       6	  13
346	       7	  11
351	       6	   8
352	       7	   9
354	       6	  13
356	       8	   9
361	       7	   6
362	       8	   7
364	       7	  11
365	       8	   9
412	       4	   9
413	       5	  10
415	       4	  11
416	       5	   9
421	       4	   9
423	       6	  11
425	       5	  12
426	       6	  10
431	       5	  10
432	       6	  11
435	       6	  13
436	       7	  11
451	       4	  11
452	       5	  12
453	       6	  13
456	       6	  12
461	       5	   9
462	       6	  10
463	       7	  11
465	       6	  12
512	       5	   7
513	       6	   8
514	       4	  11
516	       6	   7
521	       5	   7
523	       7	   9
524	       5	  12
526	       7	   8
531	       6	   8
532	       7	   9
534	       6	  13
536	       8	   9
541	       4	  11
542	       5	  12
543	       6	  13
546	       6	  12
561	       6	   7
562	       7	   8
563	       8	   9
564	       6	  12
612	       6	   5
613	       7	   6
614	       5	   9
615	       6	   7
621	       6	   5
623	       8	   7
624	       6	  10
625	       7	   8
631	       7	   6
632	       8	   7
634	       7	  11
635	       8	   9
641	       5	   9
642	       6	  10
643	       7	  11
645	       6	  12
651	       6	   7
652	       7	   8
653	       8	   9
654	       6	  12

120 rows selected.

Array_Iterate - SP
old   2:   FROM Item_Seqs.Array_Iterate(p_seq_type => '&SEQ_TP')
new   2:   FROM Item_Seqs.Array_Iterate(p_seq_type => 'SP')

Path Total Price Total Value
---- ----------- -----------
123	       6	   6
124	       4	   9
125	       5	   7
126	       6	   5
132	       6	   6
134	       5	  10
135	       6	   8
136	       7	   6
142	       4	   9
143	       5	  10
145	       4	  11
146	       5	   9
152	       5	   7
153	       6	   8
154	       4	  11
156	       6	   7
162	       6	   5
163	       7	   6
164	       5	   9
165	       6	   7
213	       6	   6
214	       4	   9
215	       5	   7
216	       6	   5
231	       6	   6
234	       6	  11
235	       7	   9
236	       8	   7
241	       4	   9
243	       6	  11
245	       5	  12
246	       6	  10
251	       5	   7
253	       7	   9
254	       5	  12
256	       7	   8
261	       6	   5
263	       8	   7
264	       6	  10
265	       7	   8
312	       6	   6
314	       5	  10
315	       6	   8
316	       7	   6
321	       6	   6
324	       6	  11
325	       7	   9
326	       8	   7
341	       5	  10
342	       6	  11
345	       6	  13
346	       7	  11
351	       6	   8
352	       7	   9
354	       6	  13
356	       8	   9
361	       7	   6
362	       8	   7
364	       7	  11
365	       8	   9
412	       4	   9
413	       5	  10
415	       4	  11
416	       5	   9
421	       4	   9
423	       6	  11
425	       5	  12
426	       6	  10
431	       5	  10
432	       6	  11
435	       6	  13
436	       7	  11
451	       4	  11
452	       5	  12
453	       6	  13
456	       6	  12
461	       5	   9
462	       6	  10
463	       7	  11
465	       6	  12
512	       5	   7
513	       6	   8
514	       4	  11
516	       6	   7
521	       5	   7
523	       7	   9
524	       5	  12
526	       7	   8
531	       6	   8
532	       7	   9
534	       6	  13
536	       8	   9
541	       4	  11
542	       5	  12
543	       6	  13
546	       6	  12
561	       6	   7
562	       7	   8
563	       8	   9
564	       6	  12
612	       6	   5
613	       7	   6
614	       5	   9
615	       6	   7
621	       6	   5
623	       8	   7
624	       6	  10
625	       7	   8
631	       7	   6
632	       8	   7
634	       7	  11
635	       8	   9
641	       5	   9
642	       6	  10
643	       7	  11
645	       6	  12
651	       6	   7
652	       7	   8
653	       8	   9
654	       6	  12

120 rows selected.

Array_Recurse - SP
old   2:   FROM Item_Seqs.Array_Recurse(p_seq_type => '&SEQ_TP')
new   2:   FROM Item_Seqs.Array_Recurse(p_seq_type => 'SP')
old   3:  WHERE lev = &SEQ_SIZE
new   3:  WHERE lev = 3

Path Total Price Total Value
---- ----------- -----------
123	       6	   6
124	       4	   9
125	       5	   7
126	       6	   5
132	       6	   6
134	       5	  10
135	       6	   8
136	       7	   6
142	       4	   9
143	       5	  10
145	       4	  11
146	       5	   9
152	       5	   7
153	       6	   8
154	       4	  11
156	       6	   7
162	       6	   5
163	       7	   6
164	       5	   9
165	       6	   7
213	       6	   6
214	       4	   9
215	       5	   7
216	       6	   5
231	       6	   6
234	       6	  11
235	       7	   9
236	       8	   7
241	       4	   9
243	       6	  11
245	       5	  12
246	       6	  10
251	       5	   7
253	       7	   9
254	       5	  12
256	       7	   8
261	       6	   5
263	       8	   7
264	       6	  10
265	       7	   8
312	       6	   6
314	       5	  10
315	       6	   8
316	       7	   6
321	       6	   6
324	       6	  11
325	       7	   9
326	       8	   7
341	       5	  10
342	       6	  11
345	       6	  13
346	       7	  11
351	       6	   8
352	       7	   9
354	       6	  13
356	       8	   9
361	       7	   6
362	       8	   7
364	       7	  11
365	       8	   9
412	       4	   9
413	       5	  10
415	       4	  11
416	       5	   9
421	       4	   9
423	       6	  11
425	       5	  12
426	       6	  10
431	       5	  10
432	       6	  11
435	       6	  13
436	       7	  11
451	       4	  11
452	       5	  12
453	       6	  13
456	       6	  12
461	       5	   9
462	       6	  10
463	       7	  11
465	       6	  12
512	       5	   7
513	       6	   8
514	       4	  11
516	       6	   7
521	       5	   7
523	       7	   9
524	       5	  12
526	       7	   8
531	       6	   8
532	       7	   9
534	       6	  13
536	       8	   9
541	       4	  11
542	       5	  12
543	       6	  13
546	       6	  12
561	       6	   7
562	       7	   8
563	       8	   9
564	       6	  12
612	       6	   5
613	       7	   6
614	       5	   9
615	       6	   7
621	       6	   5
623	       8	   7
624	       6	  10
625	       7	   8
631	       7	   6
632	       8	   7
634	       7	  11
635	       8	   9
641	       5	   9
642	       6	  10
643	       7	  11
645	       6	  12
651	       6	   7
652	       7	   8
653	       8	   9
654	       6	  12

120 rows selected.


'END:'||TO_CHAR(SYSDATE,'DD-MON-YY
----------------------------------
End: 07-JUL-2024 11:20:54

SQL> 
Database	     Time		  Version
-------------------- -------------------- ------------------------------
Start: FREE	     07-JUL-2024 11:20:54 Version 23.4.0.24.05

Four PL/SQL methods for sequence type SC
========================================
Pop_Table_Iterate - SC
old   2:   Item_Seqs.Pop_Table_Iterate(p_seq_type => '&SEQ_TP');
new   2:   Item_Seqs.Pop_Table_Iterate(p_seq_type => 'SC');

PL/SQL procedure successfully completed.


Path Total Price Total Value
---- ----------- -----------
123	       6	   6
124	       4	   9
125	       5	   7
126	       6	   5
134	       5	  10
135	       6	   8
136	       7	   6
145	       4	  11
146	       5	   9
156	       6	   7
234	       6	  11
235	       7	   9
236	       8	   7
245	       5	  12
246	       6	  10
256	       7	   8
345	       6	  13
346	       7	  11
356	       8	   9
456	       6	  12

20 rows selected.

Pop_Table_Recurse - SC
old   2:   Item_Seqs.Pop_Table_Recurse(p_seq_type => '&SEQ_TP');
new   2:   Item_Seqs.Pop_Table_Recurse(p_seq_type => 'SC');

PL/SQL procedure successfully completed.

old   3:  WHERE lev = &SEQ_SIZE
new   3:  WHERE lev = 3

Path Total Price Total Value
---- ----------- -----------
123	       6	   6
124	       4	   9
125	       5	   7
126	       6	   5
134	       5	  10
135	       6	   8
136	       7	   6
145	       4	  11
146	       5	   9
156	       6	   7
234	       6	  11
235	       7	   9
236	       8	   7
245	       5	  12
246	       6	  10
256	       7	   8
345	       6	  13
346	       7	  11
356	       8	   9
456	       6	  12

20 rows selected.

Array_Iterate - SC
old   2:   FROM Item_Seqs.Array_Iterate(p_seq_type => '&SEQ_TP')
new   2:   FROM Item_Seqs.Array_Iterate(p_seq_type => 'SC')

Path Total Price Total Value
---- ----------- -----------
123	       6	   6
124	       4	   9
125	       5	   7
126	       6	   5
134	       5	  10
135	       6	   8
136	       7	   6
145	       4	  11
146	       5	   9
156	       6	   7
234	       6	  11
235	       7	   9
236	       8	   7
245	       5	  12
246	       6	  10
256	       7	   8
345	       6	  13
346	       7	  11
356	       8	   9
456	       6	  12

20 rows selected.

Array_Recurse - SC
old   2:   FROM Item_Seqs.Array_Recurse(p_seq_type => '&SEQ_TP')
new   2:   FROM Item_Seqs.Array_Recurse(p_seq_type => 'SC')
old   3:  WHERE lev = &SEQ_SIZE
new   3:  WHERE lev = 3

Path Total Price Total Value
---- ----------- -----------
123	       6	   6
124	       4	   9
125	       5	   7
126	       6	   5
134	       5	  10
135	       6	   8
136	       7	   6
145	       4	  11
146	       5	   9
156	       6	   7
234	       6	  11
235	       7	   9
236	       8	   7
245	       5	  12
246	       6	  10
256	       7	   8
345	       6	  13
346	       7	  11
356	       8	   9
456	       6	  12

20 rows selected.


'END:'||TO_CHAR(SYSDATE,'DD-MON-YY
----------------------------------
End: 07-JUL-2024 11:20:55

SQL> SQL> Disconnected from Oracle Database 23ai Free Release 23.0.0.0.0 - Production
Version 23.4.0.24.05


