item_cat_seqs_sml_10_0.log

> Timer Set: Item_Cat_Seqs, Constructed at 09 Jun 2024 23:04:52, written at 23:04:53
  ==================================================================================
  Timer                                   Elapsed         CPU       Calls       Ela/Call       CPU/Call
  -----------------------------------  ----------  ----------  ----------  -------------  -------------
  Pop_Table_Iterate                          0.16        0.13           1        0.15600        0.13000
  Solutions by Category                      0.02        0.02           1        0.02300        0.02000
  Pop_Table_Iterate_Base                     0.15        0.14           1        0.14900        0.14000
  Pop_Table_Iterate_Link                     0.17        0.16           1        0.17400        0.16000
  Pop_Table_Iterate_Link - item level        0.02        0.00           1        0.01600        0.00000
  Pop_Table_Iterate_Base_Link                0.19        0.17           1        0.18500        0.17000
  Array_Iterate                              0.12        0.12           1        0.12200        0.12000
  Pop_Table_Recurse                          0.11        0.10           1        0.10900        0.10000
  Array_Recurse                              0.13        0.11           1        0.12800        0.11000
  (Other)                                    0.00        0.00           1        0.00000        0.00000
  -----------------------------------  ----------  ----------  ----------  -------------  -------------
  Total                                      1.06        0.95          10        0.10620        0.09500
  -----------------------------------  ----------  ----------  ----------  -------------  -------------
  [Timer timed (per call in ms): Elapsed: 0.00952, CPU: 0.00857]


item_cat_seqs_rsf_sml_10_0.log

> Timer Set: Item_Cat_Seqs_RSF, Constructed at 09 Jun 2024 23:04:53, written at 23:04:55
  ======================================================================================
  Timer                          Elapsed         CPU       Calls       Ela/Call       CPU/Call
  --------------------------  ----------  ----------  ----------  -------------  -------------
  rsf_sql_v                         0.03        0.02           1        0.02600        0.02000
  rsf_sql_material_v                0.03        0.02           1        0.02700        0.02000
  Item_Cat_Seqs.Init                0.01        0.01           3        0.00400        0.00333
  rsf_irk_irs_tabs_v                0.02        0.02           1        0.02100        0.02000
  rsf_irk_tab_where_fun_ts_v        0.12        0.11           1        0.11700        0.11000
  rsf_irk_tab_where_fun_v           0.02        0.00           1        0.01500        0.00000
  (Other)                           1.20        1.13           1        1.19600        1.13000
  --------------------------  ----------  ----------  ----------  -------------  -------------
  Total                             1.41        1.31           9        0.15711        0.14556
  --------------------------  ----------  ----------  ----------  -------------  -------------
  [Timer timed (per call in ms): Elapsed: 0.00971, CPU: 0.00874]


item_cat_seqs_loop_sml_10_3.log

> Timer Set: Item_Cat_Seqs_Loop, Constructed at 09 Jun 2024 23:04:55, written at 23:04:57
  =======================================================================================
  Timer                                       Elapsed         CPU       Calls       Ela/Call       CPU/Call
  ---------------------------------------  ----------  ----------  ----------  -------------  -------------
  Iteratively_Refine_Recurse - path level        0.32        0.31           1        0.32300        0.31000
  Iteratively_Refine_Recurse - item level        0.32        0.30           1        0.32100        0.30000
  Iteratively_Refine_Iterate - path level        0.31        0.30           1        0.31300        0.30000
  Iteratively_Refine_RSF - path level            0.36        0.33           1        0.35600        0.33000
  (Other)                                        0.00        0.00           1        0.00100        0.00000
  ---------------------------------------  ----------  ----------  ----------  -------------  -------------
  Total                                          1.31        1.24           5        0.26280        0.24800
  ---------------------------------------  ----------  ----------  ----------  -------------  -------------
  [Timer timed (per call in ms): Elapsed: 0.01010, CPU: 0.01010]


item_cat_seqs_bra_10_0.log

> Timer Set: Item_Cat_Seqs, Constructed at 09 Jun 2024 23:04:59, written at 23:05:02
  ==================================================================================
  Timer                                   Elapsed         CPU       Calls       Ela/Call       CPU/Call
  -----------------------------------  ----------  ----------  ----------  -------------  -------------
  Pop_Table_Iterate                          0.41        0.35           1        0.40800        0.35000
  Solutions by Category                      0.02        0.01           1        0.02000        0.01000
  Pop_Table_Iterate_Base                     0.42        0.37           1        0.41600        0.37000
  Pop_Table_Iterate_Link                     0.41        0.36           1        0.41300        0.36000
  Pop_Table_Iterate_Link - item level        0.02        0.00           1        0.02200        0.00000
  Pop_Table_Iterate_Base_Link                0.43        0.41           1        0.42700        0.41000
  Array_Iterate                              0.38        0.36           1        0.38000        0.36000
  Pop_Table_Recurse                          0.36        0.33           1        0.35800        0.33000
  Array_Recurse                              0.38        0.34           1        0.38100        0.34000
  (Other)                                    0.00        0.00           1        0.00100        0.00000
  -----------------------------------  ----------  ----------  ----------  -------------  -------------
  Total                                      2.83        2.53          10        0.28260        0.25300
  -----------------------------------  ----------  ----------  ----------  -------------  -------------
  [Timer timed (per call in ms): Elapsed: 0.00909, CPU: 0.00909]


item_cat_seqs_bra_100_0.log

> Timer Set: Item_Cat_Seqs, Constructed at 09 Jun 2024 23:05:02, written at 23:05:06
  ==================================================================================
  Timer                                   Elapsed         CPU       Calls       Ela/Call       CPU/Call
  -----------------------------------  ----------  ----------  ----------  -------------  -------------
  Pop_Table_Iterate                          0.56        0.51           1        0.56300        0.51000
  Solutions by Category                      0.01        0.01           1        0.00800        0.01000
  Pop_Table_Iterate_Base                     0.54        0.53           1        0.54300        0.53000
  Pop_Table_Iterate_Link                     0.55        0.48           1        0.54800        0.48000
  Pop_Table_Iterate_Link - item level        0.01        0.00           1        0.01200        0.00000
  Pop_Table_Iterate_Base_Link                0.50        0.48           1        0.50300        0.48000
  Array_Iterate                              0.60        0.58           1        0.60400        0.58000
  Pop_Table_Recurse                          0.55        0.50           1        0.54600        0.50000
  Array_Recurse                              0.62        0.59           1        0.62000        0.59000
  (Other)                                    0.00        0.00           1        0.00100        0.00000
  -----------------------------------  ----------  ----------  ----------  -------------  -------------
  Total                                      3.95        3.68          10        0.39480        0.36800
  -----------------------------------  ----------  ----------  ----------  -------------  -------------
  [Timer timed (per call in ms): Elapsed: 0.00980, CPU: 0.01078]


item_cat_seqs_bra_100_10748.log

> Timer Set: Item_Cat_Seqs, Constructed at 09 Jun 2024 23:05:06, written at 23:05:09
  ==================================================================================
  Timer                                   Elapsed         CPU       Calls       Ela/Call       CPU/Call
  -----------------------------------  ----------  ----------  ----------  -------------  -------------
  Pop_Table_Iterate                          0.35        0.34           1        0.35100        0.34000
  Solutions by Category                      0.01        0.00           1        0.00600        0.00000
  Pop_Table_Iterate_Base                     0.34        0.31           1        0.34300        0.31000
  Pop_Table_Iterate_Link                     0.36        0.33           1        0.36100        0.33000
  Pop_Table_Iterate_Link - item level        0.01        0.00           1        0.01100        0.00000
  Pop_Table_Iterate_Base_Link                0.35        0.31           1        0.34600        0.31000
  Array_Iterate                              0.37        0.33           1        0.36500        0.33000
  Pop_Table_Recurse                          0.36        0.32           1        0.35500        0.32000
  Array_Recurse                              0.36        0.35           1        0.36000        0.35000
  (Other)                                    0.00        0.00           1        0.00100        0.00000
  -----------------------------------  ----------  ----------  ----------  -------------  -------------
  Total                                      2.50        2.29          10        0.24990        0.22900
  -----------------------------------  ----------  ----------  ----------  -------------  -------------
  [Timer timed (per call in ms): Elapsed: 0.00962, CPU: 0.00865]


item_cat_seqs_bra_0_10748.log

> Timer Set: Item_Cat_Seqs, Constructed at 09 Jun 2024 23:05:09, written at 23:05:11
  ==================================================================================
  Timer                                   Elapsed         CPU       Calls       Ela/Call       CPU/Call
  -----------------------------------  ----------  ----------  ----------  -------------  -------------
  Pop_Table_Iterate                          0.38        0.36           1        0.37900        0.36000
  Solutions by Category                      0.01        0.01           1        0.00600        0.01000
  Pop_Table_Iterate_Base                     0.37        0.35           1        0.37300        0.35000
  Pop_Table_Iterate_Link                     0.39        0.38           1        0.39000        0.38000
  Pop_Table_Iterate_Link - item level        0.01        0.00           1        0.01300        0.00000
  Pop_Table_Iterate_Base_Link                0.39        0.38           1        0.39000        0.38000
  Array_Iterate                              0.40        0.39           1        0.40000        0.39000
  Pop_Table_Recurse                          0.38        0.35           1        0.37900        0.35000
  Array_Recurse                              0.41        0.40           1        0.41300        0.40000
  (Other)                                    0.00        0.00           1        0.00100        0.00000
  -----------------------------------  ----------  ----------  ----------  -------------  -------------
  Total                                      2.74        2.62          10        0.27440        0.26200
  -----------------------------------  ----------  ----------  ----------  -------------  -------------
  [Timer timed (per call in ms): Elapsed: 0.00901, CPU: 0.00901]


item_cat_seqs_rsf_bra_10_0.log

> Timer Set: Item_Cat_Seqs_RSF, Constructed at 09 Jun 2024 23:05:12, written at 23:05:14
  ======================================================================================
  Timer                          Elapsed         CPU       Calls       Ela/Call       CPU/Call
  --------------------------  ----------  ----------  ----------  -------------  -------------
  rsf_sql_v                         0.68        0.62           1        0.67800        0.62000
  rsf_sql_material_v                0.29        0.29           1        0.29200        0.29000
  Item_Cat_Seqs.Init                0.01        0.01           3        0.00467        0.00333
  rsf_irk_irs_tabs_v                0.11        0.09           1        0.11000        0.09000
  rsf_irk_tab_where_fun_ts_v        0.47        0.45           1        0.46900        0.45000
  rsf_irk_tab_where_fun_v           0.15        0.14           1        0.14800        0.14000
  (Other)                           1.12        1.12           1        1.12400        1.12000
  --------------------------  ----------  ----------  ----------  -------------  -------------
  Total                             2.84        2.72           9        0.31500        0.30222
  --------------------------  ----------  ----------  ----------  -------------  -------------
  [Timer timed (per call in ms): Elapsed: 0.00885, CPU: 0.00885]


item_cat_seqs_rsf_bra_100_0.log

> Timer Set: Item_Cat_Seqs_RSF, Constructed at 09 Jun 2024 23:05:15, written at 23:05:32
  ======================================================================================
  Timer                          Elapsed         CPU       Calls       Ela/Call       CPU/Call
  --------------------------  ----------  ----------  ----------  -------------  -------------
  rsf_sql_v                         6.58        6.38           1        6.57900        6.38000
  rsf_sql_material_v                2.87        2.67           1        2.87400        2.67000
  Item_Cat_Seqs.Init                0.02        0.01           3        0.00500        0.00333
  rsf_irk_irs_tabs_v                1.14        1.13           1        1.14200        1.13000
  rsf_irk_tab_where_fun_ts_v        3.86        3.78           1        3.85800        3.78000
  rsf_irk_tab_where_fun_v           1.64        1.59           1        1.63800        1.59000
  (Other)                           1.11        1.04           1        1.11200        1.04000
  --------------------------  ----------  ----------  ----------  -------------  -------------
  Total                            17.22       16.60           9        1.91311        1.84444
  --------------------------  ----------  ----------  ----------  -------------  -------------
  [Timer timed (per call in ms): Elapsed: 0.00952, CPU: 0.00952]


item_cat_seqs_rsf_bra_100_10748.log

> Timer Set: Item_Cat_Seqs_RSF, Constructed at 09 Jun 2024 23:05:32, written at 23:05:35
  ======================================================================================
  Timer                          Elapsed         CPU       Calls       Ela/Call       CPU/Call
  --------------------------  ----------  ----------  ----------  -------------  -------------
  rsf_sql_v                         0.36        0.34           1        0.35600        0.34000
  rsf_sql_material_v                0.17        0.13           1        0.17200        0.13000
  Item_Cat_Seqs.Init                0.01        0.00           3        0.00467        0.00000
  rsf_irk_irs_tabs_v                0.06        0.04           1        0.06200        0.04000
  rsf_irk_tab_where_fun_ts_v        0.79        0.76           1        0.78900        0.76000
  rsf_irk_tab_where_fun_v           0.17        0.15           1        0.16700        0.15000
  (Other)                           1.12        1.04           1        1.12300        1.04000
  --------------------------  ----------  ----------  ----------  -------------  -------------
  Total                             2.68        2.46           9        0.29811        0.27333
  --------------------------  ----------  ----------  ----------  -------------  -------------
  [Timer timed (per call in ms): Elapsed: 0.00877, CPU: 0.00877]


item_cat_seqs_rsf_bra_0_10748.log

> Timer Set: Item_Cat_Seqs_RSF, Constructed at 09 Jun 2024 23:05:35, written at 23:05:39
  ======================================================================================
  Timer                          Elapsed         CPU       Calls       Ela/Call       CPU/Call
  --------------------------  ----------  ----------  ----------  -------------  -------------
  rsf_sql_v                         0.73        0.68           1        0.73100        0.68000
  rsf_sql_material_v                0.39        0.37           1        0.39300        0.37000
  Item_Cat_Seqs.Init                0.01        0.01           3        0.00433        0.00333
  rsf_irk_irs_tabs_v                0.13        0.11           1        0.12900        0.11000
  rsf_irk_tab_where_fun_ts_v        2.00        1.98           1        1.99800        1.98000
  rsf_irk_tab_where_fun_v           0.43        0.42           1        0.42800        0.42000
  (Other)                           1.12        1.08           1        1.12000        1.08000
  --------------------------  ----------  ----------  ----------  -------------  -------------
  Total                             4.81        4.65           9        0.53467        0.51667
  --------------------------  ----------  ----------  ----------  -------------  -------------
  [Timer timed (per call in ms): Elapsed: 0.00885, CPU: 0.00796]


item_cat_seqs_loop_bra_10_3.log

> Timer Set: Item_Cat_Seqs_Loop, Constructed at 09 Jun 2024 23:05:40, written at 23:05:42
  =======================================================================================
  Timer                                       Elapsed         CPU       Calls       Ela/Call       CPU/Call
  ---------------------------------------  ----------  ----------  ----------  -------------  -------------
  Iteratively_Refine_Recurse - path level        0.80        0.78           1        0.80000        0.78000
  Iteratively_Refine_Recurse - item level        0.80        0.75           1        0.80200        0.75000
  Iteratively_Refine_Iterate - path level        0.79        0.75           1        0.79400        0.75000
  Iteratively_Refine_RSF - path level            0.46        0.46           1        0.46400        0.46000
  (Other)                                        0.00        0.00           1        0.00000        0.00000
  ---------------------------------------  ----------  ----------  ----------  -------------  -------------
  Total                                          2.86        2.74           5        0.57200        0.54800
  ---------------------------------------  ----------  ----------  ----------  -------------  -------------
  [Timer timed (per call in ms): Elapsed: 0.00943, CPU: 0.00857]


item_cat_seqs_eng_50_0.log

> Timer Set: Item_Cat_Seqs, Constructed at 09 Jun 2024 23:05:44, written at 23:05:54
  ==================================================================================
  Timer                                   Elapsed         CPU       Calls       Ela/Call       CPU/Call
  -----------------------------------  ----------  ----------  ----------  -------------  -------------
  Pop_Table_Iterate                          1.43        1.38           1        1.43400        1.38000
  Solutions by Category                      0.02        0.01           1        0.01900        0.01000
  Pop_Table_Iterate_Base                     1.35        1.31           1        1.35100        1.31000
  Pop_Table_Iterate_Link                     1.34        1.31           1        1.34200        1.31000
  Pop_Table_Iterate_Link - item level        0.02        0.02           1        0.02100        0.02000
  Pop_Table_Iterate_Base_Link                1.20        1.18           1        1.20100        1.18000
  Array_Iterate                              1.72        1.67           1        1.71700        1.67000
  Pop_Table_Recurse                          1.40        1.35           1        1.39700        1.35000
  Array_Recurse                              1.76        1.70           1        1.76100        1.70000
  (Other)                                    0.00        0.00           1        0.00100        0.00000
  -----------------------------------  ----------  ----------  ----------  -------------  -------------
  Total                                     10.24        9.93          10        1.02440        0.99300
  -----------------------------------  ----------  ----------  ----------  -------------  -------------
  [Timer timed (per call in ms): Elapsed: 0.00893, CPU: 0.00982]


item_cat_seqs_eng_300_0.log

> Timer Set: Item_Cat_Seqs, Constructed at 09 Jun 2024 23:05:54, written at 23:06:45
  ==================================================================================
  Timer                                   Elapsed         CPU       Calls       Ela/Call       CPU/Call
  -----------------------------------  ----------  ----------  ----------  -------------  -------------
  Pop_Table_Iterate                          7.14        6.38           1        7.13600        6.38000
  Solutions by Category                      0.01        0.00           1        0.00700        0.00000
  Pop_Table_Iterate_Base                     6.49        6.01           1        6.48700        6.01000
  Pop_Table_Iterate_Link                     6.21        5.82           1        6.21000        5.82000
  Pop_Table_Iterate_Link - item level        0.02        0.01           1        0.01900        0.01000
  Pop_Table_Iterate_Base_Link                5.13        5.10           1        5.13400        5.10000
  Array_Iterate                              9.13        8.37           1        9.13000        8.37000
  Pop_Table_Recurse                          7.16        6.39           1        7.15900        6.39000
  Array_Recurse                              9.05        8.40           1        9.04500        8.40000
  (Other)                                    0.00        0.01           1        0.00200        0.01000
  -----------------------------------  ----------  ----------  ----------  -------------  -------------
  Total                                     50.33       46.49          10        5.03290        4.64900
  -----------------------------------  ----------  ----------  ----------  -------------  -------------
  [Timer timed (per call in ms): Elapsed: 0.00990, CPU: 0.00990]


item_cat_seqs_eng_300_1952.log

> Timer Set: Item_Cat_Seqs, Constructed at 09 Jun 2024 23:06:45, written at 23:06:53
  ==================================================================================
  Timer                                   Elapsed         CPU       Calls       Ela/Call       CPU/Call
  -----------------------------------  ----------  ----------  ----------  -------------  -------------
  Pop_Table_Iterate                          1.07        1.04           1        1.06700        1.04000
  Solutions by Category                      0.01        0.00           1        0.00500        0.00000
  Pop_Table_Iterate_Base                     1.07        1.04           1        1.06600        1.04000
  Pop_Table_Iterate_Link                     1.05        1.01           1        1.05200        1.01000
  Pop_Table_Iterate_Link - item level        0.02        0.00           1        0.01500        0.00000
  Pop_Table_Iterate_Base_Link                1.01        0.99           1        1.00600        0.99000
  Array_Iterate                              1.45        1.35           1        1.44800        1.35000
  Pop_Table_Recurse                          1.07        1.06           1        1.07400        1.06000
  Array_Recurse                              1.42        1.40           1        1.42400        1.40000
  (Other)                                    0.00        0.00           1        0.00100        0.00000
  -----------------------------------  ----------  ----------  ----------  -------------  -------------
  Total                                      8.16        7.89          10        0.81580        0.78900
  -----------------------------------  ----------  ----------  ----------  -------------  -------------
  [Timer timed (per call in ms): Elapsed: 0.00917, CPU: 0.00826]


item_cat_seqs_eng_0_1952.log

> Timer Set: Item_Cat_Seqs, Constructed at 09 Jun 2024 23:06:53, written at 23:18:18
  ==================================================================================
  Timer                                   Elapsed         CPU       Calls       Ela/Call       CPU/Call
  -----------------------------------  ----------  ----------  ----------  -------------  -------------
  Pop_Table_Iterate                         80.74       79.54           1       80.74000       79.54000
  Solutions by Category                      0.05        0.04           1        0.04600        0.04000
  Pop_Table_Iterate_Base                    82.23       80.49           1       82.23400       80.49000
  Pop_Table_Iterate_Link                    88.26       86.72           1       88.25500       86.72000
  Pop_Table_Iterate_Link - item level        1.48        1.44           1        1.47800        1.44000
  Pop_Table_Iterate_Base_Link               89.04       86.90           1       89.03900       86.90000
  Array_Iterate                            116.83      113.23           1      116.82800      113.23000
  Pop_Table_Recurse                         84.13       82.88           1       84.13400       82.88000
  Array_Recurse                            141.81      139.99           1      141.80600      139.99000
  (Other)                                    0.00        0.00           1        0.00100        0.00000
  -----------------------------------  ----------  ----------  ----------  -------------  -------------
  Total                                    684.56      671.23          10       68.45610       67.12300
  -----------------------------------  ----------  ----------  ----------  -------------  -------------
  [Timer timed (per call in ms): Elapsed: 0.00971, CPU: 0.00874]


item_cat_seqs_rsf_eng_50_0.log

> Timer Set: Item_Cat_Seqs_RSF, Constructed at 09 Jun 2024 23:18:18, written at 23:23:24
  ======================================================================================
  Timer                          Elapsed         CPU       Calls       Ela/Call       CPU/Call
  --------------------------  ----------  ----------  ----------  -------------  -------------
  rsf_sql_v                       215.04      212.05           1      215.03500      212.05000
  rsf_sql_material_v               50.54       49.74           1       50.53500       49.74000
  Item_Cat_Seqs.Init                0.03        0.01           3        0.01033        0.00333
  rsf_irk_irs_tabs_v                8.90        8.84           1        8.90300        8.84000
  rsf_irk_tab_where_fun_ts_v       19.51       19.36           1       19.51000       19.36000
  rsf_irk_tab_where_fun_v          11.30       11.18           1       11.30100       11.18000
  (Other)                           1.16        1.13           1        1.15800        1.13000
  --------------------------  ----------  ----------  ----------  -------------  -------------
  Total                           306.47      302.31           9       34.05256       33.59000
  --------------------------  ----------  ----------  ----------  -------------  -------------
  [Timer timed (per call in ms): Elapsed: 0.00943, CPU: 0.01038]


item_cat_seqs_rsf_eng_300_0.log

> Timer Set: Item_Cat_Seqs_RSF, Constructed at 09 Jun 2024 23:23:24, written at 23:56:23
  ======================================================================================
  Timer                          Elapsed         CPU       Calls       Ela/Call       CPU/Call
  --------------------------  ----------  ----------  ----------  -------------  -------------
  rsf_sql_v                      1302.70     1282.68           1     1302.70300     1282.68000
  rsf_sql_material_v              373.54      345.90           1      373.53900      345.90000
  Item_Cat_Seqs.Init                0.03        0.01           3        0.01033        0.00333
  rsf_irk_irs_tabs_v               73.96       66.25           1       73.96200       66.25000
  rsf_irk_tab_where_fun_ts_v      140.68      133.39           1      140.67500      133.39000
  rsf_irk_tab_where_fun_v          87.08       80.93           1       87.08300       80.93000
  (Other)                           1.14        1.09           1        1.13700        1.09000
  --------------------------  ----------  ----------  ----------  -------------  -------------
  Total                          1979.13     1910.25           9      219.90333      212.25000
  --------------------------  ----------  ----------  ----------  -------------  -------------
  [Timer timed (per call in ms): Elapsed: 0.01099, CPU: 0.00989]


item_cat_seqs_rsf_eng_300_1952.log

> Timer Set: Item_Cat_Seqs_RSF, Constructed at 09 Jun 2024 23:56:24, written at 23:58:56
  ======================================================================================
  Timer                          Elapsed         CPU       Calls       Ela/Call       CPU/Call
  --------------------------  ----------  ----------  ----------  -------------  -------------
  rsf_sql_v                        83.25       82.23           1       83.24900       82.23000
  rsf_sql_material_v               21.51       20.95           1       21.50500       20.95000
  Item_Cat_Seqs.Init                0.03        0.00           3        0.01033        0.00000
  rsf_irk_irs_tabs_v                3.24        3.18           1        3.24200        3.18000
  rsf_irk_tab_where_fun_ts_v       34.10       33.90           1       34.09600       33.90000
  rsf_irk_tab_where_fun_v           8.86        8.78           1        8.86100        8.78000
  (Other)                           1.14        1.08           1        1.14300        1.08000
  --------------------------  ----------  ----------  ----------  -------------  -------------
  Total                           152.13      150.12           9       16.90300       16.68000
  --------------------------  ----------  ----------  ----------  -------------  -------------
  [Timer timed (per call in ms): Elapsed: 0.00952, CPU: 0.00762]


item_cat_seqs_rsf_eng_0_1952.log

> Timer Set: Item_Cat_Seqs_RSF, Constructed at 09 Jun 2024 23:58:56, written at 03:17:41
  ======================================================================================
  Timer                          Elapsed         CPU       Calls       Ela/Call       CPU/Call
  --------------------------  ----------  ----------  ----------  -------------  -------------
  rsf_sql_v                      2385.12     1419.11           1     2385.12200     1419.11000
  rsf_sql_material_v             1876.00      632.99           1     1876.00200      632.99000
  Item_Cat_Seqs.Init                0.03        0.01           3        0.01133        0.00333
  rsf_irk_irs_tabs_v              236.06      229.18           1      236.06000      229.18000
  rsf_irk_tab_where_fun_ts_v     6166.38     6117.00           1     6166.37700     6117.00000
  rsf_irk_tab_where_fun_v        1260.21     1245.42           1     1260.21300     1245.42000
  (Other)                           1.19        1.16           1        1.18500        1.16000
  --------------------------  ----------  ----------  ----------  -------------  -------------
  Total                         11924.99     9644.87           9     1324.99922     1071.65222
  --------------------------  ----------  ----------  ----------  -------------  -------------
  [Timer timed (per call in ms): Elapsed: 0.00980, CPU: 0.00882]


item_cat_seqs_loop_eng_50_3.log

> Timer Set: Item_Cat_Seqs_Loop, Constructed at 10 Jun 2024 03:17:41, written at 03:18:00
  =======================================================================================
  Timer                                       Elapsed         CPU       Calls       Ela/Call       CPU/Call
  ---------------------------------------  ----------  ----------  ----------  -------------  -------------
  Iteratively_Refine_Recurse - path level        2.90        2.86           1        2.90100        2.86000
  Iteratively_Refine_Recurse - item level        2.90        2.86           1        2.89500        2.86000
  Iteratively_Refine_Iterate - path level        2.31        2.30           1        2.31400        2.30000
  Iteratively_Refine_RSF - path level           11.17       11.16           1       11.16900       11.16000
  (Other)                                        0.00        0.00           1        0.00100        0.00000
  ---------------------------------------  ----------  ----------  ----------  -------------  -------------
  Total                                         19.28       19.18           5        3.85600        3.83600
  ---------------------------------------  ----------  ----------  ----------  -------------  -------------
  [Timer timed (per call in ms): Elapsed: 0.01087, CPU: 0.00761]


Total time taken: 15192 seconds
