
Database             Time                 Version
-------------------- -------------------- ------------------------------
Start: ORCL          14-JUN-2024 10:37:11 Version 21.3.0.0.0

Truncate paths

Table truncated.

old   2:     :MAX_PRICE := &MAX_PRICE;
new   2:     :MAX_PRICE := 16000;

PL/SQL procedure successfully completed.

Recompile item_cat_seqs.pkb

Package body created.

No errors.
Just set context values: SEQ_SIZE = 12, MAX_PRICE = 16000, ITEM_WIDTH = 3, TOP_N = 10
Previously set context values: SEQ_TYPE = , MIN_VALUE = , KEEP_NUM =

PL/SQL procedure successfully completed.


PL/SQL procedure successfully completed.

Pop_Table_Iterate
11 running sums
SQL_ID  323bar13mrwwy, child number 0
-------------------------------------
INSERT /*+ gather_plan_statistics INSERT_PATHS */ INTO PATHS (
PATH_RNK, ITEM_RNK, LEV, TOT_PRICE, TOT_VALUE, CAT_ID, NEXT_CAT_ID,
SAME_CATS, MIN_ITEMS, CATS_PATH, PATH ) WITH PATH_JOIN AS ( SELECT
ROW_NUMBER() OVER (PARTITION BY TRW.CATS_PATH || IRK.CAT_ID ORDER BY
TRW.TOT_VALUE + IRK.ITEM_VALUE DESC, TRW.TOT_PRICE + IRK.ITEM_PRICE)
PATH_RNK, IRK.ITEM_RNK, :B6 LEV, TRW.TOT_PRICE + IRK.ITEM_PRICE
TOT_PRICE, TRW.TOT_VALUE + IRK.ITEM_VALUE TOT_VALUE, IRK.CAT_ID,
IRK.NEXT_CAT_ID, CASE IRK.CAT_ID WHEN TRW.CAT_ID THEN TRW.SAME_CATS + 1
ELSE 1 END SAME_CATS, IRK.MIN_ITEMS, TRW.CATS_PATH || IRK.CAT_ID
CATS_PATH, TRW.PATH || IRK.ITEM_ID PATH FROM PATHS TRW JOIN
ITEMS_RANKED IRK ON IRK.ITEM_RNK BETWEEN (TRW.ITEM_RNK + 1) AND
(IRK.N_ITEMS - (:B1 - TRW.LEV - 1)) WHERE TRW.TOT_PRICE +
IRK.ITEM_PRICE + :B5 <= :B4 AND TRW.TOT_VALUE + IRK.ITEM_VALUE + :B3 >=
:B2 AND TRW.LEV < :B1 AND CASE IRK.CAT_ID WHEN TRW.CAT_ID THEN
TRW.SAME_CATS + 1 ELSE 1 END <= IRK.MAX_ITEMS AND :B1 - (TRW.LEV + 1) +
LEAST(CAS
Plan hash value: 1216662075
------------------------------------------------------------------------------------------------------------------------------------
| Id  | Operation                | Name               | Starts | E-Rows | A-Rows |   A-Time   | Buffers |  OMem |  1Mem | Used-Mem |
------------------------------------------------------------------------------------------------------------------------------------
|   0 | INSERT STATEMENT         |                    |      1 |        |      0 |00:00:00.01 |      19 |       |       |          |
|   1 |  LOAD TABLE CONVENTIONAL | PATHS              |      1 |        |      0 |00:00:00.01 |      19 |       |       |          |
|*  2 |   VIEW                   |                    |      1 |      1 |    100 |00:00:00.01 |       7 |       |       |          |
|   3 |    WINDOW SORT           |                    |      1 |      1 |    940 |00:00:00.01 |       7 |   214K|   214K|  190K (0)|
|   4 |     NESTED LOOPS         |                    |      1 |      1 |    940 |00:00:00.01 |       7 |       |       |          |
|*  5 |      TABLE ACCESS FULL   | PATHS              |      1 |      1 |     60 |00:00:00.01 |       4 |       |       |          |
|*  6 |      INDEX RANGE SCAN    | SYS_IOT_TOP_179621 |     60 |      1 |    940 |00:00:00.01 |       3 |       |       |          |
------------------------------------------------------------------------------------------------------------------------------------
Predicate Information (identified by operation id):
---------------------------------------------------
2 - filter(("PATH_RNK"<=:B7 OR :B7=0))
5 - filter("TRW"."LEV"<:B1)
6 - access("IRK"."ITEM_RNK">="TRW"."ITEM_RNK"+1)
filter(("TRW"."TOT_PRICE"+"IRK"."ITEM_PRICE"+:B5<=:B4 AND "TRW"."TOT_VALUE"+"IRK"."ITEM_VALUE"+:B3>=:B2 AND
"IRK"."ITEM_RNK"<="IRK"."N_ITEMS"-(:B1-"TRW"."LEV"-1) AND "IRK"."MAX_ITEMS">=CASE "IRK"."CAT_ID" WHEN "TRW"."CAT_ID" THEN
"TRW"."SAME_CATS"+1 ELSE 1 END  AND "IRK"."MIN_REMAIN"<=:B1-("TRW"."LEV"+1)+LEAST(CASE "IRK"."CAT_ID" WHEN "TRW"."CAT_ID"
THEN "TRW"."SAME_CATS"+1 ELSE 1 END ,"IRK"."MIN_ITEMS") AND ("IRK"."CAT_ID"="TRW"."CAT_ID" OR
"TRW"."SAME_CATS">="TRW"."MIN_ITEMS") AND ("IRK"."CAT_ID"="TRW"."CAT_ID" OR
"IRK"."CAT_ID"=NVL("TRW"."NEXT_CAT_ID","IRK"."CAT_ID"))))
Note
-----
- dynamic statistics used: dynamic sampling (level=2)
Timer Set: Pop_Table_Iterate, Constructed at 14 Jun 2024 10:37:11, written at 10:37:11
======================================================================================
Timer                     Elapsed         CPU       Calls       Ela/Call       CPU/Call
---------------------  ----------  ----------  ----------  -------------  -------------
Initial delete (0)           0.00        0.02           1        0.00400        0.02000
Initial insert (1)           0.00        0.00           1        0.00000        0.00000
Insert paths 1 (10)          0.00        0.00           1        0.00100        0.00000
Delete paths 1 (1)           0.00        0.00           1        0.00000        0.00000
Insert paths 2 (10)          0.00        0.00           1        0.00200        0.00000
Delete paths 2 (10)          0.00        0.00           1        0.00100        0.00000
Insert paths 3 (10)          0.00        0.00           1        0.00200        0.00000
Delete paths 3 (10)          0.00        0.00           1        0.00000        0.00000
Insert paths 4 (10)          0.00        0.00           1        0.00200        0.00000
Delete paths 4 (10)          0.00        0.00           1        0.00100        0.00000
Insert paths 5 (20)          0.00        0.00           1        0.00300        0.00000
Delete paths 5 (10)          0.00        0.00           1        0.00000        0.00000
Insert paths 6 (20)          0.00        0.00           1        0.00400        0.00000
Delete paths 6 (20)          0.00        0.00           1        0.00100        0.00000
Insert paths 7 (20)          0.00        0.01           1        0.00300        0.01000
Delete paths 7 (20)          0.00        0.00           1        0.00000        0.00000
Insert paths 8 (30)          0.01        0.00           1        0.00500        0.00000
Delete paths 8 (20)          0.00        0.00           1        0.00000        0.00000
Insert paths 9 (60)          0.01        0.01           1        0.00500        0.01000
Delete paths 9 (30)          0.00        0.00           1        0.00000        0.00000
Insert paths 10 (100)        0.43        0.15           1        0.42700        0.15000
Delete paths 10 (60)         0.00        0.00           1        0.00100        0.00000
Insert paths 11 (130)        0.01        0.00           1        0.00600        0.00000
Delete paths 11 (100)        0.00        0.00           1        0.00100        0.00000
Insert paths 12 (106)        0.00        0.00           1        0.00400        0.00000
Delete paths 12 (130)        0.00        0.00           1        0.00100        0.00000
(Other)                      0.00        0.00           1        0.00000        0.00000
---------------------  ----------  ----------  ----------  -------------  -------------
Total                        0.47        0.19          27        0.01756        0.00704
---------------------  ----------  ----------  ----------  -------------  -------------
[Timer timed (per call in ms): Elapsed: 0.01906, CPU: 0.00377]
SQL_ID  323bar13mrwwy, child number 0
-------------------------------------
INSERT /*+ gather_plan_statistics INSERT_PATHS */ INTO PATHS (
PATH_RNK, ITEM_RNK, LEV, TOT_PRICE, TOT_VALUE, CAT_ID, NEXT_CAT_ID,
SAME_CATS, MIN_ITEMS, CATS_PATH, PATH ) WITH PATH_JOIN AS ( SELECT
ROW_NUMBER() OVER (PARTITION BY TRW.CATS_PATH || IRK.CAT_ID ORDER BY
TRW.TOT_VALUE + IRK.ITEM_VALUE DESC, TRW.TOT_PRICE + IRK.ITEM_PRICE)
PATH_RNK, IRK.ITEM_RNK, :B6 LEV, TRW.TOT_PRICE + IRK.ITEM_PRICE
TOT_PRICE, TRW.TOT_VALUE + IRK.ITEM_VALUE TOT_VALUE, IRK.CAT_ID,
IRK.NEXT_CAT_ID, CASE IRK.CAT_ID WHEN TRW.CAT_ID THEN TRW.SAME_CATS + 1
ELSE 1 END SAME_CATS, IRK.MIN_ITEMS, TRW.CATS_PATH || IRK.CAT_ID
CATS_PATH, TRW.PATH || IRK.ITEM_ID PATH FROM PATHS TRW JOIN
ITEMS_RANKED IRK ON IRK.ITEM_RNK BETWEEN (TRW.ITEM_RNK + 1) AND
(IRK.N_ITEMS - (:B1 - TRW.LEV - 1)) WHERE TRW.TOT_PRICE +
IRK.ITEM_PRICE + :B5 <= :B4 AND TRW.TOT_VALUE + IRK.ITEM_VALUE + :B3 >=
:B2 AND TRW.LEV < :B1 AND CASE IRK.CAT_ID WHEN TRW.CAT_ID THEN
TRW.SAME_CATS + 1 ELSE 1 END <= IRK.MAX_ITEMS AND :B1 - (TRW.LEV + 1) +
LEAST(CAS
Plan hash value: 1216662075
------------------------------------------------------------------------------------------------------------------------------------
| Id  | Operation                | Name               | Starts | E-Rows | A-Rows |   A-Time   | Buffers |  OMem |  1Mem | Used-Mem |
------------------------------------------------------------------------------------------------------------------------------------
|   0 | INSERT STATEMENT         |                    |      1 |        |      0 |00:00:00.01 |      40 |       |       |          |
|   1 |  LOAD TABLE CONVENTIONAL | PATHS              |      1 |        |      0 |00:00:00.01 |      40 |       |       |          |
|*  2 |   VIEW                   |                    |      1 |      1 |    270 |00:00:00.01 |       9 |       |       |          |
|   3 |    WINDOW SORT           |                    |      1 |      1 |   2183 |00:00:00.01 |       9 |   549K|   457K|  487K (0)|
|   4 |     NESTED LOOPS         |                    |      1 |      1 |   2183 |00:00:00.01 |       9 |       |       |          |
|*  5 |      TABLE ACCESS FULL   | PATHS              |      1 |      1 |    180 |00:00:00.01 |       6 |       |       |          |
|*  6 |      INDEX RANGE SCAN    | SYS_IOT_TOP_179621 |    180 |      1 |   2183 |00:00:00.01 |       3 |       |       |          |
------------------------------------------------------------------------------------------------------------------------------------
Predicate Information (identified by operation id):
---------------------------------------------------
2 - filter(("PATH_RNK"<=:B7 OR :B7=0))
5 - filter("TRW"."LEV"<:B1)
6 - access("IRK"."ITEM_RNK">="TRW"."ITEM_RNK"+1)
filter(("TRW"."TOT_PRICE"+"IRK"."ITEM_PRICE"+:B5<=:B4 AND "TRW"."TOT_VALUE"+"IRK"."ITEM_VALUE"+:B3>=:B2 AND
"IRK"."ITEM_RNK"<="IRK"."N_ITEMS"-(:B1-"TRW"."LEV"-1) AND "IRK"."MAX_ITEMS">=CASE "IRK"."CAT_ID" WHEN "TRW"."CAT_ID" THEN
"TRW"."SAME_CATS"+1 ELSE 1 END  AND "IRK"."MIN_REMAIN"<=:B1-("TRW"."LEV"+1)+LEAST(CASE "IRK"."CAT_ID" WHEN "TRW"."CAT_ID"
THEN "TRW"."SAME_CATS"+1 ELSE 1 END ,"IRK"."MIN_ITEMS") AND ("IRK"."CAT_ID"="TRW"."CAT_ID" OR
"TRW"."SAME_CATS">="TRW"."MIN_ITEMS") AND ("IRK"."CAT_ID"="TRW"."CAT_ID" OR
"IRK"."CAT_ID"=NVL("TRW"."NEXT_CAT_ID","IRK"."CAT_ID"))))
Note
-----
- dynamic statistics used: dynamic sampling (level=2)
Timer Set: Pop_Table_Iterate, Constructed at 14 Jun 2024 10:37:11, written at 10:37:12
======================================================================================
Timer                     Elapsed         CPU       Calls       Ela/Call       CPU/Call
---------------------  ----------  ----------  ----------  -------------  -------------
Initial delete (106)         0.00        0.00           1        0.00000        0.00000
Initial insert (1)           0.00        0.00           1        0.00100        0.00000
Insert paths 1 (20)          0.00        0.00           1        0.00000        0.00000
Delete paths 1 (1)           0.00        0.00           1        0.00100        0.00000
Insert paths 2 (30)          0.01        0.00           1        0.00500        0.00000
Delete paths 2 (20)          0.00        0.00           1        0.00100        0.00000
Insert paths 3 (30)          0.01        0.00           1        0.00500        0.00000
Delete paths 3 (30)          0.00        0.00           1        0.00000        0.00000
Insert paths 4 (30)          0.01        0.00           1        0.00600        0.00000
Delete paths 4 (30)          0.00        0.00           1        0.00000        0.00000
Insert paths 5 (60)          0.01        0.00           1        0.00900        0.00000
Delete paths 5 (30)          0.00        0.00           1        0.00100        0.00000
Insert paths 6 (60)          0.01        0.00           1        0.00800        0.00000
Delete paths 6 (60)          0.00        0.00           1        0.00100        0.00000
Insert paths 7 (60)          0.01        0.00           1        0.00700        0.00000
Delete paths 7 (60)          0.00        0.00           1        0.00000        0.00000
Insert paths 8 (90)          0.01        0.00           1        0.00800        0.00000
Delete paths 8 (60)          0.00        0.00           1        0.00100        0.00000
Insert paths 9 (180)         0.01        0.00           1        0.01000        0.00000
Delete paths 9 (90)          0.00        0.00           1        0.00100        0.00000
Insert paths 10 (270)        0.33        0.13           1        0.32700        0.13000
Delete paths 10 (180)        0.00        0.00           1        0.00100        0.00000
Insert paths 11 (243)        0.01        0.00           1        0.00700        0.00000
Delete paths 11 (270)        0.00        0.00           1        0.00100        0.00000
Insert paths 12 (24)         0.00        0.00           1        0.00100        0.00000
Delete paths 12 (243)        0.00        0.00           1        0.00100        0.00000
(Other)                      0.00        0.00           1        0.00000        0.00000
---------------------  ----------  ----------  ----------  -------------  -------------
Total                        0.40        0.13          27        0.01493        0.00481
---------------------  ----------  ----------  ----------  -------------  -------------
[Timer timed (per call in ms): Elapsed: 0.02000, CPU: 0.01400]
Timer Set: Iteratively_Refine_Iterate, Constructed at 14 Jun 2024 10:37:11, written at 10:37:12
===============================================================================================
Timer                                              Elapsed         CPU       Calls       Ela/Call       CPU/Call
----------------------------------------------  ----------  ----------  ----------  -------------  -------------
PTI 1: MIN_VALUE / KEEP_NUM = 0 / 10                  0.58        0.21           1        0.57700        0.21000
SELECT 1: MIN_VALUE / KEEP_NUM = 10073 / 10           0.00        0.00           1        0.00000        0.00000
PTI (final): MIN_VALUE / KEEP_NUM = 10073 / 30        0.51        0.20           1        0.50500        0.20000
(Other)                                               0.00        0.00           1        0.00000        0.00000
----------------------------------------------  ----------  ----------  ----------  -------------  -------------
Total                                                 1.08        0.41           4        0.27050        0.10250
----------------------------------------------  ----------  ----------  ----------  -------------  -------------
[Timer timed (per call in ms): Elapsed: 0.02020, CPU: 0.00600]

PL/SQL procedure successfully completed.

Elapsed: 00:00:01.19
Iteratively_Refine_Iterate - 10'th to 1'st highest values, then corresponding prices

Summary
--------------------------------------------------------------------------------------------------------------------------------------------------------------------------------------------------------
16000, 10128, 10130, 10131, 10135, 10154, 10193, 10213, 10215, 10230, 10233; Prices: 15896, 15780, 15417, 15646, 15816, 15926, 15841, 15894, 15662, 15864; 1 : Values, Prices, Seconds

Elapsed: 00:00:00.00
Iteratively_Refine_Iterate - Best and Worst

Summary
--------------------------------------------------------------------------------------------------------------------------------------------------------------------------------------------------------
16000, 10233, 10128, 1 - BEST (V, P): (10233, 15864); WORST (V, P): (10128, 15896); Seconds: 1

Elapsed: 00:00:00.00
Iteratively_Refine_Iterate

Path                                 Total Value Total Price  Rank
------------------------------------ ----------- ----------- -----
078022098099102058059060001002038043       10233       15864     1
078022098099058059060065001002038043       10230       15662     2
078022098099058059060065001004038041       10215       15894     3
078022098099058059060001002008038043       10213       15841     4
078022098099058059060065001002011038       10193       15926     5
078022098099058059060001002011038042       10154       15816     6
078022098099058059060061001004038043       10135       15646     7
078022098099058059060001002011038043       10131       15417     8
078022098099058059060001002012038043       10130       15780     9
078022098099058059060061002004038043       10128       15896    10

10 rows selected.

Elapsed: 00:00:00.00

PL/SQL procedure successfully completed.

Elapsed: 00:00:00.00
Timer Set: Item_Cat_Seqs_Loop, Constructed at 14 Jun 2024 10:37:11, written at 10:37:12
=======================================================================================
Timer                                       Elapsed         CPU       Calls       Ela/Call       CPU/Call
---------------------------------------  ----------  ----------  ----------  -------------  -------------
Iteratively_Refine_Iterate - path level        1.20        0.44           1        1.20100        0.44000
(Other)                                        0.00        0.00           1        0.00200        0.00000
---------------------------------------  ----------  ----------  ----------  -------------  -------------
Total                                          1.20        0.44           2        0.60150        0.22000
---------------------------------------  ----------  ----------  ----------  -------------  -------------
[Timer timed (per call in ms): Elapsed: 0.01786, CPU: 0.00357]

PL/SQL procedure successfully completed.


'END:'||TO_CHAR(SYSDATE,'DD-MON-YY
----------------------------------
End: 14-JUN-2024 10:37:12

