
Database             Time                 Version
-------------------- -------------------- ------------------------------
Start: ORCL          14-JUN-2024 10:37:01 Version 21.3.0.0.0

Truncate paths

Table truncated.

old   2:     :MAX_PRICE := &MAX_PRICE;
new   2:     :MAX_PRICE := 5;

PL/SQL procedure successfully completed.

Recompile item_cat_seqs.pkb

Package body created.

No errors.
Just set context values: SEQ_SIZE = 3, MAX_PRICE = 5, ITEM_WIDTH = 1, TOP_N = 3
Previously set context values: SEQ_TYPE = , MIN_VALUE = , KEEP_NUM =

PL/SQL procedure successfully completed.


PL/SQL procedure successfully completed.

Pop_Table_Iterate
2 running sums
Timer Set: Pop_Table_Iterate, Constructed at 14 Jun 2024 10:37:02, written at 10:37:02
======================================================================================
Timer                  Elapsed         CPU       Calls       Ela/Call       CPU/Call
------------------  ----------  ----------  ----------  -------------  -------------
Initial delete (0)        0.00        0.00           1        0.00100        0.00000
Initial insert (1)        0.00        0.00           1        0.00100        0.00000
Insert paths 1 (3)        0.00        0.00           1        0.00000        0.00000
Delete paths 1 (1)        0.00        0.00           1        0.00000        0.00000
Insert paths 2 (7)        0.00        0.00           1        0.00000        0.00000
Delete paths 2 (3)        0.00        0.00           1        0.00100        0.00000
Insert paths 3 (6)        0.00        0.00           1        0.00000        0.00000
Delete paths 3 (7)        0.00        0.00           1        0.00000        0.00000
(Other)                   0.00        0.00           1        0.00000        0.00000
------------------  ----------  ----------  ----------  -------------  -------------
Total                     0.00        0.00           9        0.00033        0.00000
------------------  ----------  ----------  ----------  -------------  -------------
[Timer timed (per call in ms): Elapsed: 0.01000, CPU: 0.00900]
Timer Set: Pop_Table_Iterate, Constructed at 14 Jun 2024 10:37:02, written at 10:37:02
======================================================================================
Timer                  Elapsed         CPU       Calls       Ela/Call       CPU/Call
------------------  ----------  ----------  ----------  -------------  -------------
Initial delete (6)        0.00        0.00           1        0.00000        0.00000
Initial insert (1)        0.00        0.00           1        0.00000        0.00000
Insert paths 1 (3)        0.00        0.00           1        0.00000        0.00000
Delete paths 1 (1)        0.00        0.00           1        0.00100        0.00000
Insert paths 2 (6)        0.00        0.00           1        0.00000        0.00000
Delete paths 2 (3)        0.00        0.00           1        0.00000        0.00000
Insert paths 3 (3)        0.00        0.00           1        0.00000        0.00000
Delete paths 3 (6)        0.00        0.00           1        0.00000        0.00000
(Other)                   0.00        0.00           1        0.00000        0.00000
------------------  ----------  ----------  ----------  -------------  -------------
Total                     0.00        0.00           9        0.00011        0.00000
------------------  ----------  ----------  ----------  -------------  -------------
[Timer timed (per call in ms): Elapsed: 0.01282, CPU: 0.00385]
Timer Set: Iteratively_Refine_Iterate, Constructed at 14 Jun 2024 10:37:02, written at 10:37:02
===============================================================================================
Timer                                           Elapsed         CPU       Calls       Ela/Call       CPU/Call
-------------------------------------------  ----------  ----------  ----------  -------------  -------------
PTI 1: MIN_VALUE / KEEP_NUM = 0 / 10               0.10        0.09           1        0.10400        0.09000
SELECT 1: MIN_VALUE / KEEP_NUM = 10 / 10           0.00        0.00           1        0.00000        0.00000
PTI (final): MIN_VALUE / KEEP_NUM = 10 / 30        0.10        0.03           1        0.10200        0.03000
(Other)                                            0.00        0.00           1        0.00000        0.00000
-------------------------------------------  ----------  ----------  ----------  -------------  -------------
Total                                              0.21        0.12           4        0.05150        0.03000
-------------------------------------------  ----------  ----------  ----------  -------------  -------------
[Timer timed (per call in ms): Elapsed: 0.01613, CPU: 0.00484]

PL/SQL procedure successfully completed.

Elapsed: 00:00:00.30
Iteratively_Refine_Iterate - 10'th to 1'st highest values, then corresponding prices

Summary
--------------------------------------------------------------------------------------------------------------------------------------------------------------------------------------------------------
5, , , , , , , , 10, 11, 12; Prices: , , , , , , , 5, 4, 5; 0 : Values, Prices, Seconds

Elapsed: 00:00:00.00
Iteratively_Refine_Iterate - Best and Worst

Summary
--------------------------------------------------------------------------------------------------------------------------------------------------------------------------------------------------------
5, 12, 10, 0 - BEST (V, P): (12, 5); WORST (V, P): (10, 5); Seconds: 0

Elapsed: 00:00:00.00
Iteratively_Refine_Iterate

Path Total Value Total Price  Rank
---- ----------- ----------- -----
245           12           5     1
145           11           4     2
314           10           5     3

Elapsed: 00:00:00.00

PL/SQL procedure successfully completed.

Elapsed: 00:00:00.00
Timer Set: Item_Cat_Seqs_Loop, Constructed at 14 Jun 2024 10:37:01, written at 10:37:02
=======================================================================================
Timer                                       Elapsed         CPU       Calls       Ela/Call       CPU/Call
---------------------------------------  ----------  ----------  ----------  -------------  -------------
Iteratively_Refine_Iterate - path level        0.32        0.15           1        0.31500        0.15000
(Other)                                        0.00        0.00           1        0.00100        0.00000
---------------------------------------  ----------  ----------  ----------  -------------  -------------
Total                                          0.32        0.15           2        0.15800        0.07500
---------------------------------------  ----------  ----------  ----------  -------------  -------------
[Timer timed (per call in ms): Elapsed: 0.01471, CPU: 0.01029]

PL/SQL procedure successfully completed.


'END:'||TO_CHAR(SYSDATE,'DD-MON-YY
----------------------------------
End: 14-JUN-2024 10:37:02

