
Database             Time                 Version
-------------------- -------------------- ------------------------------
Start: ORCL          14-JUN-2024 10:37:16 Version 21.3.0.0.0

Truncate paths

Table truncated.

old   2:     :MAX_PRICE := &MAX_PRICE;
new   2:     :MAX_PRICE := 24000;

PL/SQL procedure successfully completed.

Recompile item_cat_seqs.pkb

Package body created.

No errors.
Just set context values: SEQ_SIZE = 12, MAX_PRICE = 24000, ITEM_WIDTH = 3, TOP_N = 10
Previously set context values: SEQ_TYPE = , MIN_VALUE = , KEEP_NUM =

PL/SQL procedure successfully completed.


PL/SQL procedure successfully completed.

Pop_Table_Iterate
11 running sums
SQL_ID  323bar13mrwwy, child number 0
-------------------------------------
INSERT /*+ gather_plan_statistics INSERT_PATHS */ INTO PATHS (
PATH_RNK, ITEM_RNK, LEV, TOT_PRICE, TOT_VALUE, CAT_ID, NEXT_CAT_ID,
SAME_CATS, MIN_ITEMS, CATS_PATH, PATH ) WITH PATH_JOIN AS ( SELECT
ROW_NUMBER() OVER (PARTITION BY TRW.CATS_PATH || IRK.CAT_ID ORDER BY
TRW.TOT_VALUE + IRK.ITEM_VALUE DESC, TRW.TOT_PRICE + IRK.ITEM_PRICE)
PATH_RNK, IRK.ITEM_RNK, :B6 LEV, TRW.TOT_PRICE + IRK.ITEM_PRICE
TOT_PRICE, TRW.TOT_VALUE + IRK.ITEM_VALUE TOT_VALUE, IRK.CAT_ID,
IRK.NEXT_CAT_ID, CASE IRK.CAT_ID WHEN TRW.CAT_ID THEN TRW.SAME_CATS + 1
ELSE 1 END SAME_CATS, IRK.MIN_ITEMS, TRW.CATS_PATH || IRK.CAT_ID
CATS_PATH, TRW.PATH || IRK.ITEM_ID PATH FROM PATHS TRW JOIN
ITEMS_RANKED IRK ON IRK.ITEM_RNK BETWEEN (TRW.ITEM_RNK + 1) AND
(IRK.N_ITEMS - (:B1 - TRW.LEV - 1)) WHERE TRW.TOT_PRICE +
IRK.ITEM_PRICE + :B5 <= :B4 AND TRW.TOT_VALUE + IRK.ITEM_VALUE + :B3 >=
:B2 AND TRW.LEV < :B1 AND CASE IRK.CAT_ID WHEN TRW.CAT_ID THEN
TRW.SAME_CATS + 1 ELSE 1 END <= IRK.MAX_ITEMS AND :B1 - (TRW.LEV + 1) +
LEAST(CAS
Plan hash value: 1216662075
------------------------------------------------------------------------------------------------------------------------------------
| Id  | Operation                | Name               | Starts | E-Rows | A-Rows |   A-Time   | Buffers |  OMem |  1Mem | Used-Mem |
------------------------------------------------------------------------------------------------------------------------------------
|   0 | INSERT STATEMENT         |                    |      1 |        |      0 |00:00:00.01 |      17 |       |       |          |
|   1 |  LOAD TABLE CONVENTIONAL | PATHS              |      1 |        |      0 |00:00:00.01 |      17 |       |       |          |
|*  2 |   VIEW                   |                    |      1 |      1 |    100 |00:00:00.01 |       7 |       |       |          |
|   3 |    WINDOW SORT           |                    |      1 |      1 |   1812 |00:00:00.01 |       7 |   478K|   448K|  424K (0)|
|   4 |     NESTED LOOPS         |                    |      1 |      1 |   1812 |00:00:00.01 |       7 |       |       |          |
|*  5 |      TABLE ACCESS FULL   | PATHS              |      1 |      1 |     60 |00:00:00.01 |       4 |       |       |          |
|*  6 |      INDEX RANGE SCAN    | SYS_IOT_TOP_179621 |     60 |      1 |   1812 |00:00:00.01 |       3 |       |       |          |
------------------------------------------------------------------------------------------------------------------------------------
Predicate Information (identified by operation id):
---------------------------------------------------
2 - filter(("PATH_RNK"<=:B7 OR :B7=0))
5 - filter("TRW"."LEV"<:B1)
6 - access("IRK"."ITEM_RNK">="TRW"."ITEM_RNK"+1)
filter(("TRW"."TOT_PRICE"+"IRK"."ITEM_PRICE"+:B5<=:B4 AND "TRW"."TOT_VALUE"+"IRK"."ITEM_VALUE"+:B3>=:B2 AND
"IRK"."ITEM_RNK"<="IRK"."N_ITEMS"-(:B1-"TRW"."LEV"-1) AND "IRK"."MAX_ITEMS">=CASE "IRK"."CAT_ID" WHEN "TRW"."CAT_ID" THEN
"TRW"."SAME_CATS"+1 ELSE 1 END  AND "IRK"."MIN_REMAIN"<=:B1-("TRW"."LEV"+1)+LEAST(CASE "IRK"."CAT_ID" WHEN "TRW"."CAT_ID"
THEN "TRW"."SAME_CATS"+1 ELSE 1 END ,"IRK"."MIN_ITEMS") AND ("IRK"."CAT_ID"="TRW"."CAT_ID" OR
"TRW"."SAME_CATS">="TRW"."MIN_ITEMS") AND ("IRK"."CAT_ID"="TRW"."CAT_ID" OR
"IRK"."CAT_ID"=NVL("TRW"."NEXT_CAT_ID","IRK"."CAT_ID"))))
Note
-----
- dynamic statistics used: dynamic sampling (level=2)
Timer Set: Pop_Table_Iterate, Constructed at 14 Jun 2024 10:37:16, written at 10:37:16
======================================================================================
Timer                     Elapsed         CPU       Calls       Ela/Call       CPU/Call
---------------------  ----------  ----------  ----------  -------------  -------------
Initial delete (0)           0.01        0.00           1        0.00600        0.00000
Initial insert (1)           0.00        0.00           1        0.00000        0.00000
Insert paths 1 (10)          0.00        0.00           1        0.00100        0.00000
Delete paths 1 (1)           0.00        0.00           1        0.00000        0.00000
Insert paths 2 (10)          0.00        0.00           1        0.00300        0.00000
Delete paths 2 (10)          0.00        0.00           1        0.00000        0.00000
Insert paths 3 (10)          0.00        0.00           1        0.00200        0.00000
Delete paths 3 (10)          0.00        0.00           1        0.00000        0.00000
Insert paths 4 (10)          0.00        0.00           1        0.00100        0.00000
Delete paths 4 (10)          0.00        0.00           1        0.00100        0.00000
Insert paths 5 (20)          0.00        0.00           1        0.00200        0.00000
Delete paths 5 (10)          0.00        0.00           1        0.00000        0.00000
Insert paths 6 (20)          0.00        0.01           1        0.00300        0.01000
Delete paths 6 (20)          0.00        0.00           1        0.00000        0.00000
Insert paths 7 (20)          0.00        0.00           1        0.00400        0.00000
Delete paths 7 (20)          0.00        0.00           1        0.00000        0.00000
Insert paths 8 (30)          0.00        0.01           1        0.00300        0.01000
Delete paths 8 (20)          0.00        0.00           1        0.00100        0.00000
Insert paths 9 (60)          0.01        0.00           1        0.00600        0.00000
Delete paths 9 (30)          0.00        0.00           1        0.00000        0.00000
Insert paths 10 (100)        0.42        0.16           1        0.42400        0.16000
Delete paths 10 (60)         0.00        0.00           1        0.00100        0.00000
Insert paths 11 (130)        0.02        0.03           1        0.02100        0.03000
Delete paths 11 (100)        0.00        0.00           1        0.00100        0.00000
Insert paths 12 (130)        0.01        0.00           1        0.01400        0.00000
Delete paths 12 (130)        0.00        0.00           1        0.00000        0.00000
(Other)                      0.00        0.00           1        0.00000        0.00000
---------------------  ----------  ----------  ----------  -------------  -------------
Total                        0.49        0.21          27        0.01830        0.00778
---------------------  ----------  ----------  ----------  -------------  -------------
[Timer timed (per call in ms): Elapsed: 0.01887, CPU: 0.00566]
SQL_ID  323bar13mrwwy, child number 0
-------------------------------------
INSERT /*+ gather_plan_statistics INSERT_PATHS */ INTO PATHS (
PATH_RNK, ITEM_RNK, LEV, TOT_PRICE, TOT_VALUE, CAT_ID, NEXT_CAT_ID,
SAME_CATS, MIN_ITEMS, CATS_PATH, PATH ) WITH PATH_JOIN AS ( SELECT
ROW_NUMBER() OVER (PARTITION BY TRW.CATS_PATH || IRK.CAT_ID ORDER BY
TRW.TOT_VALUE + IRK.ITEM_VALUE DESC, TRW.TOT_PRICE + IRK.ITEM_PRICE)
PATH_RNK, IRK.ITEM_RNK, :B6 LEV, TRW.TOT_PRICE + IRK.ITEM_PRICE
TOT_PRICE, TRW.TOT_VALUE + IRK.ITEM_VALUE TOT_VALUE, IRK.CAT_ID,
IRK.NEXT_CAT_ID, CASE IRK.CAT_ID WHEN TRW.CAT_ID THEN TRW.SAME_CATS + 1
ELSE 1 END SAME_CATS, IRK.MIN_ITEMS, TRW.CATS_PATH || IRK.CAT_ID
CATS_PATH, TRW.PATH || IRK.ITEM_ID PATH FROM PATHS TRW JOIN
ITEMS_RANKED IRK ON IRK.ITEM_RNK BETWEEN (TRW.ITEM_RNK + 1) AND
(IRK.N_ITEMS - (:B1 - TRW.LEV - 1)) WHERE TRW.TOT_PRICE +
IRK.ITEM_PRICE + :B5 <= :B4 AND TRW.TOT_VALUE + IRK.ITEM_VALUE + :B3 >=
:B2 AND TRW.LEV < :B1 AND CASE IRK.CAT_ID WHEN TRW.CAT_ID THEN
TRW.SAME_CATS + 1 ELSE 1 END <= IRK.MAX_ITEMS AND :B1 - (TRW.LEV + 1) +
LEAST(CAS
Plan hash value: 1216662075
------------------------------------------------------------------------------------------------------------------------------------
| Id  | Operation                | Name               | Starts | E-Rows | A-Rows |   A-Time   | Buffers |  OMem |  1Mem | Used-Mem |
------------------------------------------------------------------------------------------------------------------------------------
|   0 | INSERT STATEMENT         |                    |      1 |        |      0 |00:00:00.01 |      14 |       |       |          |
|   1 |  LOAD TABLE CONVENTIONAL | PATHS              |      1 |        |      0 |00:00:00.01 |      14 |       |       |          |
|*  2 |   VIEW                   |                    |      1 |      1 |     90 |00:00:00.01 |       9 |       |       |          |
|   3 |    WINDOW SORT           |                    |      1 |      1 |    577 |00:00:00.01 |       9 |   160K|   160K|  142K (0)|
|   4 |     NESTED LOOPS         |                    |      1 |      1 |    577 |00:00:00.01 |       9 |       |       |          |
|*  5 |      TABLE ACCESS FULL   | PATHS              |      1 |      1 |     60 |00:00:00.01 |       6 |       |       |          |
|*  6 |      INDEX RANGE SCAN    | SYS_IOT_TOP_179621 |     60 |      1 |    577 |00:00:00.01 |       3 |       |       |          |
------------------------------------------------------------------------------------------------------------------------------------
Predicate Information (identified by operation id):
---------------------------------------------------
2 - filter(("PATH_RNK"<=:B7 OR :B7=0))
5 - filter("TRW"."LEV"<:B1)
6 - access("IRK"."ITEM_RNK">="TRW"."ITEM_RNK"+1)
filter(("TRW"."TOT_PRICE"+"IRK"."ITEM_PRICE"+:B5<=:B4 AND "TRW"."TOT_VALUE"+"IRK"."ITEM_VALUE"+:B3>=:B2 AND
"IRK"."ITEM_RNK"<="IRK"."N_ITEMS"-(:B1-"TRW"."LEV"-1) AND "IRK"."MAX_ITEMS">=CASE "IRK"."CAT_ID" WHEN "TRW"."CAT_ID" THEN
"TRW"."SAME_CATS"+1 ELSE 1 END  AND "IRK"."MIN_REMAIN"<=:B1-("TRW"."LEV"+1)+LEAST(CASE "IRK"."CAT_ID" WHEN "TRW"."CAT_ID"
THEN "TRW"."SAME_CATS"+1 ELSE 1 END ,"IRK"."MIN_ITEMS") AND ("IRK"."CAT_ID"="TRW"."CAT_ID" OR
"TRW"."SAME_CATS">="TRW"."MIN_ITEMS") AND ("IRK"."CAT_ID"="TRW"."CAT_ID" OR
"IRK"."CAT_ID"=NVL("TRW"."NEXT_CAT_ID","IRK"."CAT_ID"))))
Note
-----
- dynamic statistics used: dynamic sampling (level=2)
Timer Set: Pop_Table_Iterate, Constructed at 14 Jun 2024 10:37:16, written at 10:37:17
======================================================================================
Timer                    Elapsed         CPU       Calls       Ela/Call       CPU/Call
--------------------  ----------  ----------  ----------  -------------  -------------
Initial delete (130)        0.00        0.00           1        0.00000        0.00000
Initial insert (1)          0.00        0.00           1        0.00100        0.00000
Insert paths 1 (3)          0.00        0.00           1        0.00000        0.00000
Delete paths 1 (1)          0.00        0.00           1        0.00000        0.00000
Insert paths 2 (7)          0.00        0.00           1        0.00100        0.00000
Delete paths 2 (3)          0.00        0.00           1        0.00000        0.00000
Insert paths 3 (25)         0.00        0.00           1        0.00100        0.00000
Delete paths 3 (7)          0.00        0.00           1        0.00100        0.00000
Insert paths 4 (26)         0.00        0.00           1        0.00100        0.00000
Delete paths 4 (25)         0.00        0.00           1        0.00100        0.00000
Insert paths 5 (35)         0.00        0.00           1        0.00200        0.00000
Delete paths 5 (26)         0.00        0.00           1        0.00100        0.00000
Insert paths 6 (40)         0.00        0.00           1        0.00200        0.00000
Delete paths 6 (35)         0.00        0.00           1        0.00000        0.00000
Insert paths 7 (35)         0.00        0.00           1        0.00200        0.00000
Delete paths 7 (40)         0.00        0.00           1        0.00100        0.00000
Insert paths 8 (30)         0.00        0.00           1        0.00200        0.00000
Delete paths 8 (35)         0.00        0.00           1        0.00000        0.00000
Insert paths 9 (60)         0.01        0.02           1        0.00600        0.02000
Delete paths 9 (30)         0.00        0.00           1        0.00100        0.00000
Insert paths 10 (90)        0.46        0.15           1        0.46400        0.15000
Delete paths 10 (60)        0.00        0.00           1        0.00100        0.00000
Insert paths 11 (60)        0.01        0.00           1        0.00600        0.00000
Delete paths 11 (90)        0.00        0.00           1        0.00000        0.00000
Insert paths 12 (18)        0.00        0.00           1        0.00200        0.00000
Delete paths 12 (60)        0.00        0.00           1        0.00000        0.00000
(Other)                     0.00        0.00           1        0.00100        0.00000
--------------------  ----------  ----------  ----------  -------------  -------------
Total                       0.50        0.17          27        0.01841        0.00630
--------------------  ----------  ----------  ----------  -------------  -------------
[Timer timed (per call in ms): Elapsed: 0.02273, CPU: 0.00227]
Timer Set: Iteratively_Refine_Iterate, Constructed at 14 Jun 2024 10:37:16, written at 10:37:17
===============================================================================================
Timer                                              Elapsed         CPU       Calls       Ela/Call       CPU/Call
----------------------------------------------  ----------  ----------  ----------  -------------  -------------
PTI 1: MIN_VALUE / KEEP_NUM = 0 / 10                  0.60        0.24           1        0.59600        0.24000
SELECT 1: MIN_VALUE / KEEP_NUM = 10790 / 10           0.00        0.00           1        0.00000        0.00000
PTI (final): MIN_VALUE / KEEP_NUM = 10790 / 30        0.60        0.18           1        0.59900        0.18000
(Other)                                               0.00        0.00           1        0.00000        0.00000
----------------------------------------------  ----------  ----------  ----------  -------------  -------------
Total                                                 1.20        0.42           4        0.29875        0.10500
----------------------------------------------  ----------  ----------  ----------  -------------  -------------
[Timer timed (per call in ms): Elapsed: 0.02326, CPU: 0.00000]

PL/SQL procedure successfully completed.

Elapsed: 00:00:01.30
Iteratively_Refine_Iterate - 10'th to 1'st highest values, then corresponding prices

Summary
--------------------------------------------------------------------------------------------------------------------------------------------------------------------------------------------------------
24000, 10833, 10833, 10845, 10845, 10865, 10883, 10883, 10905, 10923, 10923; Prices: 19845, 18994, 20931, 20080, 20782, 21014, 20163, 18795, 19027, 18176; 1 : Values, Prices, Seconds

Elapsed: 00:00:00.00
Iteratively_Refine_Iterate - Best and Worst

Summary
--------------------------------------------------------------------------------------------------------------------------------------------------------------------------------------------------------
24000, 10923, 10833, 1 - BEST (V, P): (10923, 18176); WORST (V, P): (10833, 19845); Seconds: 1

Elapsed: 00:00:00.00
Iteratively_Refine_Iterate

Path                                 Total Value Total Price  Rank
------------------------------------ ----------- ----------- -----
078022098099058059060001002003038039       10923       18176     1
078021098099058059060001002003038039                   19027     2
078023098099058059060001002003038039       10905       18795     3
078022098100058059060001002003038039       10883       20163     4
078021098100058059060001002003038039                   21014     5
078023098100058059060001002003038039       10865       20782     6
078022098101058059060001002003038039       10845       20080     7
078021098101058059060001002003038039                   20931     8
078022098102058059060001002003038039       10833       18994     9
078021098102058059060001002003038039                   19845    10

10 rows selected.

Elapsed: 00:00:00.00

PL/SQL procedure successfully completed.

Elapsed: 00:00:00.00
Timer Set: Item_Cat_Seqs_Loop, Constructed at 14 Jun 2024 10:37:16, written at 10:37:17
=======================================================================================
Timer                                       Elapsed         CPU       Calls       Ela/Call       CPU/Call
---------------------------------------  ----------  ----------  ----------  -------------  -------------
Iteratively_Refine_Iterate - path level        1.31        0.42           1        1.31400        0.42000
(Other)                                        0.00        0.00           1        0.00100        0.00000
---------------------------------------  ----------  ----------  ----------  -------------  -------------
Total                                          1.32        0.42           2        0.65750        0.21000
---------------------------------------  ----------  ----------  ----------  -------------  -------------
[Timer timed (per call in ms): Elapsed: 0.01515, CPU: 0.00758]

PL/SQL procedure successfully completed.


'END:'||TO_CHAR(SYSDATE,'DD-MON-YY
----------------------------------
End: 14-JUN-2024 10:37:17

