
Database             Time                 Version
-------------------- -------------------- ------------------------------
Start: ORCL          14-JUN-2024 10:37:44 Version 21.3.0.0.0

Truncate paths

Table truncated.

old   2:     :MAX_PRICE := &MAX_PRICE;
new   2:     :MAX_PRICE := 750;

PL/SQL procedure successfully completed.

Recompile item_cat_seqs.pkb

Package body created.

No errors.
Just set context values: SEQ_SIZE = 11, MAX_PRICE = 750, ITEM_WIDTH = 3, TOP_N = 10
Previously set context values: SEQ_TYPE = , MIN_VALUE = , KEEP_NUM =

PL/SQL procedure successfully completed.


PL/SQL procedure successfully completed.

Pop_Table_Iterate
10 running sums
SQL_ID  323bar13mrwwy, child number 0
-------------------------------------
INSERT /*+ gather_plan_statistics INSERT_PATHS */ INTO PATHS (
PATH_RNK, ITEM_RNK, LEV, TOT_PRICE, TOT_VALUE, CAT_ID, NEXT_CAT_ID,
SAME_CATS, MIN_ITEMS, CATS_PATH, PATH ) WITH PATH_JOIN AS ( SELECT
ROW_NUMBER() OVER (PARTITION BY TRW.CATS_PATH || IRK.CAT_ID ORDER BY
TRW.TOT_VALUE + IRK.ITEM_VALUE DESC, TRW.TOT_PRICE + IRK.ITEM_PRICE)
PATH_RNK, IRK.ITEM_RNK, :B6 LEV, TRW.TOT_PRICE + IRK.ITEM_PRICE
TOT_PRICE, TRW.TOT_VALUE + IRK.ITEM_VALUE TOT_VALUE, IRK.CAT_ID,
IRK.NEXT_CAT_ID, CASE IRK.CAT_ID WHEN TRW.CAT_ID THEN TRW.SAME_CATS + 1
ELSE 1 END SAME_CATS, IRK.MIN_ITEMS, TRW.CATS_PATH || IRK.CAT_ID
CATS_PATH, TRW.PATH || IRK.ITEM_ID PATH FROM PATHS TRW JOIN
ITEMS_RANKED IRK ON IRK.ITEM_RNK BETWEEN (TRW.ITEM_RNK + 1) AND
(IRK.N_ITEMS - (:B1 - TRW.LEV - 1)) WHERE TRW.TOT_PRICE +
IRK.ITEM_PRICE + :B5 <= :B4 AND TRW.TOT_VALUE + IRK.ITEM_VALUE + :B3 >=
:B2 AND TRW.LEV < :B1 AND CASE IRK.CAT_ID WHEN TRW.CAT_ID THEN
TRW.SAME_CATS + 1 ELSE 1 END <= IRK.MAX_ITEMS AND :B1 - (TRW.LEV + 1) +
LEAST(CAS
Plan hash value: 539382260
------------------------------------------------------------------------------------------------------------------------------------
| Id  | Operation                | Name               | Starts | E-Rows | A-Rows |   A-Time   | Buffers |  OMem |  1Mem | Used-Mem |
------------------------------------------------------------------------------------------------------------------------------------
|   0 | INSERT STATEMENT         |                    |      1 |        |      0 |00:00:00.10 |     505 |       |       |          |
|   1 |  LOAD TABLE CONVENTIONAL | PATHS              |      1 |        |      0 |00:00:00.10 |     505 |       |       |          |
|*  2 |   VIEW                   |                    |      1 |      1 |    450 |00:00:00.07 |     476 |       |       |          |
|   3 |    WINDOW SORT           |                    |      1 |      1 |  21388 |00:00:00.09 |     476 |  4659K|   905K| 4141K (0)|
|   4 |     NESTED LOOPS         |                    |      1 |      1 |  21388 |00:00:00.08 |     476 |       |       |          |
|*  5 |      TABLE ACCESS FULL   | PATHS              |      1 |      1 |    450 |00:00:00.01 |      17 |       |       |          |
|*  6 |      INDEX RANGE SCAN    | SYS_IOT_TOP_179639 |    450 |      1 |  21388 |00:00:00.06 |     459 |       |       |          |
------------------------------------------------------------------------------------------------------------------------------------
Predicate Information (identified by operation id):
---------------------------------------------------
2 - filter(("PATH_RNK"<=:B7 OR :B7=0))
5 - filter("TRW"."LEV"<:B1)
6 - access("IRK"."ITEM_RNK">="TRW"."ITEM_RNK"+1)
filter(("TRW"."TOT_PRICE"+"IRK"."ITEM_PRICE"+:B5<=:B4 AND "TRW"."TOT_VALUE"+"IRK"."ITEM_VALUE"+:B3>=:B2 AND
"IRK"."ITEM_RNK"<="IRK"."N_ITEMS"-(:B1-"TRW"."LEV"-1) AND "IRK"."MAX_ITEMS">=CASE "IRK"."CAT_ID" WHEN "TRW"."CAT_ID" THEN
"TRW"."SAME_CATS"+1 ELSE 1 END  AND "IRK"."MIN_REMAIN"<=:B1-("TRW"."LEV"+1)+LEAST(CASE "IRK"."CAT_ID" WHEN "TRW"."CAT_ID"
THEN "TRW"."SAME_CATS"+1 ELSE 1 END ,"IRK"."MIN_ITEMS") AND ("IRK"."CAT_ID"="TRW"."CAT_ID" OR
"TRW"."SAME_CATS">="TRW"."MIN_ITEMS") AND ("IRK"."CAT_ID"="TRW"."CAT_ID" OR
"IRK"."CAT_ID"=NVL("TRW"."NEXT_CAT_ID","IRK"."CAT_ID"))))
Note
-----
- dynamic statistics used: dynamic sampling (level=2)
Timer Set: Pop_Table_Iterate, Constructed at 14 Jun 2024 10:37:44, written at 10:37:46
======================================================================================
Timer                     Elapsed         CPU       Calls       Ela/Call       CPU/Call
---------------------  ----------  ----------  ----------  -------------  -------------
Initial delete (0)           0.02        0.00           1        0.01500        0.00000
Initial insert (1)           0.00        0.00           1        0.00000        0.00000
Insert paths 1 (43)          0.00        0.00           1        0.00100        0.00000
Delete paths 1 (1)           0.00        0.00           1        0.00100        0.00000
Insert paths 2 (50)          0.04        0.00           1        0.04400        0.00000
Delete paths 2 (43)          0.00        0.00           1        0.00000        0.00000
Insert paths 3 (50)          0.04        0.02           1        0.04400        0.02000
Delete paths 3 (50)          0.00        0.00           1        0.00200        0.00000
Insert paths 4 (50)          0.05        0.00           1        0.04500        0.00000
Delete paths 4 (50)          0.00        0.00           1        0.00100        0.00000
Insert paths 5 (100)         0.08        0.06           1        0.08300        0.06000
Delete paths 5 (50)          0.00        0.00           1        0.00000        0.00000
Insert paths 6 (200)         0.16        0.11           1        0.15600        0.11000
Delete paths 6 (100)         0.00        0.00           1        0.00000        0.00000
Insert paths 7 (300)         0.25        0.06           1        0.24700        0.06000
Delete paths 7 (200)         0.00        0.00           1        0.00100        0.00000
Insert paths 8 (400)         0.32        0.02           1        0.32100        0.02000
Delete paths 8 (300)         0.00        0.00           1        0.00100        0.00000
Insert paths 9 (450)         0.21        0.12           1        0.20800        0.12000
Delete paths 9 (400)         0.00        0.00           1        0.00100        0.00000
Insert paths 10 (450)        0.37        0.14           1        0.36700        0.14000
Delete paths 10 (450)        0.00        0.00           1        0.00100        0.00000
Insert paths 11 (385)        0.04        0.00           1        0.03900        0.00000
Delete paths 11 (450)        0.00        0.00           1        0.00000        0.00000
(Other)                      0.00        0.00           1        0.00000        0.00000
---------------------  ----------  ----------  ----------  -------------  -------------
Total                        1.58        0.53          25        0.06312        0.02120
---------------------  ----------  ----------  ----------  -------------  -------------
[Timer timed (per call in ms): Elapsed: 0.01312, CPU: 0.00390]
SQL_ID  323bar13mrwwy, child number 0
-------------------------------------
INSERT /*+ gather_plan_statistics INSERT_PATHS */ INTO PATHS (
PATH_RNK, ITEM_RNK, LEV, TOT_PRICE, TOT_VALUE, CAT_ID, NEXT_CAT_ID,
SAME_CATS, MIN_ITEMS, CATS_PATH, PATH ) WITH PATH_JOIN AS ( SELECT
ROW_NUMBER() OVER (PARTITION BY TRW.CATS_PATH || IRK.CAT_ID ORDER BY
TRW.TOT_VALUE + IRK.ITEM_VALUE DESC, TRW.TOT_PRICE + IRK.ITEM_PRICE)
PATH_RNK, IRK.ITEM_RNK, :B6 LEV, TRW.TOT_PRICE + IRK.ITEM_PRICE
TOT_PRICE, TRW.TOT_VALUE + IRK.ITEM_VALUE TOT_VALUE, IRK.CAT_ID,
IRK.NEXT_CAT_ID, CASE IRK.CAT_ID WHEN TRW.CAT_ID THEN TRW.SAME_CATS + 1
ELSE 1 END SAME_CATS, IRK.MIN_ITEMS, TRW.CATS_PATH || IRK.CAT_ID
CATS_PATH, TRW.PATH || IRK.ITEM_ID PATH FROM PATHS TRW JOIN
ITEMS_RANKED IRK ON IRK.ITEM_RNK BETWEEN (TRW.ITEM_RNK + 1) AND
(IRK.N_ITEMS - (:B1 - TRW.LEV - 1)) WHERE TRW.TOT_PRICE +
IRK.ITEM_PRICE + :B5 <= :B4 AND TRW.TOT_VALUE + IRK.ITEM_VALUE + :B3 >=
:B2 AND TRW.LEV < :B1 AND CASE IRK.CAT_ID WHEN TRW.CAT_ID THEN
TRW.SAME_CATS + 1 ELSE 1 END <= IRK.MAX_ITEMS AND :B1 - (TRW.LEV + 1) +
LEAST(CAS
Plan hash value: 539382260
------------------------------------------------------------------------------------------------------------------------------------
| Id  | Operation                | Name               | Starts | E-Rows | A-Rows |   A-Time   | Buffers |  OMem |  1Mem | Used-Mem |
------------------------------------------------------------------------------------------------------------------------------------
|   0 | INSERT STATEMENT         |                    |      1 |        |      0 |00:00:00.26 |    1504 |       |       |          |
|   1 |  LOAD TABLE CONVENTIONAL | PATHS              |      1 |        |      0 |00:00:00.26 |    1504 |       |       |          |
|*  2 |   VIEW                   |                    |      1 |      1 |   1350 |00:00:00.17 |    1402 |       |       |          |
|   3 |    WINDOW SORT           |                    |      1 |      1 |  54845 |00:00:00.24 |    1402 |    11M|  1311K|   10M (0)|
|   4 |     NESTED LOOPS         |                    |      1 |      1 |  54845 |00:00:00.11 |    1402 |       |       |          |
|*  5 |      TABLE ACCESS FULL   | PATHS              |      1 |      1 |   1350 |00:00:00.01 |      37 |       |       |          |
|*  6 |      INDEX RANGE SCAN    | SYS_IOT_TOP_179639 |   1350 |      1 |  54845 |00:00:00.15 |    1365 |       |       |          |
------------------------------------------------------------------------------------------------------------------------------------
Predicate Information (identified by operation id):
---------------------------------------------------
2 - filter(("PATH_RNK"<=:B7 OR :B7=0))
5 - filter("TRW"."LEV"<:B1)
6 - access("IRK"."ITEM_RNK">="TRW"."ITEM_RNK"+1)
filter(("TRW"."TOT_PRICE"+"IRK"."ITEM_PRICE"+:B5<=:B4 AND "TRW"."TOT_VALUE"+"IRK"."ITEM_VALUE"+:B3>=:B2 AND
"IRK"."ITEM_RNK"<="IRK"."N_ITEMS"-(:B1-"TRW"."LEV"-1) AND "IRK"."MAX_ITEMS">=CASE "IRK"."CAT_ID" WHEN "TRW"."CAT_ID" THEN
"TRW"."SAME_CATS"+1 ELSE 1 END  AND "IRK"."MIN_REMAIN"<=:B1-("TRW"."LEV"+1)+LEAST(CASE "IRK"."CAT_ID" WHEN "TRW"."CAT_ID"
THEN "TRW"."SAME_CATS"+1 ELSE 1 END ,"IRK"."MIN_ITEMS") AND ("IRK"."CAT_ID"="TRW"."CAT_ID" OR
"TRW"."SAME_CATS">="TRW"."MIN_ITEMS") AND ("IRK"."CAT_ID"="TRW"."CAT_ID" OR
"IRK"."CAT_ID"=NVL("TRW"."NEXT_CAT_ID","IRK"."CAT_ID"))))
Note
-----
- dynamic statistics used: dynamic sampling (level=2)
Timer Set: Pop_Table_Iterate, Constructed at 14 Jun 2024 10:37:46, written at 10:37:50
======================================================================================
Timer                      Elapsed         CPU       Calls       Ela/Call       CPU/Call
----------------------  ----------  ----------  ----------  -------------  -------------
Initial delete (385)          0.00        0.00           1        0.00100        0.00000
Initial insert (1)            0.00        0.00           1        0.00000        0.00000
Insert paths 1 (43)           0.00        0.00           1        0.00200        0.00000
Delete paths 1 (1)            0.00        0.00           1        0.00000        0.00000
Insert paths 2 (150)          0.05        0.01           1        0.05100        0.01000
Delete paths 2 (43)           0.00        0.00           1        0.00100        0.00000
Insert paths 3 (150)          0.13        0.03           1        0.13200        0.03000
Delete paths 3 (150)          0.00        0.00           1        0.00000        0.00000
Insert paths 4 (150)          0.12        0.11           1        0.12000        0.11000
Delete paths 4 (150)          0.00        0.00           1        0.00000        0.00000
Insert paths 5 (300)          0.25        0.11           1        0.24600        0.11000
Delete paths 5 (150)          0.00        0.00           1        0.00000        0.00000
Insert paths 6 (600)          0.45        0.21           1        0.44900        0.21000
Delete paths 6 (300)          0.00        0.00           1        0.00100        0.00000
Insert paths 7 (900)          0.76        0.30           1        0.75600        0.30000
Delete paths 7 (600)          0.00        0.00           1        0.00200        0.00000
Insert paths 8 (1200)         0.89        0.24           1        0.89400        0.24000
Delete paths 8 (900)          0.00        0.00           1        0.00100        0.00000
Insert paths 9 (1350)         0.74        0.28           1        0.73500        0.28000
Delete paths 9 (1200)         0.00        0.00           1        0.00300        0.00000
Insert paths 10 (1350)        0.50        0.30           1        0.50000        0.30000
Delete paths 10 (1350)        0.00        0.00           1        0.00300        0.00000
Insert paths 11 (67)          0.05        0.02           1        0.05100        0.02000
Delete paths 11 (1350)        0.00        0.01           1        0.00200        0.01000
(Other)                       0.00        0.00           1        0.00000        0.00000
----------------------  ----------  ----------  ----------  -------------  -------------
Total                         3.95        1.62          25        0.15800        0.06480
----------------------  ----------  ----------  ----------  -------------  -------------
[Timer timed (per call in ms): Elapsed: 0.01351, CPU: 0.01216]
Timer Set: Iteratively_Refine_Iterate, Constructed at 14 Jun 2024 10:37:44, written at 10:37:50
===============================================================================================
Timer                                              Elapsed         CPU       Calls       Ela/Call       CPU/Call
----------------------------------------------  ----------  ----------  ----------  -------------  -------------
PTI 1: MIN_VALUE / KEEP_NUM = 0 / 50                  1.68        0.56           1        1.68000        0.56000
SELECT 1: MIN_VALUE / KEEP_NUM = 1703 / 50            0.00        0.00           1        0.00100        0.00000
PTI (final): MIN_VALUE / KEEP_NUM = 1703 / 150        4.05        1.71           1        4.05100        1.71000
(Other)                                               0.00        0.00           1        0.00000        0.00000
----------------------------------------------  ----------  ----------  ----------  -------------  -------------
Total                                                 5.73        2.27           4        1.43300        0.56750
----------------------------------------------  ----------  ----------  ----------  -------------  -------------
[Timer timed (per call in ms): Elapsed: 0.01852, CPU: 0.00370]

PL/SQL procedure successfully completed.

Elapsed: 00:00:05.85
Iteratively_Refine_Iterate - 10'th to 1'st highest values, then corresponding prices

Summary
--------------------------------------------------------------------------------------------------------------------------------------------------------------------------------------------------------
750, 1718, 1718, 1718, 1719, 1719, 1720, 1722, 1722, 1723, 1729; Prices: 750, 749, 748, 750, 747, 750, 749, 748, 750, 750; 6 : Values, Prices, Seconds

Elapsed: 00:00:00.00
Iteratively_Refine_Iterate - Best and Worst

Summary
--------------------------------------------------------------------------------------------------------------------------------------------------------------------------------------------------------
750, 1729, 1718, 6 - BEST (V, P): (1729, 750); WORST (V, P): (1718, 750); Seconds: 6

Elapsed: 00:00:00.00
Iteratively_Refine_Iterate

Path                              Total Value Total Price  Rank
--------------------------------- ----------- ----------- -----
037024160264463488298314166478406        1729         750     1
037024160264463488298314166478331        1723         750     2
037024160264272463488298314478355        1722         748     3
037024160264463488298314166373406                     749     4
037024160264463488298314166373335        1720         750     5
037024160264463333488298044478355        1719         747     6
037024160264463488298314166478263                     750     7
037024160264463035488298044478355        1718         748     8
037024160264463488298314166478372                     749     9
037024160264463488298314166373456                     750    10

10 rows selected.

Elapsed: 00:00:00.00

PL/SQL procedure successfully completed.

Elapsed: 00:00:00.00
Timer Set: Item_Cat_Seqs_Loop, Constructed at 14 Jun 2024 10:37:44, written at 10:37:50
=======================================================================================
Timer                                       Elapsed         CPU       Calls       Ela/Call       CPU/Call
---------------------------------------  ----------  ----------  ----------  -------------  -------------
Iteratively_Refine_Iterate - path level        5.86        2.29           1        5.86100        2.29000
(Other)                                        0.00        0.00           1        0.00100        0.00000
---------------------------------------  ----------  ----------  ----------  -------------  -------------
Total                                          5.86        2.29           2        2.93100        1.14500
---------------------------------------  ----------  ----------  ----------  -------------  -------------
[Timer timed (per call in ms): Elapsed: 0.01538, CPU: 0.00769]

PL/SQL procedure successfully completed.


'END:'||TO_CHAR(SYSDATE,'DD-MON-YY
----------------------------------
End: 14-JUN-2024 10:37:50

