
Database             Time                 Version
-------------------- -------------------- ------------------------------
Start: ORCL          14-JUN-2024 10:38:01 Version 21.3.0.0.0

Truncate paths

Table truncated.

old   2:     :MAX_PRICE := &MAX_PRICE;
new   2:     :MAX_PRICE := 900;

PL/SQL procedure successfully completed.

Recompile item_cat_seqs.pkb

Package body created.

No errors.
Just set context values: SEQ_SIZE = 11, MAX_PRICE = 900, ITEM_WIDTH = 3, TOP_N = 10
Previously set context values: SEQ_TYPE = , MIN_VALUE = , KEEP_NUM =

PL/SQL procedure successfully completed.


PL/SQL procedure successfully completed.

Pop_Table_Iterate
10 running sums
SQL_ID  323bar13mrwwy, child number 0
-------------------------------------
INSERT /*+ gather_plan_statistics INSERT_PATHS */ INTO PATHS (
PATH_RNK, ITEM_RNK, LEV, TOT_PRICE, TOT_VALUE, CAT_ID, NEXT_CAT_ID,
SAME_CATS, MIN_ITEMS, CATS_PATH, PATH ) WITH PATH_JOIN AS ( SELECT
ROW_NUMBER() OVER (PARTITION BY TRW.CATS_PATH || IRK.CAT_ID ORDER BY
TRW.TOT_VALUE + IRK.ITEM_VALUE DESC, TRW.TOT_PRICE + IRK.ITEM_PRICE)
PATH_RNK, IRK.ITEM_RNK, :B6 LEV, TRW.TOT_PRICE + IRK.ITEM_PRICE
TOT_PRICE, TRW.TOT_VALUE + IRK.ITEM_VALUE TOT_VALUE, IRK.CAT_ID,
IRK.NEXT_CAT_ID, CASE IRK.CAT_ID WHEN TRW.CAT_ID THEN TRW.SAME_CATS + 1
ELSE 1 END SAME_CATS, IRK.MIN_ITEMS, TRW.CATS_PATH || IRK.CAT_ID
CATS_PATH, TRW.PATH || IRK.ITEM_ID PATH FROM PATHS TRW JOIN
ITEMS_RANKED IRK ON IRK.ITEM_RNK BETWEEN (TRW.ITEM_RNK + 1) AND
(IRK.N_ITEMS - (:B1 - TRW.LEV - 1)) WHERE TRW.TOT_PRICE +
IRK.ITEM_PRICE + :B5 <= :B4 AND TRW.TOT_VALUE + IRK.ITEM_VALUE + :B3 >=
:B2 AND TRW.LEV < :B1 AND CASE IRK.CAT_ID WHEN TRW.CAT_ID THEN
TRW.SAME_CATS + 1 ELSE 1 END <= IRK.MAX_ITEMS AND :B1 - (TRW.LEV + 1) +
LEAST(CAS
Plan hash value: 539382260
------------------------------------------------------------------------------------------------------------------------------------
| Id  | Operation                | Name               | Starts | E-Rows | A-Rows |   A-Time   | Buffers |  OMem |  1Mem | Used-Mem |
------------------------------------------------------------------------------------------------------------------------------------
|   0 | INSERT STATEMENT         |                    |      1 |        |      0 |00:00:00.49 |     506 |       |       |          |
|   1 |  LOAD TABLE CONVENTIONAL | PATHS              |      1 |        |      0 |00:00:00.49 |     506 |       |       |          |
|*  2 |   VIEW                   |                    |      1 |      1 |    450 |00:00:00.26 |     477 |       |       |          |
|   3 |    WINDOW SORT           |                    |      1 |      1 |    106K|00:00:00.46 |     477 |    22M|  1733K|   19M (0)|
|   4 |     NESTED LOOPS         |                    |      1 |      1 |    106K|00:00:00.17 |     477 |       |       |          |
|*  5 |      TABLE ACCESS FULL   | PATHS              |      1 |      1 |    450 |00:00:00.01 |      17 |       |       |          |
|*  6 |      INDEX RANGE SCAN    | SYS_IOT_TOP_179639 |    450 |      1 |    106K|00:00:00.15 |     460 |       |       |          |
------------------------------------------------------------------------------------------------------------------------------------
Predicate Information (identified by operation id):
---------------------------------------------------
2 - filter(("PATH_RNK"<=:B7 OR :B7=0))
5 - filter("TRW"."LEV"<:B1)
6 - access("IRK"."ITEM_RNK">="TRW"."ITEM_RNK"+1)
filter(("TRW"."TOT_PRICE"+"IRK"."ITEM_PRICE"+:B5<=:B4 AND "TRW"."TOT_VALUE"+"IRK"."ITEM_VALUE"+:B3>=:B2 AND
"IRK"."ITEM_RNK"<="IRK"."N_ITEMS"-(:B1-"TRW"."LEV"-1) AND "IRK"."MAX_ITEMS">=CASE "IRK"."CAT_ID" WHEN "TRW"."CAT_ID" THEN
"TRW"."SAME_CATS"+1 ELSE 1 END  AND "IRK"."MIN_REMAIN"<=:B1-("TRW"."LEV"+1)+LEAST(CASE "IRK"."CAT_ID" WHEN "TRW"."CAT_ID"
THEN "TRW"."SAME_CATS"+1 ELSE 1 END ,"IRK"."MIN_ITEMS") AND ("IRK"."CAT_ID"="TRW"."CAT_ID" OR
"TRW"."SAME_CATS">="TRW"."MIN_ITEMS") AND ("IRK"."CAT_ID"="TRW"."CAT_ID" OR
"IRK"."CAT_ID"=NVL("TRW"."NEXT_CAT_ID","IRK"."CAT_ID"))))
Note
-----
- dynamic statistics used: dynamic sampling (level=2)
Timer Set: Pop_Table_Iterate, Constructed at 14 Jun 2024 10:38:01, written at 10:38:04
======================================================================================
Timer                     Elapsed         CPU       Calls       Ela/Call       CPU/Call
---------------------  ----------  ----------  ----------  -------------  -------------
Initial delete (0)           0.01        0.00           1        0.00800        0.00000
Initial insert (1)           0.00        0.00           1        0.00000        0.00000
Insert paths 1 (43)          0.00        0.00           1        0.00100        0.00000
Delete paths 1 (1)           0.00        0.00           1        0.00000        0.00000
Insert paths 2 (50)          0.03        0.03           1        0.02800        0.03000
Delete paths 2 (43)          0.00        0.00           1        0.00000        0.00000
Insert paths 3 (50)          0.03        0.03           1        0.03200        0.03000
Delete paths 3 (50)          0.00        0.00           1        0.00000        0.00000
Insert paths 4 (50)          0.03        0.03           1        0.03300        0.03000
Delete paths 4 (50)          0.00        0.00           1        0.00100        0.00000
Insert paths 5 (100)         0.07        0.06           1        0.07400        0.06000
Delete paths 5 (50)          0.00        0.00           1        0.00000        0.00000
Insert paths 6 (200)         0.16        0.13           1        0.15900        0.13000
Delete paths 6 (100)         0.00        0.00           1        0.00000        0.00000
Insert paths 7 (300)         0.25        0.09           1        0.24500        0.09000
Delete paths 7 (200)         0.00        0.00           1        0.00000        0.00000
Insert paths 8 (400)         0.38        0.17           1        0.37500        0.17000
Delete paths 8 (300)         0.00        0.00           1        0.00100        0.00000
Insert paths 9 (450)         0.45        0.08           1        0.45100        0.08000
Delete paths 9 (400)         0.00        0.00           1        0.00000        0.00000
Insert paths 10 (450)        0.79        0.39           1        0.78900        0.39000
Delete paths 10 (450)        0.00        0.00           1        0.00100        0.00000
Insert paths 11 (400)        0.31        0.17           1        0.31400        0.17000
Delete paths 11 (450)        0.00        0.00           1        0.00100        0.00000
(Other)                      0.00        0.00           1        0.00000        0.00000
---------------------  ----------  ----------  ----------  -------------  -------------
Total                        2.51        1.18          25        0.10052        0.04720
---------------------  ----------  ----------  ----------  -------------  -------------
[Timer timed (per call in ms): Elapsed: 0.01351, CPU: 0.01081]
SQL_ID  323bar13mrwwy, child number 0
-------------------------------------
INSERT /*+ gather_plan_statistics INSERT_PATHS */ INTO PATHS (
PATH_RNK, ITEM_RNK, LEV, TOT_PRICE, TOT_VALUE, CAT_ID, NEXT_CAT_ID,
SAME_CATS, MIN_ITEMS, CATS_PATH, PATH ) WITH PATH_JOIN AS ( SELECT
ROW_NUMBER() OVER (PARTITION BY TRW.CATS_PATH || IRK.CAT_ID ORDER BY
TRW.TOT_VALUE + IRK.ITEM_VALUE DESC, TRW.TOT_PRICE + IRK.ITEM_PRICE)
PATH_RNK, IRK.ITEM_RNK, :B6 LEV, TRW.TOT_PRICE + IRK.ITEM_PRICE
TOT_PRICE, TRW.TOT_VALUE + IRK.ITEM_VALUE TOT_VALUE, IRK.CAT_ID,
IRK.NEXT_CAT_ID, CASE IRK.CAT_ID WHEN TRW.CAT_ID THEN TRW.SAME_CATS + 1
ELSE 1 END SAME_CATS, IRK.MIN_ITEMS, TRW.CATS_PATH || IRK.CAT_ID
CATS_PATH, TRW.PATH || IRK.ITEM_ID PATH FROM PATHS TRW JOIN
ITEMS_RANKED IRK ON IRK.ITEM_RNK BETWEEN (TRW.ITEM_RNK + 1) AND
(IRK.N_ITEMS - (:B1 - TRW.LEV - 1)) WHERE TRW.TOT_PRICE +
IRK.ITEM_PRICE + :B5 <= :B4 AND TRW.TOT_VALUE + IRK.ITEM_VALUE + :B3 >=
:B2 AND TRW.LEV < :B1 AND CASE IRK.CAT_ID WHEN TRW.CAT_ID THEN
TRW.SAME_CATS + 1 ELSE 1 END <= IRK.MAX_ITEMS AND :B1 - (TRW.LEV + 1) +
LEAST(CAS
Plan hash value: 539382260
------------------------------------------------------------------------------------------------------------------------------------
| Id  | Operation                | Name               | Starts | E-Rows | A-Rows |   A-Time   | Buffers |  OMem |  1Mem | Used-Mem |
------------------------------------------------------------------------------------------------------------------------------------
|   0 | INSERT STATEMENT         |                    |      1 |        |      0 |00:00:00.07 |     509 |       |       |          |
|   1 |  LOAD TABLE CONVENTIONAL | PATHS              |      1 |        |      0 |00:00:00.07 |     509 |       |       |          |
|*  2 |   VIEW                   |                    |      1 |      1 |    450 |00:00:00.05 |     476 |       |       |          |
|   3 |    WINDOW SORT           |                    |      1 |      1 |  10716 |00:00:00.06 |     476 |  2391K|   711K| 2125K (0)|
|   4 |     NESTED LOOPS         |                    |      1 |      1 |  10716 |00:00:00.03 |     476 |       |       |          |
|*  5 |      TABLE ACCESS FULL   | PATHS              |      1 |      1 |    450 |00:00:00.01 |      17 |       |       |          |
|*  6 |      INDEX RANGE SCAN    | SYS_IOT_TOP_179639 |    450 |      1 |  10716 |00:00:00.01 |     459 |       |       |          |
------------------------------------------------------------------------------------------------------------------------------------
Predicate Information (identified by operation id):
---------------------------------------------------
2 - filter(("PATH_RNK"<=:B7 OR :B7=0))
5 - filter("TRW"."LEV"<:B1)
6 - access("IRK"."ITEM_RNK">="TRW"."ITEM_RNK"+1)
filter(("TRW"."TOT_PRICE"+"IRK"."ITEM_PRICE"+:B5<=:B4 AND "TRW"."TOT_VALUE"+"IRK"."ITEM_VALUE"+:B3>=:B2 AND
"IRK"."ITEM_RNK"<="IRK"."N_ITEMS"-(:B1-"TRW"."LEV"-1) AND "IRK"."MAX_ITEMS">=CASE "IRK"."CAT_ID" WHEN "TRW"."CAT_ID" THEN
"TRW"."SAME_CATS"+1 ELSE 1 END  AND "IRK"."MIN_REMAIN"<=:B1-("TRW"."LEV"+1)+LEAST(CASE "IRK"."CAT_ID" WHEN "TRW"."CAT_ID"
THEN "TRW"."SAME_CATS"+1 ELSE 1 END ,"IRK"."MIN_ITEMS") AND ("IRK"."CAT_ID"="TRW"."CAT_ID" OR
"TRW"."SAME_CATS">="TRW"."MIN_ITEMS") AND ("IRK"."CAT_ID"="TRW"."CAT_ID" OR
"IRK"."CAT_ID"=NVL("TRW"."NEXT_CAT_ID","IRK"."CAT_ID"))))
Note
-----
- dynamic statistics used: dynamic sampling (level=2)
Timer Set: Pop_Table_Iterate, Constructed at 14 Jun 2024 10:38:04, written at 10:38:05
======================================================================================
Timer                     Elapsed         CPU       Calls       Ela/Call       CPU/Call
---------------------  ----------  ----------  ----------  -------------  -------------
Initial delete (400)         0.00        0.00           1        0.00100        0.00000
Initial insert (1)           0.00        0.00           1        0.00000        0.00000
Insert paths 1 (16)          0.00        0.00           1        0.00000        0.00000
Delete paths 1 (1)           0.00        0.00           1        0.00000        0.00000
Insert paths 2 (150)         0.01        0.01           1        0.00500        0.01000
Delete paths 2 (16)          0.00        0.00           1        0.00000        0.00000
Insert paths 3 (150)         0.02        0.01           1        0.02200        0.01000
Delete paths 3 (150)         0.00        0.00           1        0.00000        0.00000
Insert paths 4 (98)          0.03        0.00           1        0.02700        0.00000
Delete paths 4 (150)         0.00        0.00           1        0.00000        0.00000
Insert paths 5 (150)         0.03        0.00           1        0.02900        0.00000
Delete paths 5 (98)          0.00        0.00           1        0.00100        0.00000
Insert paths 6 (300)         0.04        0.00           1        0.04000        0.00000
Delete paths 6 (150)         0.00        0.00           1        0.00100        0.00000
Insert paths 7 (450)         0.07        0.04           1        0.06600        0.04000
Delete paths 7 (300)         0.00        0.00           1        0.00100        0.00000
Insert paths 8 (450)         0.10        0.06           1        0.09600        0.06000
Delete paths 8 (450)         0.00        0.01           1        0.00100        0.01000
Insert paths 9 (450)         0.12        0.06           1        0.12200        0.06000
Delete paths 9 (450)         0.00        0.00           1        0.00100        0.00000
Insert paths 10 (450)        0.31        0.11           1        0.30600        0.11000
Delete paths 10 (450)        0.00        0.00           1        0.00000        0.00000
Insert paths 11 (14)         0.02        0.00           1        0.02400        0.00000
Delete paths 11 (450)        0.00        0.00           1        0.00200        0.00000
(Other)                      0.00        0.00           1        0.00000        0.00000
---------------------  ----------  ----------  ----------  -------------  -------------
Total                        0.75        0.30          25        0.02980        0.01200
---------------------  ----------  ----------  ----------  -------------  -------------
[Timer timed (per call in ms): Elapsed: 0.01375, CPU: 0.01389]
Timer Set: Iteratively_Refine_Iterate, Constructed at 14 Jun 2024 10:38:01, written at 10:38:05
===============================================================================================
Timer                                              Elapsed         CPU       Calls       Ela/Call       CPU/Call
----------------------------------------------  ----------  ----------  ----------  -------------  -------------
PTI 1: MIN_VALUE / KEEP_NUM = 0 / 50                  2.61        1.26           1        2.61400        1.26000
SELECT 1: MIN_VALUE / KEEP_NUM = 1965 / 50            0.00        0.00           1        0.00000        0.00000
PTI (final): MIN_VALUE / KEEP_NUM = 1965 / 150        0.85        0.40           1        0.84600        0.40000
(Other)                                               0.00        0.00           1        0.00000        0.00000
----------------------------------------------  ----------  ----------  ----------  -------------  -------------
Total                                                 3.46        1.66           4        0.86500        0.41500
----------------------------------------------  ----------  ----------  ----------  -------------  -------------
[Timer timed (per call in ms): Elapsed: 0.01408, CPU: 0.00704]

PL/SQL procedure successfully completed.

Elapsed: 00:00:03.57
Iteratively_Refine_Iterate - 10'th to 1'st highest values, then corresponding prices

Summary
--------------------------------------------------------------------------------------------------------------------------------------------------------------------------------------------------------
900, 1965, 1965, 1965, 1966, 1966, 1968, 1968, 1970, 1971, 1973; Prices: 894, 890, 889, 900, 896, 900, 899, 893, 899, 898; 4 : Values, Prices, Seconds

Elapsed: 00:00:00.00
Iteratively_Refine_Iterate - Best and Worst

Summary
--------------------------------------------------------------------------------------------------------------------------------------------------------------------------------------------------------
900, 1973, 1965, 4 - BEST (V, P): (1973, 898); WORST (V, P): (1965, 894); Seconds: 4

Elapsed: 00:00:00.00
Iteratively_Refine_Iterate

Path                              Total Value Total Price  Rank
--------------------------------- ----------- ----------- -----
037024160264488298027452193344166        1973         898     1
037024160264488298044027452193344        1971         899     2
037024160264488298044027452193166        1970         893     3
037024160463488298027452328344166        1968         899     4
037024160264488298045027452328166                     900     5
037024160264488298045027452193344        1966         896     6
037024160463488298044027452328344                     900     7
037024160463488298027452193344166        1965         889     8
037024160264488298045027452193166                     890     9
037024160463488298044027452328166                     894    10

10 rows selected.

Elapsed: 00:00:00.00

PL/SQL procedure successfully completed.

Elapsed: 00:00:00.00
Timer Set: Item_Cat_Seqs_Loop, Constructed at 14 Jun 2024 10:38:01, written at 10:38:05
=======================================================================================
Timer                                       Elapsed         CPU       Calls       Ela/Call       CPU/Call
---------------------------------------  ----------  ----------  ----------  -------------  -------------
Iteratively_Refine_Iterate - path level        3.58        1.71           1        3.57800        1.71000
(Other)                                        0.00        0.00           1        0.00100        0.00000
---------------------------------------  ----------  ----------  ----------  -------------  -------------
Total                                          3.58        1.71           2        1.78950        0.85500
---------------------------------------  ----------  ----------  ----------  -------------  -------------
[Timer timed (per call in ms): Elapsed: 0.01464, CPU: 0.00580]

PL/SQL procedure successfully completed.


'END:'||TO_CHAR(SYSDATE,'DD-MON-YY
----------------------------------
End: 14-JUN-2024 10:38:05

