
Database             Time                 Version
-------------------- -------------------- ------------------------------
Start: ORCL          14-JUN-2024 10:37:40 Version 21.3.0.0.0

Truncate paths

Table truncated.

old   2:     :MAX_PRICE := &MAX_PRICE;
new   2:     :MAX_PRICE := 700;

PL/SQL procedure successfully completed.

Recompile item_cat_seqs.pkb

Package body created.

No errors.
Just set context values: SEQ_SIZE = 11, MAX_PRICE = 700, ITEM_WIDTH = 3, TOP_N = 10
Previously set context values: SEQ_TYPE = , MIN_VALUE = , KEEP_NUM =

PL/SQL procedure successfully completed.


PL/SQL procedure successfully completed.

Pop_Table_Iterate
10 running sums
SQL_ID  323bar13mrwwy, child number 0
-------------------------------------
INSERT /*+ gather_plan_statistics INSERT_PATHS */ INTO PATHS (
PATH_RNK, ITEM_RNK, LEV, TOT_PRICE, TOT_VALUE, CAT_ID, NEXT_CAT_ID,
SAME_CATS, MIN_ITEMS, CATS_PATH, PATH ) WITH PATH_JOIN AS ( SELECT
ROW_NUMBER() OVER (PARTITION BY TRW.CATS_PATH || IRK.CAT_ID ORDER BY
TRW.TOT_VALUE + IRK.ITEM_VALUE DESC, TRW.TOT_PRICE + IRK.ITEM_PRICE)
PATH_RNK, IRK.ITEM_RNK, :B6 LEV, TRW.TOT_PRICE + IRK.ITEM_PRICE
TOT_PRICE, TRW.TOT_VALUE + IRK.ITEM_VALUE TOT_VALUE, IRK.CAT_ID,
IRK.NEXT_CAT_ID, CASE IRK.CAT_ID WHEN TRW.CAT_ID THEN TRW.SAME_CATS + 1
ELSE 1 END SAME_CATS, IRK.MIN_ITEMS, TRW.CATS_PATH || IRK.CAT_ID
CATS_PATH, TRW.PATH || IRK.ITEM_ID PATH FROM PATHS TRW JOIN
ITEMS_RANKED IRK ON IRK.ITEM_RNK BETWEEN (TRW.ITEM_RNK + 1) AND
(IRK.N_ITEMS - (:B1 - TRW.LEV - 1)) WHERE TRW.TOT_PRICE +
IRK.ITEM_PRICE + :B5 <= :B4 AND TRW.TOT_VALUE + IRK.ITEM_VALUE + :B3 >=
:B2 AND TRW.LEV < :B1 AND CASE IRK.CAT_ID WHEN TRW.CAT_ID THEN
TRW.SAME_CATS + 1 ELSE 1 END <= IRK.MAX_ITEMS AND :B1 - (TRW.LEV + 1) +
LEAST(CAS
Plan hash value: 539382260
------------------------------------------------------------------------------------------------------------------------------------
| Id  | Operation                | Name               | Starts | E-Rows | A-Rows |   A-Time   | Buffers |  OMem |  1Mem | Used-Mem |
------------------------------------------------------------------------------------------------------------------------------------
|   0 | INSERT STATEMENT         |                    |      1 |        |      0 |00:00:00.03 |     496 |       |       |          |
|   1 |  LOAD TABLE CONVENTIONAL | PATHS              |      1 |        |      0 |00:00:00.03 |     496 |       |       |          |
|*  2 |   VIEW                   |                    |      1 |      1 |    400 |00:00:00.02 |     473 |       |       |          |
|   3 |    WINDOW SORT           |                    |      1 |      1 |   4991 |00:00:00.03 |     473 |  1186K|   567K| 1054K (0)|
|   4 |     NESTED LOOPS         |                    |      1 |      1 |   4991 |00:00:00.01 |     473 |       |       |          |
|*  5 |      TABLE ACCESS FULL   | PATHS              |      1 |      1 |    450 |00:00:00.01 |      17 |       |       |          |
|*  6 |      INDEX RANGE SCAN    | SYS_IOT_TOP_179639 |    450 |      1 |   4991 |00:00:00.02 |     456 |       |       |          |
------------------------------------------------------------------------------------------------------------------------------------
Predicate Information (identified by operation id):
---------------------------------------------------
2 - filter(("PATH_RNK"<=:B7 OR :B7=0))
5 - filter("TRW"."LEV"<:B1)
6 - access("IRK"."ITEM_RNK">="TRW"."ITEM_RNK"+1)
filter(("TRW"."TOT_PRICE"+"IRK"."ITEM_PRICE"+:B5<=:B4 AND "TRW"."TOT_VALUE"+"IRK"."ITEM_VALUE"+:B3>=:B2 AND
"IRK"."ITEM_RNK"<="IRK"."N_ITEMS"-(:B1-"TRW"."LEV"-1) AND "IRK"."MAX_ITEMS">=CASE "IRK"."CAT_ID" WHEN "TRW"."CAT_ID" THEN
"TRW"."SAME_CATS"+1 ELSE 1 END  AND "IRK"."MIN_REMAIN"<=:B1-("TRW"."LEV"+1)+LEAST(CASE "IRK"."CAT_ID" WHEN "TRW"."CAT_ID"
THEN "TRW"."SAME_CATS"+1 ELSE 1 END ,"IRK"."MIN_ITEMS") AND ("IRK"."CAT_ID"="TRW"."CAT_ID" OR
"TRW"."SAME_CATS">="TRW"."MIN_ITEMS") AND ("IRK"."CAT_ID"="TRW"."CAT_ID" OR
"IRK"."CAT_ID"=NVL("TRW"."NEXT_CAT_ID","IRK"."CAT_ID"))))
Note
-----
- dynamic statistics used: dynamic sampling (level=2)
Timer Set: Pop_Table_Iterate, Constructed at 14 Jun 2024 10:37:40, written at 10:37:41
======================================================================================
Timer                     Elapsed         CPU       Calls       Ela/Call       CPU/Call
---------------------  ----------  ----------  ----------  -------------  -------------
Initial delete (0)           0.01        0.00           1        0.01300        0.00000
Initial insert (1)           0.00        0.00           1        0.00000        0.00000
Insert paths 1 (43)          0.00        0.00           1        0.00100        0.00000
Delete paths 1 (1)           0.00        0.00           1        0.00000        0.00000
Insert paths 2 (50)          0.05        0.05           1        0.04600        0.05000
Delete paths 2 (43)          0.00        0.00           1        0.00100        0.00000
Insert paths 3 (50)          0.05        0.03           1        0.05000        0.03000
Delete paths 3 (50)          0.00        0.00           1        0.00000        0.00000
Insert paths 4 (50)          0.07        0.00           1        0.06800        0.00000
Delete paths 4 (50)          0.00        0.00           1        0.00000        0.00000
Insert paths 5 (100)         0.06        0.02           1        0.06300        0.02000
Delete paths 5 (50)          0.00        0.00           1        0.00100        0.00000
Insert paths 6 (200)         0.15        0.03           1        0.15400        0.03000
Delete paths 6 (100)         0.00        0.00           1        0.00000        0.00000
Insert paths 7 (300)         0.21        0.06           1        0.21100        0.06000
Delete paths 7 (200)         0.00        0.00           1        0.00100        0.00000
Insert paths 8 (400)         0.19        0.05           1        0.19400        0.05000
Delete paths 8 (300)         0.00        0.00           1        0.00100        0.00000
Insert paths 9 (450)         0.10        0.01           1        0.09500        0.01000
Delete paths 9 (400)         0.00        0.00           1        0.00000        0.00000
Insert paths 10 (400)        0.31        0.10           1        0.30700        0.10000
Delete paths 10 (450)        0.00        0.00           1        0.00100        0.00000
Insert paths 11 (262)        0.02        0.00           1        0.01800        0.00000
Delete paths 11 (400)        0.00        0.00           1        0.00100        0.00000
(Other)                      0.00        0.00           1        0.00000        0.00000
---------------------  ----------  ----------  ----------  -------------  -------------
Total                        1.23        0.35          25        0.04904        0.01400
---------------------  ----------  ----------  ----------  -------------  -------------
[Timer timed (per call in ms): Elapsed: 0.01563, CPU: 0.00781]
SQL_ID  323bar13mrwwy, child number 0
-------------------------------------
INSERT /*+ gather_plan_statistics INSERT_PATHS */ INTO PATHS (
PATH_RNK, ITEM_RNK, LEV, TOT_PRICE, TOT_VALUE, CAT_ID, NEXT_CAT_ID,
SAME_CATS, MIN_ITEMS, CATS_PATH, PATH ) WITH PATH_JOIN AS ( SELECT
ROW_NUMBER() OVER (PARTITION BY TRW.CATS_PATH || IRK.CAT_ID ORDER BY
TRW.TOT_VALUE + IRK.ITEM_VALUE DESC, TRW.TOT_PRICE + IRK.ITEM_PRICE)
PATH_RNK, IRK.ITEM_RNK, :B6 LEV, TRW.TOT_PRICE + IRK.ITEM_PRICE
TOT_PRICE, TRW.TOT_VALUE + IRK.ITEM_VALUE TOT_VALUE, IRK.CAT_ID,
IRK.NEXT_CAT_ID, CASE IRK.CAT_ID WHEN TRW.CAT_ID THEN TRW.SAME_CATS + 1
ELSE 1 END SAME_CATS, IRK.MIN_ITEMS, TRW.CATS_PATH || IRK.CAT_ID
CATS_PATH, TRW.PATH || IRK.ITEM_ID PATH FROM PATHS TRW JOIN
ITEMS_RANKED IRK ON IRK.ITEM_RNK BETWEEN (TRW.ITEM_RNK + 1) AND
(IRK.N_ITEMS - (:B1 - TRW.LEV - 1)) WHERE TRW.TOT_PRICE +
IRK.ITEM_PRICE + :B5 <= :B4 AND TRW.TOT_VALUE + IRK.ITEM_VALUE + :B3 >=
:B2 AND TRW.LEV < :B1 AND CASE IRK.CAT_ID WHEN TRW.CAT_ID THEN
TRW.SAME_CATS + 1 ELSE 1 END <= IRK.MAX_ITEMS AND :B1 - (TRW.LEV + 1) +
LEAST(CAS
Plan hash value: 539382260
------------------------------------------------------------------------------------------------------------------------------------
| Id  | Operation                | Name               | Starts | E-Rows | A-Rows |   A-Time   | Buffers |  OMem |  1Mem | Used-Mem |
------------------------------------------------------------------------------------------------------------------------------------
|   0 | INSERT STATEMENT         |                    |      1 |        |      0 |00:00:00.13 |    1658 |       |       |          |
|   1 |  LOAD TABLE CONVENTIONAL | PATHS              |      1 |        |      0 |00:00:00.13 |    1658 |       |       |          |
|*  2 |   VIEW                   |                    |      1 |      1 |   1283 |00:00:00.10 |    1547 |       |       |          |
|   3 |    WINDOW SORT           |                    |      1 |      1 |  20297 |00:00:00.12 |    1547 |  4447K|   889K| 3952K (0)|
|   4 |     NESTED LOOPS         |                    |      1 |      1 |  20297 |00:00:00.15 |    1547 |       |       |          |
|*  5 |      TABLE ACCESS FULL   | PATHS              |      1 |      1 |   1350 |00:00:00.01 |      37 |       |       |          |
|*  6 |      INDEX RANGE SCAN    | SYS_IOT_TOP_179639 |   1350 |      1 |  20297 |00:00:00.09 |    1510 |       |       |          |
------------------------------------------------------------------------------------------------------------------------------------
Predicate Information (identified by operation id):
---------------------------------------------------
2 - filter(("PATH_RNK"<=:B7 OR :B7=0))
5 - filter("TRW"."LEV"<:B1)
6 - access("IRK"."ITEM_RNK">="TRW"."ITEM_RNK"+1)
filter(("TRW"."TOT_PRICE"+"IRK"."ITEM_PRICE"+:B5<=:B4 AND "TRW"."TOT_VALUE"+"IRK"."ITEM_VALUE"+:B3>=:B2 AND
"IRK"."ITEM_RNK"<="IRK"."N_ITEMS"-(:B1-"TRW"."LEV"-1) AND "IRK"."MAX_ITEMS">=CASE "IRK"."CAT_ID" WHEN "TRW"."CAT_ID" THEN
"TRW"."SAME_CATS"+1 ELSE 1 END  AND "IRK"."MIN_REMAIN"<=:B1-("TRW"."LEV"+1)+LEAST(CASE "IRK"."CAT_ID" WHEN "TRW"."CAT_ID"
THEN "TRW"."SAME_CATS"+1 ELSE 1 END ,"IRK"."MIN_ITEMS") AND ("IRK"."CAT_ID"="TRW"."CAT_ID" OR
"TRW"."SAME_CATS">="TRW"."MIN_ITEMS") AND ("IRK"."CAT_ID"="TRW"."CAT_ID" OR
"IRK"."CAT_ID"=NVL("TRW"."NEXT_CAT_ID","IRK"."CAT_ID"))))
Note
-----
- dynamic statistics used: dynamic sampling (level=2)
Timer Set: Pop_Table_Iterate, Constructed at 14 Jun 2024 10:37:41, written at 10:37:44
======================================================================================
Timer                      Elapsed         CPU       Calls       Ela/Call       CPU/Call
----------------------  ----------  ----------  ----------  -------------  -------------
Initial delete (262)          0.00        0.00           1        0.00100        0.00000
Initial insert (1)            0.00        0.00           1        0.00000        0.00000
Insert paths 1 (43)           0.00        0.00           1        0.00200        0.00000
Delete paths 1 (1)            0.00        0.00           1        0.00000        0.00000
Insert paths 2 (150)          0.05        0.01           1        0.04900        0.01000
Delete paths 2 (43)           0.00        0.00           1        0.00000        0.00000
Insert paths 3 (150)          0.12        0.08           1        0.11900        0.08000
Delete paths 3 (150)          0.00        0.00           1        0.00000        0.00000
Insert paths 4 (150)          0.13        0.00           1        0.13200        0.00000
Delete paths 4 (150)          0.00        0.00           1        0.00000        0.00000
Insert paths 5 (300)          0.21        0.12           1        0.20700        0.12000
Delete paths 5 (150)          0.00        0.00           1        0.00100        0.00000
Insert paths 6 (600)          0.38        0.14           1        0.38000        0.14000
Delete paths 6 (300)          0.00        0.00           1        0.00100        0.00000
Insert paths 7 (900)          0.54        0.22           1        0.54300        0.22000
Delete paths 7 (600)          0.00        0.00           1        0.00200        0.00000
Insert paths 8 (1200)         0.57        0.27           1        0.56800        0.27000
Delete paths 8 (900)          0.00        0.00           1        0.00100        0.00000
Insert paths 9 (1350)         0.30        0.15           1        0.29900        0.15000
Delete paths 9 (1200)         0.00        0.00           1        0.00100        0.00000
Insert paths 10 (1283)        0.42        0.17           1        0.41500        0.17000
Delete paths 10 (1350)        0.00        0.00           1        0.00200        0.00000
Insert paths 11 (199)         0.04        0.00           1        0.04300        0.00000
Delete paths 11 (1283)        0.00        0.00           1        0.00200        0.00000
(Other)                       0.00        0.00           1        0.00000        0.00000
----------------------  ----------  ----------  ----------  -------------  -------------
Total                         2.77        1.16          25        0.11072        0.04640
----------------------  ----------  ----------  ----------  -------------  -------------
[Timer timed (per call in ms): Elapsed: 0.01754, CPU: 0.00526]
Timer Set: Iteratively_Refine_Iterate, Constructed at 14 Jun 2024 10:37:40, written at 10:37:44
===============================================================================================
Timer                                              Elapsed         CPU       Calls       Ela/Call       CPU/Call
----------------------------------------------  ----------  ----------  ----------  -------------  -------------
PTI 1: MIN_VALUE / KEEP_NUM = 0 / 50                  1.33        0.40           1        1.32600        0.40000
SELECT 1: MIN_VALUE / KEEP_NUM = 1560 / 50            0.00        0.00           1        0.00100        0.00000
PTI (final): MIN_VALUE / KEEP_NUM = 1560 / 150        2.87        1.19           1        2.87000        1.19000
(Other)                                               0.00        0.00           1        0.00100        0.00000
----------------------------------------------  ----------  ----------  ----------  -------------  -------------
Total                                                 4.20        1.59           4        1.04950        0.39750
----------------------------------------------  ----------  ----------  ----------  -------------  -------------
[Timer timed (per call in ms): Elapsed: 0.01493, CPU: 0.00448]

PL/SQL procedure successfully completed.

Elapsed: 00:00:04.31
Iteratively_Refine_Iterate - 10'th to 1'st highest values, then corresponding prices

Summary
--------------------------------------------------------------------------------------------------------------------------------------------------------------------------------------------------------
700, 1587, 1587, 1588, 1588, 1589, 1589, 1591, 1592, 1593, 1594; Prices: 700, 699, 700, 699, 700, 700, 700, 700, 700, 700; 4 : Values, Prices, Seconds

Elapsed: 00:00:00.00
Iteratively_Refine_Iterate - Best and Worst

Summary
--------------------------------------------------------------------------------------------------------------------------------------------------------------------------------------------------------
700, 1594, 1587, 4 - BEST (V, P): (1594, 700); WORST (V, P): (1587, 700); Seconds: 4

Elapsed: 00:00:00.00
Iteratively_Refine_Iterate

Path                              Total Value Total Price  Rank
--------------------------------- ----------- ----------- -----
037024160264463375488298478406281        1594         700     1
037024160463488298314478406331281        1593         700     2
037024160463488298314478406372432        1592         700     3
037024160264463375488298373406432        1591         700     4
037024160463488298314478406263281        1589         700     5
037024160272463333488298478406281                             6
037024160463488298314478406372281        1588         699     7
037024160264463375488298478331281                     700     8
037024160264463375488298373406281        1587         699     9
037024160264463375488298478372432                     700    10

10 rows selected.

Elapsed: 00:00:00.00

PL/SQL procedure successfully completed.

Elapsed: 00:00:00.00
Timer Set: Item_Cat_Seqs_Loop, Constructed at 14 Jun 2024 10:37:40, written at 10:37:44
=======================================================================================
Timer                                       Elapsed         CPU       Calls       Ela/Call       CPU/Call
---------------------------------------  ----------  ----------  ----------  -------------  -------------
Iteratively_Refine_Iterate - path level        4.33        1.62           1        4.32500        1.62000
(Other)                                        0.00        0.00           1        0.00100        0.00000
---------------------------------------  ----------  ----------  ----------  -------------  -------------
Total                                          4.33        1.62           2        2.16300        0.81000
---------------------------------------  ----------  ----------  ----------  -------------  -------------
[Timer timed (per call in ms): Elapsed: 0.01667, CPU: 0.00333]

PL/SQL procedure successfully completed.


'END:'||TO_CHAR(SYSDATE,'DD-MON-YY
----------------------------------
End: 14-JUN-2024 10:37:44

