
Database             Time                 Version
-------------------- -------------------- ------------------------------
Start: ORCL          14-JUN-2024 10:37:36 Version 21.3.0.0.0

Truncate paths

Table truncated.

old   2:     :MAX_PRICE := &MAX_PRICE;
new   2:     :MAX_PRICE := 650;

PL/SQL procedure successfully completed.

Recompile item_cat_seqs.pkb

Package body created.

No errors.
Just set context values: SEQ_SIZE = 11, MAX_PRICE = 650, ITEM_WIDTH = 3, TOP_N = 10
Previously set context values: SEQ_TYPE = , MIN_VALUE = , KEEP_NUM =

PL/SQL procedure successfully completed.


PL/SQL procedure successfully completed.

Pop_Table_Iterate
10 running sums
SQL_ID  323bar13mrwwy, child number 0
-------------------------------------
INSERT /*+ gather_plan_statistics INSERT_PATHS */ INTO PATHS (
PATH_RNK, ITEM_RNK, LEV, TOT_PRICE, TOT_VALUE, CAT_ID, NEXT_CAT_ID,
SAME_CATS, MIN_ITEMS, CATS_PATH, PATH ) WITH PATH_JOIN AS ( SELECT
ROW_NUMBER() OVER (PARTITION BY TRW.CATS_PATH || IRK.CAT_ID ORDER BY
TRW.TOT_VALUE + IRK.ITEM_VALUE DESC, TRW.TOT_PRICE + IRK.ITEM_PRICE)
PATH_RNK, IRK.ITEM_RNK, :B6 LEV, TRW.TOT_PRICE + IRK.ITEM_PRICE
TOT_PRICE, TRW.TOT_VALUE + IRK.ITEM_VALUE TOT_VALUE, IRK.CAT_ID,
IRK.NEXT_CAT_ID, CASE IRK.CAT_ID WHEN TRW.CAT_ID THEN TRW.SAME_CATS + 1
ELSE 1 END SAME_CATS, IRK.MIN_ITEMS, TRW.CATS_PATH || IRK.CAT_ID
CATS_PATH, TRW.PATH || IRK.ITEM_ID PATH FROM PATHS TRW JOIN
ITEMS_RANKED IRK ON IRK.ITEM_RNK BETWEEN (TRW.ITEM_RNK + 1) AND
(IRK.N_ITEMS - (:B1 - TRW.LEV - 1)) WHERE TRW.TOT_PRICE +
IRK.ITEM_PRICE + :B5 <= :B4 AND TRW.TOT_VALUE + IRK.ITEM_VALUE + :B3 >=
:B2 AND TRW.LEV < :B1 AND CASE IRK.CAT_ID WHEN TRW.CAT_ID THEN
TRW.SAME_CATS + 1 ELSE 1 END <= IRK.MAX_ITEMS AND :B1 - (TRW.LEV + 1) +
LEAST(CAS
Plan hash value: 539382260
------------------------------------------------------------------------------------------------------------------------------------
| Id  | Operation                | Name               | Starts | E-Rows | A-Rows |   A-Time   | Buffers |  OMem |  1Mem | Used-Mem |
------------------------------------------------------------------------------------------------------------------------------------
|   0 | INSERT STATEMENT         |                    |      1 |        |      0 |00:00:00.03 |     393 |       |       |          |
|   1 |  LOAD TABLE CONVENTIONAL | PATHS              |      1 |        |      0 |00:00:00.03 |     393 |       |       |          |
|*  2 |   VIEW                   |                    |      1 |      1 |    246 |00:00:00.03 |     380 |       |       |          |
|   3 |    WINDOW SORT           |                    |      1 |      1 |   2594 |00:00:00.03 |     380 |   619K|   472K|  550K (0)|
|   4 |     NESTED LOOPS         |                    |      1 |      1 |   2594 |00:00:00.01 |     380 |       |       |          |
|*  5 |      TABLE ACCESS FULL   | PATHS              |      1 |      1 |    399 |00:00:00.01 |      12 |       |       |          |
|*  6 |      INDEX RANGE SCAN    | SYS_IOT_TOP_179639 |    399 |      1 |   2594 |00:00:00.03 |     368 |       |       |          |
------------------------------------------------------------------------------------------------------------------------------------
Predicate Information (identified by operation id):
---------------------------------------------------
2 - filter(("PATH_RNK"<=:B7 OR :B7=0))
5 - filter("TRW"."LEV"<:B1)
6 - access("IRK"."ITEM_RNK">="TRW"."ITEM_RNK"+1)
filter(("TRW"."TOT_PRICE"+"IRK"."ITEM_PRICE"+:B5<=:B4 AND "TRW"."TOT_VALUE"+"IRK"."ITEM_VALUE"+:B3>=:B2 AND
"IRK"."ITEM_RNK"<="IRK"."N_ITEMS"-(:B1-"TRW"."LEV"-1) AND "IRK"."MAX_ITEMS">=CASE "IRK"."CAT_ID" WHEN "TRW"."CAT_ID" THEN
"TRW"."SAME_CATS"+1 ELSE 1 END  AND "IRK"."MIN_REMAIN"<=:B1-("TRW"."LEV"+1)+LEAST(CASE "IRK"."CAT_ID" WHEN "TRW"."CAT_ID"
THEN "TRW"."SAME_CATS"+1 ELSE 1 END ,"IRK"."MIN_ITEMS") AND ("IRK"."CAT_ID"="TRW"."CAT_ID" OR
"TRW"."SAME_CATS">="TRW"."MIN_ITEMS") AND ("IRK"."CAT_ID"="TRW"."CAT_ID" OR
"IRK"."CAT_ID"=NVL("TRW"."NEXT_CAT_ID","IRK"."CAT_ID"))))
Note
-----
- dynamic statistics used: dynamic sampling (level=2)
Timer Set: Pop_Table_Iterate, Constructed at 14 Jun 2024 10:37:36, written at 10:37:37
======================================================================================
Timer                     Elapsed         CPU       Calls       Ela/Call       CPU/Call
---------------------  ----------  ----------  ----------  -------------  -------------
Initial delete (0)           0.01        0.00           1        0.01200        0.00000
Initial insert (1)           0.00        0.00           1        0.00100        0.00000
Insert paths 1 (43)          0.00        0.00           1        0.00000        0.00000
Delete paths 1 (1)           0.00        0.00           1        0.00100        0.00000
Insert paths 2 (50)          0.04        0.06           1        0.03800        0.06000
Delete paths 2 (43)          0.00        0.00           1        0.00100        0.00000
Insert paths 3 (50)          0.06        0.05           1        0.06000        0.05000
Delete paths 3 (50)          0.00        0.00           1        0.00100        0.00000
Insert paths 4 (50)          0.05        0.03           1        0.05200        0.03000
Delete paths 4 (50)          0.00        0.00           1        0.00000        0.00000
Insert paths 5 (100)         0.10        0.01           1        0.10200        0.01000
Delete paths 5 (50)          0.00        0.00           1        0.00100        0.00000
Insert paths 6 (200)         0.13        0.03           1        0.13100        0.03000
Delete paths 6 (100)         0.00        0.00           1        0.00000        0.00000
Insert paths 7 (300)         0.13        0.05           1        0.13200        0.05000
Delete paths 7 (200)         0.00        0.00           1        0.00100        0.00000
Insert paths 8 (400)         0.06        0.05           1        0.06300        0.05000
Delete paths 8 (300)         0.00        0.00           1        0.00100        0.00000
Insert paths 9 (399)         0.04        0.00           1        0.03700        0.00000
Delete paths 9 (400)         0.00        0.00           1        0.00100        0.00000
Insert paths 10 (246)        0.29        0.11           1        0.28700        0.11000
Delete paths 10 (399)        0.00        0.00           1        0.00000        0.00000
Insert paths 11 (100)        0.01        0.01           1        0.00900        0.01000
Delete paths 11 (246)        0.00        0.00           1        0.00000        0.00000
(Other)                      0.00        0.00           1        0.00000        0.00000
---------------------  ----------  ----------  ----------  -------------  -------------
Total                        0.93        0.40          25        0.03724        0.01600
---------------------  ----------  ----------  ----------  -------------  -------------
[Timer timed (per call in ms): Elapsed: 0.01370, CPU: 0.00548]
SQL_ID  323bar13mrwwy, child number 0
-------------------------------------
INSERT /*+ gather_plan_statistics INSERT_PATHS */ INTO PATHS (
PATH_RNK, ITEM_RNK, LEV, TOT_PRICE, TOT_VALUE, CAT_ID, NEXT_CAT_ID,
SAME_CATS, MIN_ITEMS, CATS_PATH, PATH ) WITH PATH_JOIN AS ( SELECT
ROW_NUMBER() OVER (PARTITION BY TRW.CATS_PATH || IRK.CAT_ID ORDER BY
TRW.TOT_VALUE + IRK.ITEM_VALUE DESC, TRW.TOT_PRICE + IRK.ITEM_PRICE)
PATH_RNK, IRK.ITEM_RNK, :B6 LEV, TRW.TOT_PRICE + IRK.ITEM_PRICE
TOT_PRICE, TRW.TOT_VALUE + IRK.ITEM_VALUE TOT_VALUE, IRK.CAT_ID,
IRK.NEXT_CAT_ID, CASE IRK.CAT_ID WHEN TRW.CAT_ID THEN TRW.SAME_CATS + 1
ELSE 1 END SAME_CATS, IRK.MIN_ITEMS, TRW.CATS_PATH || IRK.CAT_ID
CATS_PATH, TRW.PATH || IRK.ITEM_ID PATH FROM PATHS TRW JOIN
ITEMS_RANKED IRK ON IRK.ITEM_RNK BETWEEN (TRW.ITEM_RNK + 1) AND
(IRK.N_ITEMS - (:B1 - TRW.LEV - 1)) WHERE TRW.TOT_PRICE +
IRK.ITEM_PRICE + :B5 <= :B4 AND TRW.TOT_VALUE + IRK.ITEM_VALUE + :B3 >=
:B2 AND TRW.LEV < :B1 AND CASE IRK.CAT_ID WHEN TRW.CAT_ID THEN
TRW.SAME_CATS + 1 ELSE 1 END <= IRK.MAX_ITEMS AND :B1 - (TRW.LEV + 1) +
LEAST(CAS
Plan hash value: 539382260
------------------------------------------------------------------------------------------------------------------------------------
| Id  | Operation                | Name               | Starts | E-Rows | A-Rows |   A-Time   | Buffers |  OMem |  1Mem | Used-Mem |
------------------------------------------------------------------------------------------------------------------------------------
|   0 | INSERT STATEMENT         |                    |      1 |        |      0 |00:00:00.09 |    1606 |       |       |          |
|   1 |  LOAD TABLE CONVENTIONAL | PATHS              |      1 |        |      0 |00:00:00.09 |    1606 |       |       |          |
|*  2 |   VIEW                   |                    |      1 |      1 |   1043 |00:00:00.08 |    1531 |       |       |          |
|   3 |    WINDOW SORT           |                    |      1 |      1 |  11658 |00:00:00.09 |    1531 |  2604K|   733K| 2314K (0)|
|   4 |     NESTED LOOPS         |                    |      1 |      1 |  11658 |00:00:00.04 |    1531 |       |       |          |
|*  5 |      TABLE ACCESS FULL   | PATHS              |      1 |      1 |   1350 |00:00:00.01 |      37 |       |       |          |
|*  6 |      INDEX RANGE SCAN    | SYS_IOT_TOP_179639 |   1350 |      1 |  11658 |00:00:00.08 |    1494 |       |       |          |
------------------------------------------------------------------------------------------------------------------------------------
Predicate Information (identified by operation id):
---------------------------------------------------
2 - filter(("PATH_RNK"<=:B7 OR :B7=0))
5 - filter("TRW"."LEV"<:B1)
6 - access("IRK"."ITEM_RNK">="TRW"."ITEM_RNK"+1)
filter(("TRW"."TOT_PRICE"+"IRK"."ITEM_PRICE"+:B5<=:B4 AND "TRW"."TOT_VALUE"+"IRK"."ITEM_VALUE"+:B3>=:B2 AND
"IRK"."ITEM_RNK"<="IRK"."N_ITEMS"-(:B1-"TRW"."LEV"-1) AND "IRK"."MAX_ITEMS">=CASE "IRK"."CAT_ID" WHEN "TRW"."CAT_ID" THEN
"TRW"."SAME_CATS"+1 ELSE 1 END  AND "IRK"."MIN_REMAIN"<=:B1-("TRW"."LEV"+1)+LEAST(CASE "IRK"."CAT_ID" WHEN "TRW"."CAT_ID"
THEN "TRW"."SAME_CATS"+1 ELSE 1 END ,"IRK"."MIN_ITEMS") AND ("IRK"."CAT_ID"="TRW"."CAT_ID" OR
"TRW"."SAME_CATS">="TRW"."MIN_ITEMS") AND ("IRK"."CAT_ID"="TRW"."CAT_ID" OR
"IRK"."CAT_ID"=NVL("TRW"."NEXT_CAT_ID","IRK"."CAT_ID"))))
Note
-----
- dynamic statistics used: dynamic sampling (level=2)
Timer Set: Pop_Table_Iterate, Constructed at 14 Jun 2024 10:37:37, written at 10:37:39
======================================================================================
Timer                      Elapsed         CPU       Calls       Ela/Call       CPU/Call
----------------------  ----------  ----------  ----------  -------------  -------------
Initial delete (100)          0.00        0.00           1        0.00200        0.00000
Initial insert (1)            0.00        0.00           1        0.00000        0.00000
Insert paths 1 (43)           0.00        0.00           1        0.00100        0.00000
Delete paths 1 (1)            0.00        0.00           1        0.00100        0.00000
Insert paths 2 (150)          0.04        0.00           1        0.04000        0.00000
Delete paths 2 (43)           0.00        0.01           1        0.00100        0.01000
Insert paths 3 (150)          0.13        0.08           1        0.12600        0.08000
Delete paths 3 (150)          0.00        0.00           1        0.00000        0.00000
Insert paths 4 (150)          0.14        0.01           1        0.14300        0.01000
Delete paths 4 (150)          0.00        0.00           1        0.00100        0.00000
Insert paths 5 (300)          0.19        0.00           1        0.18900        0.00000
Delete paths 5 (150)          0.00        0.00           1        0.00100        0.00000
Insert paths 6 (600)          0.36        0.14           1        0.35900        0.14000
Delete paths 6 (300)          0.00        0.00           1        0.00000        0.00000
Insert paths 7 (900)          0.44        0.10           1        0.44400        0.10000
Delete paths 7 (600)          0.00        0.00           1        0.00100        0.00000
Insert paths 8 (1200)         0.25        0.08           1        0.24900        0.08000
Delete paths 8 (900)          0.00        0.00           1        0.00100        0.00000
Insert paths 9 (1350)         0.20        0.07           1        0.19500        0.07000
Delete paths 9 (1200)         0.00        0.01           1        0.00200        0.01000
Insert paths 10 (1043)        0.34        0.12           1        0.33800        0.12000
Delete paths 10 (1350)        0.00        0.00           1        0.00100        0.00000
Insert paths 11 (334)         0.03        0.00           1        0.02900        0.00000
Delete paths 11 (1043)        0.00        0.00           1        0.00100        0.00000
(Other)                       0.00        0.00           1        0.00000        0.00000
----------------------  ----------  ----------  ----------  -------------  -------------
Total                         2.13        0.62          25        0.08500        0.02480
----------------------  ----------  ----------  ----------  -------------  -------------
[Timer timed (per call in ms): Elapsed: 0.01464, CPU: 0.00000]
Timer Set: Iteratively_Refine_Iterate, Constructed at 14 Jun 2024 10:37:36, written at 10:37:40
===============================================================================================
Timer                                              Elapsed         CPU       Calls       Ela/Call       CPU/Call
----------------------------------------------  ----------  ----------  ----------  -------------  -------------
PTI 1: MIN_VALUE / KEEP_NUM = 0 / 50                  1.03        0.44           1        1.03200        0.44000
SELECT 1: MIN_VALUE / KEEP_NUM = 1459 / 50            0.00        0.00           1        0.00000        0.00000
PTI (final): MIN_VALUE / KEEP_NUM = 1459 / 150        2.23        0.62           1        2.22700        0.62000
(Other)                                               0.00        0.00           1        0.00000        0.00000
----------------------------------------------  ----------  ----------  ----------  -------------  -------------
Total                                                 3.26        1.06           4        0.81475        0.26500
----------------------------------------------  ----------  ----------  ----------  -------------  -------------
[Timer timed (per call in ms): Elapsed: 0.01695, CPU: 0.00847]

PL/SQL procedure successfully completed.

Elapsed: 00:00:03.37
Iteratively_Refine_Iterate - 10'th to 1'st highest values, then corresponding prices

Summary
--------------------------------------------------------------------------------------------------------------------------------------------------------------------------------------------------------
650, 1494, 1495, 1496, 1496, 1497, 1498, 1500, 1500, 1502, 1506; Prices: 650, 649, 650, 649, 650, 650, 650, 650, 649, 650; 4 : Values, Prices, Seconds

Elapsed: 00:00:00.00
Iteratively_Refine_Iterate - Best and Worst

Summary
--------------------------------------------------------------------------------------------------------------------------------------------------------------------------------------------------------
650, 1506, 1494, 4 - BEST (V, P): (1506, 650); WORST (V, P): (1494, 650); Seconds: 4

Elapsed: 00:00:00.00
Iteratively_Refine_Iterate

Path                              Total Value Total Price  Rank
--------------------------------- ----------- ----------- -----
037024160264463375298478318406432        1506         650     1
037024160264463375298478318406281        1502         649     2
037024160264463375298478318331432        1500         650     3
037024160264463375298478318335281                             4
037024160264463375298478318456281        1498         650     5
037024160264463375298478318372274        1497         650     6
037024160264463375298478318331281        1496         649     7
037024160264463375298478318263432                     650     8
037024160264463375298478318372432        1495         649     9
037024160264463375298478318406058        1494         650    10

10 rows selected.

Elapsed: 00:00:00.00

PL/SQL procedure successfully completed.

Elapsed: 00:00:00.00
Timer Set: Item_Cat_Seqs_Loop, Constructed at 14 Jun 2024 10:37:36, written at 10:37:40
=======================================================================================
Timer                                       Elapsed         CPU       Calls       Ela/Call       CPU/Call
---------------------------------------  ----------  ----------  ----------  -------------  -------------
Iteratively_Refine_Iterate - path level        3.38        1.11           1        3.38200        1.11000
(Other)                                        0.00        0.00           1        0.00200        0.00000
---------------------------------------  ----------  ----------  ----------  -------------  -------------
Total                                          3.38        1.11           2        1.69200        0.55500
---------------------------------------  ----------  ----------  ----------  -------------  -------------
[Timer timed (per call in ms): Elapsed: 0.01818, CPU: 0.00727]

PL/SQL procedure successfully completed.


'END:'||TO_CHAR(SYSDATE,'DD-MON-YY
----------------------------------
End: 14-JUN-2024 10:37:40

