
Database             Time                 Version
-------------------- -------------------- ------------------------------
Start: ORCL          14-JUN-2024 10:38:05 Version 21.3.0.0.0

Truncate paths

Table truncated.

old   2:     :MAX_PRICE := &MAX_PRICE;
new   2:     :MAX_PRICE := 950;

PL/SQL procedure successfully completed.

Recompile item_cat_seqs.pkb

Package body created.

No errors.
Just set context values: SEQ_SIZE = 11, MAX_PRICE = 950, ITEM_WIDTH = 3, TOP_N = 10
Previously set context values: SEQ_TYPE = , MIN_VALUE = , KEEP_NUM =

PL/SQL procedure successfully completed.


PL/SQL procedure successfully completed.

Pop_Table_Iterate
10 running sums
SQL_ID  323bar13mrwwy, child number 0
-------------------------------------
INSERT /*+ gather_plan_statistics INSERT_PATHS */ INTO PATHS (
PATH_RNK, ITEM_RNK, LEV, TOT_PRICE, TOT_VALUE, CAT_ID, NEXT_CAT_ID,
SAME_CATS, MIN_ITEMS, CATS_PATH, PATH ) WITH PATH_JOIN AS ( SELECT
ROW_NUMBER() OVER (PARTITION BY TRW.CATS_PATH || IRK.CAT_ID ORDER BY
TRW.TOT_VALUE + IRK.ITEM_VALUE DESC, TRW.TOT_PRICE + IRK.ITEM_PRICE)
PATH_RNK, IRK.ITEM_RNK, :B6 LEV, TRW.TOT_PRICE + IRK.ITEM_PRICE
TOT_PRICE, TRW.TOT_VALUE + IRK.ITEM_VALUE TOT_VALUE, IRK.CAT_ID,
IRK.NEXT_CAT_ID, CASE IRK.CAT_ID WHEN TRW.CAT_ID THEN TRW.SAME_CATS + 1
ELSE 1 END SAME_CATS, IRK.MIN_ITEMS, TRW.CATS_PATH || IRK.CAT_ID
CATS_PATH, TRW.PATH || IRK.ITEM_ID PATH FROM PATHS TRW JOIN
ITEMS_RANKED IRK ON IRK.ITEM_RNK BETWEEN (TRW.ITEM_RNK + 1) AND
(IRK.N_ITEMS - (:B1 - TRW.LEV - 1)) WHERE TRW.TOT_PRICE +
IRK.ITEM_PRICE + :B5 <= :B4 AND TRW.TOT_VALUE + IRK.ITEM_VALUE + :B3 >=
:B2 AND TRW.LEV < :B1 AND CASE IRK.CAT_ID WHEN TRW.CAT_ID THEN
TRW.SAME_CATS + 1 ELSE 1 END <= IRK.MAX_ITEMS AND :B1 - (TRW.LEV + 1) +
LEAST(CAS
Plan hash value: 539382260
------------------------------------------------------------------------------------------------------------------------------------
| Id  | Operation                | Name               | Starts | E-Rows | A-Rows |   A-Time   | Buffers |  OMem |  1Mem | Used-Mem |
------------------------------------------------------------------------------------------------------------------------------------
|   0 | INSERT STATEMENT         |                    |      1 |        |      0 |00:00:00.38 |     506 |       |       |          |
|   1 |  LOAD TABLE CONVENTIONAL | PATHS              |      1 |        |      0 |00:00:00.38 |     506 |       |       |          |
|*  2 |   VIEW                   |                    |      1 |      1 |    450 |00:00:00.22 |     477 |       |       |          |
|   3 |    WINDOW SORT           |                    |      1 |      1 |    106K|00:00:00.37 |     477 |    22M|  1735K|   19M (0)|
|   4 |     NESTED LOOPS         |                    |      1 |      1 |    106K|00:00:00.14 |     477 |       |       |          |
|*  5 |      TABLE ACCESS FULL   | PATHS              |      1 |      1 |    450 |00:00:00.01 |      17 |       |       |          |
|*  6 |      INDEX RANGE SCAN    | SYS_IOT_TOP_179639 |    450 |      1 |    106K|00:00:00.12 |     460 |       |       |          |
------------------------------------------------------------------------------------------------------------------------------------
Predicate Information (identified by operation id):
---------------------------------------------------
2 - filter(("PATH_RNK"<=:B7 OR :B7=0))
5 - filter("TRW"."LEV"<:B1)
6 - access("IRK"."ITEM_RNK">="TRW"."ITEM_RNK"+1)
filter(("TRW"."TOT_PRICE"+"IRK"."ITEM_PRICE"+:B5<=:B4 AND "TRW"."TOT_VALUE"+"IRK"."ITEM_VALUE"+:B3>=:B2 AND
"IRK"."ITEM_RNK"<="IRK"."N_ITEMS"-(:B1-"TRW"."LEV"-1) AND "IRK"."MAX_ITEMS">=CASE "IRK"."CAT_ID" WHEN "TRW"."CAT_ID" THEN
"TRW"."SAME_CATS"+1 ELSE 1 END  AND "IRK"."MIN_REMAIN"<=:B1-("TRW"."LEV"+1)+LEAST(CASE "IRK"."CAT_ID" WHEN "TRW"."CAT_ID"
THEN "TRW"."SAME_CATS"+1 ELSE 1 END ,"IRK"."MIN_ITEMS") AND ("IRK"."CAT_ID"="TRW"."CAT_ID" OR
"TRW"."SAME_CATS">="TRW"."MIN_ITEMS") AND ("IRK"."CAT_ID"="TRW"."CAT_ID" OR
"IRK"."CAT_ID"=NVL("TRW"."NEXT_CAT_ID","IRK"."CAT_ID"))))
Note
-----
- dynamic statistics used: dynamic sampling (level=2)
Timer Set: Pop_Table_Iterate, Constructed at 14 Jun 2024 10:38:05, written at 10:38:07
======================================================================================
Timer                     Elapsed         CPU       Calls       Ela/Call       CPU/Call
---------------------  ----------  ----------  ----------  -------------  -------------
Initial delete (0)           0.01        0.01           1        0.01100        0.01000
Initial insert (1)           0.00        0.00           1        0.00100        0.00000
Insert paths 1 (43)          0.00        0.00           1        0.00100        0.00000
Delete paths 1 (1)           0.00        0.00           1        0.00000        0.00000
Insert paths 2 (50)          0.05        0.04           1        0.04600        0.04000
Delete paths 2 (43)          0.00        0.00           1        0.00000        0.00000
Insert paths 3 (50)          0.05        0.00           1        0.04800        0.00000
Delete paths 3 (50)          0.00        0.00           1        0.00200        0.00000
Insert paths 4 (50)          0.07        0.00           1        0.07100        0.00000
Delete paths 4 (50)          0.00        0.00           1        0.00000        0.00000
Insert paths 5 (100)         0.08        0.01           1        0.07800        0.01000
Delete paths 5 (50)          0.00        0.00           1        0.00100        0.00000
Insert paths 6 (200)         0.16        0.08           1        0.16200        0.08000
Delete paths 6 (100)         0.00        0.00           1        0.00100        0.00000
Insert paths 7 (300)         0.27        0.13           1        0.26700        0.13000
Delete paths 7 (200)         0.00        0.00           1        0.00000        0.00000
Insert paths 8 (400)         0.36        0.12           1        0.36300        0.12000
Delete paths 8 (300)         0.00        0.00           1        0.00000        0.00000
Insert paths 9 (450)         0.43        0.19           1        0.42600        0.19000
Delete paths 9 (400)         0.00        0.00           1        0.00100        0.00000
Insert paths 10 (450)        0.62        0.29           1        0.62000        0.29000
Delete paths 10 (450)        0.00        0.00           1        0.00000        0.00000
Insert paths 11 (400)        0.33        0.15           1        0.32800        0.15000
Delete paths 11 (450)        0.00        0.00           1        0.00100        0.00000
(Other)                      0.00        0.00           1        0.00000        0.00000
---------------------  ----------  ----------  ----------  -------------  -------------
Total                        2.43        1.02          25        0.09712        0.04080
---------------------  ----------  ----------  ----------  -------------  -------------
[Timer timed (per call in ms): Elapsed: 0.01299, CPU: 0.00519]
SQL_ID  323bar13mrwwy, child number 0
-------------------------------------
INSERT /*+ gather_plan_statistics INSERT_PATHS */ INTO PATHS (
PATH_RNK, ITEM_RNK, LEV, TOT_PRICE, TOT_VALUE, CAT_ID, NEXT_CAT_ID,
SAME_CATS, MIN_ITEMS, CATS_PATH, PATH ) WITH PATH_JOIN AS ( SELECT
ROW_NUMBER() OVER (PARTITION BY TRW.CATS_PATH || IRK.CAT_ID ORDER BY
TRW.TOT_VALUE + IRK.ITEM_VALUE DESC, TRW.TOT_PRICE + IRK.ITEM_PRICE)
PATH_RNK, IRK.ITEM_RNK, :B6 LEV, TRW.TOT_PRICE + IRK.ITEM_PRICE
TOT_PRICE, TRW.TOT_VALUE + IRK.ITEM_VALUE TOT_VALUE, IRK.CAT_ID,
IRK.NEXT_CAT_ID, CASE IRK.CAT_ID WHEN TRW.CAT_ID THEN TRW.SAME_CATS + 1
ELSE 1 END SAME_CATS, IRK.MIN_ITEMS, TRW.CATS_PATH || IRK.CAT_ID
CATS_PATH, TRW.PATH || IRK.ITEM_ID PATH FROM PATHS TRW JOIN
ITEMS_RANKED IRK ON IRK.ITEM_RNK BETWEEN (TRW.ITEM_RNK + 1) AND
(IRK.N_ITEMS - (:B1 - TRW.LEV - 1)) WHERE TRW.TOT_PRICE +
IRK.ITEM_PRICE + :B5 <= :B4 AND TRW.TOT_VALUE + IRK.ITEM_VALUE + :B3 >=
:B2 AND TRW.LEV < :B1 AND CASE IRK.CAT_ID WHEN TRW.CAT_ID THEN
TRW.SAME_CATS + 1 ELSE 1 END <= IRK.MAX_ITEMS AND :B1 - (TRW.LEV + 1) +
LEAST(CAS
Plan hash value: 539382260
------------------------------------------------------------------------------------------------------------------------------------
| Id  | Operation                | Name               | Starts | E-Rows | A-Rows |   A-Time   | Buffers |  OMem |  1Mem | Used-Mem |
------------------------------------------------------------------------------------------------------------------------------------
|   0 | INSERT STATEMENT         |                    |      1 |        |      0 |00:00:00.04 |     508 |       |       |          |
|   1 |  LOAD TABLE CONVENTIONAL | PATHS              |      1 |        |      0 |00:00:00.04 |     508 |       |       |          |
|*  2 |   VIEW                   |                    |      1 |      1 |    450 |00:00:00.04 |     476 |       |       |          |
|   3 |    WINDOW SORT           |                    |      1 |      1 |   4104 |00:00:00.04 |     476 |   974K|   535K|  865K (0)|
|   4 |     NESTED LOOPS         |                    |      1 |      1 |   4104 |00:00:00.07 |     476 |       |       |          |
|*  5 |      TABLE ACCESS FULL   | PATHS              |      1 |      1 |    450 |00:00:00.01 |      17 |       |       |          |
|*  6 |      INDEX RANGE SCAN    | SYS_IOT_TOP_179639 |    450 |      1 |   4104 |00:00:00.01 |     459 |       |       |          |
------------------------------------------------------------------------------------------------------------------------------------
Predicate Information (identified by operation id):
---------------------------------------------------
2 - filter(("PATH_RNK"<=:B7 OR :B7=0))
5 - filter("TRW"."LEV"<:B1)
6 - access("IRK"."ITEM_RNK">="TRW"."ITEM_RNK"+1)
filter(("TRW"."TOT_PRICE"+"IRK"."ITEM_PRICE"+:B5<=:B4 AND "TRW"."TOT_VALUE"+"IRK"."ITEM_VALUE"+:B3>=:B2 AND
"IRK"."ITEM_RNK"<="IRK"."N_ITEMS"-(:B1-"TRW"."LEV"-1) AND "IRK"."MAX_ITEMS">=CASE "IRK"."CAT_ID" WHEN "TRW"."CAT_ID" THEN
"TRW"."SAME_CATS"+1 ELSE 1 END  AND "IRK"."MIN_REMAIN"<=:B1-("TRW"."LEV"+1)+LEAST(CASE "IRK"."CAT_ID" WHEN "TRW"."CAT_ID"
THEN "TRW"."SAME_CATS"+1 ELSE 1 END ,"IRK"."MIN_ITEMS") AND ("IRK"."CAT_ID"="TRW"."CAT_ID" OR
"TRW"."SAME_CATS">="TRW"."MIN_ITEMS") AND ("IRK"."CAT_ID"="TRW"."CAT_ID" OR
"IRK"."CAT_ID"=NVL("TRW"."NEXT_CAT_ID","IRK"."CAT_ID"))))
Note
-----
- dynamic statistics used: dynamic sampling (level=2)
Timer Set: Pop_Table_Iterate, Constructed at 14 Jun 2024 10:38:07, written at 10:38:08
======================================================================================
Timer                     Elapsed         CPU       Calls       Ela/Call       CPU/Call
---------------------  ----------  ----------  ----------  -------------  -------------
Initial delete (400)         0.00        0.01           1        0.00100        0.01000
Initial insert (1)           0.00        0.00           1        0.00000        0.00000
Insert paths 1 (11)          0.00        0.00           1        0.00100        0.00000
Delete paths 1 (1)           0.00        0.00           1        0.00000        0.00000
Insert paths 2 (58)          0.00        0.00           1        0.00300        0.00000
Delete paths 2 (11)          0.00        0.00           1        0.00100        0.00000
Insert paths 3 (60)          0.01        0.00           1        0.00800        0.00000
Delete paths 3 (58)          0.00        0.00           1        0.00100        0.00000
Insert paths 4 (8)           0.01        0.00           1        0.01200        0.00000
Delete paths 4 (60)          0.00        0.00           1        0.00000        0.00000
Insert paths 5 (26)          0.00        0.00           1        0.00200        0.00000
Delete paths 5 (8)           0.00        0.00           1        0.00000        0.00000
Insert paths 6 (226)         0.01        0.00           1        0.00500        0.00000
Delete paths 6 (26)          0.00        0.00           1        0.00100        0.00000
Insert paths 7 (386)         0.02        0.01           1        0.02100        0.01000
Delete paths 7 (226)         0.00        0.00           1        0.00000        0.00000
Insert paths 8 (450)         0.04        0.01           1        0.04300        0.01000
Delete paths 8 (386)         0.00        0.00           1        0.00000        0.00000
Insert paths 9 (450)         0.05        0.03           1        0.05200        0.03000
Delete paths 9 (450)         0.00        0.01           1        0.00200        0.01000
Insert paths 10 (450)        0.31        0.13           1        0.30700        0.13000
Delete paths 10 (450)        0.00        0.00           1        0.00100        0.00000
Insert paths 11 (13)         0.04        0.01           1        0.03900        0.01000
Delete paths 11 (450)        0.00        0.00           1        0.00200        0.00000
(Other)                      0.00        0.00           1        0.00000        0.00000
---------------------  ----------  ----------  ----------  -------------  -------------
Total                        0.50        0.21          25        0.02008        0.00840
---------------------  ----------  ----------  ----------  -------------  -------------
[Timer timed (per call in ms): Elapsed: 0.02149, CPU: 0.00213]
Timer Set: Iteratively_Refine_Iterate, Constructed at 14 Jun 2024 10:38:05, written at 10:38:08
===============================================================================================
Timer                                              Elapsed         CPU       Calls       Ela/Call       CPU/Call
----------------------------------------------  ----------  ----------  ----------  -------------  -------------
PTI 1: MIN_VALUE / KEEP_NUM = 0 / 50                  2.53        1.06           1        2.52900        1.06000
SELECT 1: MIN_VALUE / KEEP_NUM = 1990 / 50            0.00        0.00           1        0.00100        0.00000
PTI (final): MIN_VALUE / KEEP_NUM = 1990 / 150        0.60        0.22           1        0.60400        0.22000
(Other)                                               0.00        0.00           1        0.00000        0.00000
----------------------------------------------  ----------  ----------  ----------  -------------  -------------
Total                                                 3.13        1.28           4        0.78350        0.32000
----------------------------------------------  ----------  ----------  ----------  -------------  -------------
[Timer timed (per call in ms): Elapsed: 0.01887, CPU: 0.00189]

PL/SQL procedure successfully completed.

Elapsed: 00:00:03.25
Iteratively_Refine_Iterate - 10'th to 1'st highest values, then corresponding prices

Summary
--------------------------------------------------------------------------------------------------------------------------------------------------------------------------------------------------------
950, 1990, 1990, 1992, 1992, 1994, 1994, 1995, 1995, 1997, 1998; Prices: 936, 931, 935, 922, 934, 921, 940, 927, 944, 940; 3 : Values, Prices, Seconds

Elapsed: 00:00:00.00
Iteratively_Refine_Iterate - Best and Worst

Summary
--------------------------------------------------------------------------------------------------------------------------------------------------------------------------------------------------------
950, 1998, 1990, 3 - BEST (V, P): (1998, 940); WORST (V, P): (1990, 936); Seconds: 3

Elapsed: 00:00:00.00
Iteratively_Refine_Iterate

Path                              Total Value Total Price  Rank
--------------------------------- ----------- ----------- -----
037024160264488298505027452328193        1998         940     1
037024160264488298027452328193224        1997         944     2
037024160264488298027452328193344        1995         927     3
222024160264488298027452328193344                     940     4
037024160264488298027452328193166        1994         921     5
222024160264488298027452328193166                     934     6
037024160264488298044027452328193        1992         922     7
222024160264488298044027452328193                     935     8
037024160463488298505027452328193        1990         931     9
037024160272488298505027452328193                     936    10

10 rows selected.

Elapsed: 00:00:00.00

PL/SQL procedure successfully completed.

Elapsed: 00:00:00.00
Timer Set: Item_Cat_Seqs_Loop, Constructed at 14 Jun 2024 10:38:05, written at 10:38:08
=======================================================================================
Timer                                       Elapsed         CPU       Calls       Ela/Call       CPU/Call
---------------------------------------  ----------  ----------  ----------  -------------  -------------
Iteratively_Refine_Iterate - path level        3.26        1.32           1        3.26200        1.32000
(Other)                                        0.00        0.00           1        0.00200        0.00000
---------------------------------------  ----------  ----------  ----------  -------------  -------------
Total                                          3.26        1.32           2        1.63200        0.66000
---------------------------------------  ----------  ----------  ----------  -------------  -------------
[Timer timed (per call in ms): Elapsed: 0.01667, CPU: 0.01167]

PL/SQL procedure successfully completed.


'END:'||TO_CHAR(SYSDATE,'DD-MON-YY
----------------------------------
End: 14-JUN-2024 10:38:08

